{"/srv/workspace/komuno/app/(protected)/admin/members/member-details-sheet.tsx": {"path":"/srv/workspace/komuno/app/(protected)/admin/members/member-details-sheet.tsx","statementMap":{"0":{"start":{"line":1,"column":0},"end":{"line":1,"column":null}},"1":{"start":{"line":114,"column":97},"end":{"line":120,"column":null}},"2":{"start":{"line":141,"column":8},"end":{"line":141,"column":38}},"3":{"start":{"line":142,"column":27},"end":{"line":142,"column":65}},"4":{"start":{"line":143,"column":21},"end":{"line":150,"column":4}},"5":{"start":{"line":152,"column":8},"end":{"line":161,"column":4}},"6":{"start":{"line":155,"column":23},"end":{"line":156,"column":null}},"7":{"start":{"line":158,"column":6},"end":{"line":158,"column":null}},"8":{"start":{"line":163,"column":8},"end":{"line":172,"column":4}},"9":{"start":{"line":166,"column":23},"end":{"line":167,"column":null}},"10":{"start":{"line":169,"column":6},"end":{"line":169,"column":null}},"11":{"start":{"line":174,"column":8},"end":{"line":183,"column":4}},"12":{"start":{"line":177,"column":23},"end":{"line":178,"column":null}},"13":{"start":{"line":180,"column":6},"end":{"line":180,"column":null}},"14":{"start":{"line":185,"column":8},"end":{"line":197,"column":4}},"15":{"start":{"line":187,"column":6},"end":{"line":190,"column":null}},"16":{"start":{"line":193,"column":6},"end":{"line":193,"column":null}},"17":{"start":{"line":194,"column":6},"end":{"line":194,"column":null}},"18":{"start":{"line":195,"column":6},"end":{"line":195,"column":null}},"19":{"start":{"line":199,"column":8},"end":{"line":206,"column":4}},"20":{"start":{"line":201,"column":6},"end":{"line":201,"column":null}},"21":{"start":{"line":204,"column":6},"end":{"line":204,"column":null}},"22":{"start":{"line":208,"column":18},"end":{"line":208,"column":null}},"23":{"start":{"line":209,"column":17},"end":{"line":209,"column":null}},"24":{"start":{"line":210,"column":21},"end":{"line":210,"column":53}},"25":{"start":{"line":211,"column":19},"end":{"line":211,"column":49}},"26":{"start":{"line":213,"column":8},"end":{"line":222,"column":null}},"27":{"start":{"line":214,"column":4},"end":{"line":222,"column":null}},"28":{"start":{"line":216,"column":8},"end":{"line":216,"column":null}},"29":{"start":{"line":218,"column":8},"end":{"line":218,"column":null}},"30":{"start":{"line":220,"column":8},"end":{"line":220,"column":null}},"31":{"start":{"line":222,"column":8},"end":{"line":222,"column":null}},"32":{"start":{"line":226,"column":8},"end":{"line":236,"column":null}},"33":{"start":{"line":227,"column":4},"end":{"line":227,"column":null}},"34":{"start":{"line":227,"column":96},"end":{"line":227,"column":null}},"35":{"start":{"line":229,"column":4},"end":{"line":236,"column":null}},"36":{"start":{"line":239,"column":2},"end":{"line":721,"column":null}},"37":{"start":{"line":265,"column":39},"end":{"line":265,"column":70}},"38":{"start":{"line":283,"column":39},"end":{"line":283,"column":53}},"39":{"start":{"line":293,"column":26},"end":{"line":294,"column":null}},"40":{"start":{"line":294,"column":28},"end":{"line":294,"column":null}},"41":{"start":{"line":398,"column":26},"end":{"line":425,"column":null}},"42":{"start":{"line":447,"column":39},"end":{"line":447,"column":64}},"43":{"start":{"line":463,"column":41},"end":{"line":463,"column":null}},"44":{"start":{"line":464,"column":26},"end":{"line":501,"column":null}},"45":{"start":{"line":484,"column":36},"end":{"line":485,"column":null}},"46":{"start":{"line":485,"column":38},"end":{"line":485,"column":null}},"47":{"start":{"line":527,"column":26},"end":{"line":529,"column":null}},"48":{"start":{"line":551,"column":26},"end":{"line":563,"column":null}},"49":{"start":{"line":589,"column":26},"end":{"line":594,"column":null}},"50":{"start":{"line":626,"column":40},"end":{"line":626,"column":112}},"51":{"start":{"line":626,"column":63},"end":{"line":626,"column":112}},"52":{"start":{"line":647,"column":33},"end":{"line":647,"column":null}},"53":{"start":{"line":647,"column":56},"end":{"line":647,"column":null}},"54":{"start":{"line":658,"column":35},"end":{"line":658,"column":null}},"55":{"start":{"line":658,"column":58},"end":{"line":658,"column":null}},"56":{"start":{"line":669,"column":35},"end":{"line":669,"column":null}},"57":{"start":{"line":669,"column":58},"end":{"line":669,"column":null}},"58":{"start":{"line":681,"column":33},"end":{"line":681,"column":null}},"59":{"start":{"line":681,"column":56},"end":{"line":681,"column":null}},"60":{"start":{"line":692,"column":33},"end":{"line":692,"column":null}},"61":{"start":{"line":692,"column":56},"end":{"line":692,"column":null}},"62":{"start":{"line":699,"column":29},"end":{"line":699,"column":55}}},"fnMap":{"0":{"name":"MemberDetailsSheet","decl":{"start":{"line":131,"column":16},"end":{"line":131,"column":35}},"loc":{"start":{"line":140,"column":28},"end":{"line":721,"column":null}},"line":140},"1":{"name":"(anonymous_1)","decl":{"start":{"line":154,"column":13},"end":{"line":154,"column":25}},"loc":{"start":{"line":154,"column":25},"end":{"line":158,"column":null}},"line":154},"2":{"name":"(anonymous_2)","decl":{"start":{"line":165,"column":13},"end":{"line":165,"column":25}},"loc":{"start":{"line":165,"column":25},"end":{"line":169,"column":null}},"line":165},"3":{"name":"(anonymous_3)","decl":{"start":{"line":176,"column":13},"end":{"line":176,"column":25}},"loc":{"start":{"line":176,"column":25},"end":{"line":180,"column":null}},"line":176},"4":{"name":"(anonymous_4)","decl":{"start":{"line":186,"column":16},"end":{"line":186,"column":23}},"loc":{"start":{"line":186,"column":152},"end":{"line":190,"column":null}},"line":186},"5":{"name":"(anonymous_5)","decl":{"start":{"line":192,"column":4},"end":{"line":192,"column":21}},"loc":{"start":{"line":192,"column":21},"end":{"line":195,"column":null}},"line":192},"6":{"name":"(anonymous_6)","decl":{"start":{"line":200,"column":16},"end":{"line":200,"column":23}},"loc":{"start":{"line":200,"column":45},"end":{"line":201,"column":null}},"line":200},"7":{"name":"(anonymous_7)","decl":{"start":{"line":203,"column":4},"end":{"line":203,"column":21}},"loc":{"start":{"line":203,"column":21},"end":{"line":204,"column":null}},"line":203},"8":{"name":"(anonymous_8)","decl":{"start":{"line":213,"column":8},"end":{"line":213,"column":26}},"loc":{"start":{"line":213,"column":45},"end":{"line":222,"column":null}},"line":213},"9":{"name":"(anonymous_9)","decl":{"start":{"line":226,"column":8},"end":{"line":226,"column":33}},"loc":{"start":{"line":226,"column":33},"end":{"line":236,"column":null}},"line":226},"10":{"name":"(anonymous_10)","decl":{"start":{"line":265,"column":24},"end":{"line":265,"column":39}},"loc":{"start":{"line":265,"column":39},"end":{"line":265,"column":70}},"line":265},"11":{"name":"(anonymous_11)","decl":{"start":{"line":283,"column":24},"end":{"line":283,"column":39}},"loc":{"start":{"line":283,"column":39},"end":{"line":283,"column":53}},"line":283},"12":{"name":"(anonymous_12)","decl":{"start":{"line":292,"column":24},"end":{"line":292,"column":39}},"loc":{"start":{"line":292,"column":39},"end":{"line":294,"column":null}},"line":292},"13":{"name":"(anonymous_13)","decl":{"start":{"line":397,"column":47},"end":{"line":397,"column":52}},"loc":{"start":{"line":398,"column":26},"end":{"line":425,"column":null}},"line":398},"14":{"name":"(anonymous_14)","decl":{"start":{"line":447,"column":24},"end":{"line":447,"column":39}},"loc":{"start":{"line":447,"column":39},"end":{"line":447,"column":64}},"line":447},"15":{"name":"(anonymous_15)","decl":{"start":{"line":462,"column":34},"end":{"line":462,"column":39}},"loc":{"start":{"line":462,"column":51},"end":{"line":501,"column":null}},"line":462},"16":{"name":"(anonymous_16)","decl":{"start":{"line":483,"column":34},"end":{"line":483,"column":49}},"loc":{"start":{"line":483,"column":49},"end":{"line":485,"column":null}},"line":483},"17":{"name":"(anonymous_17)","decl":{"start":{"line":526,"column":38},"end":{"line":526,"column":43}},"loc":{"start":{"line":527,"column":26},"end":{"line":529,"column":null}},"line":527},"18":{"name":"(anonymous_18)","decl":{"start":{"line":550,"column":39},"end":{"line":550,"column":44}},"loc":{"start":{"line":551,"column":26},"end":{"line":563,"column":null}},"line":551},"19":{"name":"(anonymous_19)","decl":{"start":{"line":588,"column":36},"end":{"line":588,"column":41}},"loc":{"start":{"line":589,"column":26},"end":{"line":594,"column":null}},"line":589},"20":{"name":"(anonymous_20)","decl":{"start":{"line":626,"column":16},"end":{"line":626,"column":32}},"loc":{"start":{"line":626,"column":40},"end":{"line":626,"column":112}},"line":626},"21":{"name":"(anonymous_21)","decl":{"start":{"line":626,"column":40},"end":{"line":626,"column":54}},"loc":{"start":{"line":626,"column":63},"end":{"line":626,"column":112}},"line":626},"22":{"name":"(anonymous_22)","decl":{"start":{"line":647,"column":16},"end":{"line":647,"column":27}},"loc":{"start":{"line":647,"column":33},"end":{"line":647,"column":null}},"line":647},"23":{"name":"(anonymous_23)","decl":{"start":{"line":647,"column":33},"end":{"line":647,"column":47}},"loc":{"start":{"line":647,"column":56},"end":{"line":647,"column":null}},"line":647},"24":{"name":"(anonymous_24)","decl":{"start":{"line":658,"column":18},"end":{"line":658,"column":29}},"loc":{"start":{"line":658,"column":35},"end":{"line":658,"column":null}},"line":658},"25":{"name":"(anonymous_25)","decl":{"start":{"line":658,"column":35},"end":{"line":658,"column":49}},"loc":{"start":{"line":658,"column":58},"end":{"line":658,"column":null}},"line":658},"26":{"name":"(anonymous_26)","decl":{"start":{"line":669,"column":18},"end":{"line":669,"column":29}},"loc":{"start":{"line":669,"column":35},"end":{"line":669,"column":null}},"line":669},"27":{"name":"(anonymous_27)","decl":{"start":{"line":669,"column":35},"end":{"line":669,"column":49}},"loc":{"start":{"line":669,"column":58},"end":{"line":669,"column":null}},"line":669},"28":{"name":"(anonymous_28)","decl":{"start":{"line":681,"column":16},"end":{"line":681,"column":27}},"loc":{"start":{"line":681,"column":33},"end":{"line":681,"column":null}},"line":681},"29":{"name":"(anonymous_29)","decl":{"start":{"line":681,"column":33},"end":{"line":681,"column":47}},"loc":{"start":{"line":681,"column":56},"end":{"line":681,"column":null}},"line":681},"30":{"name":"(anonymous_30)","decl":{"start":{"line":692,"column":16},"end":{"line":692,"column":27}},"loc":{"start":{"line":692,"column":33},"end":{"line":692,"column":null}},"line":692},"31":{"name":"(anonymous_31)","decl":{"start":{"line":692,"column":33},"end":{"line":692,"column":47}},"loc":{"start":{"line":692,"column":56},"end":{"line":692,"column":null}},"line":692},"32":{"name":"(anonymous_32)","decl":{"start":{"line":699,"column":14},"end":{"line":699,"column":29}},"loc":{"start":{"line":699,"column":29},"end":{"line":699,"column":55}},"line":699}},"branchMap":{"0":{"loc":{"start":{"line":138,"column":2},"end":{"line":138,"column":null}},"type":"default-arg","locations":[{"start":{"line":138,"column":25},"end":{"line":138,"column":null}}],"line":138},"1":{"loc":{"start":{"line":139,"column":2},"end":{"line":139,"column":null}},"type":"default-arg","locations":[{"start":{"line":139,"column":21},"end":{"line":139,"column":null}}],"line":139},"2":{"loc":{"start":{"line":153,"column":39},"end":{"line":153,"column":51}},"type":"binary-expr","locations":[{"start":{"line":153,"column":39},"end":{"line":153,"column":48}},{"start":{"line":153,"column":48},"end":{"line":153,"column":51}}],"line":153},"3":{"loc":{"start":{"line":160,"column":13},"end":{"line":160,"column":null}},"type":"binary-expr","locations":[{"start":{"line":160,"column":13},"end":{"line":160,"column":24}},{"start":{"line":160,"column":24},"end":{"line":160,"column":null}}],"line":160},"4":{"loc":{"start":{"line":164,"column":43},"end":{"line":164,"column":55}},"type":"binary-expr","locations":[{"start":{"line":164,"column":43},"end":{"line":164,"column":52}},{"start":{"line":164,"column":52},"end":{"line":164,"column":55}}],"line":164},"5":{"loc":{"start":{"line":171,"column":13},"end":{"line":171,"column":null}},"type":"binary-expr","locations":[{"start":{"line":171,"column":13},"end":{"line":171,"column":24}},{"start":{"line":171,"column":24},"end":{"line":171,"column":null}}],"line":171},"6":{"loc":{"start":{"line":175,"column":43},"end":{"line":175,"column":55}},"type":"binary-expr","locations":[{"start":{"line":175,"column":43},"end":{"line":175,"column":52}},{"start":{"line":175,"column":52},"end":{"line":175,"column":55}}],"line":175},"7":{"loc":{"start":{"line":182,"column":13},"end":{"line":182,"column":null}},"type":"binary-expr","locations":[{"start":{"line":182,"column":13},"end":{"line":182,"column":24}},{"start":{"line":182,"column":24},"end":{"line":182,"column":null}}],"line":182},"8":{"loc":{"start":{"line":193,"column":82},"end":{"line":193,"column":94}},"type":"binary-expr","locations":[{"start":{"line":193,"column":82},"end":{"line":193,"column":91}},{"start":{"line":193,"column":91},"end":{"line":193,"column":94}}],"line":193},"9":{"loc":{"start":{"line":204,"column":82},"end":{"line":204,"column":94}},"type":"binary-expr","locations":[{"start":{"line":204,"column":82},"end":{"line":204,"column":91}},{"start":{"line":204,"column":91},"end":{"line":204,"column":94}}],"line":204},"10":{"loc":{"start":{"line":210,"column":21},"end":{"line":210,"column":53}},"type":"binary-expr","locations":[{"start":{"line":210,"column":21},"end":{"line":210,"column":51}},{"start":{"line":210,"column":51},"end":{"line":210,"column":53}}],"line":210},"11":{"loc":{"start":{"line":211,"column":19},"end":{"line":211,"column":49}},"type":"binary-expr","locations":[{"start":{"line":211,"column":19},"end":{"line":211,"column":47}},{"start":{"line":211,"column":47},"end":{"line":211,"column":49}}],"line":211},"12":{"loc":{"start":{"line":214,"column":4},"end":{"line":222,"column":null}},"type":"switch","locations":[{"start":{"line":215,"column":6},"end":{"line":216,"column":null}},{"start":{"line":217,"column":6},"end":{"line":218,"column":null}},{"start":{"line":219,"column":6},"end":{"line":220,"column":null}},{"start":{"line":221,"column":6},"end":{"line":222,"column":null}}],"line":214},"13":{"loc":{"start":{"line":227,"column":4},"end":{"line":227,"column":null}},"type":"if","locations":[{"start":{"line":227,"column":4},"end":{"line":227,"column":null}},{"start":{},"end":{}}],"line":227},"14":{"loc":{"start":{"line":227,"column":8},"end":{"line":227,"column":96}},"type":"binary-expr","locations":[{"start":{"line":227,"column":8},"end":{"line":227,"column":28}},{"start":{"line":227,"column":28},"end":{"line":227,"column":51}},{"start":{"line":227,"column":51},"end":{"line":227,"column":71}},{"start":{"line":227,"column":71},"end":{"line":227,"column":96}}],"line":227},"15":{"loc":{"start":{"line":234,"column":13},"end":{"line":234,"column":null}},"type":"binary-expr","locations":[{"start":{"line":234,"column":13},"end":{"line":234,"column":33}},{"start":{"line":234,"column":33},"end":{"line":234,"column":null}}],"line":234},"16":{"loc":{"start":{"line":235,"column":16},"end":{"line":235,"column":null}},"type":"cond-expr","locations":[{"start":{"line":235,"column":38},"end":{"line":235,"column":71}},{"start":{"line":235,"column":74},"end":{"line":235,"column":null}}],"line":235},"17":{"loc":{"start":{"line":242,"column":9},"end":{"line":608,"column":null}},"type":"cond-expr","locations":[{"start":{"line":243,"column":10},"end":{"line":246,"column":null}},{"start":{"line":246,"column":12},"end":{"line":608,"column":null}}],"line":242},"18":{"loc":{"start":{"line":246,"column":12},"end":{"line":608,"column":null}},"type":"cond-expr","locations":[{"start":{"line":247,"column":10},"end":{"line":604,"column":null}},{"start":{"line":606,"column":10},"end":{"line":608,"column":null}}],"line":246},"19":{"loc":{"start":{"line":261,"column":21},"end":{"line":277,"column":null}},"type":"binary-expr","locations":[{"start":{"line":261,"column":21},"end":{"line":261,"column":53}},{"start":{"line":261,"column":53},"end":{"line":261,"column":null}},{"start":{"line":262,"column":22},"end":{"line":277,"column":null}}],"line":261},"20":{"loc":{"start":{"line":269,"column":25},"end":{"line":275,"column":null}},"type":"cond-expr","locations":[{"start":{"line":270,"column":26},"end":{"line":272,"column":null}},{"start":{"line":272,"column":26},"end":{"line":275,"column":null}}],"line":269},"21":{"loc":{"start":{"line":279,"column":21},"end":{"line":286,"column":null}},"type":"binary-expr","locations":[{"start":{"line":279,"column":21},"end":{"line":279,"column":null}},{"start":{"line":280,"column":22},"end":{"line":286,"column":null}}],"line":279},"22":{"loc":{"start":{"line":288,"column":21},"end":{"line":300,"column":null}},"type":"binary-expr","locations":[{"start":{"line":288,"column":21},"end":{"line":288,"column":null}},{"start":{"line":289,"column":22},"end":{"line":300,"column":null}}],"line":288},"23":{"loc":{"start":{"line":293,"column":26},"end":{"line":294,"column":null}},"type":"if","locations":[{"start":{"line":293,"column":26},"end":{"line":294,"column":null}},{"start":{},"end":{}}],"line":293},"24":{"loc":{"start":{"line":304,"column":19},"end":{"line":307,"column":null}},"type":"binary-expr","locations":[{"start":{"line":304,"column":19},"end":{"line":304,"column":null}},{"start":{"line":305,"column":20},"end":{"line":307,"column":null}}],"line":304},"25":{"loc":{"start":{"line":321,"column":17},"end":{"line":325,"column":null}},"type":"binary-expr","locations":[{"start":{"line":321,"column":17},"end":{"line":321,"column":null}},{"start":{"line":322,"column":18},"end":{"line":325,"column":null}}],"line":321},"26":{"loc":{"start":{"line":328,"column":17},"end":{"line":332,"column":null}},"type":"binary-expr","locations":[{"start":{"line":328,"column":17},"end":{"line":328,"column":null}},{"start":{"line":329,"column":18},"end":{"line":332,"column":null}}],"line":328},"27":{"loc":{"start":{"line":335,"column":17},"end":{"line":339,"column":null}},"type":"binary-expr","locations":[{"start":{"line":335,"column":17},"end":{"line":335,"column":null}},{"start":{"line":336,"column":18},"end":{"line":339,"column":null}}],"line":335},"28":{"loc":{"start":{"line":342,"column":17},"end":{"line":346,"column":null}},"type":"binary-expr","locations":[{"start":{"line":342,"column":17},"end":{"line":342,"column":null}},{"start":{"line":343,"column":18},"end":{"line":346,"column":null}}],"line":342},"29":{"loc":{"start":{"line":349,"column":17},"end":{"line":353,"column":null}},"type":"binary-expr","locations":[{"start":{"line":349,"column":17},"end":{"line":349,"column":null}},{"start":{"line":350,"column":18},"end":{"line":353,"column":null}}],"line":349},"30":{"loc":{"start":{"line":356,"column":17},"end":{"line":360,"column":null}},"type":"binary-expr","locations":[{"start":{"line":356,"column":17},"end":{"line":356,"column":null}},{"start":{"line":357,"column":18},"end":{"line":360,"column":null}}],"line":356},"31":{"loc":{"start":{"line":366,"column":13},"end":{"line":373,"column":null}},"type":"binary-expr","locations":[{"start":{"line":366,"column":13},"end":{"line":366,"column":null}},{"start":{"line":367,"column":14},"end":{"line":373,"column":null}}],"line":366},"32":{"loc":{"start":{"line":391,"column":23},"end":{"line":391,"column":59}},"type":"binary-expr","locations":[{"start":{"line":391,"column":23},"end":{"line":391,"column":57}},{"start":{"line":391,"column":57},"end":{"line":391,"column":59}}],"line":391},"33":{"loc":{"start":{"line":395,"column":21},"end":{"line":431,"column":null}},"type":"cond-expr","locations":[{"start":{"line":396,"column":22},"end":{"line":429,"column":23}},{"start":{"line":429,"column":22},"end":{"line":431,"column":null}}],"line":395},"34":{"loc":{"start":{"line":395,"column":21},"end":{"line":395,"column":null}},"type":"binary-expr","locations":[{"start":{"line":395,"column":21},"end":{"line":395,"column":47}},{"start":{"line":395,"column":47},"end":{"line":395,"column":null}}],"line":395},"35":{"loc":{"start":{"line":404,"column":33},"end":{"line":409,"column":null}},"type":"binary-expr","locations":[{"start":{"line":404,"column":33},"end":{"line":404,"column":null}},{"start":{"line":405,"column":34},"end":{"line":409,"column":null}}],"line":404},"36":{"loc":{"start":{"line":410,"column":31},"end":{"line":413,"column":null}},"type":"binary-expr","locations":[{"start":{"line":410,"column":31},"end":{"line":410,"column":null}},{"start":{"line":411,"column":32},"end":{"line":413,"column":null}}],"line":410},"37":{"loc":{"start":{"line":411,"column":48},"end":{"line":411,"column":null}},"type":"cond-expr","locations":[{"start":{"line":411,"column":74},"end":{"line":411,"column":86}},{"start":{"line":411,"column":86},"end":{"line":411,"column":null}}],"line":411},"38":{"loc":{"start":{"line":420,"column":29},"end":{"line":422,"column":null}},"type":"binary-expr","locations":[{"start":{"line":420,"column":29},"end":{"line":420,"column":null}},{"start":{"line":421,"column":30},"end":{"line":422,"column":null}}],"line":420},"39":{"loc":{"start":{"line":456,"column":21},"end":{"line":511,"column":null}},"type":"cond-expr","locations":[{"start":{"line":457,"column":22},"end":{"line":460,"column":33}},{"start":{"line":460,"column":24},"end":{"line":511,"column":null}}],"line":456},"40":{"loc":{"start":{"line":460,"column":24},"end":{"line":511,"column":null}},"type":"cond-expr","locations":[{"start":{"line":461,"column":22},"end":{"line":506,"column":23}},{"start":{"line":506,"column":22},"end":{"line":511,"column":null}}],"line":460},"41":{"loc":{"start":{"line":475,"column":39},"end":{"line":475,"column":null}},"type":"cond-expr","locations":[{"start":{"line":475,"column":58},"end":{"line":475,"column":89}},{"start":{"line":475,"column":89},"end":{"line":475,"column":null}}],"line":475},"42":{"loc":{"start":{"line":484,"column":36},"end":{"line":485,"column":null}},"type":"if","locations":[{"start":{"line":484,"column":36},"end":{"line":485,"column":null}},{"start":{},"end":{}}],"line":484},"43":{"loc":{"start":{"line":496,"column":31},"end":{"line":499,"column":null}},"type":"binary-expr","locations":[{"start":{"line":496,"column":31},"end":{"line":496,"column":null}},{"start":{"line":497,"column":32},"end":{"line":499,"column":null}}],"line":496},"44":{"loc":{"start":{"line":520,"column":23},"end":{"line":520,"column":50}},"type":"binary-expr","locations":[{"start":{"line":520,"column":23},"end":{"line":520,"column":48}},{"start":{"line":520,"column":48},"end":{"line":520,"column":50}}],"line":520},"45":{"loc":{"start":{"line":524,"column":21},"end":{"line":535,"column":null}},"type":"cond-expr","locations":[{"start":{"line":525,"column":22},"end":{"line":533,"column":23}},{"start":{"line":533,"column":22},"end":{"line":535,"column":null}}],"line":524},"46":{"loc":{"start":{"line":524,"column":21},"end":{"line":524,"column":null}},"type":"binary-expr","locations":[{"start":{"line":524,"column":21},"end":{"line":524,"column":38}},{"start":{"line":524,"column":38},"end":{"line":524,"column":null}}],"line":524},"47":{"loc":{"start":{"line":544,"column":23},"end":{"line":544,"column":51}},"type":"binary-expr","locations":[{"start":{"line":544,"column":23},"end":{"line":544,"column":49}},{"start":{"line":544,"column":49},"end":{"line":544,"column":51}}],"line":544},"48":{"loc":{"start":{"line":548,"column":21},"end":{"line":569,"column":null}},"type":"cond-expr","locations":[{"start":{"line":549,"column":22},"end":{"line":567,"column":23}},{"start":{"line":567,"column":22},"end":{"line":569,"column":null}}],"line":548},"49":{"loc":{"start":{"line":548,"column":21},"end":{"line":548,"column":null}},"type":"binary-expr","locations":[{"start":{"line":548,"column":21},"end":{"line":548,"column":39}},{"start":{"line":548,"column":39},"end":{"line":548,"column":null}}],"line":548},"50":{"loc":{"start":{"line":554,"column":46},"end":{"line":554,"column":null}},"type":"cond-expr","locations":[{"start":{"line":554,"column":76},"end":{"line":554,"column":88}},{"start":{"line":554,"column":88},"end":{"line":554,"column":null}}],"line":554},"51":{"loc":{"start":{"line":558,"column":29},"end":{"line":560,"column":null}},"type":"binary-expr","locations":[{"start":{"line":558,"column":29},"end":{"line":558,"column":null}},{"start":{"line":559,"column":30},"end":{"line":560,"column":null}}],"line":558},"52":{"loc":{"start":{"line":582,"column":21},"end":{"line":600,"column":null}},"type":"cond-expr","locations":[{"start":{"line":583,"column":22},"end":{"line":586,"column":35}},{"start":{"line":586,"column":24},"end":{"line":600,"column":null}}],"line":582},"53":{"loc":{"start":{"line":586,"column":24},"end":{"line":600,"column":null}},"type":"cond-expr","locations":[{"start":{"line":587,"column":22},"end":{"line":598,"column":23}},{"start":{"line":598,"column":22},"end":{"line":600,"column":null}}],"line":586},"54":{"loc":{"start":{"line":707,"column":16},"end":{"line":711,"column":null}},"type":"binary-expr","locations":[{"start":{"line":707,"column":16},"end":{"line":707,"column":null}},{"start":{"line":708,"column":16},"end":{"line":708,"column":null}},{"start":{"line":709,"column":16},"end":{"line":709,"column":null}},{"start":{"line":710,"column":16},"end":{"line":710,"column":null}},{"start":{"line":711,"column":16},"end":{"line":711,"column":null}}],"line":707},"55":{"loc":{"start":{"line":714,"column":15},"end":{"line":716,"column":23}},"type":"cond-expr","locations":[{"start":{"line":715,"column":16},"end":{"line":716,"column":23}},{"start":{"line":716,"column":18},"end":{"line":716,"column":23}}],"line":714}},"s":{"0":4,"1":4,"2":99,"3":99,"4":99,"5":99,"6":0,"7":0,"8":99,"9":0,"10":0,"11":99,"12":0,"13":0,"14":99,"15":3,"16":8,"17":8,"18":8,"19":99,"20":2,"21":5,"22":99,"23":99,"24":99,"25":99,"26":99,"27":91,"28":79,"29":8,"30":1,"31":3,"32":99,"33":8,"34":0,"35":8,"36":99,"37":4,"38":4,"39":5,"40":4,"41":3,"42":12,"43":8,"44":8,"45":8,"46":5,"47":3,"48":3,"49":3,"50":8,"51":8,"52":8,"53":8,"54":8,"55":8,"56":4,"57":4,"58":8,"59":8,"60":4,"61":4,"62":1},"f":{"0":99,"1":0,"2":0,"3":0,"4":3,"5":8,"6":2,"7":5,"8":91,"9":8,"10":4,"11":4,"12":5,"13":3,"14":12,"15":8,"16":8,"17":3,"18":3,"19":3,"20":8,"21":8,"22":8,"23":8,"24":8,"25":8,"26":4,"27":4,"28":8,"29":8,"30":4,"31":4,"32":1},"b":{"0":[99],"1":[99],"2":[99,0],"3":[99,99],"4":[99,0],"5":[99,99],"6":[99,0],"7":[99,99],"8":[8,0],"9":[5,0],"10":[99,0],"11":[99,0],"12":[79,8,1,3],"13":[0,8],"14":[8,8,8,8],"15":[8,4],"16":[4,4],"17":[4,95],"18":[91,4],"19":[91,8,7],"20":[3,4],"21":[91,4],"22":[91,5],"23":[4,1],"24":[91,15],"25":[91,91],"26":[91,15],"27":[91,15],"28":[91,3],"29":[91,3],"30":[91,15],"31":[91,15],"32":[91,88],"33":[3,88],"34":[91,91],"35":[3,3],"36":[3,3],"37":[3,0],"38":[3,3],"39":[0,91],"40":[8,83],"41":[3,5],"42":[5,3],"43":[8,3],"44":[91,88],"45":[3,88],"46":[91,91],"47":[91,88],"48":[3,88],"49":[91,91],"50":[3,0],"51":[3,3],"52":[0,91],"53":[3,88],"54":[99,99,40,32,24],"55":[0,99]},"meta":{"lastBranch":56,"lastFunction":33,"lastStatement":63,"seen":{"s:1:0:1:Infinity":0,"s:114:97:120:Infinity":1,"f:131:16:131:35":0,"b:138:25:138:Infinity":0,"b:139:21:139:Infinity":1,"s:141:8:141:38":2,"s:142:27:142:65":3,"s:143:21:150:4":4,"s:152:8:161:4":5,"b:153:39:153:48:153:48:153:51":2,"f:154:13:154:25":1,"s:155:23:156:Infinity":6,"s:158:6:158:Infinity":7,"b:160:13:160:24:160:24:160:Infinity":3,"s:163:8:172:4":8,"b:164:43:164:52:164:52:164:55":4,"f:165:13:165:25":2,"s:166:23:167:Infinity":9,"s:169:6:169:Infinity":10,"b:171:13:171:24:171:24:171:Infinity":5,"s:174:8:183:4":11,"b:175:43:175:52:175:52:175:55":6,"f:176:13:176:25":3,"s:177:23:178:Infinity":12,"s:180:6:180:Infinity":13,"b:182:13:182:24:182:24:182:Infinity":7,"s:185:8:197:4":14,"f:186:16:186:23":4,"s:187:6:190:Infinity":15,"f:192:4:192:21":5,"s:193:6:193:Infinity":16,"b:193:82:193:91:193:91:193:94":8,"s:194:6:194:Infinity":17,"s:195:6:195:Infinity":18,"s:199:8:206:4":19,"f:200:16:200:23":6,"s:201:6:201:Infinity":20,"f:203:4:203:21":7,"s:204:6:204:Infinity":21,"b:204:82:204:91:204:91:204:94":9,"s:208:18:208:Infinity":22,"s:209:17:209:Infinity":23,"s:210:21:210:53":24,"b:210:21:210:51:210:51:210:53":10,"s:211:19:211:49":25,"b:211:19:211:47:211:47:211:49":11,"s:213:8:222:Infinity":26,"f:213:8:213:26":8,"b:215:6:216:Infinity:217:6:218:Infinity:219:6:220:Infinity:221:6:222:Infinity":12,"s:214:4:222:Infinity":27,"s:216:8:216:Infinity":28,"s:218:8:218:Infinity":29,"s:220:8:220:Infinity":30,"s:222:8:222:Infinity":31,"s:226:8:236:Infinity":32,"f:226:8:226:33":9,"b:227:4:227:Infinity:undefined:undefined:undefined:undefined":13,"s:227:4:227:Infinity":33,"b:227:8:227:28:227:28:227:51:227:51:227:71:227:71:227:96":14,"s:227:96:227:Infinity":34,"s:229:4:236:Infinity":35,"b:234:13:234:33:234:33:234:Infinity":15,"b:235:38:235:71:235:74:235:Infinity":16,"s:239:2:721:Infinity":36,"b:243:10:246:Infinity:246:12:608:Infinity":17,"b:247:10:604:Infinity:606:10:608:Infinity":18,"b:261:21:261:53:261:53:261:Infinity:262:22:277:Infinity":19,"f:265:24:265:39":10,"s:265:39:265:70":37,"b:270:26:272:Infinity:272:26:275:Infinity":20,"b:279:21:279:Infinity:280:22:286:Infinity":21,"f:283:24:283:39":11,"s:283:39:283:53":38,"b:288:21:288:Infinity:289:22:300:Infinity":22,"f:292:24:292:39":12,"b:293:26:294:Infinity:undefined:undefined:undefined:undefined":23,"s:293:26:294:Infinity":39,"s:294:28:294:Infinity":40,"b:304:19:304:Infinity:305:20:307:Infinity":24,"b:321:17:321:Infinity:322:18:325:Infinity":25,"b:328:17:328:Infinity:329:18:332:Infinity":26,"b:335:17:335:Infinity:336:18:339:Infinity":27,"b:342:17:342:Infinity:343:18:346:Infinity":28,"b:349:17:349:Infinity:350:18:353:Infinity":29,"b:356:17:356:Infinity:357:18:360:Infinity":30,"b:366:13:366:Infinity:367:14:373:Infinity":31,"b:391:23:391:57:391:57:391:59":32,"b:396:22:429:23:429:22:431:Infinity":33,"b:395:21:395:47:395:47:395:Infinity":34,"f:397:47:397:52":13,"s:398:26:425:Infinity":41,"b:404:33:404:Infinity:405:34:409:Infinity":35,"b:410:31:410:Infinity:411:32:413:Infinity":36,"b:411:74:411:86:411:86:411:Infinity":37,"b:420:29:420:Infinity:421:30:422:Infinity":38,"f:447:24:447:39":14,"s:447:39:447:64":42,"b:457:22:460:33:460:24:511:Infinity":39,"b:461:22:506:23:506:22:511:Infinity":40,"f:462:34:462:39":15,"s:463:41:463:Infinity":43,"s:464:26:501:Infinity":44,"b:475:58:475:89:475:89:475:Infinity":41,"f:483:34:483:49":16,"b:484:36:485:Infinity:undefined:undefined:undefined:undefined":42,"s:484:36:485:Infinity":45,"s:485:38:485:Infinity":46,"b:496:31:496:Infinity:497:32:499:Infinity":43,"b:520:23:520:48:520:48:520:50":44,"b:525:22:533:23:533:22:535:Infinity":45,"b:524:21:524:38:524:38:524:Infinity":46,"f:526:38:526:43":17,"s:527:26:529:Infinity":47,"b:544:23:544:49:544:49:544:51":47,"b:549:22:567:23:567:22:569:Infinity":48,"b:548:21:548:39:548:39:548:Infinity":49,"f:550:39:550:44":18,"s:551:26:563:Infinity":48,"b:554:76:554:88:554:88:554:Infinity":50,"b:558:29:558:Infinity:559:30:560:Infinity":51,"b:583:22:586:35:586:24:600:Infinity":52,"b:587:22:598:23:598:22:600:Infinity":53,"f:588:36:588:41":19,"s:589:26:594:Infinity":49,"f:626:16:626:32":20,"s:626:40:626:112":50,"f:626:40:626:54":21,"s:626:63:626:112":51,"f:647:16:647:27":22,"s:647:33:647:Infinity":52,"f:647:33:647:47":23,"s:647:56:647:Infinity":53,"f:658:18:658:29":24,"s:658:35:658:Infinity":54,"f:658:35:658:49":25,"s:658:58:658:Infinity":55,"f:669:18:669:29":26,"s:669:35:669:Infinity":56,"f:669:35:669:49":27,"s:669:58:669:Infinity":57,"f:681:16:681:27":28,"s:681:33:681:Infinity":58,"f:681:33:681:47":29,"s:681:56:681:Infinity":59,"f:692:16:692:27":30,"s:692:33:692:Infinity":60,"f:692:33:692:47":31,"s:692:56:692:Infinity":61,"f:699:14:699:29":32,"s:699:29:699:55":62,"b:707:16:707:Infinity:708:16:708:Infinity:709:16:709:Infinity:710:16:710:Infinity:711:16:711:Infinity":54,"b:715:16:716:23:716:18:716:23":55}}}
}
