TN:
SF:server/storage.js
FN:5,(anonymous_0)
FN:19,(anonymous_1)
FN:33,(anonymous_2)
FN:43,(anonymous_3)
FN:52,(anonymous_4)
FN:55,(anonymous_5)
FN:73,(anonymous_6)
FN:85,(anonymous_7)
FN:98,(anonymous_8)
FN:118,(anonymous_9)
FN:137,(anonymous_10)
FN:156,(anonymous_11)
FN:176,(anonymous_12)
FN:191,(anonymous_13)
FN:209,(anonymous_14)
FN:242,(anonymous_15)
FN:260,(anonymous_16)
FN:269,(anonymous_17)
FN:283,(anonymous_18)
FN:295,(anonymous_19)
FN:310,(anonymous_20)
FN:321,(anonymous_21)
FN:332,(anonymous_22)
FN:341,(anonymous_23)
FN:349,(anonymous_24)
FN:390,(anonymous_25)
FN:408,(anonymous_26)
FN:417,(anonymous_27)
FN:431,(anonymous_28)
FN:448,(anonymous_29)
FN:462,(anonymous_30)
FN:482,(anonymous_31)
FN:496,(anonymous_32)
FN:507,(anonymous_33)
FN:534,(anonymous_34)
FN:552,(anonymous_35)
FN:582,(anonymous_36)
FN:593,(anonymous_37)
FN:604,(anonymous_38)
FN:616,(anonymous_39)
FN:627,(anonymous_40)
FN:654,(anonymous_41)
FN:668,(anonymous_42)
FN:675,(anonymous_43)
FN:685,(anonymous_44)
FN:697,(anonymous_45)
FN:707,(anonymous_46)
FN:717,(anonymous_47)
FN:731,(anonymous_48)
FN:749,(anonymous_49)
FN:763,(anonymous_50)
FN:773,(anonymous_51)
FN:783,(anonymous_52)
FN:793,(anonymous_53)
FN:808,(anonymous_54)
FN:826,(anonymous_55)
FN:840,(anonymous_56)
FN:850,(anonymous_57)
FN:861,(anonymous_58)
FN:892,(anonymous_59)
FN:910,(anonymous_60)
FN:951,(anonymous_61)
FN:970,(anonymous_62)
FN:980,(anonymous_63)
FN:997,(anonymous_64)
FN:1013,(anonymous_65)
FN:1038,(anonymous_66)
FN:1049,(anonymous_67)
FN:1066,(anonymous_68)
FN:1082,(anonymous_69)
FN:1126,(anonymous_70)
FN:1136,(anonymous_71)
FN:1154,(anonymous_72)
FN:1157,(anonymous_73)
FN:1168,(anonymous_74)
FN:1170,(anonymous_75)
FN:1184,(anonymous_76)
FN:1194,(anonymous_77)
FN:1209,(anonymous_78)
FN:1219,(anonymous_79)
FN:1239,(anonymous_80)
FN:1249,(anonymous_81)
FN:1259,(anonymous_82)
FN:1261,(anonymous_83)
FN:1283,(anonymous_84)
FN:1299,(anonymous_85)
FN:1327,(anonymous_86)
FN:1399,(anonymous_87)
FN:1434,(anonymous_88)
FN:1447,(anonymous_89)
FN:1474,(anonymous_90)
FN:1483,(anonymous_91)
FN:1494,(anonymous_92)
FN:1511,(anonymous_93)
FN:1525,(anonymous_94)
FN:1538,(anonymous_95)
FN:1563,(anonymous_96)
FN:1572,(anonymous_97)
FN:1583,(anonymous_98)
FN:1596,(anonymous_99)
FN:1610,(anonymous_100)
FN:1634,(anonymous_101)
FN:1643,(anonymous_102)
FN:1654,(anonymous_103)
FN:1670,(anonymous_104)
FN:1684,(anonymous_105)
FN:1698,(anonymous_106)
FN:1722,(anonymous_107)
FN:1731,(anonymous_108)
FN:1742,(anonymous_109)
FN:1767,(anonymous_110)
FN:1781,(anonymous_111)
FN:1821,(anonymous_112)
FN:1835,(anonymous_113)
FN:1848,(anonymous_114)
FN:1873,(anonymous_115)
FN:1882,(anonymous_116)
FN:1892,(anonymous_117)
FN:1898,(anonymous_118)
FN:1901,(anonymous_119)
FN:1908,(anonymous_120)
FN:1914,(anonymous_121)
FN:1917,(anonymous_122)
FN:1936,(anonymous_123)
FN:1992,(anonymous_124)
FN:2029,(anonymous_125)
FN:2101,(anonymous_126)
FN:2113,(anonymous_127)
FN:2126,(anonymous_128)
FN:2153,(anonymous_129)
FN:2177,(anonymous_130)
FN:2196,(anonymous_131)
FN:2198,(anonymous_132)
FN:2221,(anonymous_133)
FN:2234,(anonymous_134)
FN:2247,(anonymous_135)
FN:2253,(anonymous_136)
FN:2260,(anonymous_137)
FN:2269,(anonymous_138)
FN:2284,(anonymous_139)
FN:2300,(anonymous_140)
FN:2310,(anonymous_141)
FN:2329,(anonymous_142)
FN:2349,(anonymous_143)
FN:2361,(anonymous_144)
FN:2373,(anonymous_145)
FN:2389,(anonymous_146)
FN:2418,(anonymous_147)
FN:2428,(anonymous_148)
FN:2463,(anonymous_149)
FN:2475,(anonymous_150)
FN:2495,(anonymous_151)
FN:2506,(anonymous_152)
FN:2509,(anonymous_153)
FN:2516,(anonymous_154)
FN:2525,(anonymous_155)
FN:2560,(anonymous_156)
FN:2562,(anonymous_157)
FN:2569,(anonymous_158)
FN:2571,(anonymous_159)
FN:2578,(anonymous_160)
FN:2591,(anonymous_161)
FN:2593,(anonymous_162)
FN:2629,(anonymous_163)
FN:2654,(anonymous_164)
FN:2657,(anonymous_165)
FN:2698,(anonymous_166)
FN:2700,(anonymous_167)
FN:2707,(anonymous_168)
FN:2709,(anonymous_169)
FN:2723,(anonymous_170)
FN:2733,(anonymous_171)
FN:2751,(anonymous_172)
FN:2761,(anonymous_173)
FN:2776,(anonymous_174)
FN:2786,(anonymous_175)
FN:2794,(anonymous_176)
FN:2813,(anonymous_177)
FN:2819,(anonymous_178)
FN:2854,(anonymous_179)
FN:2857,(anonymous_180)
FN:2864,(anonymous_181)
FN:2866,(anonymous_182)
FN:2901,(anonymous_183)
FN:2920,(anonymous_184)
FN:2956,(anonymous_185)
FN:2960,(anonymous_186)
FN:2961,(anonymous_187)
FN:2962,(anonymous_188)
FN:2965,(anonymous_189)
FN:2968,(anonymous_190)
FN:2969,(anonymous_191)
FN:2973,(anonymous_192)
FN:2979,(anonymous_193)
FN:2993,(anonymous_194)
FN:3001,(anonymous_195)
FN:3022,(anonymous_196)
FN:3023,(anonymous_197)
FN:3060,(anonymous_198)
FN:3082,(anonymous_199)
FN:3115,(anonymous_200)
FN:3140,(anonymous_201)
FN:3286,(anonymous_202)
FN:3304,(anonymous_203)
FN:3310,(anonymous_204)
FN:3315,(anonymous_205)
FN:3319,(anonymous_206)
FN:3320,(anonymous_207)
FN:3326,(anonymous_208)
FN:3327,(anonymous_209)
FN:3332,(anonymous_210)
FN:3334,(anonymous_211)
FN:3369,(anonymous_212)
FN:3376,(anonymous_213)
FN:3377,(anonymous_214)
FN:3378,(anonymous_215)
FN:3382,(anonymous_216)
FN:3386,(anonymous_217)
FN:3399,(anonymous_218)
FN:3400,(anonymous_219)
FN:3406,(anonymous_220)
FN:3408,(anonymous_221)
FN:3448,(anonymous_222)
FN:3508,(anonymous_223)
FN:3520,(anonymous_224)
FN:3525,(anonymous_225)
FN:3528,(anonymous_226)
FN:3531,(anonymous_227)
FN:3533,(anonymous_228)
FN:3544,(anonymous_229)
FN:3547,(anonymous_230)
FN:3554,(anonymous_231)
FN:3557,(anonymous_232)
FN:3574,(anonymous_233)
FN:3583,(anonymous_234)
FN:3588,(anonymous_235)
FN:3591,(anonymous_236)
FN:3594,(anonymous_237)
FN:3611,(anonymous_238)
FN:3616,(anonymous_239)
FN:3636,(anonymous_240)
FN:3648,(anonymous_241)
FN:3653,(anonymous_242)
FN:3656,(anonymous_243)
FN:3659,(anonymous_244)
FN:3662,(anonymous_245)
FN:3666,(anonymous_246)
FN:3683,(anonymous_247)
FN:3694,(anonymous_248)
FN:3697,(anonymous_249)
FN:3704,(anonymous_250)
FN:3707,(anonymous_251)
FN:3724,(anonymous_252)
FN:3733,(anonymous_253)
FN:3739,(anonymous_254)
FN:3745,(anonymous_255)
FN:3763,(anonymous_256)
FN:3768,(anonymous_257)
FN:3788,(anonymous_258)
FN:3793,(anonymous_259)
FN:3795,(anonymous_260)
FN:3807,(anonymous_261)
FN:3819,(anonymous_262)
FN:3822,(anonymous_263)
FN:3840,(anonymous_264)
FN:3852,(anonymous_265)
FN:3857,(anonymous_266)
FN:3860,(anonymous_267)
FN:3863,(anonymous_268)
FN:3865,(anonymous_269)
FN:3876,(anonymous_270)
FN:3879,(anonymous_271)
FN:3896,(anonymous_272)
FN:3912,(anonymous_273)
FN:3917,(anonymous_274)
FN:3923,(anonymous_275)
FN:3928,(anonymous_276)
FN:3969,(anonymous_277)
FN:3976,(anonymous_278)
FN:3977,(anonymous_279)
FN:3980,(anonymous_280)
FN:3984,(anonymous_281)
FN:3988,(anonymous_282)
FN:3989,(anonymous_283)
FN:3994,(anonymous_284)
FN:3995,(anonymous_285)
FN:3998,(anonymous_286)
FN:4000,(anonymous_287)
FN:4004,(anonymous_288)
FN:4009,(anonymous_289)
FN:4010,(anonymous_290)
FN:4054,(anonymous_291)
FN:4057,(anonymous_292)
FN:4063,(anonymous_293)
FN:4067,(anonymous_294)
FN:4071,(anonymous_295)
FN:4075,(anonymous_296)
FN:4076,(anonymous_297)
FN:4077,(anonymous_298)
FN:4123,(anonymous_299)
FN:4132,(anonymous_300)
FN:4136,(anonymous_301)
FN:4140,(anonymous_302)
FN:4141,(anonymous_303)
FN:4146,(anonymous_304)
FN:4151,(anonymous_305)
FN:4156,(anonymous_306)
FN:4157,(anonymous_307)
FN:4160,(anonymous_308)
FN:4164,(anonymous_309)
FN:4168,(anonymous_310)
FN:4169,(anonymous_311)
FN:4177,(anonymous_312)
FN:4185,(anonymous_313)
FN:4192,(anonymous_314)
FN:4199,(anonymous_315)
FN:4204,(anonymous_316)
FN:4208,(anonymous_317)
FN:4211,(anonymous_318)
FN:4213,(anonymous_319)
FN:4216,(anonymous_320)
FN:4220,(anonymous_321)
FN:4225,(anonymous_322)
FN:4229,(anonymous_323)
FN:4234,(anonymous_324)
FN:4235,(anonymous_325)
FN:4240,(anonymous_326)
FN:4251,(anonymous_327)
FN:4253,(anonymous_328)
FNF:329
FNH:214
FNDA:890,(anonymous_0)
FNDA:889,(anonymous_1)
FNDA:1,(anonymous_2)
FNDA:7,(anonymous_3)
FNDA:1,(anonymous_4)
FNDA:0,(anonymous_5)
FNDA:0,(anonymous_6)
FNDA:0,(anonymous_7)
FNDA:0,(anonymous_8)
FNDA:3,(anonymous_9)
FNDA:0,(anonymous_10)
FNDA:0,(anonymous_11)
FNDA:2,(anonymous_12)
FNDA:0,(anonymous_13)
FNDA:0,(anonymous_14)
FNDA:2,(anonymous_15)
FNDA:3,(anonymous_16)
FNDA:0,(anonymous_17)
FNDA:0,(anonymous_18)
FNDA:1,(anonymous_19)
FNDA:4,(anonymous_20)
FNDA:1,(anonymous_21)
FNDA:2,(anonymous_22)
FNDA:3,(anonymous_23)
FNDA:0,(anonymous_24)
FNDA:0,(anonymous_25)
FNDA:2,(anonymous_26)
FNDA:0,(anonymous_27)
FNDA:0,(anonymous_28)
FNDA:1,(anonymous_29)
FNDA:0,(anonymous_30)
FNDA:5,(anonymous_31)
FNDA:2,(anonymous_32)
FNDA:2,(anonymous_33)
FNDA:2,(anonymous_34)
FNDA:1,(anonymous_35)
FNDA:4,(anonymous_36)
FNDA:1,(anonymous_37)
FNDA:2,(anonymous_38)
FNDA:2,(anonymous_39)
FNDA:0,(anonymous_40)
FNDA:1,(anonymous_41)
FNDA:1,(anonymous_42)
FNDA:0,(anonymous_43)
FNDA:1,(anonymous_44)
FNDA:3,(anonymous_45)
FNDA:1,(anonymous_46)
FNDA:2,(anonymous_47)
FNDA:0,(anonymous_48)
FNDA:1,(anonymous_49)
FNDA:3,(anonymous_50)
FNDA:1,(anonymous_51)
FNDA:0,(anonymous_52)
FNDA:1,(anonymous_53)
FNDA:0,(anonymous_54)
FNDA:1,(anonymous_55)
FNDA:3,(anonymous_56)
FNDA:1,(anonymous_57)
FNDA:0,(anonymous_58)
FNDA:1,(anonymous_59)
FNDA:0,(anonymous_60)
FNDA:1,(anonymous_61)
FNDA:4,(anonymous_62)
FNDA:1,(anonymous_63)
FNDA:0,(anonymous_64)
FNDA:1,(anonymous_65)
FNDA:4,(anonymous_66)
FNDA:1,(anonymous_67)
FNDA:0,(anonymous_68)
FNDA:2,(anonymous_69)
FNDA:4,(anonymous_70)
FNDA:1,(anonymous_71)
FNDA:0,(anonymous_72)
FNDA:0,(anonymous_73)
FNDA:0,(anonymous_74)
FNDA:0,(anonymous_75)
FNDA:0,(anonymous_76)
FNDA:0,(anonymous_77)
FNDA:0,(anonymous_78)
FNDA:0,(anonymous_79)
FNDA:0,(anonymous_80)
FNDA:0,(anonymous_81)
FNDA:0,(anonymous_82)
FNDA:0,(anonymous_83)
FNDA:0,(anonymous_84)
FNDA:0,(anonymous_85)
FNDA:0,(anonymous_86)
FNDA:0,(anonymous_87)
FNDA:3,(anonymous_88)
FNDA:0,(anonymous_89)
FNDA:1,(anonymous_90)
FNDA:0,(anonymous_91)
FNDA:0,(anonymous_92)
FNDA:2,(anonymous_93)
FNDA:2,(anonymous_94)
FNDA:0,(anonymous_95)
FNDA:0,(anonymous_96)
FNDA:0,(anonymous_97)
FNDA:0,(anonymous_98)
FNDA:0,(anonymous_99)
FNDA:0,(anonymous_100)
FNDA:0,(anonymous_101)
FNDA:0,(anonymous_102)
FNDA:1,(anonymous_103)
FNDA:0,(anonymous_104)
FNDA:0,(anonymous_105)
FNDA:0,(anonymous_106)
FNDA:0,(anonymous_107)
FNDA:0,(anonymous_108)
FNDA:0,(anonymous_109)
FNDA:0,(anonymous_110)
FNDA:0,(anonymous_111)
FNDA:0,(anonymous_112)
FNDA:2,(anonymous_113)
FNDA:0,(anonymous_114)
FNDA:1,(anonymous_115)
FNDA:0,(anonymous_116)
FNDA:0,(anonymous_117)
FNDA:1,(anonymous_118)
FNDA:2,(anonymous_119)
FNDA:2,(anonymous_120)
FNDA:3,(anonymous_121)
FNDA:3,(anonymous_122)
FNDA:0,(anonymous_123)
FNDA:4,(anonymous_124)
FNDA:0,(anonymous_125)
FNDA:0,(anonymous_126)
FNDA:0,(anonymous_127)
FNDA:0,(anonymous_128)
FNDA:4,(anonymous_129)
FNDA:3,(anonymous_130)
FNDA:0,(anonymous_131)
FNDA:0,(anonymous_132)
FNDA:2,(anonymous_133)
FNDA:2,(anonymous_134)
FNDA:2,(anonymous_135)
FNDA:2,(anonymous_136)
FNDA:0,(anonymous_137)
FNDA:0,(anonymous_138)
FNDA:0,(anonymous_139)
FNDA:0,(anonymous_140)
FNDA:0,(anonymous_141)
FNDA:0,(anonymous_142)
FNDA:2,(anonymous_143)
FNDA:1,(anonymous_144)
FNDA:0,(anonymous_145)
FNDA:0,(anonymous_146)
FNDA:1,(anonymous_147)
FNDA:1,(anonymous_148)
FNDA:2,(anonymous_149)
FNDA:0,(anonymous_150)
FNDA:3,(anonymous_151)
FNDA:0,(anonymous_152)
FNDA:2,(anonymous_153)
FNDA:0,(anonymous_154)
FNDA:4,(anonymous_155)
FNDA:1,(anonymous_156)
FNDA:1,(anonymous_157)
FNDA:0,(anonymous_158)
FNDA:2,(anonymous_159)
FNDA:0,(anonymous_160)
FNDA:0,(anonymous_161)
FNDA:0,(anonymous_162)
FNDA:0,(anonymous_163)
FNDA:2,(anonymous_164)
FNDA:2,(anonymous_165)
FNDA:0,(anonymous_166)
FNDA:0,(anonymous_167)
FNDA:0,(anonymous_168)
FNDA:0,(anonymous_169)
FNDA:0,(anonymous_170)
FNDA:0,(anonymous_171)
FNDA:4,(anonymous_172)
FNDA:0,(anonymous_173)
FNDA:4,(anonymous_174)
FNDA:2,(anonymous_175)
FNDA:0,(anonymous_176)
FNDA:5,(anonymous_177)
FNDA:1,(anonymous_178)
FNDA:358,(anonymous_179)
FNDA:337,(anonymous_180)
FNDA:0,(anonymous_181)
FNDA:7,(anonymous_182)
FNDA:3,(anonymous_183)
FNDA:4,(anonymous_184)
FNDA:0,(anonymous_185)
FNDA:3,(anonymous_186)
FNDA:4,(anonymous_187)
FNDA:3,(anonymous_188)
FNDA:3,(anonymous_189)
FNDA:3,(anonymous_190)
FNDA:3,(anonymous_191)
FNDA:2,(anonymous_192)
FNDA:4,(anonymous_193)
FNDA:4,(anonymous_194)
FNDA:4,(anonymous_195)
FNDA:12,(anonymous_196)
FNDA:7,(anonymous_197)
FNDA:4,(anonymous_198)
FNDA:2,(anonymous_199)
FNDA:8,(anonymous_200)
FNDA:0,(anonymous_201)
FNDA:2,(anonymous_202)
FNDA:0,(anonymous_203)
FNDA:3,(anonymous_204)
FNDA:1,(anonymous_205)
FNDA:2,(anonymous_206)
FNDA:1,(anonymous_207)
FNDA:3,(anonymous_208)
FNDA:1,(anonymous_209)
FNDA:3,(anonymous_210)
FNDA:1,(anonymous_211)
FNDA:0,(anonymous_212)
FNDA:2,(anonymous_213)
FNDA:2,(anonymous_214)
FNDA:2,(anonymous_215)
FNDA:2,(anonymous_216)
FNDA:1,(anonymous_217)
FNDA:2,(anonymous_218)
FNDA:2,(anonymous_219)
FNDA:3,(anonymous_220)
FNDA:2,(anonymous_221)
FNDA:2,(anonymous_222)
FNDA:2,(anonymous_223)
FNDA:1,(anonymous_224)
FNDA:2,(anonymous_225)
FNDA:2,(anonymous_226)
FNDA:1,(anonymous_227)
FNDA:1,(anonymous_228)
FNDA:2,(anonymous_229)
FNDA:0,(anonymous_230)
FNDA:0,(anonymous_231)
FNDA:1,(anonymous_232)
FNDA:2,(anonymous_233)
FNDA:0,(anonymous_234)
FNDA:1,(anonymous_235)
FNDA:5,(anonymous_236)
FNDA:2,(anonymous_237)
FNDA:3,(anonymous_238)
FNDA:4,(anonymous_239)
FNDA:1,(anonymous_240)
FNDA:0,(anonymous_241)
FNDA:2,(anonymous_242)
FNDA:2,(anonymous_243)
FNDA:2,(anonymous_244)
FNDA:0,(anonymous_245)
FNDA:4,(anonymous_246)
FNDA:1,(anonymous_247)
FNDA:1,(anonymous_248)
FNDA:1,(anonymous_249)
FNDA:0,(anonymous_250)
FNDA:1,(anonymous_251)
FNDA:1,(anonymous_252)
FNDA:0,(anonymous_253)
FNDA:4,(anonymous_254)
FNDA:1,(anonymous_255)
FNDA:1,(anonymous_256)
FNDA:1,(anonymous_257)
FNDA:2,(anonymous_258)
FNDA:1,(anonymous_259)
FNDA:2,(anonymous_260)
FNDA:1,(anonymous_261)
FNDA:0,(anonymous_262)
FNDA:0,(anonymous_263)
FNDA:3,(anonymous_264)
FNDA:2,(anonymous_265)
FNDA:1,(anonymous_266)
FNDA:3,(anonymous_267)
FNDA:4,(anonymous_268)
FNDA:1,(anonymous_269)
FNDA:2,(anonymous_270)
FNDA:0,(anonymous_271)
FNDA:0,(anonymous_272)
FNDA:33,(anonymous_273)
FNDA:5,(anonymous_274)
FNDA:25,(anonymous_275)
FNDA:5,(anonymous_276)
FNDA:3,(anonymous_277)
FNDA:18,(anonymous_278)
FNDA:23,(anonymous_279)
FNDA:2,(anonymous_280)
FNDA:0,(anonymous_281)
FNDA:18,(anonymous_282)
FNDA:0,(anonymous_283)
FNDA:18,(anonymous_284)
FNDA:18,(anonymous_285)
FNDA:1,(anonymous_286)
FNDA:15,(anonymous_287)
FNDA:0,(anonymous_288)
FNDA:0,(anonymous_289)
FNDA:18,(anonymous_290)
FNDA:24,(anonymous_291)
FNDA:0,(anonymous_292)
FNDA:4,(anonymous_293)
FNDA:8,(anonymous_294)
FNDA:4,(anonymous_295)
FNDA:4,(anonymous_296)
FNDA:8,(anonymous_297)
FNDA:4,(anonymous_298)
FNDA:3,(anonymous_299)
FNDA:7,(anonymous_300)
FNDA:5,(anonymous_301)
FNDA:2,(anonymous_302)
FNDA:2,(anonymous_303)
FNDA:6,(anonymous_304)
FNDA:4,(anonymous_305)
FNDA:2,(anonymous_306)
FNDA:5,(anonymous_307)
FNDA:2,(anonymous_308)
FNDA:3,(anonymous_309)
FNDA:13,(anonymous_310)
FNDA:3,(anonymous_311)
FNDA:7,(anonymous_312)
FNDA:6,(anonymous_313)
FNDA:12,(anonymous_314)
FNDA:4,(anonymous_315)
FNDA:13,(anonymous_316)
FNDA:12,(anonymous_317)
FNDA:6,(anonymous_318)
FNDA:3,(anonymous_319)
FNDA:2,(anonymous_320)
FNDA:10,(anonymous_321)
FNDA:11,(anonymous_322)
FNDA:12,(anonymous_323)
FNDA:12,(anonymous_324)
FNDA:12,(anonymous_325)
FNDA:14,(anonymous_326)
FNDA:16,(anonymous_327)
FNDA:16,(anonymous_328)
DA:5,445
DA:6,890
DA:8,445
DA:9,445
DA:10,445
DA:11,52
DA:12,52
DA:13,445
DA:14,445
DA:15,445
DA:16,445
DA:17,445
DA:23,889
DA:24,889
DA:25,0
DA:27,889
DA:34,1
DA:44,7
DA:45,7
DA:46,5
DA:49,2
DA:53,1
DA:56,0
DA:58,2
DA:59,2
DA:60,1
DA:62,3
DA:66,2
DA:69,1
DA:74,2
DA:75,2
DA:79,1
DA:82,2
DA:86,0
DA:87,0
DA:92,2
DA:95,1
DA:99,0
DA:100,0
DA:109,2
DA:110,1
DA:112,1
DA:115,1
DA:119,3
DA:120,3
DA:128,2
DA:129,1
DA:131,1
DA:134,1
DA:138,0
DA:139,0
DA:147,2
DA:148,1
DA:150,1
DA:153,1
DA:157,0
DA:158,0
DA:167,2
DA:168,1
DA:170,1
DA:173,0
DA:177,2
DA:178,2
DA:185,1
DA:188,1
DA:192,0
DA:193,0
DA:197,2
DA:198,1
DA:200,1
DA:201,1
DA:204,1
DA:205,1
DA:210,0
DA:211,0
DA:212,0
DA:213,2
DA:215,0
DA:220,1
DA:242,2
DA:246,1
DA:257,1
DA:261,3
DA:262,3
DA:263,2
DA:266,1
DA:270,0
DA:271,0
DA:276,2
DA:279,2
DA:280,2
DA:284,0
DA:286,0
DA:287,1
DA:290,1
DA:295,2
DA:296,1
DA:301,1
DA:302,1
DA:304,1
DA:307,0
DA:311,4
DA:313,4
DA:314,4
DA:315,1
DA:317,3
DA:318,1
DA:321,2
DA:322,1
DA:323,1
DA:325,1
DA:328,1
DA:333,2
DA:334,2
DA:335,1
DA:338,1
DA:342,3
DA:346,0
DA:350,0
DA:351,0
DA:352,0
DA:353,0
DA:355,0
DA:360,0
DA:390,0
DA:394,0
DA:405,0
DA:409,2
DA:410,2
DA:411,1
DA:414,1
DA:418,0
DA:419,0
DA:424,1
DA:427,1
DA:428,1
DA:432,0
DA:434,0
DA:436,4
DA:437,1
DA:440,3
DA:441,1
DA:444,2
DA:448,2
DA:449,1
DA:453,1
DA:454,1
DA:456,1
DA:459,1
DA:463,0
DA:465,0
DA:467,7
DA:468,1
DA:471,6
DA:472,1
DA:475,5
DA:476,1
DA:482,5
DA:483,4
DA:484,4
DA:485,1
DA:491,3
DA:496,3
DA:498,2
DA:502,2
DA:504,2
DA:505,2
DA:507,2
DA:511,1
DA:515,1
DA:516,1
DA:521,2
DA:523,2
DA:527,2
DA:530,1
DA:531,1
DA:535,2
DA:536,2
DA:538,2
DA:539,2
DA:540,0
DA:541,0
DA:543,2
DA:544,0
DA:545,0
DA:548,0
DA:549,0
DA:550,0
DA:552,2
DA:553,1
DA:559,0
DA:560,0
DA:562,1
DA:563,1
DA:568,1
DA:569,0
DA:570,0
DA:572,1
DA:574,1
DA:575,1
DA:578,1
DA:579,1
DA:583,4
DA:585,4
DA:586,4
DA:587,1
DA:589,3
DA:590,1
DA:593,2
DA:594,1
DA:595,1
DA:597,1
DA:600,1
DA:605,2
DA:606,2
DA:609,1
DA:612,1
DA:617,2
DA:618,2
DA:621,1
DA:624,1
DA:628,0
DA:630,0
DA:631,1
DA:634,4
DA:635,4
DA:636,1
DA:638,0
DA:639,0
DA:642,3
DA:643,1
DA:644,1
DA:645,1
DA:646,1
DA:647,1
DA:654,2
DA:655,1
DA:659,1
DA:660,1
DA:662,1
DA:665,1
DA:669,1
DA:673,0
DA:676,0
DA:678,0
DA:682,1
DA:683,1
DA:685,1
DA:686,1
DA:689,1
DA:691,1
DA:694,1
DA:698,3
DA:700,3
DA:704,1
DA:705,1
DA:707,1
DA:708,1
DA:709,1
DA:711,1
DA:714,1
DA:718,2
DA:719,2
DA:724,1
DA:725,1
DA:728,1
DA:732,0
DA:734,0
DA:738,1
DA:739,1
DA:742,4
DA:743,1
DA:744,1
DA:746,1
DA:747,1
DA:749,2
DA:750,1
DA:754,1
DA:755,1
DA:757,1
DA:760,1
DA:764,3
DA:766,3
DA:770,1
DA:771,1
DA:773,1
DA:774,1
DA:775,1
DA:777,1
DA:780,1
DA:784,0
DA:786,0
DA:790,1
DA:791,1
DA:793,1
DA:794,1
DA:799,1
DA:800,1
DA:802,1
DA:805,1
DA:809,0
DA:811,0
DA:815,1
DA:816,1
DA:819,4
DA:820,1
DA:821,1
DA:823,1
DA:824,1
DA:826,1
DA:827,1
DA:831,1
DA:832,1
DA:834,1
DA:837,1
DA:841,3
DA:843,3
DA:847,1
DA:848,1
DA:850,1
DA:851,1
DA:852,1
DA:854,1
DA:857,1
DA:862,0
DA:863,0
DA:864,0
DA:865,2
DA:867,0
DA:871,1
DA:892,1
DA:896,1
DA:907,1
DA:911,0
DA:912,0
DA:913,0
DA:914,0
DA:916,0
DA:920,1
DA:951,1
DA:956,1
DA:967,1
DA:971,4
DA:973,4
DA:974,1
DA:975,1
DA:977,1
DA:978,1
DA:980,1
DA:981,1
DA:989,1
DA:991,1
DA:994,1
DA:998,0
DA:1000,0
DA:1001,0
DA:1002,0
DA:1004,1
DA:1005,1
DA:1008,2
DA:1009,2
DA:1010,1
DA:1013,1
DA:1015,1
DA:1021,1
DA:1022,1
DA:1024,1
DA:1029,1
DA:1030,1
DA:1032,1
DA:1035,1
DA:1039,4
DA:1041,4
DA:1042,1
DA:1043,1
DA:1045,1
DA:1046,1
DA:1048,2
DA:1049,1
DA:1050,1
DA:1058,1
DA:1060,1
DA:1063,1
DA:1067,0
DA:1069,0
DA:1070,0
DA:1071,0
DA:1073,0
DA:1074,0
DA:1076,4
DA:1078,4
DA:1079,1
DA:1082,2
DA:1084,2
DA:1101,2
DA:1106,2
DA:1107,1
DA:1116,2
DA:1117,2
DA:1119,2
DA:1122,1
DA:1123,1
DA:1127,4
DA:1129,4
DA:1130,1
DA:1131,1
DA:1133,1
DA:1134,1
DA:1136,1
DA:1137,1
DA:1145,1
DA:1147,1
DA:1150,1
DA:1155,0
DA:1157,0
DA:1161,0
DA:1162,0
DA:1165,0
DA:1169,0
DA:1170,0
DA:1171,0
DA:1175,0
DA:1176,0
DA:1178,0
DA:1181,0
DA:1185,0
DA:1187,0
DA:1191,0
DA:1192,0
DA:1194,0
DA:1195,0
DA:1200,0
DA:1201,0
DA:1203,0
DA:1206,0
DA:1210,0
DA:1212,0
DA:1216,0
DA:1217,0
DA:1219,0
DA:1220,0
DA:1230,0
DA:1231,0
DA:1233,0
DA:1236,0
DA:1240,0
DA:1242,0
DA:1246,0
DA:1247,0
DA:1249,0
DA:1250,0
DA:1251,0
DA:1253,0
DA:1256,0
DA:1260,0
DA:1261,0
DA:1262,0
DA:1273,0
DA:1274,0
DA:1276,0
DA:1279,0
DA:1284,0
DA:1285,0
DA:1289,0
DA:1290,0
DA:1293,0
DA:1294,0
DA:1296,0
DA:1300,0
DA:1301,0
DA:1306,0
DA:1307,0
DA:1308,0
DA:1313,0
DA:1320,0
DA:1321,0
DA:1324,0
DA:1328,0
DA:1329,0
DA:1330,0
DA:1331,0
DA:1333,0
DA:1335,0
DA:1336,0
DA:1339,0
DA:1340,0
DA:1341,0
DA:1344,0
DA:1346,0
DA:1349,0
DA:1352,0
DA:1354,0
DA:1382,0
DA:1385,0
DA:1396,0
DA:1400,0
DA:1401,0
DA:1402,0
DA:1428,0
DA:1431,0
DA:1435,3
DA:1436,3
DA:1437,3
DA:1441,0
DA:1444,1
DA:1448,0
DA:1449,0
DA:1450,0
DA:1451,0
DA:1453,1
DA:1454,1
DA:1456,1
DA:1464,0
DA:1465,0
DA:1468,1
DA:1469,1
DA:1471,0
DA:1475,1
DA:1476,1
DA:1477,0
DA:1478,0
DA:1480,0
DA:1481,0
DA:1483,0
DA:1484,0
DA:1485,0
DA:1487,1
DA:1490,1
DA:1495,0
DA:1496,0
DA:1500,0
DA:1504,0
DA:1505,0
DA:1508,0
DA:1512,2
DA:1513,2
DA:1514,2
DA:1519,1
DA:1522,1
DA:1526,2
DA:1527,2
DA:1528,2
DA:1532,1
DA:1535,1
DA:1539,0
DA:1540,0
DA:1544,1
DA:1545,1
DA:1547,0
DA:1548,0
DA:1549,0
DA:1551,0
DA:1556,0
DA:1557,1
DA:1560,1
DA:1564,0
DA:1565,0
DA:1569,0
DA:1570,0
DA:1572,0
DA:1573,0
DA:1574,0
DA:1576,0
DA:1579,0
DA:1584,0
DA:1585,0
DA:1589,0
DA:1590,0
DA:1593,0
DA:1597,0
DA:1598,0
DA:1599,0
DA:1604,0
DA:1607,0
DA:1611,0
DA:1612,0
DA:1616,0
DA:1617,0
DA:1619,0
DA:1627,0
DA:1628,0
DA:1631,0
DA:1635,0
DA:1636,0
DA:1640,0
DA:1641,0
DA:1643,0
DA:1644,0
DA:1645,0
DA:1647,0
DA:1650,0
DA:1655,1
DA:1656,1
DA:1660,0
DA:1661,1
DA:1664,1
DA:1665,1
DA:1667,0
DA:1671,0
DA:1672,0
DA:1673,0
DA:1678,0
DA:1681,0
DA:1685,0
DA:1686,0
DA:1687,0
DA:1692,0
DA:1695,0
DA:1699,0
DA:1700,0
DA:1704,0
DA:1705,0
DA:1707,0
DA:1715,0
DA:1716,0
DA:1719,0
DA:1723,0
DA:1724,0
DA:1728,0
DA:1729,0
DA:1731,0
DA:1732,0
DA:1733,0
DA:1735,0
DA:1738,0
DA:1743,0
DA:1744,0
DA:1747,0
DA:1748,0
DA:1750,0
DA:1754,0
DA:1761,0
DA:1764,0
DA:1768,0
DA:1769,0
DA:1774,0
DA:1775,0
DA:1778,0
DA:1782,0
DA:1783,0
DA:1814,1
DA:1815,1
DA:1818,1
DA:1822,0
DA:1823,0
DA:1828,0
DA:1829,0
DA:1832,0
DA:1836,2
DA:1837,2
DA:1841,1
DA:1842,1
DA:1845,1
DA:1849,0
DA:1850,0
DA:1854,1
DA:1855,1
DA:1857,1
DA:1858,1
DA:1859,1
DA:1861,1
DA:1866,1
DA:1867,0
DA:1870,0
DA:1874,1
DA:1875,1
DA:1879,0
DA:1880,0
DA:1882,0
DA:1883,0
DA:1884,0
DA:1886,1
DA:1889,1
DA:1893,0
DA:1894,0
DA:1897,0
DA:1898,1
DA:1900,3
DA:1901,3
DA:1902,3
DA:1903,3
DA:1908,2
DA:1913,3
DA:1914,3
DA:1915,1
DA:1917,3
DA:1921,1
DA:1922,1
DA:1933,1
DA:1937,0
DA:1938,0
DA:1942,2
DA:1943,2
DA:1944,2
DA:1948,2
DA:1949,2
DA:1950,0
DA:1951,2
DA:1952,1
DA:1953,2
DA:1954,0
DA:1955,2
DA:1956,0
DA:1957,2
DA:1958,2
DA:1963,1
DA:1964,1
DA:1967,1
DA:1980,1
DA:1984,1
DA:1985,2
DA:1989,2
DA:1993,4
DA:1994,4
DA:1998,1
DA:1999,1
DA:2001,2
DA:2002,2
DA:2017,2
DA:2021,1
DA:2022,2
DA:2025,2
DA:2026,2
DA:2030,0
DA:2031,0
DA:2032,0
DA:2033,0
DA:2035,3
DA:2037,1
DA:2038,1
DA:2041,1
DA:2042,1
DA:2043,1
DA:2046,0
DA:2047,0
DA:2048,0
DA:2050,1
DA:2051,1
DA:2053,0
DA:2054,0
DA:2058,1
DA:2059,1
DA:2060,1
DA:2061,0
DA:2062,0
DA:2064,1
DA:2065,1
DA:2069,2
DA:2071,3
DA:2074,1
DA:2078,1
DA:2084,1
DA:2087,1
DA:2098,1
DA:2102,0
DA:2103,0
DA:2107,0
DA:2110,0
DA:2114,0
DA:2115,0
DA:2120,1
DA:2123,1
DA:2127,0
DA:2129,0
DA:2130,1
DA:2131,1
DA:2134,1
DA:2135,1
DA:2136,0
DA:2139,0
DA:2140,0
DA:2150,0
DA:2154,4
DA:2155,4
DA:2159,1
DA:2160,1
DA:2162,2
DA:2170,1
DA:2171,2
DA:2174,2
DA:2178,3
DA:2179,3
DA:2183,1
DA:2184,1
DA:2186,2
DA:2189,1
DA:2190,1
DA:2193,1
DA:2197,0
DA:2198,0
DA:2199,0
DA:2203,1
DA:2212,1
DA:2213,1
DA:2215,1
DA:2218,1
DA:2222,2
DA:2223,2
DA:2228,1
DA:2231,1
DA:2235,2
DA:2236,2
DA:2241,1
DA:2244,1
DA:2248,2
DA:2254,2
DA:2257,0
DA:2261,0
DA:2262,0
DA:2263,1
DA:2266,1
DA:2270,0
DA:2271,0
DA:2274,0
DA:2275,1
DA:2278,1
DA:2279,1
DA:2281,0
DA:2285,0
DA:2286,0
DA:2290,1
DA:2291,1
DA:2293,0
DA:2294,0
DA:2297,0
DA:2301,0
DA:2302,0
DA:2303,0
DA:2304,0
DA:2307,0
DA:2311,0
DA:2312,0
DA:2323,1
DA:2326,1
DA:2330,0
DA:2332,0
DA:2336,1
DA:2337,1
DA:2339,1
DA:2342,1
DA:2343,1
DA:2346,1
DA:2350,2
DA:2351,2
DA:2353,1
DA:2354,1
DA:2357,1
DA:2362,1
DA:2363,1
DA:2367,0
DA:2370,0
DA:2374,0
DA:2375,1
DA:2379,0
DA:2382,2
DA:2383,1
DA:2386,1
DA:2390,0
DA:2391,0
DA:2395,0
DA:2396,2
DA:2398,2
DA:2399,0
DA:2401,0
DA:2402,2
DA:2404,2
DA:2408,1
DA:2409,1
DA:2411,1
DA:2412,0
DA:2415,0
DA:2419,1
DA:2420,1
DA:2421,0
DA:2422,0
DA:2425,0
DA:2429,0
DA:2430,0
DA:2431,0
DA:2435,0
DA:2437,0
DA:2438,0
DA:2442,0
DA:2444,0
DA:2445,0
DA:2449,1
DA:2452,1
DA:2455,1
DA:2459,1
DA:2464,2
DA:2465,2
DA:2469,1
DA:2472,1
DA:2476,0
DA:2478,0
DA:2482,2
DA:2483,1
DA:2485,1
DA:2488,1
DA:2489,2
DA:2492,2
DA:2496,3
DA:2497,3
DA:2498,1
DA:2499,2
DA:2502,2
DA:2507,0
DA:2509,2
DA:2510,2
DA:2513,2
DA:2517,0
DA:2519,2
DA:2520,2
DA:2523,2
DA:2525,4
DA:2527,4
DA:2528,2
DA:2530,2
DA:2539,2
DA:2543,2
DA:2550,4
DA:2553,2
DA:2556,2
DA:2561,1
DA:2562,1
DA:2563,0
DA:2566,0
DA:2570,2
DA:2571,2
DA:2572,0
DA:2575,0
DA:2579,0
DA:2580,1
DA:2581,1
DA:2582,2
DA:2585,0
DA:2588,0
DA:2592,0
DA:2593,0
DA:2595,2
DA:2596,1
DA:2598,1
DA:2607,1
DA:2611,1
DA:2619,2
DA:2622,1
DA:2625,1
DA:2630,2
DA:2631,0
DA:2632,0
DA:2633,4
DA:2634,4
DA:2635,4
DA:2637,4
DA:2640,1
DA:2641,3
DA:2644,3
DA:2646,2
DA:2649,2
DA:2650,2
DA:2652,4
DA:2654,2
DA:2655,4
DA:2657,2
DA:2665,4
DA:2666,4
DA:2678,2
DA:2679,1
DA:2680,1
DA:2681,1
DA:2691,2
DA:2692,2
DA:2699,0
DA:2700,0
DA:2701,2
DA:2704,2
DA:2708,0
DA:2709,0
DA:2713,1
DA:2714,1
DA:2716,1
DA:2719,1
DA:2720,1
DA:2724,0
DA:2726,2
DA:2727,2
DA:2728,5
DA:2730,1
DA:2731,1
DA:2733,0
DA:2741,1
DA:2742,1
DA:2744,2
DA:2747,2
DA:2748,2
DA:2752,4
DA:2754,1
DA:2755,1
DA:2756,1
DA:2758,1
DA:2759,2
DA:2761,0
DA:2769,1
DA:2772,1
DA:2773,1
DA:2777,4
DA:2779,1
DA:2780,1
DA:2781,1
DA:2783,1
DA:2784,2
DA:2786,2
DA:2787,1
DA:2790,1
DA:2791,1
DA:2795,0
DA:2796,0
DA:2797,0
DA:2798,0
DA:2799,5
DA:2801,3
DA:2802,3
DA:2805,3
DA:2806,3
DA:2808,5
DA:2810,3
DA:2813,5
DA:2814,5
DA:2816,1
DA:2819,1
DA:2821,5
DA:2822,5
DA:2834,3
DA:2835,2
DA:2836,2
DA:2837,2
DA:2847,4
DA:2848,4
DA:2855,358
DA:2857,358
DA:2858,346
DA:2861,346
DA:2865,7
DA:2866,7
DA:2868,2
DA:2869,2
DA:2871,2
DA:2880,3
DA:2884,3
DA:2891,5
DA:2894,1
DA:2897,1
DA:2902,3
DA:2903,3
DA:2914,1
DA:2917,1
DA:2921,4
DA:2922,4
DA:2923,4
DA:2924,4
DA:2926,2
DA:2927,7
DA:2929,2
DA:2930,2
DA:2932,2
DA:2933,7
DA:2935,2
DA:2936,2
DA:2938,2
DA:2939,2
DA:2941,3
DA:2942,3
DA:2943,5
DA:2945,3
DA:2946,5
DA:2947,5
DA:2949,2
DA:2950,2
DA:2953,2
DA:2957,0
DA:2959,4
DA:2960,3
DA:2961,4
DA:2962,3
DA:2963,3
DA:2964,3
DA:2965,3
DA:2967,4
DA:2968,3
DA:2969,3
DA:2971,3
DA:2972,4
DA:2973,2
DA:2974,2
DA:2975,4
DA:2976,2
DA:2977,4
DA:2979,4
DA:2980,3
DA:2981,3
DA:2984,3
DA:2993,4
DA:2996,1
DA:2998,1
DA:3001,4
DA:3003,5
DA:3005,1
DA:3009,5
DA:3010,5
DA:3011,7
DA:3012,7
DA:3013,7
DA:3014,7
DA:3015,7
DA:3016,7
DA:3017,7
DA:3018,7
DA:3019,7
DA:3022,12
DA:3023,7
DA:3024,7
DA:3030,7
DA:3057,4
DA:3061,4
DA:3062,4
DA:3076,2
DA:3079,2
DA:3083,2
DA:3084,2
DA:3085,2
DA:3086,0
DA:3088,2
DA:3089,5
DA:3091,2
DA:3092,5
DA:3094,2
DA:3095,5
DA:3097,2
DA:3098,5
DA:3100,2
DA:3101,4
DA:3102,4
DA:3104,2
DA:3105,4
DA:3106,4
DA:3108,1
DA:3109,1
DA:3112,1
DA:3116,7
DA:3117,8
DA:3118,8
DA:3119,6
DA:3120,6
DA:3121,2
DA:3122,2
DA:3123,6
DA:3124,8
DA:3127,8
DA:3131,2
DA:3132,3
DA:3134,3
DA:3137,3
DA:3141,0
DA:3142,0
DA:3143,0
DA:3145,0
DA:3146,11
DA:3147,11
DA:3150,3
DA:3151,3
DA:3153,3
DA:3156,1
DA:3157,1
DA:3169,1
DA:3173,1
DA:3174,3
DA:3178,10
DA:3181,3
DA:3182,3
DA:3183,3
DA:3186,1
DA:3187,1
DA:3199,1
DA:3203,1
DA:3204,3
DA:3208,10
DA:3211,3
DA:3212,3
DA:3213,3
DA:3216,1
DA:3217,1
DA:3229,1
DA:3233,1
DA:3234,3
DA:3240,10
DA:3241,10
DA:3242,10
DA:3245,4
DA:3246,4
DA:3248,4
DA:3253,2
DA:3254,2
DA:3257,1
DA:3258,1
DA:3270,1
DA:3275,1
DA:3276,4
DA:3279,1
DA:3282,11
DA:3287,1
DA:3288,1
DA:3289,1
DA:3290,1
DA:3291,1
DA:3292,1
DA:3298,1
DA:3301,1
DA:3305,0
DA:3306,0
DA:3307,0
DA:3309,1
DA:3310,3
DA:3311,3
DA:3312,1
DA:3313,3
DA:3315,3
DA:3316,1
DA:3317,3
DA:3319,2
DA:3320,1
DA:3321,2
DA:3325,1
DA:3326,3
DA:3327,1
DA:3328,2
DA:3332,3
DA:3333,1
DA:3334,1
DA:3335,2
DA:3336,2
DA:3337,2
DA:3340,2
DA:3342,2
DA:3344,2
DA:3366,2
DA:3370,0
DA:3371,0
DA:3372,0
DA:3373,0
DA:3375,3
DA:3376,3
DA:3377,2
DA:3378,2
DA:3379,2
DA:3380,2
DA:3382,2
DA:3383,2
DA:3384,3
DA:3386,1
DA:3387,2
DA:3388,1
DA:3391,2
DA:3394,2
DA:3398,3
DA:3399,3
DA:3400,2
DA:3401,1
DA:3405,3
DA:3406,3
DA:3407,1
DA:3408,2
DA:3409,2
DA:3410,3
DA:3413,2
DA:3415,1
DA:3417,1
DA:3420,2
DA:3445,2
DA:3449,2
DA:3450,2
DA:3451,2
DA:3454,0
DA:3461,1
DA:3467,1
DA:3473,1
DA:3477,1
DA:3504,1
DA:3509,2
DA:3510,2
DA:3514,1
DA:3517,0
DA:3521,1
DA:3522,1
DA:3523,3
DA:3524,1
DA:3525,2
DA:3527,1
DA:3528,2
DA:3530,1
DA:3531,1
DA:3533,1
DA:3534,1
DA:3535,1
DA:3536,1
DA:3538,1
DA:3541,0
DA:3545,2
DA:3546,2
DA:3547,0
DA:3548,0
DA:3551,0
DA:3555,4
DA:3556,0
DA:3557,1
DA:3558,0
DA:3559,3
DA:3561,3
DA:3565,1
DA:3566,1
DA:3568,0
DA:3571,2
DA:3575,2
DA:3576,1
DA:3577,1
DA:3580,0
DA:3584,0
DA:3585,1
DA:3586,0
DA:3587,1
DA:3588,3
DA:3590,2
DA:3591,5
DA:3593,2
DA:3594,2
DA:3595,5
DA:3596,5
DA:3597,5
DA:3599,5
DA:3600,5
DA:3601,5
DA:3602,5
DA:3603,5
DA:3605,4
DA:3606,5
DA:3607,5
DA:3608,2
DA:3609,3
DA:3611,3
DA:3616,4
DA:3621,2
DA:3632,2
DA:3637,1
DA:3638,1
DA:3642,0
DA:3645,0
DA:3649,0
DA:3650,0
DA:3651,3
DA:3652,0
DA:3653,2
DA:3655,2
DA:3656,2
DA:3658,2
DA:3659,2
DA:3661,2
DA:3662,2
DA:3665,4
DA:3666,4
DA:3667,4
DA:3668,1
DA:3669,3
DA:3670,2
DA:3672,2
DA:3674,1
DA:3676,1
DA:3678,1
DA:3680,1
DA:3683,1
DA:3684,1
DA:3685,2
DA:3686,0
DA:3688,0
DA:3691,2
DA:3695,2
DA:3696,1
DA:3697,1
DA:3698,1
DA:3701,0
DA:3705,4
DA:3706,0
DA:3707,1
DA:3708,3
DA:3709,3
DA:3711,3
DA:3715,1
DA:3716,1
DA:3718,0
DA:3721,1
DA:3725,1
DA:3726,1
DA:3727,0
DA:3730,0
DA:3734,0
DA:3735,0
DA:3736,4
DA:3738,4
DA:3739,4
DA:3740,1
DA:3741,1
DA:3744,1
DA:3745,1
DA:3746,3
DA:3747,3
DA:3748,3
DA:3750,3
DA:3751,3
DA:3752,3
DA:3753,3
DA:3754,3
DA:3756,3
DA:3757,3
DA:3758,3
DA:3759,3
DA:3760,1
DA:3761,2
DA:3763,2
DA:3768,2
DA:3773,1
DA:3784,0
DA:3789,2
DA:3790,1
DA:3791,2
DA:3792,3
DA:3793,1
DA:3795,2
DA:3796,2
DA:3797,2
DA:3799,0
DA:3801,0
DA:3804,1
DA:3808,1
DA:3809,1
DA:3813,0
DA:3816,0
DA:3820,2
DA:3821,0
DA:3822,0
DA:3823,2
DA:3824,2
DA:3826,2
DA:3830,0
DA:3831,0
DA:3833,1
DA:3836,0
DA:3841,3
DA:3842,3
DA:3846,2
DA:3849,0
DA:3853,2
DA:3854,1
DA:3855,2
DA:3856,1
DA:3857,4
DA:3859,1
DA:3860,3
DA:3862,5
DA:3863,5
DA:3865,1
DA:3866,1
DA:3867,2
DA:3868,2
DA:3870,1
DA:3873,2
DA:3877,2
DA:3878,2
DA:3879,0
DA:3880,2
DA:3881,2
DA:3883,2
DA:3887,1
DA:3888,1
DA:3890,0
DA:3893,1
DA:3897,1
DA:3899,1
DA:3900,15
DA:3903,15
DA:3905,20
DA:3906,20
DA:3907,20
DA:3908,12
DA:3910,9
DA:3912,33
DA:3913,9
DA:3914,2
DA:3916,9
DA:3917,5
DA:3918,4
DA:3921,7
DA:3923,25
DA:3924,7
DA:3925,1
DA:3927,1
DA:3928,5
DA:3929,5
DA:3933,1
DA:3934,1
DA:3936,3
DA:3937,16
DA:3938,20
DA:3940,20
DA:3941,20
DA:3944,18
DA:3956,20
DA:3960,3
DA:3962,3
DA:3965,4
DA:3970,1
DA:3971,1
DA:3973,19
DA:3974,19
DA:3976,18
DA:3977,23
DA:3979,23
DA:3980,23
DA:3981,15
DA:3982,19
DA:3984,19
DA:3985,16
DA:3986,0
DA:3988,18
DA:3989,0
DA:3992,23
DA:3993,18
DA:3994,18
DA:3995,18
DA:3997,18
DA:3998,2
DA:3999,24
DA:4000,24
DA:4001,15
DA:4002,15
DA:4004,0
DA:4007,0
DA:4008,0
DA:4009,0
DA:4010,18
DA:4012,17
DA:4013,22
DA:4016,15
DA:4017,22
DA:4020,22
DA:4021,22
DA:4022,17
DA:4023,22
DA:4026,22
DA:4051,24
DA:4055,0
DA:4057,0
DA:4058,38
DA:4059,38
DA:4061,66
DA:4063,66
DA:4064,4
DA:4065,36
DA:4067,36
DA:4068,8
DA:4069,8
DA:4071,66
DA:4072,8
DA:4073,8
DA:4075,4
DA:4076,8
DA:4077,8
DA:4078,4
DA:4079,3
DA:4081,19
DA:4082,19
DA:4083,14
DA:4084,3
DA:4087,14
DA:4088,2
DA:4091,14
DA:4092,3
DA:4095,3
DA:4120,3
DA:4124,1
DA:4126,1
DA:4127,13
DA:4129,7
DA:4130,7
DA:4131,7
DA:4132,7
DA:4133,5
DA:4134,5
DA:4136,5
DA:4137,2
DA:4138,4
DA:4140,3
DA:4141,2
DA:4143,2
DA:4144,2
DA:4145,6
DA:4146,2
DA:4147,6
DA:4148,2
DA:4149,2
DA:4151,4
DA:4152,4
DA:4153,2
DA:4154,5
DA:4156,3
DA:4157,5
DA:4160,5
DA:4161,2
DA:4162,2
DA:4164,4
DA:4165,3
DA:4166,3
DA:4168,13
DA:4169,3
DA:4171,13
DA:4173,12
DA:4174,4
DA:4175,7
DA:4176,7
DA:4177,7
DA:4178,8
DA:4179,4
DA:4182,2
DA:4183,2
DA:4184,2
DA:4185,2
DA:4186,6
DA:4187,2
DA:4188,2
DA:4192,4
DA:4193,12
DA:4194,12
DA:4197,13
DA:4198,11
DA:4199,4
DA:4200,13
DA:4201,12
DA:4202,12
DA:4204,13
DA:4208,12
DA:4210,6
DA:4211,6
DA:4212,9
DA:4213,3
DA:4215,12
DA:4216,2
DA:4218,2
DA:4219,10
DA:4220,10
DA:4221,2
DA:4222,12
DA:4223,7
DA:4225,11
DA:4229,12
DA:4231,7
DA:4233,7
DA:4234,12
DA:4235,12
DA:4236,12
DA:4237,12
DA:4238,12
DA:4240,3
DA:4241,14
DA:4242,7
DA:4244,7
DA:4245,7
DA:4248,5
DA:4251,16
DA:4252,5
DA:4254,11
DA:4255,9
DA:4258,4
DA:4259,4
DA:4264,18
DA:4295,7
DA:4299,7
DA:4300,1
DA:4302,1
DA:4303,7
LF:1686
LH:1232
BRDA:5,0,0,445
BRDA:5,0,1,445
BRDA:5,0,2,890
BRDA:6,1,0,0
BRDA:6,1,1,890
BRDA:6,2,0,890
BRDA:6,2,1,890
BRDA:23,3,0,0
BRDA:23,3,1,889
BRDA:24,4,0,0
BRDA:24,4,1,889
BRDA:46,5,0,5
BRDA:46,5,1,2
BRDA:59,6,0,1
BRDA:59,6,1,1
BRDA:59,7,0,2
BRDA:59,7,1,3
BRDA:109,8,0,1
BRDA:109,8,1,1
BRDA:128,9,0,1
BRDA:128,9,1,1
BRDA:147,10,0,1
BRDA:147,10,1,1
BRDA:167,11,0,1
BRDA:167,11,1,1
BRDA:197,12,0,1
BRDA:197,12,1,1
BRDA:211,13,0,0
BRDA:211,13,1,0
BRDA:212,14,0,2
BRDA:212,14,1,2
BRDA:263,15,0,1
BRDA:263,15,1,3
BRDA:286,16,0,1
BRDA:286,16,1,-1
BRDA:292,17,0,1
BRDA:292,17,1,0
BRDA:314,18,0,1
BRDA:314,18,1,3
BRDA:317,19,0,1
BRDA:317,19,1,2
BRDA:351,20,0,0
BRDA:351,20,1,0
BRDA:352,21,0,0
BRDA:352,21,1,0
BRDA:411,22,0,0
BRDA:411,22,1,0
BRDA:436,23,0,1
BRDA:436,23,1,3
BRDA:440,24,0,1
BRDA:440,24,1,2
BRDA:467,25,0,1
BRDA:467,25,1,6
BRDA:471,26,0,1
BRDA:471,26,1,5
BRDA:475,27,0,1
BRDA:475,27,1,4
BRDA:475,28,0,5
BRDA:475,28,1,2
BRDA:484,29,0,1
BRDA:484,29,1,3
BRDA:505,30,0,1
BRDA:505,30,1,1
BRDA:539,31,0,0
BRDA:539,31,1,2
BRDA:543,32,0,0
BRDA:543,32,1,2
BRDA:548,33,0,0
BRDA:548,33,1,0
BRDA:548,34,0,0
BRDA:548,34,1,0
BRDA:559,35,0,0
BRDA:559,35,1,0
BRDA:569,36,0,0
BRDA:569,36,1,0
BRDA:586,37,0,1
BRDA:586,37,1,3
BRDA:589,38,0,1
BRDA:589,38,1,2
BRDA:630,39,0,1
BRDA:630,39,1,-1
BRDA:635,40,0,1
BRDA:635,40,1,3
BRDA:638,41,0,0
BRDA:638,41,1,0
BRDA:642,42,0,1
BRDA:642,42,1,2
BRDA:644,43,0,1
BRDA:644,43,1,0
BRDA:646,44,0,1
BRDA:646,44,1,0
BRDA:682,45,0,1
BRDA:682,45,1,0
BRDA:704,46,0,1
BRDA:704,46,1,0
BRDA:738,47,0,1
BRDA:738,47,1,0
BRDA:743,48,0,1
BRDA:743,48,1,0
BRDA:746,49,0,1
BRDA:746,49,1,0
BRDA:770,50,0,1
BRDA:770,50,1,0
BRDA:790,51,0,1
BRDA:790,51,1,0
BRDA:815,52,0,1
BRDA:815,52,1,0
BRDA:820,53,0,1
BRDA:820,53,1,0
BRDA:823,54,0,1
BRDA:823,54,1,0
BRDA:847,55,0,1
BRDA:847,55,1,0
BRDA:863,56,0,0
BRDA:863,56,1,0
BRDA:864,57,0,2
BRDA:864,57,1,2
BRDA:912,58,0,0
BRDA:912,58,1,0
BRDA:913,59,0,0
BRDA:913,59,1,0
BRDA:974,60,0,1
BRDA:974,60,1,0
BRDA:977,61,0,1
BRDA:977,61,1,0
BRDA:1001,62,0,0
BRDA:1001,62,1,0
BRDA:1004,63,0,1
BRDA:1004,63,1,0
BRDA:1008,64,0,2
BRDA:1008,64,1,0
BRDA:1008,65,0,2
BRDA:1008,65,1,2
BRDA:1009,66,0,1
BRDA:1009,66,1,1
BRDA:1021,67,0,1
BRDA:1021,67,1,0
BRDA:1029,68,0,1
BRDA:1029,68,1,1
BRDA:1042,69,0,1
BRDA:1042,69,1,0
BRDA:1045,70,0,1
BRDA:1045,70,1,0
BRDA:1070,71,0,0
BRDA:1070,71,1,0
BRDA:1073,72,0,0
BRDA:1073,72,1,0
BRDA:1078,73,0,1
BRDA:1078,73,1,3
BRDA:1078,74,0,2
BRDA:1078,74,1,1
BRDA:1086,75,0,1
BRDA:1086,75,1,1
BRDA:1106,76,0,1
BRDA:1106,76,1,1
BRDA:1130,77,0,1
BRDA:1130,77,1,0
BRDA:1133,78,0,1
BRDA:1133,78,1,0
BRDA:1191,79,0,0
BRDA:1191,79,1,0
BRDA:1216,80,0,0
BRDA:1216,80,1,0
BRDA:1246,81,0,0
BRDA:1246,81,1,0
BRDA:1293,82,0,0
BRDA:1293,82,1,0
BRDA:1293,83,0,0
BRDA:1293,83,1,0
BRDA:1306,84,0,0
BRDA:1306,84,1,0
BRDA:1329,85,0,0
BRDA:1329,85,1,0
BRDA:1330,86,0,0
BRDA:1330,86,1,0
BRDA:1335,87,0,0
BRDA:1335,87,1,0
BRDA:1335,88,0,0
BRDA:1335,88,1,0
BRDA:1339,89,0,0
BRDA:1339,89,1,0
BRDA:1339,90,0,0
BRDA:1339,90,1,0
BRDA:1344,91,0,0
BRDA:1344,91,1,0
BRDA:1349,92,0,0
BRDA:1349,92,1,0
BRDA:1382,93,0,0
BRDA:1382,93,1,0
BRDA:1428,94,0,0
BRDA:1428,94,1,0
BRDA:1441,95,0,1
BRDA:1441,95,1,1
BRDA:1450,96,0,0
BRDA:1450,96,1,0
BRDA:1453,97,0,1
BRDA:1453,97,1,0
BRDA:1468,98,0,1
BRDA:1468,98,1,0
BRDA:1468,99,0,1
BRDA:1468,99,1,1
BRDA:1477,100,0,0
BRDA:1477,100,1,0
BRDA:1480,101,0,0
BRDA:1480,101,1,0
BRDA:1544,102,0,1
BRDA:1544,102,1,0
BRDA:1548,103,0,0
BRDA:1548,103,1,0
BRDA:1569,104,0,0
BRDA:1569,104,1,0
BRDA:1616,105,0,0
BRDA:1616,105,1,0
BRDA:1640,106,0,0
BRDA:1640,106,1,0
BRDA:1664,107,0,1
BRDA:1664,107,1,0
BRDA:1664,108,0,1
BRDA:1664,108,1,1
BRDA:1704,109,0,0
BRDA:1704,109,1,0
BRDA:1715,110,0,0
BRDA:1715,110,1,0
BRDA:1728,111,0,0
BRDA:1728,111,1,0
BRDA:1747,112,0,0
BRDA:1747,112,1,0
BRDA:1854,113,0,1
BRDA:1854,113,1,0
BRDA:1858,114,0,0
BRDA:1858,114,1,1
BRDA:1859,115,0,1
BRDA:1859,115,1,1
BRDA:1879,116,0,0
BRDA:1879,116,1,0
BRDA:1902,117,0,3
BRDA:1902,117,1,3
BRDA:1915,118,0,1
BRDA:1915,118,1,1
BRDA:1943,119,0,2
BRDA:1943,119,1,1
BRDA:1948,120,0,2
BRDA:1948,120,1,0
BRDA:1950,121,0,2
BRDA:1950,121,1,-2
BRDA:1952,122,0,2
BRDA:1952,122,1,-1
BRDA:1954,123,0,2
BRDA:1954,123,1,-2
BRDA:1956,124,0,2
BRDA:1956,124,1,-2
BRDA:1969,125,0,1
BRDA:1969,125,1,1
BRDA:1970,126,0,1
BRDA:1970,126,1,1
BRDA:1998,127,0,1
BRDA:1998,127,1,0
BRDA:2031,128,0,0
BRDA:2031,128,1,0
BRDA:2032,129,0,0
BRDA:2032,129,1,0
BRDA:2037,130,0,1
BRDA:2037,130,1,0
BRDA:2037,131,0,1
BRDA:2037,131,1,1
BRDA:2041,132,0,1
BRDA:2041,132,1,0
BRDA:2041,133,0,1
BRDA:2041,133,1,1
BRDA:2046,134,0,0
BRDA:2046,134,1,0
BRDA:2047,135,0,0
BRDA:2047,135,1,1
BRDA:2050,136,0,1
BRDA:2050,136,1,0
BRDA:2053,137,0,0
BRDA:2053,137,1,0
BRDA:2058,138,0,1
BRDA:2058,138,1,0
BRDA:2061,139,0,0
BRDA:2061,139,1,1
BRDA:2064,140,0,1
BRDA:2064,140,1,0
BRDA:2069,141,0,3
BRDA:2069,141,1,3
BRDA:2074,142,0,1
BRDA:2074,142,1,1
BRDA:2084,143,0,1
BRDA:2084,143,1,1
BRDA:2107,144,0,0
BRDA:2107,144,1,0
BRDA:2120,145,0,1
BRDA:2120,145,1,1
BRDA:2130,146,0,1
BRDA:2130,146,1,0
BRDA:2130,147,0,1
BRDA:2130,147,1,1
BRDA:2135,148,0,1
BRDA:2135,148,1,0
BRDA:2159,149,0,1
BRDA:2159,149,1,0
BRDA:2183,150,0,1
BRDA:2183,150,1,0
BRDA:2278,151,0,1
BRDA:2278,151,1,0
BRDA:2278,152,0,1
BRDA:2278,152,1,1
BRDA:2290,153,0,1
BRDA:2290,153,1,0
BRDA:2336,154,0,1
BRDA:2336,154,1,0
BRDA:2377,155,0,0
BRDA:2377,155,1,0
BRDA:2395,156,0,1
BRDA:2395,156,1,-1
BRDA:2396,157,0,2
BRDA:2396,157,1,2
BRDA:2398,158,0,0
BRDA:2398,158,1,0
BRDA:2398,159,0,2
BRDA:2398,159,1,2
BRDA:2401,160,0,2
BRDA:2401,160,1,-2
BRDA:2401,161,0,0
BRDA:2401,161,1,2
BRDA:2408,162,0,1
BRDA:2408,162,1,0
BRDA:2430,163,0,0
BRDA:2430,163,1,0
BRDA:2430,164,0,0
BRDA:2430,164,1,0
BRDA:2437,165,0,0
BRDA:2437,165,1,0
BRDA:2444,166,0,0
BRDA:2444,166,1,1
BRDA:2482,167,0,1
BRDA:2482,167,1,1
BRDA:2510,168,0,2
BRDA:2510,168,1,2
BRDA:2528,169,0,2
BRDA:2528,169,1,2
BRDA:2572,170,0,0
BRDA:2572,170,1,0
BRDA:2581,171,0,2
BRDA:2581,171,1,-1
BRDA:2585,172,0,0
BRDA:2585,172,1,0
BRDA:2596,173,0,1
BRDA:2596,173,1,1
BRDA:2631,174,0,0
BRDA:2631,174,1,0
BRDA:2632,175,0,0
BRDA:2632,175,1,2
BRDA:2640,176,0,1
BRDA:2640,176,1,3
BRDA:2646,177,0,2
BRDA:2646,177,1,0
BRDA:2655,178,0,4
BRDA:2655,178,1,2
BRDA:2665,179,0,4
BRDA:2665,179,1,4
BRDA:2678,180,0,1
BRDA:2678,180,1,1
BRDA:2679,181,0,1
BRDA:2679,181,1,0
BRDA:2679,182,0,1
BRDA:2679,182,1,1
BRDA:2679,182,2,1
BRDA:2686,183,0,1
BRDA:2686,183,1,1
BRDA:2687,184,0,1
BRDA:2687,184,1,1
BRDA:2701,185,0,2
BRDA:2701,185,1,2
BRDA:2713,186,0,1
BRDA:2713,186,1,0
BRDA:2727,187,0,5
BRDA:2727,187,1,-3
BRDA:2730,188,0,1
BRDA:2730,188,1,0
BRDA:2741,189,0,1
BRDA:2741,189,1,0
BRDA:2755,190,0,3
BRDA:2755,190,1,-2
BRDA:2758,191,0,1
BRDA:2758,191,1,0
BRDA:2780,192,0,3
BRDA:2780,192,1,-2
BRDA:2783,193,0,1
BRDA:2783,193,1,0
BRDA:2796,194,0,0
BRDA:2796,194,1,0
BRDA:2797,195,0,4
BRDA:2797,195,1,0
BRDA:2802,196,0,3
BRDA:2802,196,1,0
BRDA:2808,197,0,5
BRDA:2808,197,1,3
BRDA:2810,198,0,5
BRDA:2810,198,1,5
BRDA:2814,199,0,5
BRDA:2814,199,1,1
BRDA:2816,200,0,1
BRDA:2816,200,1,0
BRDA:2821,201,0,5
BRDA:2821,201,1,5
BRDA:2834,202,0,3
BRDA:2834,202,1,3
BRDA:2835,203,0,2
BRDA:2835,203,1,0
BRDA:2835,204,0,2
BRDA:2835,204,1,2
BRDA:2835,204,2,2
BRDA:2842,205,0,2
BRDA:2842,205,1,2
BRDA:2843,206,0,2
BRDA:2843,206,1,2
BRDA:2858,207,0,346
BRDA:2858,207,1,346
BRDA:2869,208,0,2
BRDA:2869,208,1,3
BRDA:2908,209,0,0
BRDA:2908,209,1,0
BRDA:2909,210,0,0
BRDA:2909,210,1,0
BRDA:2910,211,0,0
BRDA:2910,211,1,0
BRDA:2911,212,0,2
BRDA:2911,212,1,2
BRDA:2923,213,0,4
BRDA:2923,213,1,0
BRDA:2926,214,0,2
BRDA:2926,214,1,0
BRDA:2929,215,0,2
BRDA:2929,215,1,0
BRDA:2932,216,0,2
BRDA:2932,216,1,0
BRDA:2935,217,0,2
BRDA:2935,217,1,0
BRDA:2938,218,0,2
BRDA:2938,218,1,0
BRDA:2942,219,0,5
BRDA:2942,219,1,-2
BRDA:2946,220,0,5
BRDA:2946,220,1,0
BRDA:2965,221,0,3
BRDA:2965,221,1,3
BRDA:2974,222,0,4
BRDA:2974,222,1,-2
BRDA:2976,223,0,3
BRDA:2976,223,1,3
BRDA:2977,224,0,4
BRDA:2977,224,1,4
BRDA:2981,225,0,3
BRDA:2981,225,1,3
BRDA:2996,226,0,1
BRDA:2996,226,1,1
BRDA:2998,227,0,5
BRDA:2998,227,1,4
BRDA:3003,228,0,5
BRDA:3003,228,1,5
BRDA:3005,229,0,5
BRDA:3005,229,1,5
BRDA:3067,230,0,0
BRDA:3067,230,1,0
BRDA:3070,231,0,0
BRDA:3070,231,1,0
BRDA:3071,232,0,0
BRDA:3071,232,1,0
BRDA:3085,233,0,2
BRDA:3085,233,1,0
BRDA:3088,234,0,2
BRDA:3088,234,1,0
BRDA:3091,235,0,5
BRDA:3091,235,1,-3
BRDA:3094,236,0,2
BRDA:3094,236,1,0
BRDA:3097,237,0,2
BRDA:3097,237,1,0
BRDA:3101,238,0,4
BRDA:3101,238,1,0
BRDA:3105,239,0,4
BRDA:3105,239,1,0
BRDA:3118,240,0,6
BRDA:3118,240,1,2
BRDA:3120,241,0,2
BRDA:3120,241,1,4
BRDA:3122,242,0,2
BRDA:3122,242,1,0
BRDA:3122,243,0,2
BRDA:3122,243,1,2
BRDA:3131,244,0,3
BRDA:3131,244,1,-1
BRDA:3156,245,0,1
BRDA:3156,245,1,0
BRDA:3186,246,0,1
BRDA:3186,246,1,0
BRDA:3216,247,0,1
BRDA:3216,247,1,0
BRDA:3253,248,0,2
BRDA:3253,248,1,0
BRDA:3253,249,0,2
BRDA:3253,249,1,2
BRDA:3257,250,0,1
BRDA:3257,250,1,0
BRDA:3313,251,0,3
BRDA:3313,251,1,3
BRDA:3321,252,0,2
BRDA:3321,252,1,1
BRDA:3326,253,0,3
BRDA:3326,253,1,1
BRDA:3328,254,0,2
BRDA:3328,254,1,3
BRDA:3335,255,0,2
BRDA:3335,255,1,3
BRDA:3387,256,0,2
BRDA:3387,256,1,1
BRDA:3388,257,0,2
BRDA:3388,257,1,1
BRDA:3391,258,0,2
BRDA:3391,258,1,1
BRDA:3394,259,0,2
BRDA:3394,259,1,2
BRDA:3401,260,0,2
BRDA:3401,260,1,2
BRDA:3409,261,0,2
BRDA:3409,261,1,2
BRDA:3417,262,0,2
BRDA:3417,262,1,2
BRDA:3524,263,0,1
BRDA:3524,263,1,0
BRDA:3527,264,0,1
BRDA:3527,264,1,0
BRDA:3530,265,0,1
BRDA:3530,265,1,0
BRDA:3534,266,0,1
BRDA:3534,266,1,0
BRDA:3548,267,0,0
BRDA:3548,267,1,0
BRDA:3558,268,0,3
BRDA:3558,268,1,-3
BRDA:3565,269,0,1
BRDA:3565,269,1,0
BRDA:3587,270,0,1
BRDA:3587,270,1,0
BRDA:3590,271,0,2
BRDA:3590,271,1,0
BRDA:3600,272,0,5
BRDA:3600,272,1,5
BRDA:3606,273,0,5
BRDA:3606,273,1,5
BRDA:3652,274,0,1
BRDA:3652,274,1,-1
BRDA:3655,275,0,1
BRDA:3655,275,1,1
BRDA:3658,276,0,1
BRDA:3658,276,1,1
BRDA:3661,277,0,2
BRDA:3661,277,1,0
BRDA:3665,278,0,4
BRDA:3665,278,1,0
BRDA:3665,279,0,4
BRDA:3665,279,1,4
BRDA:3669,280,0,2
BRDA:3669,280,1,1
BRDA:3669,281,0,3
BRDA:3669,281,1,3
BRDA:3672,282,0,1
BRDA:3672,282,1,1
BRDA:3676,283,0,0
BRDA:3676,283,1,1
BRDA:3698,284,0,1
BRDA:3698,284,1,1
BRDA:3708,285,0,3
BRDA:3708,285,1,0
BRDA:3715,286,0,1
BRDA:3715,286,1,0
BRDA:3738,287,0,4
BRDA:3738,287,1,0
BRDA:3751,288,0,3
BRDA:3751,288,1,3
BRDA:3758,289,0,3
BRDA:3758,289,1,3
BRDA:3792,290,0,3
BRDA:3792,290,1,0
BRDA:3796,291,0,2
BRDA:3796,291,1,0
BRDA:3823,292,0,2
BRDA:3823,292,1,0
BRDA:3830,293,0,0
BRDA:3830,293,1,0
BRDA:3856,294,0,1
BRDA:3856,294,1,0
BRDA:3859,295,0,1
BRDA:3859,295,1,0
BRDA:3862,296,0,5
BRDA:3862,296,1,0
BRDA:3866,297,0,2
BRDA:3866,297,1,-1
BRDA:3880,298,0,2
BRDA:3880,298,1,0
BRDA:3887,299,0,1
BRDA:3887,299,1,0
BRDA:3910,300,0,33
BRDA:3910,300,1,7
BRDA:3910,301,0,9
BRDA:3910,301,1,33
BRDA:3916,302,0,5
BRDA:3916,302,1,4
BRDA:3921,303,0,25
BRDA:3921,303,1,-18
BRDA:3921,304,0,7
BRDA:3921,304,1,25
BRDA:3927,305,0,5
BRDA:3927,305,1,-4
BRDA:3933,306,0,1
BRDA:3933,306,1,1
BRDA:3937,307,0,16
BRDA:3937,307,1,20
BRDA:3940,308,0,20
BRDA:3940,308,1,0
BRDA:3948,309,0,20
BRDA:3948,309,1,20
BRDA:3949,310,0,20
BRDA:3949,310,1,20
BRDA:3971,311,0,1
BRDA:3971,311,1,1
BRDA:3979,312,0,23
BRDA:3979,312,1,0
BRDA:3999,313,0,24
BRDA:3999,313,1,0
BRDA:4013,314,0,1
BRDA:4013,314,1,15
BRDA:4017,315,0,22
BRDA:4017,315,1,22
BRDA:4023,316,0,22
BRDA:4023,316,1,22
BRDA:4084,317,0,2
BRDA:4084,317,1,14
BRDA:4088,318,0,2
BRDA:4088,318,1,14
BRDA:4092,319,0,3
BRDA:4092,319,1,3
BRDA:4131,320,0,7
BRDA:4131,320,1,2
BRDA:4134,321,0,5
BRDA:4134,321,1,5
BRDA:4138,322,0,4
BRDA:4138,322,1,2
BRDA:4143,323,0,6
BRDA:4143,323,1,5
BRDA:4149,324,0,4
BRDA:4149,324,1,4
BRDA:4149,324,2,4
BRDA:4154,325,0,5
BRDA:4154,325,1,2
BRDA:4154,325,2,2
BRDA:4176,326,0,7
BRDA:4176,326,1,2
BRDA:4179,327,0,4
BRDA:4179,327,1,4
BRDA:4182,328,0,2
BRDA:4182,328,1,4
BRDA:4188,329,0,2
BRDA:4188,329,1,4
BRDA:4188,329,2,4
BRDA:4200,330,0,13
BRDA:4200,330,1,13
BRDA:4201,331,0,12
BRDA:4201,331,1,12
BRDA:4212,332,0,2
BRDA:4212,332,1,12
BRDA:4212,333,0,9
BRDA:4212,333,1,4
BRDA:4215,334,0,12
BRDA:4215,334,1,0
BRDA:4215,335,0,12
BRDA:4215,335,1,7
BRDA:4221,336,0,11
BRDA:4221,336,1,11
BRDA:4222,337,0,12
BRDA:4222,337,1,7
BRDA:4241,338,0,7
BRDA:4241,338,1,7
BRDA:4242,339,0,7
BRDA:4242,339,1,7
BRDA:4242,340,0,4
BRDA:4242,340,1,4
BRDA:4244,341,0,7
BRDA:4244,341,1,2
BRDA:4245,342,0,7
BRDA:4245,342,1,13
BRDA:4245,343,0,5
BRDA:4245,343,1,5
BRDA:4252,344,0,16
BRDA:4252,344,1,6
BRDA:4254,345,0,6
BRDA:4254,345,1,6
BRDA:4254,346,0,6
BRDA:4254,346,1,6
BRDA:4258,347,0,3
BRDA:4258,347,1,3
BRDA:4258,348,0,2
BRDA:4258,348,1,8
BRDA:4259,349,0,6
BRDA:4259,349,1,18
BRDA:4261,350,0,3
BRDA:4261,350,1,18
BRF:708
BRH:448
end_of_record
