{"total": {"lines":{"total":18,"covered":18,"skipped":0,"pct":100},"statements":{"total":18,"covered":18,"skipped":0,"pct":100},"functions":{"total":5,"covered":5,"skipped":0,"pct":100},"branches":{"total":15,"covered":15,"skipped":0,"pct":100},"branchesTrue":{"total":0,"covered":0,"skipped":0,"pct":"Unknown"}}
,"/srv/workspace/komuno/server/src/common/utils/request-body.ts": {"lines":{"total":18,"covered":18,"skipped":0,"pct":100},"functions":{"total":5,"covered":5,"skipped":0,"pct":100},"statements":{"total":18,"covered":18,"skipped":0,"pct":100},"branches":{"total":15,"covered":15,"skipped":0,"pct":100}}
}
