{"/srv/workspace/komuno/shared/schema.js": {"path":"/srv/workspace/komuno/shared/schema.js","statementMap":{"0":{"start":{"line":2,"column":0},"end":{"line":2,"column":null}},"1":{"start":{"line":3,"column":0},"end":{"line":3,"column":null}},"2":{"start":{"line":4,"column":0},"end":{"line":4,"column":null}},"3":{"start":{"line":5,"column":0},"end":{"line":5,"column":null}},"4":{"start":{"line":6,"column":22},"end":{"line":6,"column":44}},"5":{"start":{"line":7,"column":18},"end":{"line":7,"column":48}},"6":{"start":{"line":8,"column":22},"end":{"line":8,"column":44}},"7":{"start":{"line":9,"column":14},"end":{"line":9,"column":28}},"8":{"start":{"line":11,"column":0},"end":{"line":17,"column":null}},"9":{"start":{"line":19,"column":0},"end":{"line":23,"column":null}},"10":{"start":{"line":25,"column":0},"end":{"line":40,"column":null}},"11":{"start":{"line":36,"column":15},"end":{"line":40,"column":1}},"12":{"start":{"line":42,"column":0},"end":{"line":53,"column":null}},"13":{"start":{"line":44,"column":67},"end":{"line":44,"column":87}},"14":{"start":{"line":49,"column":15},"end":{"line":53,"column":1}},"15":{"start":{"line":55,"column":0},"end":{"line":62,"column":null}},"16":{"start":{"line":63,"column":0},"end":{"line":69,"column":null}},"17":{"start":{"line":70,"column":0},"end":{"line":75,"column":null}},"18":{"start":{"line":77,"column":0},"end":{"line":94,"column":null}},"19":{"start":{"line":89,"column":15},"end":{"line":94,"column":1}},"20":{"start":{"line":96,"column":0},"end":{"line":106,"column":null}},"21":{"start":{"line":98,"column":63},"end":{"line":98,"column":79}},"22":{"start":{"line":102,"column":15},"end":{"line":106,"column":1}},"23":{"start":{"line":108,"column":0},"end":{"line":132,"column":null}},"24":{"start":{"line":128,"column":15},"end":{"line":132,"column":1}},"25":{"start":{"line":134,"column":0},"end":{"line":153,"column":null}},"26":{"start":{"line":146,"column":15},"end":{"line":153,"column":1}},"27":{"start":{"line":155,"column":0},"end":{"line":168,"column":null}},"28":{"start":{"line":157,"column":65},"end":{"line":157,"column":82}},"29":{"start":{"line":164,"column":15},"end":{"line":168,"column":1}},"30":{"start":{"line":170,"column":0},"end":{"line":180,"column":null}},"31":{"start":{"line":172,"column":65},"end":{"line":172,"column":82}},"32":{"start":{"line":177,"column":15},"end":{"line":180,"column":1}},"33":{"start":{"line":182,"column":0},"end":{"line":193,"column":null}},"34":{"start":{"line":190,"column":15},"end":{"line":193,"column":1}},"35":{"start":{"line":195,"column":0},"end":{"line":217,"column":null}},"36":{"start":{"line":212,"column":15},"end":{"line":217,"column":1}},"37":{"start":{"line":219,"column":0},"end":{"line":238,"column":null}},"38":{"start":{"line":229,"column":71},"end":{"line":229,"column":89}},"39":{"start":{"line":233,"column":15},"end":{"line":238,"column":1}},"40":{"start":{"line":240,"column":0},"end":{"line":251,"column":null}},"41":{"start":{"line":242,"column":67},"end":{"line":242,"column":85}},"42":{"start":{"line":248,"column":15},"end":{"line":251,"column":1}},"43":{"start":{"line":253,"column":0},"end":{"line":271,"column":null}},"44":{"start":{"line":255,"column":67},"end":{"line":255,"column":85}},"45":{"start":{"line":266,"column":15},"end":{"line":271,"column":1}},"46":{"start":{"line":273,"column":0},"end":{"line":287,"column":null}},"47":{"start":{"line":275,"column":63},"end":{"line":275,"column":79}},"48":{"start":{"line":276,"column":67},"end":{"line":276,"column":85}},"49":{"start":{"line":282,"column":15},"end":{"line":287,"column":1}},"50":{"start":{"line":289,"column":0},"end":{"line":298,"column":null}},"51":{"start":{"line":300,"column":0},"end":{"line":309,"column":null}},"52":{"start":{"line":311,"column":0},"end":{"line":335,"column":null}},"53":{"start":{"line":329,"column":15},"end":{"line":335,"column":1}},"54":{"start":{"line":337,"column":0},"end":{"line":351,"column":null}},"55":{"start":{"line":339,"column":70},"end":{"line":339,"column":91}},"56":{"start":{"line":347,"column":15},"end":{"line":351,"column":1}},"57":{"start":{"line":353,"column":0},"end":{"line":363,"column":null}},"58":{"start":{"line":355,"column":100},"end":{"line":355,"column":121}},"59":{"start":{"line":360,"column":15},"end":{"line":363,"column":1}},"60":{"start":{"line":365,"column":0},"end":{"line":373,"column":null}},"61":{"start":{"line":371,"column":15},"end":{"line":373,"column":1}},"62":{"start":{"line":375,"column":0},"end":{"line":385,"column":null}},"63":{"start":{"line":377,"column":70},"end":{"line":377,"column":91}},"64":{"start":{"line":378,"column":61},"end":{"line":378,"column":82}},"65":{"start":{"line":381,"column":15},"end":{"line":385,"column":1}},"66":{"start":{"line":387,"column":0},"end":{"line":406,"column":null}},"67":{"start":{"line":389,"column":70},"end":{"line":389,"column":91}},"68":{"start":{"line":401,"column":15},"end":{"line":406,"column":1}},"69":{"start":{"line":408,"column":0},"end":{"line":421,"column":null}},"70":{"start":{"line":410,"column":70},"end":{"line":410,"column":91}},"71":{"start":{"line":411,"column":85},"end":{"line":411,"column":106}},"72":{"start":{"line":416,"column":15},"end":{"line":421,"column":1}},"73":{"start":{"line":423,"column":0},"end":{"line":429,"column":null}},"74":{"start":{"line":431,"column":0},"end":{"line":437,"column":null}},"75":{"start":{"line":439,"column":0},"end":{"line":444,"column":null}},"76":{"start":{"line":446,"column":0},"end":{"line":467,"column":null}},"77":{"start":{"line":448,"column":65},"end":{"line":448,"column":82}},"78":{"start":{"line":449,"column":67},"end":{"line":449,"column":85}},"79":{"start":{"line":461,"column":15},"end":{"line":467,"column":1}},"80":{"start":{"line":469,"column":0},"end":{"line":486,"column":null}},"81":{"start":{"line":480,"column":15},"end":{"line":486,"column":1}},"82":{"start":{"line":488,"column":0},"end":{"line":513,"column":null}},"83":{"start":{"line":504,"column":15},"end":{"line":513,"column":1}},"84":{"start":{"line":515,"column":0},"end":{"line":520,"column":null}},"85":{"start":{"line":522,"column":0},"end":{"line":530,"column":null}},"86":{"start":{"line":528,"column":15},"end":{"line":530,"column":1}},"87":{"start":{"line":532,"column":0},"end":{"line":542,"column":null}},"88":{"start":{"line":544,"column":0},"end":{"line":547,"column":null}},"89":{"start":{"line":544,"column":84},"end":{"line":547,"column":1}},"90":{"start":{"line":548,"column":0},"end":{"line":553,"column":null}},"91":{"start":{"line":548,"column":83},"end":{"line":553,"column":1}},"92":{"start":{"line":554,"column":0},"end":{"line":558,"column":null}},"93":{"start":{"line":554,"column":86},"end":{"line":558,"column":1}},"94":{"start":{"line":559,"column":0},"end":{"line":564,"column":null}},"95":{"start":{"line":559,"column":97},"end":{"line":564,"column":1}},"96":{"start":{"line":565,"column":0},"end":{"line":570,"column":null}},"97":{"start":{"line":565,"column":103},"end":{"line":570,"column":1}},"98":{"start":{"line":571,"column":0},"end":{"line":576,"column":null}},"99":{"start":{"line":571,"column":88},"end":{"line":576,"column":1}},"100":{"start":{"line":577,"column":0},"end":{"line":582,"column":null}},"101":{"start":{"line":577,"column":103},"end":{"line":582,"column":1}},"102":{"start":{"line":583,"column":0},"end":{"line":588,"column":null}},"103":{"start":{"line":583,"column":99},"end":{"line":588,"column":1}},"104":{"start":{"line":589,"column":0},"end":{"line":598,"column":null}},"105":{"start":{"line":589,"column":111},"end":{"line":598,"column":1}},"106":{"start":{"line":599,"column":0},"end":{"line":608,"column":null}},"107":{"start":{"line":599,"column":107},"end":{"line":608,"column":1}},"108":{"start":{"line":609,"column":0},"end":{"line":612,"column":null}},"109":{"start":{"line":609,"column":88},"end":{"line":612,"column":1}},"110":{"start":{"line":613,"column":0},"end":{"line":618,"column":null}},"111":{"start":{"line":613,"column":105},"end":{"line":618,"column":1}},"112":{"start":{"line":619,"column":0},"end":{"line":624,"column":null}},"113":{"start":{"line":619,"column":111},"end":{"line":624,"column":1}},"114":{"start":{"line":626,"column":22},"end":{"line":633,"column":1}},"115":{"start":{"line":627,"column":19},"end":{"line":627,"column":38}},"116":{"start":{"line":629,"column":4},"end":{"line":632,"column":null}},"117":{"start":{"line":634,"column":21},"end":{"line":637,"column":19}},"118":{"start":{"line":634,"column":31},"end":{"line":637,"column":19}},"119":{"start":{"line":639,"column":0},"end":{"line":667,"column":null}},"120":{"start":{"line":659,"column":66},"end":{"line":659,"column":101}},"121":{"start":{"line":668,"column":0},"end":{"line":677,"column":null}},"122":{"start":{"line":678,"column":0},"end":{"line":687,"column":null}},"123":{"start":{"line":688,"column":0},"end":{"line":693,"column":null}},"124":{"start":{"line":695,"column":0},"end":{"line":720,"column":null}},"125":{"start":{"line":703,"column":26},"end":{"line":703,"column":61}},"126":{"start":{"line":714,"column":26},"end":{"line":714,"column":61}},"127":{"start":{"line":718,"column":26},"end":{"line":718,"column":61}},"128":{"start":{"line":721,"column":0},"end":{"line":730,"column":null}},"129":{"start":{"line":731,"column":0},"end":{"line":744,"column":null}},"130":{"start":{"line":746,"column":0},"end":{"line":763,"column":null}},"131":{"start":{"line":751,"column":23},"end":{"line":751,"column":111}},"132":{"start":{"line":752,"column":27},"end":{"line":752,"column":55}},"133":{"start":{"line":753,"column":8},"end":{"line":753,"column":null}},"134":{"start":{"line":765,"column":0},"end":{"line":803,"column":null}},"135":{"start":{"line":773,"column":26},"end":{"line":773,"column":61}},"136":{"start":{"line":778,"column":26},"end":{"line":778,"column":61}},"137":{"start":{"line":785,"column":23},"end":{"line":785,"column":60}},"138":{"start":{"line":786,"column":23},"end":{"line":786,"column":76}},"139":{"start":{"line":787,"column":26},"end":{"line":787,"column":61}},"140":{"start":{"line":791,"column":23},"end":{"line":791,"column":76}},"141":{"start":{"line":792,"column":26},"end":{"line":792,"column":61}},"142":{"start":{"line":801,"column":26},"end":{"line":801,"column":61}},"143":{"start":{"line":805,"column":0},"end":{"line":829,"column":null}},"144":{"start":{"line":820,"column":26},"end":{"line":820,"column":61}},"145":{"start":{"line":824,"column":26},"end":{"line":824,"column":61}},"146":{"start":{"line":828,"column":26},"end":{"line":828,"column":61}},"147":{"start":{"line":831,"column":0},"end":{"line":852,"column":null}},"148":{"start":{"line":843,"column":26},"end":{"line":843,"column":61}},"149":{"start":{"line":847,"column":26},"end":{"line":847,"column":61}},"150":{"start":{"line":851,"column":26},"end":{"line":851,"column":61}},"151":{"start":{"line":854,"column":0},"end":{"line":857,"column":null}},"152":{"start":{"line":859,"column":0},"end":{"line":875,"column":null}},"153":{"start":{"line":874,"column":26},"end":{"line":874,"column":61}},"154":{"start":{"line":877,"column":0},"end":{"line":902,"column":null}},"155":{"start":{"line":885,"column":26},"end":{"line":885,"column":61}},"156":{"start":{"line":893,"column":26},"end":{"line":893,"column":61}},"157":{"start":{"line":903,"column":0},"end":{"line":920,"column":null}},"158":{"start":{"line":921,"column":0},"end":{"line":928,"column":null}},"159":{"start":{"line":930,"column":0},"end":{"line":972,"column":null}},"160":{"start":{"line":942,"column":26},"end":{"line":942,"column":61}},"161":{"start":{"line":946,"column":26},"end":{"line":946,"column":61}},"162":{"start":{"line":950,"column":26},"end":{"line":950,"column":61}},"163":{"start":{"line":957,"column":26},"end":{"line":957,"column":61}},"164":{"start":{"line":961,"column":8},"end":{"line":962,"column":null}},"165":{"start":{"line":962,"column":12},"end":{"line":962,"column":null}},"166":{"start":{"line":963,"column":8},"end":{"line":963,"column":null}},"167":{"start":{"line":965,"column":23},"end":{"line":965,"column":106}},"168":{"start":{"line":971,"column":26},"end":{"line":971,"column":61}},"169":{"start":{"line":974,"column":0},"end":{"line":991,"column":null}},"170":{"start":{"line":980,"column":28},"end":{"line":980,"column":60}},"171":{"start":{"line":993,"column":0},"end":{"line":1023,"column":null}},"172":{"start":{"line":1008,"column":26},"end":{"line":1008,"column":61}},"173":{"start":{"line":1019,"column":26},"end":{"line":1019,"column":61}},"174":{"start":{"line":1024,"column":0},"end":{"line":1051,"column":null}},"175":{"start":{"line":1036,"column":26},"end":{"line":1036,"column":43}},"176":{"start":{"line":1049,"column":26},"end":{"line":1049,"column":43}},"177":{"start":{"line":1053,"column":0},"end":{"line":1068,"column":null}},"178":{"start":{"line":1067,"column":26},"end":{"line":1067,"column":61}},"179":{"start":{"line":1069,"column":0},"end":{"line":1111,"column":null}},"180":{"start":{"line":1082,"column":26},"end":{"line":1082,"column":43}},"181":{"start":{"line":1086,"column":26},"end":{"line":1086,"column":43}},"182":{"start":{"line":1090,"column":26},"end":{"line":1090,"column":43}},"183":{"start":{"line":1098,"column":26},"end":{"line":1098,"column":43}},"184":{"start":{"line":1104,"column":8},"end":{"line":1105,"column":null}},"185":{"start":{"line":1105,"column":12},"end":{"line":1105,"column":null}},"186":{"start":{"line":1106,"column":8},"end":{"line":1106,"column":null}},"187":{"start":{"line":1108,"column":23},"end":{"line":1108,"column":106}},"188":{"start":{"line":1112,"column":0},"end":{"line":1118,"column":null}},"189":{"start":{"line":1116,"column":26},"end":{"line":1116,"column":43}},"190":{"start":{"line":1120,"column":0},"end":{"line":1160,"column":null}},"191":{"start":{"line":1135,"column":26},"end":{"line":1135,"column":61}},"192":{"start":{"line":1142,"column":26},"end":{"line":1142,"column":61}},"193":{"start":{"line":1147,"column":26},"end":{"line":1147,"column":61}},"194":{"start":{"line":1156,"column":8},"end":{"line":1157,"column":null}},"195":{"start":{"line":1157,"column":12},"end":{"line":1157,"column":null}},"196":{"start":{"line":1158,"column":8},"end":{"line":1158,"column":null}},"197":{"start":{"line":1161,"column":0},"end":{"line":1181,"column":null}},"198":{"start":{"line":1166,"column":26},"end":{"line":1166,"column":43}},"199":{"start":{"line":1173,"column":26},"end":{"line":1173,"column":43}},"200":{"start":{"line":1178,"column":26},"end":{"line":1178,"column":43}},"201":{"start":{"line":1183,"column":0},"end":{"line":1193,"column":null}},"202":{"start":{"line":1187,"column":67},"end":{"line":1187,"column":102}},"203":{"start":{"line":1188,"column":64},"end":{"line":1188,"column":99}},"204":{"start":{"line":1189,"column":64},"end":{"line":1189,"column":99}},"205":{"start":{"line":1190,"column":66},"end":{"line":1190,"column":101}},"206":{"start":{"line":1192,"column":69},"end":{"line":1192,"column":104}},"207":{"start":{"line":1195,"column":0},"end":{"line":1203,"column":null}},"208":{"start":{"line":1200,"column":71},"end":{"line":1200,"column":106}},"209":{"start":{"line":1204,"column":0},"end":{"line":1211,"column":null}},"210":{"start":{"line":1212,"column":0},"end":{"line":1221,"column":null}},"211":{"start":{"line":1216,"column":67},"end":{"line":1216,"column":102}},"212":{"start":{"line":1217,"column":64},"end":{"line":1217,"column":99}},"213":{"start":{"line":1218,"column":64},"end":{"line":1218,"column":99}},"214":{"start":{"line":1219,"column":66},"end":{"line":1219,"column":101}},"215":{"start":{"line":1223,"column":0},"end":{"line":1227,"column":null}},"216":{"start":{"line":1226,"column":71},"end":{"line":1226,"column":106}},"217":{"start":{"line":1228,"column":0},"end":{"line":1232,"column":null}},"218":{"start":{"line":1231,"column":71},"end":{"line":1231,"column":106}},"219":{"start":{"line":1233,"column":0},"end":{"line":1237,"column":null}},"220":{"start":{"line":1236,"column":69},"end":{"line":1236,"column":104}},"221":{"start":{"line":1239,"column":0},"end":{"line":1248,"column":null}},"222":{"start":{"line":1242,"column":72},"end":{"line":1242,"column":107}},"223":{"start":{"line":1246,"column":69},"end":{"line":1246,"column":104}},"224":{"start":{"line":1249,"column":0},"end":{"line":1257,"column":null}},"225":{"start":{"line":1251,"column":72},"end":{"line":1251,"column":107}},"226":{"start":{"line":1255,"column":69},"end":{"line":1255,"column":104}},"227":{"start":{"line":1256,"column":70},"end":{"line":1256,"column":105}},"228":{"start":{"line":1259,"column":0},"end":{"line":1265,"column":null}},"229":{"start":{"line":1263,"column":71},"end":{"line":1263,"column":106}},"230":{"start":{"line":1264,"column":68},"end":{"line":1264,"column":103}},"231":{"start":{"line":1267,"column":0},"end":{"line":1276,"column":null}},"232":{"start":{"line":1273,"column":61},"end":{"line":1273,"column":96}},"233":{"start":{"line":1274,"column":72},"end":{"line":1274,"column":107}},"234":{"start":{"line":1275,"column":69},"end":{"line":1275,"column":104}},"235":{"start":{"line":1278,"column":0},"end":{"line":1288,"column":null}},"236":{"start":{"line":1286,"column":68},"end":{"line":1286,"column":103}},"237":{"start":{"line":1289,"column":0},"end":{"line":1293,"column":null}},"238":{"start":{"line":1292,"column":69},"end":{"line":1292,"column":104}},"239":{"start":{"line":1295,"column":0},"end":{"line":1295,"column":null}},"240":{"start":{"line":1296,"column":0},"end":{"line":1296,"column":null}},"241":{"start":{"line":1298,"column":0},"end":{"line":1306,"column":null}},"242":{"start":{"line":1307,"column":0},"end":{"line":1307,"column":null}},"243":{"start":{"line":1311,"column":8},"end":{"line":1311,"column":null}},"244":{"start":{"line":1312,"column":8},"end":{"line":1312,"column":null}},"245":{"start":{"line":1315,"column":0},"end":{"line":1315,"column":null}},"246":{"start":{"line":1318,"column":8},"end":{"line":1318,"column":null}},"247":{"start":{"line":1319,"column":8},"end":{"line":1319,"column":null}},"248":{"start":{"line":1322,"column":0},"end":{"line":1322,"column":null}},"249":{"start":{"line":1325,"column":8},"end":{"line":1325,"column":null}},"250":{"start":{"line":1326,"column":8},"end":{"line":1326,"column":null}},"251":{"start":{"line":1329,"column":0},"end":{"line":1329,"column":null}},"252":{"start":{"line":1332,"column":8},"end":{"line":1332,"column":null}},"253":{"start":{"line":1333,"column":8},"end":{"line":1333,"column":null}},"254":{"start":{"line":1336,"column":0},"end":{"line":1336,"column":null}},"255":{"start":{"line":1339,"column":4},"end":{"line":1339,"column":null}},"256":{"start":{"line":1342,"column":22},"end":{"line":1377,"column":1}},"257":{"start":{"line":1344,"column":4},"end":{"line":1347,"column":null}},"258":{"start":{"line":1345,"column":8},"end":{"line":1345,"column":null}},"259":{"start":{"line":1346,"column":8},"end":{"line":1346,"column":null}},"260":{"start":{"line":1349,"column":4},"end":{"line":1350,"column":null}},"261":{"start":{"line":1350,"column":8},"end":{"line":1350,"column":null}},"262":{"start":{"line":1351,"column":4},"end":{"line":1376,"column":null}},"263":{"start":{"line":1353,"column":12},"end":{"line":1353,"column":null}},"264":{"start":{"line":1357,"column":12},"end":{"line":1357,"column":null}},"265":{"start":{"line":1359,"column":12},"end":{"line":1359,"column":null}},"266":{"start":{"line":1363,"column":12},"end":{"line":1363,"column":null}},"267":{"start":{"line":1366,"column":12},"end":{"line":1366,"column":null}},"268":{"start":{"line":1370,"column":12},"end":{"line":1370,"column":null}},"269":{"start":{"line":1373,"column":12},"end":{"line":1373,"column":null}},"270":{"start":{"line":1375,"column":12},"end":{"line":1375,"column":null}},"271":{"start":{"line":1378,"column":0},"end":{"line":1378,"column":null}},"272":{"start":{"line":1379,"column":27},"end":{"line":1394,"column":1}},"273":{"start":{"line":1380,"column":4},"end":{"line":1393,"column":null}},"274":{"start":{"line":1382,"column":12},"end":{"line":1382,"column":null}},"275":{"start":{"line":1384,"column":12},"end":{"line":1384,"column":null}},"276":{"start":{"line":1386,"column":12},"end":{"line":1386,"column":null}},"277":{"start":{"line":1388,"column":12},"end":{"line":1388,"column":null}},"278":{"start":{"line":1390,"column":12},"end":{"line":1390,"column":null}},"279":{"start":{"line":1392,"column":12},"end":{"line":1392,"column":null}},"280":{"start":{"line":1395,"column":0},"end":{"line":1395,"column":null}},"281":{"start":{"line":1396,"column":27},"end":{"line":1411,"column":1}},"282":{"start":{"line":1397,"column":4},"end":{"line":1410,"column":null}},"283":{"start":{"line":1399,"column":12},"end":{"line":1399,"column":null}},"284":{"start":{"line":1401,"column":12},"end":{"line":1401,"column":null}},"285":{"start":{"line":1403,"column":12},"end":{"line":1403,"column":null}},"286":{"start":{"line":1405,"column":12},"end":{"line":1405,"column":null}},"287":{"start":{"line":1407,"column":12},"end":{"line":1407,"column":null}},"288":{"start":{"line":1409,"column":12},"end":{"line":1409,"column":null}},"289":{"start":{"line":1412,"column":0},"end":{"line":1412,"column":null}},"290":{"start":{"line":1414,"column":0},"end":{"line":1439,"column":null}},"291":{"start":{"line":1440,"column":0},"end":{"line":1446,"column":null}},"292":{"start":{"line":1448,"column":0},"end":{"line":1455,"column":null}},"293":{"start":{"line":1453,"column":26},"end":{"line":1453,"column":61}},"294":{"start":{"line":1457,"column":0},"end":{"line":1460,"column":null}},"295":{"start":{"line":1462,"column":0},"end":{"line":1466,"column":null}},"296":{"start":{"line":1467,"column":0},"end":{"line":1470,"column":null}},"297":{"start":{"line":1471,"column":0},"end":{"line":1475,"column":null}},"298":{"start":{"line":1476,"column":0},"end":{"line":1479,"column":null}},"299":{"start":{"line":1481,"column":0},"end":{"line":1494,"column":null}},"300":{"start":{"line":1490,"column":15},"end":{"line":1494,"column":1}},"301":{"start":{"line":1496,"column":0},"end":{"line":1514,"column":null}},"302":{"start":{"line":1499,"column":66},"end":{"line":1499,"column":96}},"303":{"start":{"line":1509,"column":15},"end":{"line":1514,"column":1}},"304":{"start":{"line":1516,"column":0},"end":{"line":1534,"column":null}},"305":{"start":{"line":1518,"column":66},"end":{"line":1518,"column":96}},"306":{"start":{"line":1524,"column":67},"end":{"line":1524,"column":94}},"307":{"start":{"line":1529,"column":15},"end":{"line":1534,"column":1}},"308":{"start":{"line":1536,"column":0},"end":{"line":1555,"column":null}},"309":{"start":{"line":1538,"column":66},"end":{"line":1538,"column":96}},"310":{"start":{"line":1550,"column":15},"end":{"line":1555,"column":1}},"311":{"start":{"line":1557,"column":0},"end":{"line":1569,"column":null}},"312":{"start":{"line":1557,"column":117},"end":{"line":1569,"column":1}},"313":{"start":{"line":1571,"column":0},"end":{"line":1577,"column":null}},"314":{"start":{"line":1571,"column":111},"end":{"line":1577,"column":1}},"315":{"start":{"line":1579,"column":0},"end":{"line":1588,"column":null}},"316":{"start":{"line":1579,"column":107},"end":{"line":1588,"column":1}},"317":{"start":{"line":1590,"column":0},"end":{"line":1595,"column":null}},"318":{"start":{"line":1590,"column":109},"end":{"line":1595,"column":1}},"319":{"start":{"line":1597,"column":0},"end":{"line":1609,"column":null}},"320":{"start":{"line":1600,"column":8},"end":{"line":1606,"column":null}},"321":{"start":{"line":1601,"column":12},"end":{"line":1601,"column":null}},"322":{"start":{"line":1602,"column":12},"end":{"line":1602,"column":null}},"323":{"start":{"line":1605,"column":12},"end":{"line":1605,"column":null}},"324":{"start":{"line":1611,"column":0},"end":{"line":1621,"column":null}},"325":{"start":{"line":1623,"column":0},"end":{"line":1627,"column":null}},"326":{"start":{"line":1629,"column":0},"end":{"line":1635,"column":null}},"327":{"start":{"line":1636,"column":0},"end":{"line":1636,"column":null}},"328":{"start":{"line":1638,"column":0},"end":{"line":1648,"column":null}},"329":{"start":{"line":1649,"column":0},"end":{"line":1649,"column":null}},"330":{"start":{"line":1651,"column":0},"end":{"line":1661,"column":null}},"331":{"start":{"line":1662,"column":0},"end":{"line":1662,"column":null}},"332":{"start":{"line":1664,"column":0},"end":{"line":1675,"column":null}},"333":{"start":{"line":1676,"column":0},"end":{"line":1676,"column":null}},"334":{"start":{"line":1677,"column":0},"end":{"line":1677,"column":null}},"335":{"start":{"line":1678,"column":0},"end":{"line":1678,"column":null}},"336":{"start":{"line":1679,"column":0},"end":{"line":1679,"column":null}},"337":{"start":{"line":1680,"column":0},"end":{"line":1680,"column":null}},"338":{"start":{"line":1685,"column":0},"end":{"line":1692,"column":null}},"339":{"start":{"line":1693,"column":0},"end":{"line":1707,"column":null}},"340":{"start":{"line":1709,"column":0},"end":{"line":1716,"column":null}}},"fnMap":{"0":{"name":"(anonymous_0)","decl":{"start":{"line":36,"column":3},"end":{"line":36,"column":4}},"loc":{"start":{"line":36,"column":15},"end":{"line":40,"column":1}},"line":36},"1":{"name":"(anonymous_1)","decl":{"start":{"line":44,"column":61},"end":{"line":44,"column":62}},"loc":{"start":{"line":44,"column":67},"end":{"line":44,"column":87}},"line":44},"2":{"name":"(anonymous_2)","decl":{"start":{"line":49,"column":3},"end":{"line":49,"column":4}},"loc":{"start":{"line":49,"column":15},"end":{"line":53,"column":1}},"line":49},"3":{"name":"(anonymous_3)","decl":{"start":{"line":89,"column":3},"end":{"line":89,"column":4}},"loc":{"start":{"line":89,"column":15},"end":{"line":94,"column":1}},"line":89},"4":{"name":"(anonymous_4)","decl":{"start":{"line":98,"column":57},"end":{"line":98,"column":58}},"loc":{"start":{"line":98,"column":63},"end":{"line":98,"column":79}},"line":98},"5":{"name":"(anonymous_5)","decl":{"start":{"line":102,"column":3},"end":{"line":102,"column":4}},"loc":{"start":{"line":102,"column":15},"end":{"line":106,"column":1}},"line":102},"6":{"name":"(anonymous_6)","decl":{"start":{"line":128,"column":3},"end":{"line":128,"column":4}},"loc":{"start":{"line":128,"column":15},"end":{"line":132,"column":1}},"line":128},"7":{"name":"(anonymous_7)","decl":{"start":{"line":146,"column":3},"end":{"line":146,"column":4}},"loc":{"start":{"line":146,"column":15},"end":{"line":153,"column":1}},"line":146},"8":{"name":"(anonymous_8)","decl":{"start":{"line":157,"column":59},"end":{"line":157,"column":60}},"loc":{"start":{"line":157,"column":65},"end":{"line":157,"column":82}},"line":157},"9":{"name":"(anonymous_9)","decl":{"start":{"line":164,"column":3},"end":{"line":164,"column":4}},"loc":{"start":{"line":164,"column":15},"end":{"line":168,"column":1}},"line":164},"10":{"name":"(anonymous_10)","decl":{"start":{"line":172,"column":59},"end":{"line":172,"column":60}},"loc":{"start":{"line":172,"column":65},"end":{"line":172,"column":82}},"line":172},"11":{"name":"(anonymous_11)","decl":{"start":{"line":177,"column":3},"end":{"line":177,"column":4}},"loc":{"start":{"line":177,"column":15},"end":{"line":180,"column":1}},"line":177},"12":{"name":"(anonymous_12)","decl":{"start":{"line":190,"column":3},"end":{"line":190,"column":4}},"loc":{"start":{"line":190,"column":15},"end":{"line":193,"column":1}},"line":190},"13":{"name":"(anonymous_13)","decl":{"start":{"line":212,"column":3},"end":{"line":212,"column":4}},"loc":{"start":{"line":212,"column":15},"end":{"line":217,"column":1}},"line":212},"14":{"name":"(anonymous_14)","decl":{"start":{"line":229,"column":65},"end":{"line":229,"column":66}},"loc":{"start":{"line":229,"column":71},"end":{"line":229,"column":89}},"line":229},"15":{"name":"(anonymous_15)","decl":{"start":{"line":233,"column":3},"end":{"line":233,"column":4}},"loc":{"start":{"line":233,"column":15},"end":{"line":238,"column":1}},"line":233},"16":{"name":"(anonymous_16)","decl":{"start":{"line":242,"column":61},"end":{"line":242,"column":62}},"loc":{"start":{"line":242,"column":67},"end":{"line":242,"column":85}},"line":242},"17":{"name":"(anonymous_17)","decl":{"start":{"line":248,"column":3},"end":{"line":248,"column":4}},"loc":{"start":{"line":248,"column":15},"end":{"line":251,"column":1}},"line":248},"18":{"name":"(anonymous_18)","decl":{"start":{"line":255,"column":61},"end":{"line":255,"column":62}},"loc":{"start":{"line":255,"column":67},"end":{"line":255,"column":85}},"line":255},"19":{"name":"(anonymous_19)","decl":{"start":{"line":266,"column":3},"end":{"line":266,"column":4}},"loc":{"start":{"line":266,"column":15},"end":{"line":271,"column":1}},"line":266},"20":{"name":"(anonymous_20)","decl":{"start":{"line":275,"column":57},"end":{"line":275,"column":58}},"loc":{"start":{"line":275,"column":63},"end":{"line":275,"column":79}},"line":275},"21":{"name":"(anonymous_21)","decl":{"start":{"line":276,"column":61},"end":{"line":276,"column":62}},"loc":{"start":{"line":276,"column":67},"end":{"line":276,"column":85}},"line":276},"22":{"name":"(anonymous_22)","decl":{"start":{"line":282,"column":3},"end":{"line":282,"column":4}},"loc":{"start":{"line":282,"column":15},"end":{"line":287,"column":1}},"line":282},"23":{"name":"(anonymous_23)","decl":{"start":{"line":329,"column":3},"end":{"line":329,"column":4}},"loc":{"start":{"line":329,"column":15},"end":{"line":335,"column":1}},"line":329},"24":{"name":"(anonymous_24)","decl":{"start":{"line":339,"column":64},"end":{"line":339,"column":65}},"loc":{"start":{"line":339,"column":70},"end":{"line":339,"column":91}},"line":339},"25":{"name":"(anonymous_25)","decl":{"start":{"line":347,"column":3},"end":{"line":347,"column":4}},"loc":{"start":{"line":347,"column":15},"end":{"line":351,"column":1}},"line":347},"26":{"name":"(anonymous_26)","decl":{"start":{"line":355,"column":94},"end":{"line":355,"column":95}},"loc":{"start":{"line":355,"column":100},"end":{"line":355,"column":121}},"line":355},"27":{"name":"(anonymous_27)","decl":{"start":{"line":360,"column":3},"end":{"line":360,"column":4}},"loc":{"start":{"line":360,"column":15},"end":{"line":363,"column":1}},"line":360},"28":{"name":"(anonymous_28)","decl":{"start":{"line":371,"column":3},"end":{"line":371,"column":4}},"loc":{"start":{"line":371,"column":15},"end":{"line":373,"column":1}},"line":371},"29":{"name":"(anonymous_29)","decl":{"start":{"line":377,"column":64},"end":{"line":377,"column":65}},"loc":{"start":{"line":377,"column":70},"end":{"line":377,"column":91}},"line":377},"30":{"name":"(anonymous_30)","decl":{"start":{"line":378,"column":55},"end":{"line":378,"column":56}},"loc":{"start":{"line":378,"column":61},"end":{"line":378,"column":82}},"line":378},"31":{"name":"(anonymous_31)","decl":{"start":{"line":381,"column":3},"end":{"line":381,"column":4}},"loc":{"start":{"line":381,"column":15},"end":{"line":385,"column":1}},"line":381},"32":{"name":"(anonymous_32)","decl":{"start":{"line":389,"column":64},"end":{"line":389,"column":65}},"loc":{"start":{"line":389,"column":70},"end":{"line":389,"column":91}},"line":389},"33":{"name":"(anonymous_33)","decl":{"start":{"line":401,"column":3},"end":{"line":401,"column":4}},"loc":{"start":{"line":401,"column":15},"end":{"line":406,"column":1}},"line":401},"34":{"name":"(anonymous_34)","decl":{"start":{"line":410,"column":64},"end":{"line":410,"column":65}},"loc":{"start":{"line":410,"column":70},"end":{"line":410,"column":91}},"line":410},"35":{"name":"(anonymous_35)","decl":{"start":{"line":411,"column":79},"end":{"line":411,"column":80}},"loc":{"start":{"line":411,"column":85},"end":{"line":411,"column":106}},"line":411},"36":{"name":"(anonymous_36)","decl":{"start":{"line":416,"column":3},"end":{"line":416,"column":4}},"loc":{"start":{"line":416,"column":15},"end":{"line":421,"column":1}},"line":416},"37":{"name":"(anonymous_37)","decl":{"start":{"line":448,"column":59},"end":{"line":448,"column":60}},"loc":{"start":{"line":448,"column":65},"end":{"line":448,"column":82}},"line":448},"38":{"name":"(anonymous_38)","decl":{"start":{"line":449,"column":61},"end":{"line":449,"column":62}},"loc":{"start":{"line":449,"column":67},"end":{"line":449,"column":85}},"line":449},"39":{"name":"(anonymous_39)","decl":{"start":{"line":461,"column":3},"end":{"line":461,"column":4}},"loc":{"start":{"line":461,"column":15},"end":{"line":467,"column":1}},"line":461},"40":{"name":"(anonymous_40)","decl":{"start":{"line":480,"column":3},"end":{"line":480,"column":4}},"loc":{"start":{"line":480,"column":15},"end":{"line":486,"column":1}},"line":480},"41":{"name":"(anonymous_41)","decl":{"start":{"line":504,"column":3},"end":{"line":504,"column":4}},"loc":{"start":{"line":504,"column":15},"end":{"line":513,"column":1}},"line":504},"42":{"name":"(anonymous_42)","decl":{"start":{"line":528,"column":3},"end":{"line":528,"column":4}},"loc":{"start":{"line":528,"column":15},"end":{"line":530,"column":1}},"line":528},"43":{"name":"(anonymous_43)","decl":{"start":{"line":544,"column":69},"end":{"line":544,"column":70}},"loc":{"start":{"line":544,"column":84},"end":{"line":547,"column":1}},"line":544},"44":{"name":"(anonymous_44)","decl":{"start":{"line":548,"column":69},"end":{"line":548,"column":70}},"loc":{"start":{"line":548,"column":83},"end":{"line":553,"column":1}},"line":548},"45":{"name":"(anonymous_45)","decl":{"start":{"line":554,"column":71},"end":{"line":554,"column":72}},"loc":{"start":{"line":554,"column":86},"end":{"line":558,"column":1}},"line":554},"46":{"name":"(anonymous_46)","decl":{"start":{"line":559,"column":83},"end":{"line":559,"column":84}},"loc":{"start":{"line":559,"column":97},"end":{"line":564,"column":1}},"line":559},"47":{"name":"(anonymous_47)","decl":{"start":{"line":565,"column":89},"end":{"line":565,"column":90}},"loc":{"start":{"line":565,"column":103},"end":{"line":570,"column":1}},"line":565},"48":{"name":"(anonymous_48)","decl":{"start":{"line":571,"column":73},"end":{"line":571,"column":74}},"loc":{"start":{"line":571,"column":88},"end":{"line":576,"column":1}},"line":571},"49":{"name":"(anonymous_49)","decl":{"start":{"line":577,"column":89},"end":{"line":577,"column":90}},"loc":{"start":{"line":577,"column":103},"end":{"line":582,"column":1}},"line":577},"50":{"name":"(anonymous_50)","decl":{"start":{"line":583,"column":85},"end":{"line":583,"column":86}},"loc":{"start":{"line":583,"column":99},"end":{"line":588,"column":1}},"line":583},"51":{"name":"(anonymous_51)","decl":{"start":{"line":589,"column":97},"end":{"line":589,"column":98}},"loc":{"start":{"line":589,"column":111},"end":{"line":598,"column":1}},"line":589},"52":{"name":"(anonymous_52)","decl":{"start":{"line":599,"column":93},"end":{"line":599,"column":94}},"loc":{"start":{"line":599,"column":107},"end":{"line":608,"column":1}},"line":599},"53":{"name":"(anonymous_53)","decl":{"start":{"line":609,"column":73},"end":{"line":609,"column":74}},"loc":{"start":{"line":609,"column":88},"end":{"line":612,"column":1}},"line":609},"54":{"name":"(anonymous_54)","decl":{"start":{"line":613,"column":91},"end":{"line":613,"column":92}},"loc":{"start":{"line":613,"column":105},"end":{"line":618,"column":1}},"line":613},"55":{"name":"(anonymous_55)","decl":{"start":{"line":619,"column":97},"end":{"line":619,"column":98}},"loc":{"start":{"line":619,"column":111},"end":{"line":624,"column":1}},"line":619},"56":{"name":"(anonymous_56)","decl":{"start":{"line":626,"column":22},"end":{"line":626,"column":23}},"loc":{"start":{"line":626,"column":33},"end":{"line":633,"column":1}},"line":626},"57":{"name":"(anonymous_57)","decl":{"start":{"line":634,"column":21},"end":{"line":634,"column":22}},"loc":{"start":{"line":634,"column":31},"end":{"line":637,"column":19}},"line":634},"58":{"name":"(anonymous_58)","decl":{"start":{"line":659,"column":59},"end":{"line":659,"column":62}},"loc":{"start":{"line":659,"column":66},"end":{"line":659,"column":101}},"line":659},"59":{"name":"(anonymous_59)","decl":{"start":{"line":703,"column":19},"end":{"line":703,"column":22}},"loc":{"start":{"line":703,"column":26},"end":{"line":703,"column":61}},"line":703},"60":{"name":"(anonymous_60)","decl":{"start":{"line":714,"column":19},"end":{"line":714,"column":22}},"loc":{"start":{"line":714,"column":26},"end":{"line":714,"column":61}},"line":714},"61":{"name":"(anonymous_61)","decl":{"start":{"line":718,"column":19},"end":{"line":718,"column":22}},"loc":{"start":{"line":718,"column":26},"end":{"line":718,"column":61}},"line":718},"62":{"name":"(anonymous_62)","decl":{"start":{"line":749,"column":16},"end":{"line":749,"column":17}},"loc":{"start":{"line":749,"column":24},"end":{"line":754,"column":5}},"line":749},"63":{"name":"(anonymous_63)","decl":{"start":{"line":773,"column":19},"end":{"line":773,"column":22}},"loc":{"start":{"line":773,"column":26},"end":{"line":773,"column":61}},"line":773},"64":{"name":"(anonymous_64)","decl":{"start":{"line":778,"column":19},"end":{"line":778,"column":22}},"loc":{"start":{"line":778,"column":26},"end":{"line":778,"column":61}},"line":778},"65":{"name":"(anonymous_65)","decl":{"start":{"line":785,"column":16},"end":{"line":785,"column":19}},"loc":{"start":{"line":785,"column":23},"end":{"line":785,"column":60}},"line":785},"66":{"name":"(anonymous_66)","decl":{"start":{"line":786,"column":16},"end":{"line":786,"column":19}},"loc":{"start":{"line":786,"column":23},"end":{"line":786,"column":76}},"line":786},"67":{"name":"(anonymous_67)","decl":{"start":{"line":787,"column":19},"end":{"line":787,"column":22}},"loc":{"start":{"line":787,"column":26},"end":{"line":787,"column":61}},"line":787},"68":{"name":"(anonymous_68)","decl":{"start":{"line":791,"column":16},"end":{"line":791,"column":19}},"loc":{"start":{"line":791,"column":23},"end":{"line":791,"column":76}},"line":791},"69":{"name":"(anonymous_69)","decl":{"start":{"line":792,"column":19},"end":{"line":792,"column":22}},"loc":{"start":{"line":792,"column":26},"end":{"line":792,"column":61}},"line":792},"70":{"name":"(anonymous_70)","decl":{"start":{"line":801,"column":19},"end":{"line":801,"column":22}},"loc":{"start":{"line":801,"column":26},"end":{"line":801,"column":61}},"line":801},"71":{"name":"(anonymous_71)","decl":{"start":{"line":820,"column":19},"end":{"line":820,"column":22}},"loc":{"start":{"line":820,"column":26},"end":{"line":820,"column":61}},"line":820},"72":{"name":"(anonymous_72)","decl":{"start":{"line":824,"column":19},"end":{"line":824,"column":22}},"loc":{"start":{"line":824,"column":26},"end":{"line":824,"column":61}},"line":824},"73":{"name":"(anonymous_73)","decl":{"start":{"line":828,"column":19},"end":{"line":828,"column":22}},"loc":{"start":{"line":828,"column":26},"end":{"line":828,"column":61}},"line":828},"74":{"name":"(anonymous_74)","decl":{"start":{"line":843,"column":19},"end":{"line":843,"column":22}},"loc":{"start":{"line":843,"column":26},"end":{"line":843,"column":61}},"line":843},"75":{"name":"(anonymous_75)","decl":{"start":{"line":847,"column":19},"end":{"line":847,"column":22}},"loc":{"start":{"line":847,"column":26},"end":{"line":847,"column":61}},"line":847},"76":{"name":"(anonymous_76)","decl":{"start":{"line":851,"column":19},"end":{"line":851,"column":22}},"loc":{"start":{"line":851,"column":26},"end":{"line":851,"column":61}},"line":851},"77":{"name":"(anonymous_77)","decl":{"start":{"line":874,"column":19},"end":{"line":874,"column":22}},"loc":{"start":{"line":874,"column":26},"end":{"line":874,"column":61}},"line":874},"78":{"name":"(anonymous_78)","decl":{"start":{"line":885,"column":19},"end":{"line":885,"column":22}},"loc":{"start":{"line":885,"column":26},"end":{"line":885,"column":61}},"line":885},"79":{"name":"(anonymous_79)","decl":{"start":{"line":893,"column":19},"end":{"line":893,"column":22}},"loc":{"start":{"line":893,"column":26},"end":{"line":893,"column":61}},"line":893},"80":{"name":"(anonymous_80)","decl":{"start":{"line":942,"column":19},"end":{"line":942,"column":22}},"loc":{"start":{"line":942,"column":26},"end":{"line":942,"column":61}},"line":942},"81":{"name":"(anonymous_81)","decl":{"start":{"line":946,"column":19},"end":{"line":946,"column":22}},"loc":{"start":{"line":946,"column":26},"end":{"line":946,"column":61}},"line":946},"82":{"name":"(anonymous_82)","decl":{"start":{"line":950,"column":19},"end":{"line":950,"column":22}},"loc":{"start":{"line":950,"column":26},"end":{"line":950,"column":61}},"line":950},"83":{"name":"(anonymous_83)","decl":{"start":{"line":957,"column":19},"end":{"line":957,"column":22}},"loc":{"start":{"line":957,"column":26},"end":{"line":957,"column":61}},"line":957},"84":{"name":"(anonymous_84)","decl":{"start":{"line":960,"column":19},"end":{"line":960,"column":22}},"loc":{"start":{"line":960,"column":26},"end":{"line":964,"column":5}},"line":960},"85":{"name":"(anonymous_85)","decl":{"start":{"line":965,"column":16},"end":{"line":965,"column":19}},"loc":{"start":{"line":965,"column":23},"end":{"line":965,"column":106}},"line":965},"86":{"name":"(anonymous_86)","decl":{"start":{"line":971,"column":19},"end":{"line":971,"column":22}},"loc":{"start":{"line":971,"column":26},"end":{"line":971,"column":61}},"line":971},"87":{"name":"(anonymous_87)","decl":{"start":{"line":980,"column":19},"end":{"line":980,"column":20}},"loc":{"start":{"line":980,"column":28},"end":{"line":980,"column":60}},"line":980},"88":{"name":"(anonymous_88)","decl":{"start":{"line":1008,"column":19},"end":{"line":1008,"column":22}},"loc":{"start":{"line":1008,"column":26},"end":{"line":1008,"column":61}},"line":1008},"89":{"name":"(anonymous_89)","decl":{"start":{"line":1019,"column":19},"end":{"line":1019,"column":22}},"loc":{"start":{"line":1019,"column":26},"end":{"line":1019,"column":61}},"line":1019},"90":{"name":"(anonymous_90)","decl":{"start":{"line":1036,"column":19},"end":{"line":1036,"column":22}},"loc":{"start":{"line":1036,"column":26},"end":{"line":1036,"column":43}},"line":1036},"91":{"name":"(anonymous_91)","decl":{"start":{"line":1049,"column":19},"end":{"line":1049,"column":22}},"loc":{"start":{"line":1049,"column":26},"end":{"line":1049,"column":43}},"line":1049},"92":{"name":"(anonymous_92)","decl":{"start":{"line":1067,"column":19},"end":{"line":1067,"column":22}},"loc":{"start":{"line":1067,"column":26},"end":{"line":1067,"column":61}},"line":1067},"93":{"name":"(anonymous_93)","decl":{"start":{"line":1082,"column":19},"end":{"line":1082,"column":22}},"loc":{"start":{"line":1082,"column":26},"end":{"line":1082,"column":43}},"line":1082},"94":{"name":"(anonymous_94)","decl":{"start":{"line":1086,"column":19},"end":{"line":1086,"column":22}},"loc":{"start":{"line":1086,"column":26},"end":{"line":1086,"column":43}},"line":1086},"95":{"name":"(anonymous_95)","decl":{"start":{"line":1090,"column":19},"end":{"line":1090,"column":22}},"loc":{"start":{"line":1090,"column":26},"end":{"line":1090,"column":43}},"line":1090},"96":{"name":"(anonymous_96)","decl":{"start":{"line":1098,"column":19},"end":{"line":1098,"column":22}},"loc":{"start":{"line":1098,"column":26},"end":{"line":1098,"column":43}},"line":1098},"97":{"name":"(anonymous_97)","decl":{"start":{"line":1103,"column":19},"end":{"line":1103,"column":22}},"loc":{"start":{"line":1103,"column":26},"end":{"line":1107,"column":5}},"line":1103},"98":{"name":"(anonymous_98)","decl":{"start":{"line":1108,"column":16},"end":{"line":1108,"column":19}},"loc":{"start":{"line":1108,"column":23},"end":{"line":1108,"column":106}},"line":1108},"99":{"name":"(anonymous_99)","decl":{"start":{"line":1116,"column":19},"end":{"line":1116,"column":22}},"loc":{"start":{"line":1116,"column":26},"end":{"line":1116,"column":43}},"line":1116},"100":{"name":"(anonymous_100)","decl":{"start":{"line":1135,"column":19},"end":{"line":1135,"column":22}},"loc":{"start":{"line":1135,"column":26},"end":{"line":1135,"column":61}},"line":1135},"101":{"name":"(anonymous_101)","decl":{"start":{"line":1142,"column":19},"end":{"line":1142,"column":22}},"loc":{"start":{"line":1142,"column":26},"end":{"line":1142,"column":61}},"line":1142},"102":{"name":"(anonymous_102)","decl":{"start":{"line":1147,"column":19},"end":{"line":1147,"column":22}},"loc":{"start":{"line":1147,"column":26},"end":{"line":1147,"column":61}},"line":1147},"103":{"name":"(anonymous_103)","decl":{"start":{"line":1155,"column":19},"end":{"line":1155,"column":22}},"loc":{"start":{"line":1155,"column":26},"end":{"line":1159,"column":5}},"line":1155},"104":{"name":"(anonymous_104)","decl":{"start":{"line":1166,"column":19},"end":{"line":1166,"column":22}},"loc":{"start":{"line":1166,"column":26},"end":{"line":1166,"column":43}},"line":1166},"105":{"name":"(anonymous_105)","decl":{"start":{"line":1173,"column":19},"end":{"line":1173,"column":22}},"loc":{"start":{"line":1173,"column":26},"end":{"line":1173,"column":43}},"line":1173},"106":{"name":"(anonymous_106)","decl":{"start":{"line":1178,"column":19},"end":{"line":1178,"column":22}},"loc":{"start":{"line":1178,"column":26},"end":{"line":1178,"column":43}},"line":1178},"107":{"name":"(anonymous_107)","decl":{"start":{"line":1187,"column":60},"end":{"line":1187,"column":63}},"loc":{"start":{"line":1187,"column":67},"end":{"line":1187,"column":102}},"line":1187},"108":{"name":"(anonymous_108)","decl":{"start":{"line":1188,"column":57},"end":{"line":1188,"column":60}},"loc":{"start":{"line":1188,"column":64},"end":{"line":1188,"column":99}},"line":1188},"109":{"name":"(anonymous_109)","decl":{"start":{"line":1189,"column":57},"end":{"line":1189,"column":60}},"loc":{"start":{"line":1189,"column":64},"end":{"line":1189,"column":99}},"line":1189},"110":{"name":"(anonymous_110)","decl":{"start":{"line":1190,"column":59},"end":{"line":1190,"column":62}},"loc":{"start":{"line":1190,"column":66},"end":{"line":1190,"column":101}},"line":1190},"111":{"name":"(anonymous_111)","decl":{"start":{"line":1192,"column":62},"end":{"line":1192,"column":65}},"loc":{"start":{"line":1192,"column":69},"end":{"line":1192,"column":104}},"line":1192},"112":{"name":"(anonymous_112)","decl":{"start":{"line":1200,"column":64},"end":{"line":1200,"column":67}},"loc":{"start":{"line":1200,"column":71},"end":{"line":1200,"column":106}},"line":1200},"113":{"name":"(anonymous_113)","decl":{"start":{"line":1216,"column":60},"end":{"line":1216,"column":63}},"loc":{"start":{"line":1216,"column":67},"end":{"line":1216,"column":102}},"line":1216},"114":{"name":"(anonymous_114)","decl":{"start":{"line":1217,"column":57},"end":{"line":1217,"column":60}},"loc":{"start":{"line":1217,"column":64},"end":{"line":1217,"column":99}},"line":1217},"115":{"name":"(anonymous_115)","decl":{"start":{"line":1218,"column":57},"end":{"line":1218,"column":60}},"loc":{"start":{"line":1218,"column":64},"end":{"line":1218,"column":99}},"line":1218},"116":{"name":"(anonymous_116)","decl":{"start":{"line":1219,"column":59},"end":{"line":1219,"column":62}},"loc":{"start":{"line":1219,"column":66},"end":{"line":1219,"column":101}},"line":1219},"117":{"name":"(anonymous_117)","decl":{"start":{"line":1226,"column":64},"end":{"line":1226,"column":67}},"loc":{"start":{"line":1226,"column":71},"end":{"line":1226,"column":106}},"line":1226},"118":{"name":"(anonymous_118)","decl":{"start":{"line":1231,"column":64},"end":{"line":1231,"column":67}},"loc":{"start":{"line":1231,"column":71},"end":{"line":1231,"column":106}},"line":1231},"119":{"name":"(anonymous_119)","decl":{"start":{"line":1236,"column":62},"end":{"line":1236,"column":65}},"loc":{"start":{"line":1236,"column":69},"end":{"line":1236,"column":104}},"line":1236},"120":{"name":"(anonymous_120)","decl":{"start":{"line":1242,"column":65},"end":{"line":1242,"column":68}},"loc":{"start":{"line":1242,"column":72},"end":{"line":1242,"column":107}},"line":1242},"121":{"name":"(anonymous_121)","decl":{"start":{"line":1246,"column":62},"end":{"line":1246,"column":65}},"loc":{"start":{"line":1246,"column":69},"end":{"line":1246,"column":104}},"line":1246},"122":{"name":"(anonymous_122)","decl":{"start":{"line":1251,"column":65},"end":{"line":1251,"column":68}},"loc":{"start":{"line":1251,"column":72},"end":{"line":1251,"column":107}},"line":1251},"123":{"name":"(anonymous_123)","decl":{"start":{"line":1255,"column":62},"end":{"line":1255,"column":65}},"loc":{"start":{"line":1255,"column":69},"end":{"line":1255,"column":104}},"line":1255},"124":{"name":"(anonymous_124)","decl":{"start":{"line":1256,"column":63},"end":{"line":1256,"column":66}},"loc":{"start":{"line":1256,"column":70},"end":{"line":1256,"column":105}},"line":1256},"125":{"name":"(anonymous_125)","decl":{"start":{"line":1263,"column":64},"end":{"line":1263,"column":67}},"loc":{"start":{"line":1263,"column":71},"end":{"line":1263,"column":106}},"line":1263},"126":{"name":"(anonymous_126)","decl":{"start":{"line":1264,"column":61},"end":{"line":1264,"column":64}},"loc":{"start":{"line":1264,"column":68},"end":{"line":1264,"column":103}},"line":1264},"127":{"name":"(anonymous_127)","decl":{"start":{"line":1273,"column":54},"end":{"line":1273,"column":57}},"loc":{"start":{"line":1273,"column":61},"end":{"line":1273,"column":96}},"line":1273},"128":{"name":"(anonymous_128)","decl":{"start":{"line":1274,"column":65},"end":{"line":1274,"column":68}},"loc":{"start":{"line":1274,"column":72},"end":{"line":1274,"column":107}},"line":1274},"129":{"name":"(anonymous_129)","decl":{"start":{"line":1275,"column":62},"end":{"line":1275,"column":65}},"loc":{"start":{"line":1275,"column":69},"end":{"line":1275,"column":104}},"line":1275},"130":{"name":"(anonymous_130)","decl":{"start":{"line":1286,"column":61},"end":{"line":1286,"column":64}},"loc":{"start":{"line":1286,"column":68},"end":{"line":1286,"column":103}},"line":1286},"131":{"name":"(anonymous_131)","decl":{"start":{"line":1292,"column":62},"end":{"line":1292,"column":65}},"loc":{"start":{"line":1292,"column":69},"end":{"line":1292,"column":104}},"line":1292},"132":{"name":"(anonymous_132)","decl":{"start":{"line":1310,"column":4},"end":{"line":1310,"column":15}},"loc":{"start":{"line":1310,"column":25},"end":{"line":1313,"column":null}},"line":1310},"133":{"name":"(anonymous_133)","decl":{"start":{"line":1317,"column":4},"end":{"line":1317,"column":15}},"loc":{"start":{"line":1317,"column":25},"end":{"line":1320,"column":null}},"line":1317},"134":{"name":"(anonymous_134)","decl":{"start":{"line":1324,"column":4},"end":{"line":1324,"column":15}},"loc":{"start":{"line":1324,"column":25},"end":{"line":1327,"column":null}},"line":1324},"135":{"name":"(anonymous_135)","decl":{"start":{"line":1331,"column":4},"end":{"line":1331,"column":15}},"loc":{"start":{"line":1331,"column":25},"end":{"line":1334,"column":null}},"line":1331},"136":{"name":"isValidAdminRole","decl":{"start":{"line":1338,"column":9},"end":{"line":1338,"column":25}},"loc":{"start":{"line":1338,"column":32},"end":{"line":1340,"column":null}},"line":1338},"137":{"name":"(anonymous_137)","decl":{"start":{"line":1342,"column":22},"end":{"line":1342,"column":23}},"loc":{"start":{"line":1342,"column":48},"end":{"line":1377,"column":1}},"line":1342},"138":{"name":"(anonymous_138)","decl":{"start":{"line":1379,"column":27},"end":{"line":1379,"column":28}},"loc":{"start":{"line":1379,"column":37},"end":{"line":1394,"column":1}},"line":1379},"139":{"name":"(anonymous_139)","decl":{"start":{"line":1396,"column":27},"end":{"line":1396,"column":28}},"loc":{"start":{"line":1396,"column":37},"end":{"line":1411,"column":1}},"line":1396},"140":{"name":"(anonymous_140)","decl":{"start":{"line":1453,"column":19},"end":{"line":1453,"column":22}},"loc":{"start":{"line":1453,"column":26},"end":{"line":1453,"column":61}},"line":1453},"141":{"name":"(anonymous_141)","decl":{"start":{"line":1490,"column":3},"end":{"line":1490,"column":4}},"loc":{"start":{"line":1490,"column":15},"end":{"line":1494,"column":1}},"line":1490},"142":{"name":"(anonymous_142)","decl":{"start":{"line":1499,"column":60},"end":{"line":1499,"column":61}},"loc":{"start":{"line":1499,"column":66},"end":{"line":1499,"column":96}},"line":1499},"143":{"name":"(anonymous_143)","decl":{"start":{"line":1509,"column":3},"end":{"line":1509,"column":4}},"loc":{"start":{"line":1509,"column":15},"end":{"line":1514,"column":1}},"line":1509},"144":{"name":"(anonymous_144)","decl":{"start":{"line":1518,"column":60},"end":{"line":1518,"column":61}},"loc":{"start":{"line":1518,"column":66},"end":{"line":1518,"column":96}},"line":1518},"145":{"name":"(anonymous_145)","decl":{"start":{"line":1524,"column":61},"end":{"line":1524,"column":62}},"loc":{"start":{"line":1524,"column":67},"end":{"line":1524,"column":94}},"line":1524},"146":{"name":"(anonymous_146)","decl":{"start":{"line":1529,"column":3},"end":{"line":1529,"column":4}},"loc":{"start":{"line":1529,"column":15},"end":{"line":1534,"column":1}},"line":1529},"147":{"name":"(anonymous_147)","decl":{"start":{"line":1538,"column":60},"end":{"line":1538,"column":61}},"loc":{"start":{"line":1538,"column":66},"end":{"line":1538,"column":96}},"line":1538},"148":{"name":"(anonymous_148)","decl":{"start":{"line":1550,"column":3},"end":{"line":1550,"column":4}},"loc":{"start":{"line":1550,"column":15},"end":{"line":1555,"column":1}},"line":1550},"149":{"name":"(anonymous_149)","decl":{"start":{"line":1557,"column":97},"end":{"line":1557,"column":98}},"loc":{"start":{"line":1557,"column":117},"end":{"line":1569,"column":1}},"line":1557},"150":{"name":"(anonymous_150)","decl":{"start":{"line":1571,"column":91},"end":{"line":1571,"column":92}},"loc":{"start":{"line":1571,"column":111},"end":{"line":1577,"column":1}},"line":1571},"151":{"name":"(anonymous_151)","decl":{"start":{"line":1579,"column":93},"end":{"line":1579,"column":94}},"loc":{"start":{"line":1579,"column":107},"end":{"line":1588,"column":1}},"line":1579},"152":{"name":"(anonymous_152)","decl":{"start":{"line":1590,"column":95},"end":{"line":1590,"column":96}},"loc":{"start":{"line":1590,"column":109},"end":{"line":1595,"column":1}},"line":1590},"153":{"name":"(anonymous_153)","decl":{"start":{"line":1599,"column":36},"end":{"line":1599,"column":37}},"loc":{"start":{"line":1599,"column":45},"end":{"line":1607,"column":5}},"line":1599}},"branchMap":{"0":{"loc":{"start":{"line":629,"column":11},"end":{"line":632,"column":27}},"type":"binary-expr","locations":[{"start":{"line":629,"column":11},"end":{"line":629,"column":17}},{"start":{"line":629,"column":22},"end":{"line":629,"column":42}},{"start":{"line":630,"column":8},"end":{"line":630,"column":29}},{"start":{"line":631,"column":8},"end":{"line":631,"column":29}},{"start":{"line":632,"column":8},"end":{"line":632,"column":26}}],"line":629},"1":{"loc":{"start":{"line":659,"column":66},"end":{"line":659,"column":101}},"type":"cond-expr","locations":[{"start":{"line":659,"column":72},"end":{"line":659,"column":89}},{"start":{"line":659,"column":92},"end":{"line":659,"column":101}}],"line":659},"2":{"loc":{"start":{"line":703,"column":26},"end":{"line":703,"column":61}},"type":"cond-expr","locations":[{"start":{"line":703,"column":32},"end":{"line":703,"column":49}},{"start":{"line":703,"column":52},"end":{"line":703,"column":61}}],"line":703},"3":{"loc":{"start":{"line":714,"column":26},"end":{"line":714,"column":61}},"type":"cond-expr","locations":[{"start":{"line":714,"column":32},"end":{"line":714,"column":49}},{"start":{"line":714,"column":52},"end":{"line":714,"column":61}}],"line":714},"4":{"loc":{"start":{"line":718,"column":26},"end":{"line":718,"column":61}},"type":"cond-expr","locations":[{"start":{"line":718,"column":32},"end":{"line":718,"column":49}},{"start":{"line":718,"column":52},"end":{"line":718,"column":61}}],"line":718},"5":{"loc":{"start":{"line":753,"column":15},"end":{"line":753,"column":35}},"type":"binary-expr","locations":[{"start":{"line":753,"column":15},"end":{"line":753,"column":21}},{"start":{"line":753,"column":25},"end":{"line":753,"column":35}}],"line":753},"6":{"loc":{"start":{"line":773,"column":26},"end":{"line":773,"column":61}},"type":"cond-expr","locations":[{"start":{"line":773,"column":32},"end":{"line":773,"column":49}},{"start":{"line":773,"column":52},"end":{"line":773,"column":61}}],"line":773},"7":{"loc":{"start":{"line":778,"column":26},"end":{"line":778,"column":61}},"type":"cond-expr","locations":[{"start":{"line":778,"column":32},"end":{"line":778,"column":49}},{"start":{"line":778,"column":52},"end":{"line":778,"column":61}}],"line":778},"8":{"loc":{"start":{"line":785,"column":23},"end":{"line":785,"column":60}},"type":"binary-expr","locations":[{"start":{"line":785,"column":23},"end":{"line":785,"column":27}},{"start":{"line":785,"column":31},"end":{"line":785,"column":60}}],"line":785},"9":{"loc":{"start":{"line":786,"column":23},"end":{"line":786,"column":76}},"type":"binary-expr","locations":[{"start":{"line":786,"column":23},"end":{"line":786,"column":27}},{"start":{"line":786,"column":31},"end":{"line":786,"column":76}}],"line":786},"10":{"loc":{"start":{"line":787,"column":26},"end":{"line":787,"column":61}},"type":"cond-expr","locations":[{"start":{"line":787,"column":32},"end":{"line":787,"column":49}},{"start":{"line":787,"column":52},"end":{"line":787,"column":61}}],"line":787},"11":{"loc":{"start":{"line":791,"column":23},"end":{"line":791,"column":76}},"type":"binary-expr","locations":[{"start":{"line":791,"column":23},"end":{"line":791,"column":27}},{"start":{"line":791,"column":31},"end":{"line":791,"column":76}}],"line":791},"12":{"loc":{"start":{"line":792,"column":26},"end":{"line":792,"column":61}},"type":"cond-expr","locations":[{"start":{"line":792,"column":32},"end":{"line":792,"column":49}},{"start":{"line":792,"column":52},"end":{"line":792,"column":61}}],"line":792},"13":{"loc":{"start":{"line":801,"column":26},"end":{"line":801,"column":61}},"type":"cond-expr","locations":[{"start":{"line":801,"column":32},"end":{"line":801,"column":49}},{"start":{"line":801,"column":52},"end":{"line":801,"column":61}}],"line":801},"14":{"loc":{"start":{"line":820,"column":26},"end":{"line":820,"column":61}},"type":"cond-expr","locations":[{"start":{"line":820,"column":32},"end":{"line":820,"column":49}},{"start":{"line":820,"column":52},"end":{"line":820,"column":61}}],"line":820},"15":{"loc":{"start":{"line":824,"column":26},"end":{"line":824,"column":61}},"type":"cond-expr","locations":[{"start":{"line":824,"column":32},"end":{"line":824,"column":49}},{"start":{"line":824,"column":52},"end":{"line":824,"column":61}}],"line":824},"16":{"loc":{"start":{"line":828,"column":26},"end":{"line":828,"column":61}},"type":"cond-expr","locations":[{"start":{"line":828,"column":32},"end":{"line":828,"column":49}},{"start":{"line":828,"column":52},"end":{"line":828,"column":61}}],"line":828},"17":{"loc":{"start":{"line":843,"column":26},"end":{"line":843,"column":61}},"type":"cond-expr","locations":[{"start":{"line":843,"column":32},"end":{"line":843,"column":49}},{"start":{"line":843,"column":52},"end":{"line":843,"column":61}}],"line":843},"18":{"loc":{"start":{"line":847,"column":26},"end":{"line":847,"column":61}},"type":"cond-expr","locations":[{"start":{"line":847,"column":32},"end":{"line":847,"column":49}},{"start":{"line":847,"column":52},"end":{"line":847,"column":61}}],"line":847},"19":{"loc":{"start":{"line":851,"column":26},"end":{"line":851,"column":61}},"type":"cond-expr","locations":[{"start":{"line":851,"column":32},"end":{"line":851,"column":49}},{"start":{"line":851,"column":52},"end":{"line":851,"column":61}}],"line":851},"20":{"loc":{"start":{"line":874,"column":26},"end":{"line":874,"column":61}},"type":"cond-expr","locations":[{"start":{"line":874,"column":32},"end":{"line":874,"column":49}},{"start":{"line":874,"column":52},"end":{"line":874,"column":61}}],"line":874},"21":{"loc":{"start":{"line":885,"column":26},"end":{"line":885,"column":61}},"type":"cond-expr","locations":[{"start":{"line":885,"column":32},"end":{"line":885,"column":49}},{"start":{"line":885,"column":52},"end":{"line":885,"column":61}}],"line":885},"22":{"loc":{"start":{"line":893,"column":26},"end":{"line":893,"column":61}},"type":"cond-expr","locations":[{"start":{"line":893,"column":32},"end":{"line":893,"column":49}},{"start":{"line":893,"column":52},"end":{"line":893,"column":61}}],"line":893},"23":{"loc":{"start":{"line":942,"column":26},"end":{"line":942,"column":61}},"type":"cond-expr","locations":[{"start":{"line":942,"column":32},"end":{"line":942,"column":49}},{"start":{"line":942,"column":52},"end":{"line":942,"column":61}}],"line":942},"24":{"loc":{"start":{"line":946,"column":26},"end":{"line":946,"column":61}},"type":"cond-expr","locations":[{"start":{"line":946,"column":32},"end":{"line":946,"column":49}},{"start":{"line":946,"column":52},"end":{"line":946,"column":61}}],"line":946},"25":{"loc":{"start":{"line":950,"column":26},"end":{"line":950,"column":61}},"type":"cond-expr","locations":[{"start":{"line":950,"column":32},"end":{"line":950,"column":49}},{"start":{"line":950,"column":52},"end":{"line":950,"column":61}}],"line":950},"26":{"loc":{"start":{"line":957,"column":26},"end":{"line":957,"column":61}},"type":"cond-expr","locations":[{"start":{"line":957,"column":32},"end":{"line":957,"column":49}},{"start":{"line":957,"column":52},"end":{"line":957,"column":61}}],"line":957},"27":{"loc":{"start":{"line":961,"column":8},"end":{"line":962,"column":null}},"type":"if","locations":[{"start":{"line":961,"column":8},"end":{"line":962,"column":null}},{"start":{},"end":{}}],"line":961},"28":{"loc":{"start":{"line":961,"column":12},"end":{"line":961,"column":37}},"type":"binary-expr","locations":[{"start":{"line":961,"column":12},"end":{"line":961,"column":16}},{"start":{"line":961,"column":20},"end":{"line":961,"column":37}}],"line":961},"29":{"loc":{"start":{"line":965,"column":23},"end":{"line":965,"column":106}},"type":"binary-expr","locations":[{"start":{"line":965,"column":23},"end":{"line":965,"column":27}},{"start":{"line":965,"column":31},"end":{"line":965,"column":106}}],"line":965},"30":{"loc":{"start":{"line":971,"column":26},"end":{"line":971,"column":61}},"type":"cond-expr","locations":[{"start":{"line":971,"column":32},"end":{"line":971,"column":49}},{"start":{"line":971,"column":52},"end":{"line":971,"column":61}}],"line":971},"31":{"loc":{"start":{"line":1008,"column":26},"end":{"line":1008,"column":61}},"type":"cond-expr","locations":[{"start":{"line":1008,"column":32},"end":{"line":1008,"column":49}},{"start":{"line":1008,"column":52},"end":{"line":1008,"column":61}}],"line":1008},"32":{"loc":{"start":{"line":1019,"column":26},"end":{"line":1019,"column":61}},"type":"cond-expr","locations":[{"start":{"line":1019,"column":32},"end":{"line":1019,"column":49}},{"start":{"line":1019,"column":52},"end":{"line":1019,"column":61}}],"line":1019},"33":{"loc":{"start":{"line":1067,"column":26},"end":{"line":1067,"column":61}},"type":"cond-expr","locations":[{"start":{"line":1067,"column":32},"end":{"line":1067,"column":49}},{"start":{"line":1067,"column":52},"end":{"line":1067,"column":61}}],"line":1067},"34":{"loc":{"start":{"line":1104,"column":8},"end":{"line":1105,"column":null}},"type":"if","locations":[{"start":{"line":1104,"column":8},"end":{"line":1105,"column":null}},{"start":{},"end":{}}],"line":1104},"35":{"loc":{"start":{"line":1104,"column":12},"end":{"line":1104,"column":37}},"type":"binary-expr","locations":[{"start":{"line":1104,"column":12},"end":{"line":1104,"column":16}},{"start":{"line":1104,"column":20},"end":{"line":1104,"column":37}}],"line":1104},"36":{"loc":{"start":{"line":1108,"column":23},"end":{"line":1108,"column":106}},"type":"binary-expr","locations":[{"start":{"line":1108,"column":23},"end":{"line":1108,"column":27}},{"start":{"line":1108,"column":31},"end":{"line":1108,"column":106}}],"line":1108},"37":{"loc":{"start":{"line":1135,"column":26},"end":{"line":1135,"column":61}},"type":"cond-expr","locations":[{"start":{"line":1135,"column":32},"end":{"line":1135,"column":49}},{"start":{"line":1135,"column":52},"end":{"line":1135,"column":61}}],"line":1135},"38":{"loc":{"start":{"line":1142,"column":26},"end":{"line":1142,"column":61}},"type":"cond-expr","locations":[{"start":{"line":1142,"column":32},"end":{"line":1142,"column":49}},{"start":{"line":1142,"column":52},"end":{"line":1142,"column":61}}],"line":1142},"39":{"loc":{"start":{"line":1147,"column":26},"end":{"line":1147,"column":61}},"type":"cond-expr","locations":[{"start":{"line":1147,"column":32},"end":{"line":1147,"column":49}},{"start":{"line":1147,"column":52},"end":{"line":1147,"column":61}}],"line":1147},"40":{"loc":{"start":{"line":1156,"column":8},"end":{"line":1157,"column":null}},"type":"if","locations":[{"start":{"line":1156,"column":8},"end":{"line":1157,"column":null}},{"start":{},"end":{}}],"line":1156},"41":{"loc":{"start":{"line":1187,"column":67},"end":{"line":1187,"column":102}},"type":"cond-expr","locations":[{"start":{"line":1187,"column":73},"end":{"line":1187,"column":90}},{"start":{"line":1187,"column":93},"end":{"line":1187,"column":102}}],"line":1187},"42":{"loc":{"start":{"line":1188,"column":64},"end":{"line":1188,"column":99}},"type":"cond-expr","locations":[{"start":{"line":1188,"column":70},"end":{"line":1188,"column":87}},{"start":{"line":1188,"column":90},"end":{"line":1188,"column":99}}],"line":1188},"43":{"loc":{"start":{"line":1189,"column":64},"end":{"line":1189,"column":99}},"type":"cond-expr","locations":[{"start":{"line":1189,"column":70},"end":{"line":1189,"column":87}},{"start":{"line":1189,"column":90},"end":{"line":1189,"column":99}}],"line":1189},"44":{"loc":{"start":{"line":1190,"column":66},"end":{"line":1190,"column":101}},"type":"cond-expr","locations":[{"start":{"line":1190,"column":72},"end":{"line":1190,"column":89}},{"start":{"line":1190,"column":92},"end":{"line":1190,"column":101}}],"line":1190},"45":{"loc":{"start":{"line":1192,"column":69},"end":{"line":1192,"column":104}},"type":"cond-expr","locations":[{"start":{"line":1192,"column":75},"end":{"line":1192,"column":92}},{"start":{"line":1192,"column":95},"end":{"line":1192,"column":104}}],"line":1192},"46":{"loc":{"start":{"line":1200,"column":71},"end":{"line":1200,"column":106}},"type":"cond-expr","locations":[{"start":{"line":1200,"column":77},"end":{"line":1200,"column":94}},{"start":{"line":1200,"column":97},"end":{"line":1200,"column":106}}],"line":1200},"47":{"loc":{"start":{"line":1216,"column":67},"end":{"line":1216,"column":102}},"type":"cond-expr","locations":[{"start":{"line":1216,"column":73},"end":{"line":1216,"column":90}},{"start":{"line":1216,"column":93},"end":{"line":1216,"column":102}}],"line":1216},"48":{"loc":{"start":{"line":1217,"column":64},"end":{"line":1217,"column":99}},"type":"cond-expr","locations":[{"start":{"line":1217,"column":70},"end":{"line":1217,"column":87}},{"start":{"line":1217,"column":90},"end":{"line":1217,"column":99}}],"line":1217},"49":{"loc":{"start":{"line":1218,"column":64},"end":{"line":1218,"column":99}},"type":"cond-expr","locations":[{"start":{"line":1218,"column":70},"end":{"line":1218,"column":87}},{"start":{"line":1218,"column":90},"end":{"line":1218,"column":99}}],"line":1218},"50":{"loc":{"start":{"line":1219,"column":66},"end":{"line":1219,"column":101}},"type":"cond-expr","locations":[{"start":{"line":1219,"column":72},"end":{"line":1219,"column":89}},{"start":{"line":1219,"column":92},"end":{"line":1219,"column":101}}],"line":1219},"51":{"loc":{"start":{"line":1226,"column":71},"end":{"line":1226,"column":106}},"type":"cond-expr","locations":[{"start":{"line":1226,"column":77},"end":{"line":1226,"column":94}},{"start":{"line":1226,"column":97},"end":{"line":1226,"column":106}}],"line":1226},"52":{"loc":{"start":{"line":1231,"column":71},"end":{"line":1231,"column":106}},"type":"cond-expr","locations":[{"start":{"line":1231,"column":77},"end":{"line":1231,"column":94}},{"start":{"line":1231,"column":97},"end":{"line":1231,"column":106}}],"line":1231},"53":{"loc":{"start":{"line":1236,"column":69},"end":{"line":1236,"column":104}},"type":"cond-expr","locations":[{"start":{"line":1236,"column":75},"end":{"line":1236,"column":92}},{"start":{"line":1236,"column":95},"end":{"line":1236,"column":104}}],"line":1236},"54":{"loc":{"start":{"line":1242,"column":72},"end":{"line":1242,"column":107}},"type":"cond-expr","locations":[{"start":{"line":1242,"column":78},"end":{"line":1242,"column":95}},{"start":{"line":1242,"column":98},"end":{"line":1242,"column":107}}],"line":1242},"55":{"loc":{"start":{"line":1246,"column":69},"end":{"line":1246,"column":104}},"type":"cond-expr","locations":[{"start":{"line":1246,"column":75},"end":{"line":1246,"column":92}},{"start":{"line":1246,"column":95},"end":{"line":1246,"column":104}}],"line":1246},"56":{"loc":{"start":{"line":1251,"column":72},"end":{"line":1251,"column":107}},"type":"cond-expr","locations":[{"start":{"line":1251,"column":78},"end":{"line":1251,"column":95}},{"start":{"line":1251,"column":98},"end":{"line":1251,"column":107}}],"line":1251},"57":{"loc":{"start":{"line":1255,"column":69},"end":{"line":1255,"column":104}},"type":"cond-expr","locations":[{"start":{"line":1255,"column":75},"end":{"line":1255,"column":92}},{"start":{"line":1255,"column":95},"end":{"line":1255,"column":104}}],"line":1255},"58":{"loc":{"start":{"line":1256,"column":70},"end":{"line":1256,"column":105}},"type":"cond-expr","locations":[{"start":{"line":1256,"column":76},"end":{"line":1256,"column":93}},{"start":{"line":1256,"column":96},"end":{"line":1256,"column":105}}],"line":1256},"59":{"loc":{"start":{"line":1263,"column":71},"end":{"line":1263,"column":106}},"type":"cond-expr","locations":[{"start":{"line":1263,"column":77},"end":{"line":1263,"column":94}},{"start":{"line":1263,"column":97},"end":{"line":1263,"column":106}}],"line":1263},"60":{"loc":{"start":{"line":1264,"column":68},"end":{"line":1264,"column":103}},"type":"cond-expr","locations":[{"start":{"line":1264,"column":74},"end":{"line":1264,"column":91}},{"start":{"line":1264,"column":94},"end":{"line":1264,"column":103}}],"line":1264},"61":{"loc":{"start":{"line":1273,"column":61},"end":{"line":1273,"column":96}},"type":"cond-expr","locations":[{"start":{"line":1273,"column":67},"end":{"line":1273,"column":84}},{"start":{"line":1273,"column":87},"end":{"line":1273,"column":96}}],"line":1273},"62":{"loc":{"start":{"line":1274,"column":72},"end":{"line":1274,"column":107}},"type":"cond-expr","locations":[{"start":{"line":1274,"column":78},"end":{"line":1274,"column":95}},{"start":{"line":1274,"column":98},"end":{"line":1274,"column":107}}],"line":1274},"63":{"loc":{"start":{"line":1275,"column":69},"end":{"line":1275,"column":104}},"type":"cond-expr","locations":[{"start":{"line":1275,"column":75},"end":{"line":1275,"column":92}},{"start":{"line":1275,"column":95},"end":{"line":1275,"column":104}}],"line":1275},"64":{"loc":{"start":{"line":1286,"column":68},"end":{"line":1286,"column":103}},"type":"cond-expr","locations":[{"start":{"line":1286,"column":74},"end":{"line":1286,"column":91}},{"start":{"line":1286,"column":94},"end":{"line":1286,"column":103}}],"line":1286},"65":{"loc":{"start":{"line":1292,"column":69},"end":{"line":1292,"column":104}},"type":"cond-expr","locations":[{"start":{"line":1292,"column":75},"end":{"line":1292,"column":92}},{"start":{"line":1292,"column":95},"end":{"line":1292,"column":104}}],"line":1292},"66":{"loc":{"start":{"line":1339,"column":11},"end":{"line":1339,"column":88}},"type":"binary-expr","locations":[{"start":{"line":1339,"column":11},"end":{"line":1339,"column":35}},{"start":{"line":1339,"column":39},"end":{"line":1339,"column":88}}],"line":1339},"67":{"loc":{"start":{"line":1344,"column":4},"end":{"line":1347,"column":null}},"type":"if","locations":[{"start":{"line":1344,"column":4},"end":{"line":1347,"column":null}},{"start":{},"end":{}}],"line":1344},"68":{"loc":{"start":{"line":1349,"column":4},"end":{"line":1350,"column":null}},"type":"if","locations":[{"start":{"line":1349,"column":4},"end":{"line":1350,"column":null}},{"start":{},"end":{}}],"line":1349},"69":{"loc":{"start":{"line":1351,"column":4},"end":{"line":1376,"column":null}},"type":"switch","locations":[{"start":{"line":1352,"column":8},"end":{"line":1353,"column":null}},{"start":{"line":1354,"column":8},"end":{"line":1354,"column":null}},{"start":{"line":1355,"column":8},"end":{"line":1355,"column":null}},{"start":{"line":1356,"column":8},"end":{"line":1357,"column":null}},{"start":{"line":1358,"column":8},"end":{"line":1359,"column":null}},{"start":{"line":1360,"column":8},"end":{"line":1360,"column":null}},{"start":{"line":1361,"column":8},"end":{"line":1361,"column":null}},{"start":{"line":1362,"column":8},"end":{"line":1363,"column":null}},{"start":{"line":1364,"column":8},"end":{"line":1366,"column":null}},{"start":{"line":1367,"column":8},"end":{"line":1370,"column":null}},{"start":{"line":1371,"column":8},"end":{"line":1373,"column":null}},{"start":{"line":1374,"column":8},"end":{"line":1375,"column":null}}],"line":1351},"70":{"loc":{"start":{"line":1380,"column":4},"end":{"line":1393,"column":null}},"type":"switch","locations":[{"start":{"line":1381,"column":8},"end":{"line":1382,"column":null}},{"start":{"line":1383,"column":8},"end":{"line":1384,"column":null}},{"start":{"line":1385,"column":8},"end":{"line":1386,"column":null}},{"start":{"line":1387,"column":8},"end":{"line":1388,"column":null}},{"start":{"line":1389,"column":8},"end":{"line":1390,"column":null}},{"start":{"line":1391,"column":8},"end":{"line":1392,"column":null}}],"line":1380},"71":{"loc":{"start":{"line":1397,"column":4},"end":{"line":1410,"column":null}},"type":"switch","locations":[{"start":{"line":1398,"column":8},"end":{"line":1399,"column":null}},{"start":{"line":1400,"column":8},"end":{"line":1401,"column":null}},{"start":{"line":1402,"column":8},"end":{"line":1403,"column":null}},{"start":{"line":1404,"column":8},"end":{"line":1405,"column":null}},{"start":{"line":1406,"column":8},"end":{"line":1407,"column":null}},{"start":{"line":1408,"column":8},"end":{"line":1409,"column":null}}],"line":1397},"72":{"loc":{"start":{"line":1453,"column":26},"end":{"line":1453,"column":61}},"type":"cond-expr","locations":[{"start":{"line":1453,"column":32},"end":{"line":1453,"column":49}},{"start":{"line":1453,"column":52},"end":{"line":1453,"column":61}}],"line":1453}},"s":{"0":187,"1":187,"2":187,"3":187,"4":187,"5":187,"6":187,"7":187,"8":187,"9":187,"10":187,"11":1,"12":187,"13":1,"14":1,"15":187,"16":187,"17":187,"18":187,"19":1,"20":187,"21":1,"22":1,"23":187,"24":1,"25":187,"26":1,"27":187,"28":1,"29":1,"30":187,"31":1,"32":1,"33":187,"34":1,"35":187,"36":1,"37":187,"38":1,"39":1,"40":187,"41":1,"42":1,"43":187,"44":1,"45":1,"46":187,"47":1,"48":1,"49":1,"50":187,"51":187,"52":187,"53":1,"54":187,"55":1,"56":1,"57":187,"58":1,"59":1,"60":187,"61":1,"62":187,"63":1,"64":1,"65":1,"66":187,"67":1,"68":1,"69":187,"70":1,"71":1,"72":1,"73":187,"74":187,"75":187,"76":187,"77":1,"78":1,"79":1,"80":187,"81":1,"82":187,"83":1,"84":187,"85":187,"86":1,"87":187,"88":187,"89":2,"90":187,"91":1,"92":187,"93":2,"94":187,"95":1,"96":187,"97":1,"98":187,"99":1,"100":187,"101":1,"102":187,"103":1,"104":187,"105":1,"106":187,"107":1,"108":187,"109":2,"110":187,"111":1,"112":187,"113":1,"114":187,"115":9,"116":9,"117":187,"118":284,"119":187,"120":2,"121":187,"122":187,"123":187,"124":187,"125":2,"126":2,"127":2,"128":187,"129":187,"130":187,"131":6,"132":6,"133":6,"134":187,"135":15,"136":15,"137":15,"138":15,"139":11,"140":15,"141":14,"142":15,"143":187,"144":4,"145":4,"146":4,"147":187,"148":3,"149":3,"150":3,"151":187,"152":187,"153":2,"154":187,"155":2,"156":2,"157":187,"158":187,"159":187,"160":4,"161":4,"162":4,"163":4,"164":4,"165":2,"166":2,"167":4,"168":4,"169":187,"170":3,"171":187,"172":4,"173":4,"174":187,"175":2,"176":1,"177":187,"178":3,"179":187,"180":1,"181":2,"182":1,"183":1,"184":5,"185":3,"186":2,"187":5,"188":187,"189":1,"190":187,"191":2,"192":3,"193":3,"194":7,"195":6,"196":1,"197":187,"198":1,"199":1,"200":1,"201":187,"202":2,"203":2,"204":2,"205":2,"206":2,"207":187,"208":2,"209":187,"210":187,"211":2,"212":2,"213":2,"214":2,"215":187,"216":4,"217":187,"218":2,"219":187,"220":2,"221":187,"222":4,"223":4,"224":187,"225":2,"226":2,"227":2,"228":187,"229":2,"230":2,"231":187,"232":4,"233":4,"234":4,"235":187,"236":5,"237":187,"238":4,"239":187,"240":187,"241":187,"242":187,"243":1,"244":1,"245":187,"246":1,"247":1,"248":187,"249":1,"250":1,"251":187,"252":1,"253":1,"254":187,"255":15,"256":187,"257":15,"258":1,"259":1,"260":14,"261":1,"262":13,"263":1,"264":2,"265":1,"266":4,"267":2,"268":1,"269":1,"270":1,"271":187,"272":187,"273":6,"274":1,"275":1,"276":1,"277":1,"278":1,"279":1,"280":187,"281":187,"282":6,"283":1,"284":1,"285":1,"286":1,"287":1,"288":1,"289":187,"290":187,"291":187,"292":187,"293":3,"294":187,"295":187,"296":187,"297":187,"298":187,"299":187,"300":1,"301":187,"302":1,"303":2,"304":187,"305":3,"306":3,"307":3,"308":187,"309":138,"310":51,"311":187,"312":4,"313":187,"314":3,"315":187,"316":4,"317":187,"318":3,"319":187,"320":147,"321":147,"322":147,"323":95,"324":187,"325":187,"326":187,"327":187,"328":187,"329":187,"330":187,"331":187,"332":187,"333":187,"334":187,"335":187,"336":187,"337":187,"338":187,"339":187,"340":187},"f":{"0":1,"1":1,"2":1,"3":1,"4":1,"5":1,"6":1,"7":1,"8":1,"9":1,"10":1,"11":1,"12":1,"13":1,"14":1,"15":1,"16":1,"17":1,"18":1,"19":1,"20":1,"21":1,"22":1,"23":1,"24":1,"25":1,"26":1,"27":1,"28":1,"29":1,"30":1,"31":1,"32":1,"33":1,"34":1,"35":1,"36":1,"37":1,"38":1,"39":1,"40":1,"41":1,"42":1,"43":2,"44":1,"45":2,"46":1,"47":1,"48":1,"49":1,"50":1,"51":1,"52":1,"53":2,"54":1,"55":1,"56":9,"57":284,"58":2,"59":2,"60":2,"61":2,"62":6,"63":15,"64":15,"65":15,"66":15,"67":11,"68":15,"69":14,"70":15,"71":4,"72":4,"73":4,"74":3,"75":3,"76":3,"77":2,"78":2,"79":2,"80":4,"81":4,"82":4,"83":4,"84":4,"85":4,"86":4,"87":3,"88":4,"89":4,"90":2,"91":1,"92":3,"93":1,"94":2,"95":1,"96":1,"97":5,"98":5,"99":1,"100":2,"101":3,"102":3,"103":7,"104":1,"105":1,"106":1,"107":2,"108":2,"109":2,"110":2,"111":2,"112":2,"113":2,"114":2,"115":2,"116":2,"117":4,"118":2,"119":2,"120":4,"121":4,"122":2,"123":2,"124":2,"125":2,"126":2,"127":4,"128":4,"129":4,"130":5,"131":4,"132":1,"133":1,"134":1,"135":1,"136":15,"137":15,"138":6,"139":6,"140":3,"141":1,"142":1,"143":2,"144":3,"145":3,"146":3,"147":138,"148":51,"149":4,"150":3,"151":4,"152":3,"153":147},"b":{"0":[9,8,6,6,6],"1":[1,1],"2":[1,1],"3":[1,1],"4":[1,1],"5":[6,5],"6":[6,9],"7":[1,14],"8":[15,6],"9":[15,6],"10":[2,9],"11":[15,2],"12":[1,13],"13":[1,14],"14":[1,3],"15":[1,3],"16":[1,3],"17":[1,2],"18":[1,2],"19":[1,2],"20":[1,1],"21":[1,1],"22":[1,1],"23":[1,3],"24":[1,3],"25":[1,3],"26":[1,3],"27":[2,2],"28":[4,4],"29":[4,2],"30":[1,3],"31":[1,3],"32":[1,3],"33":[1,2],"34":[3,2],"35":[5,4],"36":[5,2],"37":[1,1],"38":[2,1],"39":[2,1],"40":[6,1],"41":[1,1],"42":[1,1],"43":[1,1],"44":[1,1],"45":[1,1],"46":[1,1],"47":[1,1],"48":[1,1],"49":[1,1],"50":[1,1],"51":[1,3],"52":[1,1],"53":[1,1],"54":[1,3],"55":[1,3],"56":[1,1],"57":[1,1],"58":[1,1],"59":[1,1],"60":[1,1],"61":[1,3],"62":[1,3],"63":[1,3],"64":[1,4],"65":[1,3],"66":[15,15],"67":[1,14],"68":[1,13],"69":[1,1,2,2,1,1,2,4,2,1,1,1],"70":[1,1,1,1,1,1],"71":[1,1,1,1,1,1],"72":[2,1]},"meta":{"lastBranch":73,"lastFunction":154,"lastStatement":341,"seen":{"s:2:0:2:Infinity":0,"s:3:0:3:Infinity":1,"s:4:0:4:Infinity":2,"s:5:0:5:Infinity":3,"s:6:22:6:44":4,"s:7:18:7:48":5,"s:8:22:8:44":6,"s:9:14:9:28":7,"s:11:0:17:Infinity":8,"s:19:0:23:Infinity":9,"s:25:0:40:Infinity":10,"f:36:3:36:4":0,"s:36:15:40:1":11,"s:42:0:53:Infinity":12,"f:44:61:44:62":1,"s:44:67:44:87":13,"f:49:3:49:4":2,"s:49:15:53:1":14,"s:55:0:62:Infinity":15,"s:63:0:69:Infinity":16,"s:70:0:75:Infinity":17,"s:77:0:94:Infinity":18,"f:89:3:89:4":3,"s:89:15:94:1":19,"s:96:0:106:Infinity":20,"f:98:57:98:58":4,"s:98:63:98:79":21,"f:102:3:102:4":5,"s:102:15:106:1":22,"s:108:0:132:Infinity":23,"f:128:3:128:4":6,"s:128:15:132:1":24,"s:134:0:153:Infinity":25,"f:146:3:146:4":7,"s:146:15:153:1":26,"s:155:0:168:Infinity":27,"f:157:59:157:60":8,"s:157:65:157:82":28,"f:164:3:164:4":9,"s:164:15:168:1":29,"s:170:0:180:Infinity":30,"f:172:59:172:60":10,"s:172:65:172:82":31,"f:177:3:177:4":11,"s:177:15:180:1":32,"s:182:0:193:Infinity":33,"f:190:3:190:4":12,"s:190:15:193:1":34,"s:195:0:217:Infinity":35,"f:212:3:212:4":13,"s:212:15:217:1":36,"s:219:0:238:Infinity":37,"f:229:65:229:66":14,"s:229:71:229:89":38,"f:233:3:233:4":15,"s:233:15:238:1":39,"s:240:0:251:Infinity":40,"f:242:61:242:62":16,"s:242:67:242:85":41,"f:248:3:248:4":17,"s:248:15:251:1":42,"s:253:0:271:Infinity":43,"f:255:61:255:62":18,"s:255:67:255:85":44,"f:266:3:266:4":19,"s:266:15:271:1":45,"s:273:0:287:Infinity":46,"f:275:57:275:58":20,"s:275:63:275:79":47,"f:276:61:276:62":21,"s:276:67:276:85":48,"f:282:3:282:4":22,"s:282:15:287:1":49,"s:289:0:298:Infinity":50,"s:300:0:309:Infinity":51,"s:311:0:335:Infinity":52,"f:329:3:329:4":23,"s:329:15:335:1":53,"s:337:0:351:Infinity":54,"f:339:64:339:65":24,"s:339:70:339:91":55,"f:347:3:347:4":25,"s:347:15:351:1":56,"s:353:0:363:Infinity":57,"f:355:94:355:95":26,"s:355:100:355:121":58,"f:360:3:360:4":27,"s:360:15:363:1":59,"s:365:0:373:Infinity":60,"f:371:3:371:4":28,"s:371:15:373:1":61,"s:375:0:385:Infinity":62,"f:377:64:377:65":29,"s:377:70:377:91":63,"f:378:55:378:56":30,"s:378:61:378:82":64,"f:381:3:381:4":31,"s:381:15:385:1":65,"s:387:0:406:Infinity":66,"f:389:64:389:65":32,"s:389:70:389:91":67,"f:401:3:401:4":33,"s:401:15:406:1":68,"s:408:0:421:Infinity":69,"f:410:64:410:65":34,"s:410:70:410:91":70,"f:411:79:411:80":35,"s:411:85:411:106":71,"f:416:3:416:4":36,"s:416:15:421:1":72,"s:423:0:429:Infinity":73,"s:431:0:437:Infinity":74,"s:439:0:444:Infinity":75,"s:446:0:467:Infinity":76,"f:448:59:448:60":37,"s:448:65:448:82":77,"f:449:61:449:62":38,"s:449:67:449:85":78,"f:461:3:461:4":39,"s:461:15:467:1":79,"s:469:0:486:Infinity":80,"f:480:3:480:4":40,"s:480:15:486:1":81,"s:488:0:513:Infinity":82,"f:504:3:504:4":41,"s:504:15:513:1":83,"s:515:0:520:Infinity":84,"s:522:0:530:Infinity":85,"f:528:3:528:4":42,"s:528:15:530:1":86,"s:532:0:542:Infinity":87,"s:544:0:547:Infinity":88,"f:544:69:544:70":43,"s:544:84:547:1":89,"s:548:0:553:Infinity":90,"f:548:69:548:70":44,"s:548:83:553:1":91,"s:554:0:558:Infinity":92,"f:554:71:554:72":45,"s:554:86:558:1":93,"s:559:0:564:Infinity":94,"f:559:83:559:84":46,"s:559:97:564:1":95,"s:565:0:570:Infinity":96,"f:565:89:565:90":47,"s:565:103:570:1":97,"s:571:0:576:Infinity":98,"f:571:73:571:74":48,"s:571:88:576:1":99,"s:577:0:582:Infinity":100,"f:577:89:577:90":49,"s:577:103:582:1":101,"s:583:0:588:Infinity":102,"f:583:85:583:86":50,"s:583:99:588:1":103,"s:589:0:598:Infinity":104,"f:589:97:589:98":51,"s:589:111:598:1":105,"s:599:0:608:Infinity":106,"f:599:93:599:94":52,"s:599:107:608:1":107,"s:609:0:612:Infinity":108,"f:609:73:609:74":53,"s:609:88:612:1":109,"s:613:0:618:Infinity":110,"f:613:91:613:92":54,"s:613:105:618:1":111,"s:619:0:624:Infinity":112,"f:619:97:619:98":55,"s:619:111:624:1":113,"s:626:22:633:1":114,"f:626:22:626:23":56,"s:627:19:627:38":115,"s:629:4:632:Infinity":116,"b:629:11:629:17:629:22:629:42:630:8:630:29:631:8:631:29:632:8:632:26":0,"s:634:21:637:19":117,"f:634:21:634:22":57,"s:634:31:637:19":118,"s:639:0:667:Infinity":119,"f:659:59:659:62":58,"s:659:66:659:101":120,"b:659:72:659:89:659:92:659:101":1,"s:668:0:677:Infinity":121,"s:678:0:687:Infinity":122,"s:688:0:693:Infinity":123,"s:695:0:720:Infinity":124,"f:703:19:703:22":59,"s:703:26:703:61":125,"b:703:32:703:49:703:52:703:61":2,"f:714:19:714:22":60,"s:714:26:714:61":126,"b:714:32:714:49:714:52:714:61":3,"f:718:19:718:22":61,"s:718:26:718:61":127,"b:718:32:718:49:718:52:718:61":4,"s:721:0:730:Infinity":128,"s:731:0:744:Infinity":129,"s:746:0:763:Infinity":130,"f:749:16:749:17":62,"s:751:23:751:111":131,"s:752:27:752:55":132,"s:753:8:753:Infinity":133,"b:753:15:753:21:753:25:753:35":5,"s:765:0:803:Infinity":134,"f:773:19:773:22":63,"s:773:26:773:61":135,"b:773:32:773:49:773:52:773:61":6,"f:778:19:778:22":64,"s:778:26:778:61":136,"b:778:32:778:49:778:52:778:61":7,"f:785:16:785:19":65,"s:785:23:785:60":137,"b:785:23:785:27:785:31:785:60":8,"f:786:16:786:19":66,"s:786:23:786:76":138,"b:786:23:786:27:786:31:786:76":9,"f:787:19:787:22":67,"s:787:26:787:61":139,"b:787:32:787:49:787:52:787:61":10,"f:791:16:791:19":68,"s:791:23:791:76":140,"b:791:23:791:27:791:31:791:76":11,"f:792:19:792:22":69,"s:792:26:792:61":141,"b:792:32:792:49:792:52:792:61":12,"f:801:19:801:22":70,"s:801:26:801:61":142,"b:801:32:801:49:801:52:801:61":13,"s:805:0:829:Infinity":143,"f:820:19:820:22":71,"s:820:26:820:61":144,"b:820:32:820:49:820:52:820:61":14,"f:824:19:824:22":72,"s:824:26:824:61":145,"b:824:32:824:49:824:52:824:61":15,"f:828:19:828:22":73,"s:828:26:828:61":146,"b:828:32:828:49:828:52:828:61":16,"s:831:0:852:Infinity":147,"f:843:19:843:22":74,"s:843:26:843:61":148,"b:843:32:843:49:843:52:843:61":17,"f:847:19:847:22":75,"s:847:26:847:61":149,"b:847:32:847:49:847:52:847:61":18,"f:851:19:851:22":76,"s:851:26:851:61":150,"b:851:32:851:49:851:52:851:61":19,"s:854:0:857:Infinity":151,"s:859:0:875:Infinity":152,"f:874:19:874:22":77,"s:874:26:874:61":153,"b:874:32:874:49:874:52:874:61":20,"s:877:0:902:Infinity":154,"f:885:19:885:22":78,"s:885:26:885:61":155,"b:885:32:885:49:885:52:885:61":21,"f:893:19:893:22":79,"s:893:26:893:61":156,"b:893:32:893:49:893:52:893:61":22,"s:903:0:920:Infinity":157,"s:921:0:928:Infinity":158,"s:930:0:972:Infinity":159,"f:942:19:942:22":80,"s:942:26:942:61":160,"b:942:32:942:49:942:52:942:61":23,"f:946:19:946:22":81,"s:946:26:946:61":161,"b:946:32:946:49:946:52:946:61":24,"f:950:19:950:22":82,"s:950:26:950:61":162,"b:950:32:950:49:950:52:950:61":25,"f:957:19:957:22":83,"s:957:26:957:61":163,"b:957:32:957:49:957:52:957:61":26,"f:960:19:960:22":84,"b:961:8:962:Infinity:undefined:undefined:undefined:undefined":27,"s:961:8:962:Infinity":164,"b:961:12:961:16:961:20:961:37":28,"s:962:12:962:Infinity":165,"s:963:8:963:Infinity":166,"f:965:16:965:19":85,"s:965:23:965:106":167,"b:965:23:965:27:965:31:965:106":29,"f:971:19:971:22":86,"s:971:26:971:61":168,"b:971:32:971:49:971:52:971:61":30,"s:974:0:991:Infinity":169,"f:980:19:980:20":87,"s:980:28:980:60":170,"s:993:0:1023:Infinity":171,"f:1008:19:1008:22":88,"s:1008:26:1008:61":172,"b:1008:32:1008:49:1008:52:1008:61":31,"f:1019:19:1019:22":89,"s:1019:26:1019:61":173,"b:1019:32:1019:49:1019:52:1019:61":32,"s:1024:0:1051:Infinity":174,"f:1036:19:1036:22":90,"s:1036:26:1036:43":175,"f:1049:19:1049:22":91,"s:1049:26:1049:43":176,"s:1053:0:1068:Infinity":177,"f:1067:19:1067:22":92,"s:1067:26:1067:61":178,"b:1067:32:1067:49:1067:52:1067:61":33,"s:1069:0:1111:Infinity":179,"f:1082:19:1082:22":93,"s:1082:26:1082:43":180,"f:1086:19:1086:22":94,"s:1086:26:1086:43":181,"f:1090:19:1090:22":95,"s:1090:26:1090:43":182,"f:1098:19:1098:22":96,"s:1098:26:1098:43":183,"f:1103:19:1103:22":97,"b:1104:8:1105:Infinity:undefined:undefined:undefined:undefined":34,"s:1104:8:1105:Infinity":184,"b:1104:12:1104:16:1104:20:1104:37":35,"s:1105:12:1105:Infinity":185,"s:1106:8:1106:Infinity":186,"f:1108:16:1108:19":98,"s:1108:23:1108:106":187,"b:1108:23:1108:27:1108:31:1108:106":36,"s:1112:0:1118:Infinity":188,"f:1116:19:1116:22":99,"s:1116:26:1116:43":189,"s:1120:0:1160:Infinity":190,"f:1135:19:1135:22":100,"s:1135:26:1135:61":191,"b:1135:32:1135:49:1135:52:1135:61":37,"f:1142:19:1142:22":101,"s:1142:26:1142:61":192,"b:1142:32:1142:49:1142:52:1142:61":38,"f:1147:19:1147:22":102,"s:1147:26:1147:61":193,"b:1147:32:1147:49:1147:52:1147:61":39,"f:1155:19:1155:22":103,"b:1156:8:1157:Infinity:undefined:undefined:undefined:undefined":40,"s:1156:8:1157:Infinity":194,"s:1157:12:1157:Infinity":195,"s:1158:8:1158:Infinity":196,"s:1161:0:1181:Infinity":197,"f:1166:19:1166:22":104,"s:1166:26:1166:43":198,"f:1173:19:1173:22":105,"s:1173:26:1173:43":199,"f:1178:19:1178:22":106,"s:1178:26:1178:43":200,"s:1183:0:1193:Infinity":201,"f:1187:60:1187:63":107,"s:1187:67:1187:102":202,"b:1187:73:1187:90:1187:93:1187:102":41,"f:1188:57:1188:60":108,"s:1188:64:1188:99":203,"b:1188:70:1188:87:1188:90:1188:99":42,"f:1189:57:1189:60":109,"s:1189:64:1189:99":204,"b:1189:70:1189:87:1189:90:1189:99":43,"f:1190:59:1190:62":110,"s:1190:66:1190:101":205,"b:1190:72:1190:89:1190:92:1190:101":44,"f:1192:62:1192:65":111,"s:1192:69:1192:104":206,"b:1192:75:1192:92:1192:95:1192:104":45,"s:1195:0:1203:Infinity":207,"f:1200:64:1200:67":112,"s:1200:71:1200:106":208,"b:1200:77:1200:94:1200:97:1200:106":46,"s:1204:0:1211:Infinity":209,"s:1212:0:1221:Infinity":210,"f:1216:60:1216:63":113,"s:1216:67:1216:102":211,"b:1216:73:1216:90:1216:93:1216:102":47,"f:1217:57:1217:60":114,"s:1217:64:1217:99":212,"b:1217:70:1217:87:1217:90:1217:99":48,"f:1218:57:1218:60":115,"s:1218:64:1218:99":213,"b:1218:70:1218:87:1218:90:1218:99":49,"f:1219:59:1219:62":116,"s:1219:66:1219:101":214,"b:1219:72:1219:89:1219:92:1219:101":50,"s:1223:0:1227:Infinity":215,"f:1226:64:1226:67":117,"s:1226:71:1226:106":216,"b:1226:77:1226:94:1226:97:1226:106":51,"s:1228:0:1232:Infinity":217,"f:1231:64:1231:67":118,"s:1231:71:1231:106":218,"b:1231:77:1231:94:1231:97:1231:106":52,"s:1233:0:1237:Infinity":219,"f:1236:62:1236:65":119,"s:1236:69:1236:104":220,"b:1236:75:1236:92:1236:95:1236:104":53,"s:1239:0:1248:Infinity":221,"f:1242:65:1242:68":120,"s:1242:72:1242:107":222,"b:1242:78:1242:95:1242:98:1242:107":54,"f:1246:62:1246:65":121,"s:1246:69:1246:104":223,"b:1246:75:1246:92:1246:95:1246:104":55,"s:1249:0:1257:Infinity":224,"f:1251:65:1251:68":122,"s:1251:72:1251:107":225,"b:1251:78:1251:95:1251:98:1251:107":56,"f:1255:62:1255:65":123,"s:1255:69:1255:104":226,"b:1255:75:1255:92:1255:95:1255:104":57,"f:1256:63:1256:66":124,"s:1256:70:1256:105":227,"b:1256:76:1256:93:1256:96:1256:105":58,"s:1259:0:1265:Infinity":228,"f:1263:64:1263:67":125,"s:1263:71:1263:106":229,"b:1263:77:1263:94:1263:97:1263:106":59,"f:1264:61:1264:64":126,"s:1264:68:1264:103":230,"b:1264:74:1264:91:1264:94:1264:103":60,"s:1267:0:1276:Infinity":231,"f:1273:54:1273:57":127,"s:1273:61:1273:96":232,"b:1273:67:1273:84:1273:87:1273:96":61,"f:1274:65:1274:68":128,"s:1274:72:1274:107":233,"b:1274:78:1274:95:1274:98:1274:107":62,"f:1275:62:1275:65":129,"s:1275:69:1275:104":234,"b:1275:75:1275:92:1275:95:1275:104":63,"s:1278:0:1288:Infinity":235,"f:1286:61:1286:64":130,"s:1286:68:1286:103":236,"b:1286:74:1286:91:1286:94:1286:103":64,"s:1289:0:1293:Infinity":237,"f:1292:62:1292:65":131,"s:1292:69:1292:104":238,"b:1292:75:1292:92:1292:95:1292:104":65,"s:1295:0:1295:Infinity":239,"s:1296:0:1296:Infinity":240,"s:1298:0:1306:Infinity":241,"s:1307:0:1307:Infinity":242,"f:1310:4:1310:15":132,"s:1311:8:1311:Infinity":243,"s:1312:8:1312:Infinity":244,"s:1315:0:1315:Infinity":245,"f:1317:4:1317:15":133,"s:1318:8:1318:Infinity":246,"s:1319:8:1319:Infinity":247,"s:1322:0:1322:Infinity":248,"f:1324:4:1324:15":134,"s:1325:8:1325:Infinity":249,"s:1326:8:1326:Infinity":250,"s:1329:0:1329:Infinity":251,"f:1331:4:1331:15":135,"s:1332:8:1332:Infinity":252,"s:1333:8:1333:Infinity":253,"s:1336:0:1336:Infinity":254,"f:1338:9:1338:25":136,"s:1339:4:1339:Infinity":255,"b:1339:11:1339:35:1339:39:1339:88":66,"s:1342:22:1377:1":256,"f:1342:22:1342:23":137,"b:1344:4:1347:Infinity:undefined:undefined:undefined:undefined":67,"s:1344:4:1347:Infinity":257,"s:1345:8:1345:Infinity":258,"s:1346:8:1346:Infinity":259,"b:1349:4:1350:Infinity:undefined:undefined:undefined:undefined":68,"s:1349:4:1350:Infinity":260,"s:1350:8:1350:Infinity":261,"b:1352:8:1353:Infinity:1354:8:1354:Infinity:1355:8:1355:Infinity:1356:8:1357:Infinity:1358:8:1359:Infinity:1360:8:1360:Infinity:1361:8:1361:Infinity:1362:8:1363:Infinity:1364:8:1366:Infinity:1367:8:1370:Infinity:1371:8:1373:Infinity:1374:8:1375:Infinity":69,"s:1351:4:1376:Infinity":262,"s:1353:12:1353:Infinity":263,"s:1357:12:1357:Infinity":264,"s:1359:12:1359:Infinity":265,"s:1363:12:1363:Infinity":266,"s:1366:12:1366:Infinity":267,"s:1370:12:1370:Infinity":268,"s:1373:12:1373:Infinity":269,"s:1375:12:1375:Infinity":270,"s:1378:0:1378:Infinity":271,"s:1379:27:1394:1":272,"f:1379:27:1379:28":138,"b:1381:8:1382:Infinity:1383:8:1384:Infinity:1385:8:1386:Infinity:1387:8:1388:Infinity:1389:8:1390:Infinity:1391:8:1392:Infinity":70,"s:1380:4:1393:Infinity":273,"s:1382:12:1382:Infinity":274,"s:1384:12:1384:Infinity":275,"s:1386:12:1386:Infinity":276,"s:1388:12:1388:Infinity":277,"s:1390:12:1390:Infinity":278,"s:1392:12:1392:Infinity":279,"s:1395:0:1395:Infinity":280,"s:1396:27:1411:1":281,"f:1396:27:1396:28":139,"b:1398:8:1399:Infinity:1400:8:1401:Infinity:1402:8:1403:Infinity:1404:8:1405:Infinity:1406:8:1407:Infinity:1408:8:1409:Infinity":71,"s:1397:4:1410:Infinity":282,"s:1399:12:1399:Infinity":283,"s:1401:12:1401:Infinity":284,"s:1403:12:1403:Infinity":285,"s:1405:12:1405:Infinity":286,"s:1407:12:1407:Infinity":287,"s:1409:12:1409:Infinity":288,"s:1412:0:1412:Infinity":289,"s:1414:0:1439:Infinity":290,"s:1440:0:1446:Infinity":291,"s:1448:0:1455:Infinity":292,"f:1453:19:1453:22":140,"s:1453:26:1453:61":293,"b:1453:32:1453:49:1453:52:1453:61":72,"s:1457:0:1460:Infinity":294,"s:1462:0:1466:Infinity":295,"s:1467:0:1470:Infinity":296,"s:1471:0:1475:Infinity":297,"s:1476:0:1479:Infinity":298,"s:1481:0:1494:Infinity":299,"f:1490:3:1490:4":141,"s:1490:15:1494:1":300,"s:1496:0:1514:Infinity":301,"f:1499:60:1499:61":142,"s:1499:66:1499:96":302,"f:1509:3:1509:4":143,"s:1509:15:1514:1":303,"s:1516:0:1534:Infinity":304,"f:1518:60:1518:61":144,"s:1518:66:1518:96":305,"f:1524:61:1524:62":145,"s:1524:67:1524:94":306,"f:1529:3:1529:4":146,"s:1529:15:1534:1":307,"s:1536:0:1555:Infinity":308,"f:1538:60:1538:61":147,"s:1538:66:1538:96":309,"f:1550:3:1550:4":148,"s:1550:15:1555:1":310,"s:1557:0:1569:Infinity":311,"f:1557:97:1557:98":149,"s:1557:117:1569:1":312,"s:1571:0:1577:Infinity":313,"f:1571:91:1571:92":150,"s:1571:111:1577:1":314,"s:1579:0:1588:Infinity":315,"f:1579:93:1579:94":151,"s:1579:107:1588:1":316,"s:1590:0:1595:Infinity":317,"f:1590:95:1590:96":152,"s:1590:109:1595:1":318,"s:1597:0:1609:Infinity":319,"f:1599:36:1599:37":153,"s:1600:8:1606:Infinity":320,"s:1601:12:1601:Infinity":321,"s:1602:12:1602:Infinity":322,"s:1605:12:1605:Infinity":323,"s:1611:0:1621:Infinity":324,"s:1623:0:1627:Infinity":325,"s:1629:0:1635:Infinity":326,"s:1636:0:1636:Infinity":327,"s:1638:0:1648:Infinity":328,"s:1649:0:1649:Infinity":329,"s:1651:0:1661:Infinity":330,"s:1662:0:1662:Infinity":331,"s:1664:0:1675:Infinity":332,"s:1676:0:1676:Infinity":333,"s:1677:0:1677:Infinity":334,"s:1678:0:1678:Infinity":335,"s:1679:0:1679:Infinity":336,"s:1680:0:1680:Infinity":337,"s:1685:0:1692:Infinity":338,"s:1693:0:1707:Infinity":339,"s:1709:0:1716:Infinity":340}}}
}
