TN:
SF:server/storage.js
FN:5,(anonymous_0)
FN:19,(anonymous_1)
FN:33,(anonymous_2)
FN:43,(anonymous_3)
FN:52,(anonymous_4)
FN:55,(anonymous_5)
FN:73,(anonymous_6)
FN:85,(anonymous_7)
FN:98,(anonymous_8)
FN:118,(anonymous_9)
FN:137,(anonymous_10)
FN:156,(anonymous_11)
FN:176,(anonymous_12)
FN:191,(anonymous_13)
FN:209,(anonymous_14)
FN:242,(anonymous_15)
FN:260,(anonymous_16)
FN:269,(anonymous_17)
FN:283,(anonymous_18)
FN:295,(anonymous_19)
FN:310,(anonymous_20)
FN:321,(anonymous_21)
FN:332,(anonymous_22)
FN:341,(anonymous_23)
FN:349,(anonymous_24)
FN:390,(anonymous_25)
FN:408,(anonymous_26)
FN:417,(anonymous_27)
FN:431,(anonymous_28)
FN:448,(anonymous_29)
FN:462,(anonymous_30)
FN:482,(anonymous_31)
FN:496,(anonymous_32)
FN:507,(anonymous_33)
FN:534,(anonymous_34)
FN:552,(anonymous_35)
FN:582,(anonymous_36)
FN:593,(anonymous_37)
FN:604,(anonymous_38)
FN:616,(anonymous_39)
FN:627,(anonymous_40)
FN:654,(anonymous_41)
FN:668,(anonymous_42)
FN:675,(anonymous_43)
FN:685,(anonymous_44)
FN:697,(anonymous_45)
FN:707,(anonymous_46)
FN:717,(anonymous_47)
FN:731,(anonymous_48)
FN:749,(anonymous_49)
FN:763,(anonymous_50)
FN:773,(anonymous_51)
FN:783,(anonymous_52)
FN:793,(anonymous_53)
FN:808,(anonymous_54)
FN:826,(anonymous_55)
FN:840,(anonymous_56)
FN:850,(anonymous_57)
FN:861,(anonymous_58)
FN:892,(anonymous_59)
FN:910,(anonymous_60)
FN:951,(anonymous_61)
FN:970,(anonymous_62)
FN:980,(anonymous_63)
FN:997,(anonymous_64)
FN:1013,(anonymous_65)
FN:1038,(anonymous_66)
FN:1049,(anonymous_67)
FN:1066,(anonymous_68)
FN:1082,(anonymous_69)
FN:1126,(anonymous_70)
FN:1136,(anonymous_71)
FN:1154,(anonymous_72)
FN:1157,(anonymous_73)
FN:1168,(anonymous_74)
FN:1170,(anonymous_75)
FN:1184,(anonymous_76)
FN:1194,(anonymous_77)
FN:1209,(anonymous_78)
FN:1219,(anonymous_79)
FN:1239,(anonymous_80)
FN:1249,(anonymous_81)
FN:1259,(anonymous_82)
FN:1261,(anonymous_83)
FN:1283,(anonymous_84)
FN:1299,(anonymous_85)
FN:1327,(anonymous_86)
FN:1399,(anonymous_87)
FN:1434,(anonymous_88)
FN:1447,(anonymous_89)
FN:1474,(anonymous_90)
FN:1483,(anonymous_91)
FN:1494,(anonymous_92)
FN:1511,(anonymous_93)
FN:1525,(anonymous_94)
FN:1538,(anonymous_95)
FN:1563,(anonymous_96)
FN:1572,(anonymous_97)
FN:1583,(anonymous_98)
FN:1596,(anonymous_99)
FN:1610,(anonymous_100)
FN:1634,(anonymous_101)
FN:1643,(anonymous_102)
FN:1654,(anonymous_103)
FN:1670,(anonymous_104)
FN:1684,(anonymous_105)
FN:1698,(anonymous_106)
FN:1722,(anonymous_107)
FN:1731,(anonymous_108)
FN:1742,(anonymous_109)
FN:1767,(anonymous_110)
FN:1781,(anonymous_111)
FN:1821,(anonymous_112)
FN:1835,(anonymous_113)
FN:1848,(anonymous_114)
FN:1873,(anonymous_115)
FN:1882,(anonymous_116)
FN:1892,(anonymous_117)
FN:1898,(anonymous_118)
FN:1901,(anonymous_119)
FN:1908,(anonymous_120)
FN:1914,(anonymous_121)
FN:1917,(anonymous_122)
FN:1936,(anonymous_123)
FN:1992,(anonymous_124)
FN:2029,(anonymous_125)
FN:2101,(anonymous_126)
FN:2113,(anonymous_127)
FN:2126,(anonymous_128)
FN:2153,(anonymous_129)
FN:2177,(anonymous_130)
FN:2196,(anonymous_131)
FN:2198,(anonymous_132)
FN:2221,(anonymous_133)
FN:2234,(anonymous_134)
FN:2247,(anonymous_135)
FN:2253,(anonymous_136)
FN:2260,(anonymous_137)
FN:2269,(anonymous_138)
FN:2284,(anonymous_139)
FN:2300,(anonymous_140)
FN:2310,(anonymous_141)
FN:2329,(anonymous_142)
FN:2349,(anonymous_143)
FN:2361,(anonymous_144)
FN:2373,(anonymous_145)
FN:2389,(anonymous_146)
FN:2418,(anonymous_147)
FN:2428,(anonymous_148)
FN:2463,(anonymous_149)
FN:2475,(anonymous_150)
FN:2495,(anonymous_151)
FN:2506,(anonymous_152)
FN:2509,(anonymous_153)
FN:2516,(anonymous_154)
FN:2525,(anonymous_155)
FN:2560,(anonymous_156)
FN:2562,(anonymous_157)
FN:2569,(anonymous_158)
FN:2571,(anonymous_159)
FN:2578,(anonymous_160)
FN:2591,(anonymous_161)
FN:2593,(anonymous_162)
FN:2629,(anonymous_163)
FN:2654,(anonymous_164)
FN:2657,(anonymous_165)
FN:2698,(anonymous_166)
FN:2700,(anonymous_167)
FN:2707,(anonymous_168)
FN:2709,(anonymous_169)
FN:2723,(anonymous_170)
FN:2733,(anonymous_171)
FN:2751,(anonymous_172)
FN:2761,(anonymous_173)
FN:2776,(anonymous_174)
FN:2786,(anonymous_175)
FN:2794,(anonymous_176)
FN:2813,(anonymous_177)
FN:2819,(anonymous_178)
FN:2854,(anonymous_179)
FN:2857,(anonymous_180)
FN:2864,(anonymous_181)
FN:2866,(anonymous_182)
FN:2901,(anonymous_183)
FN:2920,(anonymous_184)
FN:2956,(anonymous_185)
FN:2960,(anonymous_186)
FN:2961,(anonymous_187)
FN:2962,(anonymous_188)
FN:2965,(anonymous_189)
FN:2968,(anonymous_190)
FN:2969,(anonymous_191)
FN:2973,(anonymous_192)
FN:2979,(anonymous_193)
FN:2993,(anonymous_194)
FN:3001,(anonymous_195)
FN:3022,(anonymous_196)
FN:3023,(anonymous_197)
FN:3060,(anonymous_198)
FN:3082,(anonymous_199)
FN:3115,(anonymous_200)
FN:3140,(anonymous_201)
FN:3286,(anonymous_202)
FN:3304,(anonymous_203)
FN:3310,(anonymous_204)
FN:3315,(anonymous_205)
FN:3319,(anonymous_206)
FN:3320,(anonymous_207)
FN:3326,(anonymous_208)
FN:3327,(anonymous_209)
FN:3332,(anonymous_210)
FN:3334,(anonymous_211)
FN:3369,(anonymous_212)
FN:3376,(anonymous_213)
FN:3377,(anonymous_214)
FN:3378,(anonymous_215)
FN:3382,(anonymous_216)
FN:3386,(anonymous_217)
FN:3399,(anonymous_218)
FN:3400,(anonymous_219)
FN:3406,(anonymous_220)
FN:3408,(anonymous_221)
FN:3448,(anonymous_222)
FN:3508,(anonymous_223)
FN:3520,(anonymous_224)
FN:3525,(anonymous_225)
FN:3528,(anonymous_226)
FN:3531,(anonymous_227)
FN:3533,(anonymous_228)
FN:3544,(anonymous_229)
FN:3547,(anonymous_230)
FN:3554,(anonymous_231)
FN:3557,(anonymous_232)
FN:3574,(anonymous_233)
FN:3583,(anonymous_234)
FN:3588,(anonymous_235)
FN:3591,(anonymous_236)
FN:3594,(anonymous_237)
FN:3611,(anonymous_238)
FN:3616,(anonymous_239)
FN:3636,(anonymous_240)
FN:3648,(anonymous_241)
FN:3653,(anonymous_242)
FN:3656,(anonymous_243)
FN:3659,(anonymous_244)
FN:3662,(anonymous_245)
FN:3666,(anonymous_246)
FN:3683,(anonymous_247)
FN:3694,(anonymous_248)
FN:3697,(anonymous_249)
FN:3704,(anonymous_250)
FN:3707,(anonymous_251)
FN:3724,(anonymous_252)
FN:3733,(anonymous_253)
FN:3739,(anonymous_254)
FN:3745,(anonymous_255)
FN:3763,(anonymous_256)
FN:3768,(anonymous_257)
FN:3788,(anonymous_258)
FN:3793,(anonymous_259)
FN:3795,(anonymous_260)
FN:3807,(anonymous_261)
FN:3819,(anonymous_262)
FN:3822,(anonymous_263)
FN:3840,(anonymous_264)
FN:3852,(anonymous_265)
FN:3857,(anonymous_266)
FN:3860,(anonymous_267)
FN:3863,(anonymous_268)
FN:3865,(anonymous_269)
FN:3876,(anonymous_270)
FN:3879,(anonymous_271)
FN:3896,(anonymous_272)
FN:3912,(anonymous_273)
FN:3917,(anonymous_274)
FN:3923,(anonymous_275)
FN:3928,(anonymous_276)
FN:3969,(anonymous_277)
FN:3976,(anonymous_278)
FN:3977,(anonymous_279)
FN:3980,(anonymous_280)
FN:3984,(anonymous_281)
FN:3988,(anonymous_282)
FN:3989,(anonymous_283)
FN:3994,(anonymous_284)
FN:3995,(anonymous_285)
FN:3998,(anonymous_286)
FN:4000,(anonymous_287)
FN:4004,(anonymous_288)
FN:4009,(anonymous_289)
FN:4010,(anonymous_290)
FN:4054,(anonymous_291)
FN:4057,(anonymous_292)
FN:4063,(anonymous_293)
FN:4067,(anonymous_294)
FN:4071,(anonymous_295)
FN:4075,(anonymous_296)
FN:4076,(anonymous_297)
FN:4077,(anonymous_298)
FN:4123,(anonymous_299)
FN:4132,(anonymous_300)
FN:4136,(anonymous_301)
FN:4140,(anonymous_302)
FN:4141,(anonymous_303)
FN:4146,(anonymous_304)
FN:4151,(anonymous_305)
FN:4156,(anonymous_306)
FN:4157,(anonymous_307)
FN:4160,(anonymous_308)
FN:4164,(anonymous_309)
FN:4168,(anonymous_310)
FN:4169,(anonymous_311)
FN:4177,(anonymous_312)
FN:4185,(anonymous_313)
FN:4192,(anonymous_314)
FN:4199,(anonymous_315)
FN:4204,(anonymous_316)
FN:4208,(anonymous_317)
FN:4211,(anonymous_318)
FN:4213,(anonymous_319)
FN:4216,(anonymous_320)
FN:4220,(anonymous_321)
FN:4225,(anonymous_322)
FN:4229,(anonymous_323)
FN:4234,(anonymous_324)
FN:4235,(anonymous_325)
FN:4240,(anonymous_326)
FN:4251,(anonymous_327)
FN:4253,(anonymous_328)
FNF:329
FNH:16
FNDA:2,(anonymous_0)
FNDA:2,(anonymous_1)
FNDA:0,(anonymous_2)
FNDA:0,(anonymous_3)
FNDA:0,(anonymous_4)
FNDA:0,(anonymous_5)
FNDA:0,(anonymous_6)
FNDA:0,(anonymous_7)
FNDA:0,(anonymous_8)
FNDA:0,(anonymous_9)
FNDA:0,(anonymous_10)
FNDA:0,(anonymous_11)
FNDA:0,(anonymous_12)
FNDA:0,(anonymous_13)
FNDA:0,(anonymous_14)
FNDA:0,(anonymous_15)
FNDA:0,(anonymous_16)
FNDA:0,(anonymous_17)
FNDA:0,(anonymous_18)
FNDA:0,(anonymous_19)
FNDA:0,(anonymous_20)
FNDA:0,(anonymous_21)
FNDA:0,(anonymous_22)
FNDA:0,(anonymous_23)
FNDA:0,(anonymous_24)
FNDA:0,(anonymous_25)
FNDA:0,(anonymous_26)
FNDA:0,(anonymous_27)
FNDA:0,(anonymous_28)
FNDA:0,(anonymous_29)
FNDA:0,(anonymous_30)
FNDA:0,(anonymous_31)
FNDA:0,(anonymous_32)
FNDA:0,(anonymous_33)
FNDA:0,(anonymous_34)
FNDA:0,(anonymous_35)
FNDA:0,(anonymous_36)
FNDA:0,(anonymous_37)
FNDA:0,(anonymous_38)
FNDA:0,(anonymous_39)
FNDA:0,(anonymous_40)
FNDA:0,(anonymous_41)
FNDA:0,(anonymous_42)
FNDA:0,(anonymous_43)
FNDA:0,(anonymous_44)
FNDA:0,(anonymous_45)
FNDA:0,(anonymous_46)
FNDA:0,(anonymous_47)
FNDA:0,(anonymous_48)
FNDA:0,(anonymous_49)
FNDA:0,(anonymous_50)
FNDA:0,(anonymous_51)
FNDA:0,(anonymous_52)
FNDA:0,(anonymous_53)
FNDA:0,(anonymous_54)
FNDA:0,(anonymous_55)
FNDA:0,(anonymous_56)
FNDA:0,(anonymous_57)
FNDA:0,(anonymous_58)
FNDA:0,(anonymous_59)
FNDA:0,(anonymous_60)
FNDA:0,(anonymous_61)
FNDA:0,(anonymous_62)
FNDA:0,(anonymous_63)
FNDA:0,(anonymous_64)
FNDA:0,(anonymous_65)
FNDA:0,(anonymous_66)
FNDA:0,(anonymous_67)
FNDA:0,(anonymous_68)
FNDA:0,(anonymous_69)
FNDA:0,(anonymous_70)
FNDA:0,(anonymous_71)
FNDA:0,(anonymous_72)
FNDA:0,(anonymous_73)
FNDA:0,(anonymous_74)
FNDA:0,(anonymous_75)
FNDA:0,(anonymous_76)
FNDA:0,(anonymous_77)
FNDA:0,(anonymous_78)
FNDA:0,(anonymous_79)
FNDA:0,(anonymous_80)
FNDA:0,(anonymous_81)
FNDA:0,(anonymous_82)
FNDA:0,(anonymous_83)
FNDA:0,(anonymous_84)
FNDA:0,(anonymous_85)
FNDA:0,(anonymous_86)
FNDA:0,(anonymous_87)
FNDA:0,(anonymous_88)
FNDA:0,(anonymous_89)
FNDA:0,(anonymous_90)
FNDA:0,(anonymous_91)
FNDA:0,(anonymous_92)
FNDA:0,(anonymous_93)
FNDA:0,(anonymous_94)
FNDA:0,(anonymous_95)
FNDA:0,(anonymous_96)
FNDA:0,(anonymous_97)
FNDA:0,(anonymous_98)
FNDA:0,(anonymous_99)
FNDA:0,(anonymous_100)
FNDA:0,(anonymous_101)
FNDA:0,(anonymous_102)
FNDA:0,(anonymous_103)
FNDA:0,(anonymous_104)
FNDA:0,(anonymous_105)
FNDA:0,(anonymous_106)
FNDA:0,(anonymous_107)
FNDA:0,(anonymous_108)
FNDA:0,(anonymous_109)
FNDA:0,(anonymous_110)
FNDA:0,(anonymous_111)
FNDA:0,(anonymous_112)
FNDA:0,(anonymous_113)
FNDA:0,(anonymous_114)
FNDA:0,(anonymous_115)
FNDA:0,(anonymous_116)
FNDA:0,(anonymous_117)
FNDA:0,(anonymous_118)
FNDA:0,(anonymous_119)
FNDA:0,(anonymous_120)
FNDA:0,(anonymous_121)
FNDA:0,(anonymous_122)
FNDA:0,(anonymous_123)
FNDA:0,(anonymous_124)
FNDA:0,(anonymous_125)
FNDA:0,(anonymous_126)
FNDA:0,(anonymous_127)
FNDA:0,(anonymous_128)
FNDA:0,(anonymous_129)
FNDA:0,(anonymous_130)
FNDA:0,(anonymous_131)
FNDA:0,(anonymous_132)
FNDA:0,(anonymous_133)
FNDA:0,(anonymous_134)
FNDA:0,(anonymous_135)
FNDA:0,(anonymous_136)
FNDA:0,(anonymous_137)
FNDA:0,(anonymous_138)
FNDA:0,(anonymous_139)
FNDA:0,(anonymous_140)
FNDA:0,(anonymous_141)
FNDA:0,(anonymous_142)
FNDA:0,(anonymous_143)
FNDA:0,(anonymous_144)
FNDA:0,(anonymous_145)
FNDA:0,(anonymous_146)
FNDA:0,(anonymous_147)
FNDA:0,(anonymous_148)
FNDA:0,(anonymous_149)
FNDA:0,(anonymous_150)
FNDA:0,(anonymous_151)
FNDA:0,(anonymous_152)
FNDA:0,(anonymous_153)
FNDA:0,(anonymous_154)
FNDA:0,(anonymous_155)
FNDA:0,(anonymous_156)
FNDA:0,(anonymous_157)
FNDA:0,(anonymous_158)
FNDA:0,(anonymous_159)
FNDA:0,(anonymous_160)
FNDA:0,(anonymous_161)
FNDA:0,(anonymous_162)
FNDA:0,(anonymous_163)
FNDA:0,(anonymous_164)
FNDA:0,(anonymous_165)
FNDA:0,(anonymous_166)
FNDA:0,(anonymous_167)
FNDA:0,(anonymous_168)
FNDA:0,(anonymous_169)
FNDA:0,(anonymous_170)
FNDA:0,(anonymous_171)
FNDA:0,(anonymous_172)
FNDA:0,(anonymous_173)
FNDA:0,(anonymous_174)
FNDA:0,(anonymous_175)
FNDA:0,(anonymous_176)
FNDA:0,(anonymous_177)
FNDA:0,(anonymous_178)
FNDA:0,(anonymous_179)
FNDA:0,(anonymous_180)
FNDA:0,(anonymous_181)
FNDA:0,(anonymous_182)
FNDA:0,(anonymous_183)
FNDA:0,(anonymous_184)
FNDA:0,(anonymous_185)
FNDA:0,(anonymous_186)
FNDA:0,(anonymous_187)
FNDA:0,(anonymous_188)
FNDA:0,(anonymous_189)
FNDA:0,(anonymous_190)
FNDA:0,(anonymous_191)
FNDA:0,(anonymous_192)
FNDA:0,(anonymous_193)
FNDA:0,(anonymous_194)
FNDA:0,(anonymous_195)
FNDA:0,(anonymous_196)
FNDA:0,(anonymous_197)
FNDA:0,(anonymous_198)
FNDA:0,(anonymous_199)
FNDA:0,(anonymous_200)
FNDA:0,(anonymous_201)
FNDA:0,(anonymous_202)
FNDA:0,(anonymous_203)
FNDA:0,(anonymous_204)
FNDA:0,(anonymous_205)
FNDA:0,(anonymous_206)
FNDA:0,(anonymous_207)
FNDA:0,(anonymous_208)
FNDA:0,(anonymous_209)
FNDA:0,(anonymous_210)
FNDA:0,(anonymous_211)
FNDA:0,(anonymous_212)
FNDA:0,(anonymous_213)
FNDA:0,(anonymous_214)
FNDA:0,(anonymous_215)
FNDA:0,(anonymous_216)
FNDA:0,(anonymous_217)
FNDA:0,(anonymous_218)
FNDA:0,(anonymous_219)
FNDA:0,(anonymous_220)
FNDA:0,(anonymous_221)
FNDA:0,(anonymous_222)
FNDA:0,(anonymous_223)
FNDA:0,(anonymous_224)
FNDA:0,(anonymous_225)
FNDA:0,(anonymous_226)
FNDA:0,(anonymous_227)
FNDA:0,(anonymous_228)
FNDA:0,(anonymous_229)
FNDA:0,(anonymous_230)
FNDA:0,(anonymous_231)
FNDA:0,(anonymous_232)
FNDA:0,(anonymous_233)
FNDA:0,(anonymous_234)
FNDA:0,(anonymous_235)
FNDA:0,(anonymous_236)
FNDA:0,(anonymous_237)
FNDA:0,(anonymous_238)
FNDA:0,(anonymous_239)
FNDA:0,(anonymous_240)
FNDA:0,(anonymous_241)
FNDA:0,(anonymous_242)
FNDA:0,(anonymous_243)
FNDA:0,(anonymous_244)
FNDA:0,(anonymous_245)
FNDA:0,(anonymous_246)
FNDA:0,(anonymous_247)
FNDA:0,(anonymous_248)
FNDA:0,(anonymous_249)
FNDA:0,(anonymous_250)
FNDA:0,(anonymous_251)
FNDA:0,(anonymous_252)
FNDA:0,(anonymous_253)
FNDA:0,(anonymous_254)
FNDA:0,(anonymous_255)
FNDA:0,(anonymous_256)
FNDA:0,(anonymous_257)
FNDA:0,(anonymous_258)
FNDA:0,(anonymous_259)
FNDA:0,(anonymous_260)
FNDA:0,(anonymous_261)
FNDA:0,(anonymous_262)
FNDA:0,(anonymous_263)
FNDA:0,(anonymous_264)
FNDA:0,(anonymous_265)
FNDA:0,(anonymous_266)
FNDA:0,(anonymous_267)
FNDA:0,(anonymous_268)
FNDA:0,(anonymous_269)
FNDA:0,(anonymous_270)
FNDA:0,(anonymous_271)
FNDA:0,(anonymous_272)
FNDA:0,(anonymous_273)
FNDA:0,(anonymous_274)
FNDA:0,(anonymous_275)
FNDA:0,(anonymous_276)
FNDA:1,(anonymous_277)
FNDA:1,(anonymous_278)
FNDA:2,(anonymous_279)
FNDA:1,(anonymous_280)
FNDA:1,(anonymous_281)
FNDA:1,(anonymous_282)
FNDA:1,(anonymous_283)
FNDA:1,(anonymous_284)
FNDA:1,(anonymous_285)
FNDA:2,(anonymous_286)
FNDA:1,(anonymous_287)
FNDA:1,(anonymous_288)
FNDA:1,(anonymous_289)
FNDA:1,(anonymous_290)
FNDA:0,(anonymous_291)
FNDA:0,(anonymous_292)
FNDA:0,(anonymous_293)
FNDA:0,(anonymous_294)
FNDA:0,(anonymous_295)
FNDA:0,(anonymous_296)
FNDA:0,(anonymous_297)
FNDA:0,(anonymous_298)
FNDA:0,(anonymous_299)
FNDA:0,(anonymous_300)
FNDA:0,(anonymous_301)
FNDA:0,(anonymous_302)
FNDA:0,(anonymous_303)
FNDA:0,(anonymous_304)
FNDA:0,(anonymous_305)
FNDA:0,(anonymous_306)
FNDA:0,(anonymous_307)
FNDA:0,(anonymous_308)
FNDA:0,(anonymous_309)
FNDA:0,(anonymous_310)
FNDA:0,(anonymous_311)
FNDA:0,(anonymous_312)
FNDA:0,(anonymous_313)
FNDA:0,(anonymous_314)
FNDA:0,(anonymous_315)
FNDA:0,(anonymous_316)
FNDA:0,(anonymous_317)
FNDA:0,(anonymous_318)
FNDA:0,(anonymous_319)
FNDA:0,(anonymous_320)
FNDA:0,(anonymous_321)
FNDA:0,(anonymous_322)
FNDA:0,(anonymous_323)
FNDA:0,(anonymous_324)
FNDA:0,(anonymous_325)
FNDA:0,(anonymous_326)
FNDA:0,(anonymous_327)
FNDA:0,(anonymous_328)
DA:5,1
DA:6,2
DA:8,1
DA:9,1
DA:10,1
DA:11,1
DA:12,1
DA:13,1
DA:14,1
DA:15,1
DA:16,1
DA:17,1
DA:23,2
DA:24,2
DA:25,0
DA:27,2
DA:34,0
DA:44,0
DA:45,0
DA:46,0
DA:49,0
DA:53,0
DA:56,0
DA:58,0
DA:59,0
DA:60,0
DA:62,0
DA:66,0
DA:69,0
DA:74,0
DA:75,0
DA:79,0
DA:82,0
DA:86,0
DA:87,0
DA:92,0
DA:95,0
DA:99,0
DA:100,0
DA:109,0
DA:110,0
DA:112,0
DA:115,0
DA:119,0
DA:120,0
DA:128,0
DA:129,0
DA:131,0
DA:134,0
DA:138,0
DA:139,0
DA:147,0
DA:148,0
DA:150,0
DA:153,0
DA:157,0
DA:158,0
DA:167,0
DA:168,0
DA:170,0
DA:173,0
DA:177,0
DA:178,0
DA:185,0
DA:188,0
DA:192,0
DA:193,0
DA:197,0
DA:198,0
DA:200,0
DA:201,0
DA:204,0
DA:205,0
DA:210,0
DA:211,0
DA:212,0
DA:213,0
DA:215,0
DA:220,0
DA:242,0
DA:246,0
DA:257,0
DA:261,0
DA:262,0
DA:263,0
DA:266,0
DA:270,0
DA:271,0
DA:276,0
DA:279,0
DA:280,0
DA:284,0
DA:286,0
DA:287,0
DA:290,0
DA:295,0
DA:296,0
DA:301,0
DA:302,0
DA:304,0
DA:307,0
DA:311,0
DA:313,0
DA:314,0
DA:315,0
DA:317,0
DA:318,0
DA:321,0
DA:322,0
DA:323,0
DA:325,0
DA:328,0
DA:333,0
DA:334,0
DA:335,0
DA:338,0
DA:342,0
DA:346,0
DA:350,0
DA:351,0
DA:352,0
DA:353,0
DA:355,0
DA:360,0
DA:390,0
DA:394,0
DA:405,0
DA:409,0
DA:410,0
DA:411,0
DA:414,0
DA:418,0
DA:419,0
DA:424,0
DA:427,0
DA:428,0
DA:432,0
DA:434,0
DA:436,0
DA:437,0
DA:440,0
DA:441,0
DA:444,0
DA:448,0
DA:449,0
DA:453,0
DA:454,0
DA:456,0
DA:459,0
DA:463,0
DA:465,0
DA:467,0
DA:468,0
DA:471,0
DA:472,0
DA:475,0
DA:476,0
DA:482,0
DA:483,0
DA:484,0
DA:485,0
DA:491,0
DA:496,0
DA:498,0
DA:502,0
DA:504,0
DA:505,0
DA:507,0
DA:511,0
DA:515,0
DA:516,0
DA:521,0
DA:523,0
DA:527,0
DA:530,0
DA:531,0
DA:535,0
DA:536,0
DA:538,0
DA:539,0
DA:540,0
DA:541,0
DA:543,0
DA:544,0
DA:545,0
DA:548,0
DA:549,0
DA:550,0
DA:552,0
DA:553,0
DA:559,0
DA:560,0
DA:562,0
DA:563,0
DA:568,0
DA:569,0
DA:570,0
DA:572,0
DA:574,0
DA:575,0
DA:578,0
DA:579,0
DA:583,0
DA:585,0
DA:586,0
DA:587,0
DA:589,0
DA:590,0
DA:593,0
DA:594,0
DA:595,0
DA:597,0
DA:600,0
DA:605,0
DA:606,0
DA:609,0
DA:612,0
DA:617,0
DA:618,0
DA:621,0
DA:624,0
DA:628,0
DA:630,0
DA:631,0
DA:634,0
DA:635,0
DA:636,0
DA:638,0
DA:639,0
DA:642,0
DA:643,0
DA:644,0
DA:645,0
DA:646,0
DA:647,0
DA:654,0
DA:655,0
DA:659,0
DA:660,0
DA:662,0
DA:665,0
DA:669,0
DA:673,0
DA:676,0
DA:678,0
DA:682,0
DA:683,0
DA:685,0
DA:686,0
DA:689,0
DA:691,0
DA:694,0
DA:698,0
DA:700,0
DA:704,0
DA:705,0
DA:707,0
DA:708,0
DA:709,0
DA:711,0
DA:714,0
DA:718,0
DA:719,0
DA:724,0
DA:725,0
DA:728,0
DA:732,0
DA:734,0
DA:738,0
DA:739,0
DA:742,0
DA:743,0
DA:744,0
DA:746,0
DA:747,0
DA:749,0
DA:750,0
DA:754,0
DA:755,0
DA:757,0
DA:760,0
DA:764,0
DA:766,0
DA:770,0
DA:771,0
DA:773,0
DA:774,0
DA:775,0
DA:777,0
DA:780,0
DA:784,0
DA:786,0
DA:790,0
DA:791,0
DA:793,0
DA:794,0
DA:799,0
DA:800,0
DA:802,0
DA:805,0
DA:809,0
DA:811,0
DA:815,0
DA:816,0
DA:819,0
DA:820,0
DA:821,0
DA:823,0
DA:824,0
DA:826,0
DA:827,0
DA:831,0
DA:832,0
DA:834,0
DA:837,0
DA:841,0
DA:843,0
DA:847,0
DA:848,0
DA:850,0
DA:851,0
DA:852,0
DA:854,0
DA:857,0
DA:862,0
DA:863,0
DA:864,0
DA:865,0
DA:867,0
DA:871,0
DA:892,0
DA:896,0
DA:907,0
DA:911,0
DA:912,0
DA:913,0
DA:914,0
DA:916,0
DA:920,0
DA:951,0
DA:956,0
DA:967,0
DA:971,0
DA:973,0
DA:974,0
DA:975,0
DA:977,0
DA:978,0
DA:980,0
DA:981,0
DA:989,0
DA:991,0
DA:994,0
DA:998,0
DA:1000,0
DA:1001,0
DA:1002,0
DA:1004,0
DA:1005,0
DA:1008,0
DA:1009,0
DA:1010,0
DA:1013,0
DA:1015,0
DA:1021,0
DA:1022,0
DA:1024,0
DA:1029,0
DA:1030,0
DA:1032,0
DA:1035,0
DA:1039,0
DA:1041,0
DA:1042,0
DA:1043,0
DA:1045,0
DA:1046,0
DA:1048,0
DA:1049,0
DA:1050,0
DA:1058,0
DA:1060,0
DA:1063,0
DA:1067,0
DA:1069,0
DA:1070,0
DA:1071,0
DA:1073,0
DA:1074,0
DA:1076,0
DA:1078,0
DA:1079,0
DA:1082,0
DA:1084,0
DA:1101,0
DA:1106,0
DA:1107,0
DA:1116,0
DA:1117,0
DA:1119,0
DA:1122,0
DA:1123,0
DA:1127,0
DA:1129,0
DA:1130,0
DA:1131,0
DA:1133,0
DA:1134,0
DA:1136,0
DA:1137,0
DA:1145,0
DA:1147,0
DA:1150,0
DA:1155,0
DA:1157,0
DA:1161,0
DA:1162,0
DA:1165,0
DA:1169,0
DA:1170,0
DA:1171,0
DA:1175,0
DA:1176,0
DA:1178,0
DA:1181,0
DA:1185,0
DA:1187,0
DA:1191,0
DA:1192,0
DA:1194,0
DA:1195,0
DA:1200,0
DA:1201,0
DA:1203,0
DA:1206,0
DA:1210,0
DA:1212,0
DA:1216,0
DA:1217,0
DA:1219,0
DA:1220,0
DA:1230,0
DA:1231,0
DA:1233,0
DA:1236,0
DA:1240,0
DA:1242,0
DA:1246,0
DA:1247,0
DA:1249,0
DA:1250,0
DA:1251,0
DA:1253,0
DA:1256,0
DA:1260,0
DA:1261,0
DA:1262,0
DA:1273,0
DA:1274,0
DA:1276,0
DA:1279,0
DA:1284,0
DA:1285,0
DA:1289,0
DA:1290,0
DA:1293,0
DA:1294,0
DA:1296,0
DA:1300,0
DA:1301,0
DA:1306,0
DA:1307,0
DA:1308,0
DA:1313,0
DA:1320,0
DA:1321,0
DA:1324,0
DA:1328,0
DA:1329,0
DA:1330,0
DA:1331,0
DA:1333,0
DA:1335,0
DA:1336,0
DA:1339,0
DA:1340,0
DA:1341,0
DA:1344,0
DA:1346,0
DA:1349,0
DA:1352,0
DA:1354,0
DA:1382,0
DA:1385,0
DA:1396,0
DA:1400,0
DA:1401,0
DA:1402,0
DA:1428,0
DA:1431,0
DA:1435,0
DA:1436,0
DA:1437,0
DA:1441,0
DA:1444,0
DA:1448,0
DA:1449,0
DA:1450,0
DA:1451,0
DA:1453,0
DA:1454,0
DA:1456,0
DA:1464,0
DA:1465,0
DA:1468,0
DA:1469,0
DA:1471,0
DA:1475,0
DA:1476,0
DA:1477,0
DA:1478,0
DA:1480,0
DA:1481,0
DA:1483,0
DA:1484,0
DA:1485,0
DA:1487,0
DA:1490,0
DA:1495,0
DA:1496,0
DA:1500,0
DA:1504,0
DA:1505,0
DA:1508,0
DA:1512,0
DA:1513,0
DA:1514,0
DA:1519,0
DA:1522,0
DA:1526,0
DA:1527,0
DA:1528,0
DA:1532,0
DA:1535,0
DA:1539,0
DA:1540,0
DA:1544,0
DA:1545,0
DA:1547,0
DA:1548,0
DA:1549,0
DA:1551,0
DA:1556,0
DA:1557,0
DA:1560,0
DA:1564,0
DA:1565,0
DA:1569,0
DA:1570,0
DA:1572,0
DA:1573,0
DA:1574,0
DA:1576,0
DA:1579,0
DA:1584,0
DA:1585,0
DA:1589,0
DA:1590,0
DA:1593,0
DA:1597,0
DA:1598,0
DA:1599,0
DA:1604,0
DA:1607,0
DA:1611,0
DA:1612,0
DA:1616,0
DA:1617,0
DA:1619,0
DA:1627,0
DA:1628,0
DA:1631,0
DA:1635,0
DA:1636,0
DA:1640,0
DA:1641,0
DA:1643,0
DA:1644,0
DA:1645,0
DA:1647,0
DA:1650,0
DA:1655,0
DA:1656,0
DA:1660,0
DA:1661,0
DA:1664,0
DA:1665,0
DA:1667,0
DA:1671,0
DA:1672,0
DA:1673,0
DA:1678,0
DA:1681,0
DA:1685,0
DA:1686,0
DA:1687,0
DA:1692,0
DA:1695,0
DA:1699,0
DA:1700,0
DA:1704,0
DA:1705,0
DA:1707,0
DA:1715,0
DA:1716,0
DA:1719,0
DA:1723,0
DA:1724,0
DA:1728,0
DA:1729,0
DA:1731,0
DA:1732,0
DA:1733,0
DA:1735,0
DA:1738,0
DA:1743,0
DA:1744,0
DA:1747,0
DA:1748,0
DA:1750,0
DA:1754,0
DA:1761,0
DA:1764,0
DA:1768,0
DA:1769,0
DA:1774,0
DA:1775,0
DA:1778,0
DA:1782,0
DA:1783,0
DA:1814,0
DA:1815,0
DA:1818,0
DA:1822,0
DA:1823,0
DA:1828,0
DA:1829,0
DA:1832,0
DA:1836,0
DA:1837,0
DA:1841,0
DA:1842,0
DA:1845,0
DA:1849,0
DA:1850,0
DA:1854,0
DA:1855,0
DA:1857,0
DA:1858,0
DA:1859,0
DA:1861,0
DA:1866,0
DA:1867,0
DA:1870,0
DA:1874,0
DA:1875,0
DA:1879,0
DA:1880,0
DA:1882,0
DA:1883,0
DA:1884,0
DA:1886,0
DA:1889,0
DA:1893,0
DA:1894,0
DA:1897,0
DA:1898,0
DA:1900,0
DA:1901,0
DA:1902,0
DA:1903,0
DA:1908,0
DA:1913,0
DA:1914,0
DA:1915,0
DA:1917,0
DA:1921,0
DA:1922,0
DA:1933,0
DA:1937,0
DA:1938,0
DA:1942,0
DA:1943,0
DA:1944,0
DA:1948,0
DA:1949,0
DA:1950,0
DA:1951,0
DA:1952,0
DA:1953,0
DA:1954,0
DA:1955,0
DA:1956,0
DA:1957,0
DA:1958,0
DA:1963,0
DA:1964,0
DA:1967,0
DA:1980,0
DA:1984,0
DA:1985,0
DA:1989,0
DA:1993,0
DA:1994,0
DA:1998,0
DA:1999,0
DA:2001,0
DA:2002,0
DA:2017,0
DA:2021,0
DA:2022,0
DA:2025,0
DA:2026,0
DA:2030,0
DA:2031,0
DA:2032,0
DA:2033,0
DA:2035,0
DA:2037,0
DA:2038,0
DA:2041,0
DA:2042,0
DA:2043,0
DA:2046,0
DA:2047,0
DA:2048,0
DA:2050,0
DA:2051,0
DA:2053,0
DA:2054,0
DA:2058,0
DA:2059,0
DA:2060,0
DA:2061,0
DA:2062,0
DA:2064,0
DA:2065,0
DA:2069,0
DA:2071,0
DA:2074,0
DA:2078,0
DA:2084,0
DA:2087,0
DA:2098,0
DA:2102,0
DA:2103,0
DA:2107,0
DA:2110,0
DA:2114,0
DA:2115,0
DA:2120,0
DA:2123,0
DA:2127,0
DA:2129,0
DA:2130,0
DA:2131,0
DA:2134,0
DA:2135,0
DA:2136,0
DA:2139,0
DA:2140,0
DA:2150,0
DA:2154,0
DA:2155,0
DA:2159,0
DA:2160,0
DA:2162,0
DA:2170,0
DA:2171,0
DA:2174,0
DA:2178,0
DA:2179,0
DA:2183,0
DA:2184,0
DA:2186,0
DA:2189,0
DA:2190,0
DA:2193,0
DA:2197,0
DA:2198,0
DA:2199,0
DA:2203,0
DA:2212,0
DA:2213,0
DA:2215,0
DA:2218,0
DA:2222,0
DA:2223,0
DA:2228,0
DA:2231,0
DA:2235,0
DA:2236,0
DA:2241,0
DA:2244,0
DA:2248,0
DA:2254,0
DA:2257,0
DA:2261,0
DA:2262,0
DA:2263,0
DA:2266,0
DA:2270,0
DA:2271,0
DA:2274,0
DA:2275,0
DA:2278,0
DA:2279,0
DA:2281,0
DA:2285,0
DA:2286,0
DA:2290,0
DA:2291,0
DA:2293,0
DA:2294,0
DA:2297,0
DA:2301,0
DA:2302,0
DA:2303,0
DA:2304,0
DA:2307,0
DA:2311,0
DA:2312,0
DA:2323,0
DA:2326,0
DA:2330,0
DA:2332,0
DA:2336,0
DA:2337,0
DA:2339,0
DA:2342,0
DA:2343,0
DA:2346,0
DA:2350,0
DA:2351,0
DA:2353,0
DA:2354,0
DA:2357,0
DA:2362,0
DA:2363,0
DA:2367,0
DA:2370,0
DA:2374,0
DA:2375,0
DA:2379,0
DA:2382,0
DA:2383,0
DA:2386,0
DA:2390,0
DA:2391,0
DA:2395,0
DA:2396,0
DA:2398,0
DA:2399,0
DA:2401,0
DA:2402,0
DA:2404,0
DA:2408,0
DA:2409,0
DA:2411,0
DA:2412,0
DA:2415,0
DA:2419,0
DA:2420,0
DA:2421,0
DA:2422,0
DA:2425,0
DA:2429,0
DA:2430,0
DA:2431,0
DA:2435,0
DA:2437,0
DA:2438,0
DA:2442,0
DA:2444,0
DA:2445,0
DA:2449,0
DA:2452,0
DA:2455,0
DA:2459,0
DA:2464,0
DA:2465,0
DA:2469,0
DA:2472,0
DA:2476,0
DA:2478,0
DA:2482,0
DA:2483,0
DA:2485,0
DA:2488,0
DA:2489,0
DA:2492,0
DA:2496,0
DA:2497,0
DA:2498,0
DA:2499,0
DA:2502,0
DA:2507,0
DA:2509,0
DA:2510,0
DA:2513,0
DA:2517,0
DA:2519,0
DA:2520,0
DA:2523,0
DA:2525,0
DA:2527,0
DA:2528,0
DA:2530,0
DA:2539,0
DA:2543,0
DA:2550,0
DA:2553,0
DA:2556,0
DA:2561,0
DA:2562,0
DA:2563,0
DA:2566,0
DA:2570,0
DA:2571,0
DA:2572,0
DA:2575,0
DA:2579,0
DA:2580,0
DA:2581,0
DA:2582,0
DA:2585,0
DA:2588,0
DA:2592,0
DA:2593,0
DA:2595,0
DA:2596,0
DA:2598,0
DA:2607,0
DA:2611,0
DA:2619,0
DA:2622,0
DA:2625,0
DA:2630,0
DA:2631,0
DA:2632,0
DA:2633,0
DA:2634,0
DA:2635,0
DA:2637,0
DA:2640,0
DA:2641,0
DA:2644,0
DA:2646,0
DA:2649,0
DA:2650,0
DA:2652,0
DA:2654,0
DA:2655,0
DA:2657,0
DA:2665,0
DA:2666,0
DA:2678,0
DA:2679,0
DA:2680,0
DA:2681,0
DA:2691,0
DA:2692,0
DA:2699,0
DA:2700,0
DA:2701,0
DA:2704,0
DA:2708,0
DA:2709,0
DA:2713,0
DA:2714,0
DA:2716,0
DA:2719,0
DA:2720,0
DA:2724,0
DA:2726,0
DA:2727,0
DA:2728,0
DA:2730,0
DA:2731,0
DA:2733,0
DA:2741,0
DA:2742,0
DA:2744,0
DA:2747,0
DA:2748,0
DA:2752,0
DA:2754,0
DA:2755,0
DA:2756,0
DA:2758,0
DA:2759,0
DA:2761,0
DA:2769,0
DA:2772,0
DA:2773,0
DA:2777,0
DA:2779,0
DA:2780,0
DA:2781,0
DA:2783,0
DA:2784,0
DA:2786,0
DA:2787,0
DA:2790,0
DA:2791,0
DA:2795,0
DA:2796,0
DA:2797,0
DA:2798,0
DA:2799,0
DA:2801,0
DA:2802,0
DA:2805,0
DA:2806,0
DA:2808,0
DA:2810,0
DA:2813,0
DA:2814,0
DA:2816,0
DA:2819,0
DA:2821,0
DA:2822,0
DA:2834,0
DA:2835,0
DA:2836,0
DA:2837,0
DA:2847,0
DA:2848,0
DA:2855,0
DA:2857,0
DA:2858,0
DA:2861,0
DA:2865,0
DA:2866,0
DA:2868,0
DA:2869,0
DA:2871,0
DA:2880,0
DA:2884,0
DA:2891,0
DA:2894,0
DA:2897,0
DA:2902,0
DA:2903,0
DA:2914,0
DA:2917,0
DA:2921,0
DA:2922,0
DA:2923,0
DA:2924,0
DA:2926,0
DA:2927,0
DA:2929,0
DA:2930,0
DA:2932,0
DA:2933,0
DA:2935,0
DA:2936,0
DA:2938,0
DA:2939,0
DA:2941,0
DA:2942,0
DA:2943,0
DA:2945,0
DA:2946,0
DA:2947,0
DA:2949,0
DA:2950,0
DA:2953,0
DA:2957,0
DA:2959,0
DA:2960,0
DA:2961,0
DA:2962,0
DA:2963,0
DA:2964,0
DA:2965,0
DA:2967,0
DA:2968,0
DA:2969,0
DA:2971,0
DA:2972,0
DA:2973,0
DA:2974,0
DA:2975,0
DA:2976,0
DA:2977,0
DA:2979,0
DA:2980,0
DA:2981,0
DA:2984,0
DA:2993,0
DA:2996,0
DA:2998,0
DA:3001,0
DA:3003,0
DA:3005,0
DA:3009,0
DA:3010,0
DA:3011,0
DA:3012,0
DA:3013,0
DA:3014,0
DA:3015,0
DA:3016,0
DA:3017,0
DA:3018,0
DA:3019,0
DA:3022,0
DA:3023,0
DA:3024,0
DA:3030,0
DA:3057,0
DA:3061,0
DA:3062,0
DA:3076,0
DA:3079,0
DA:3083,0
DA:3084,0
DA:3085,0
DA:3086,0
DA:3088,0
DA:3089,0
DA:3091,0
DA:3092,0
DA:3094,0
DA:3095,0
DA:3097,0
DA:3098,0
DA:3100,0
DA:3101,0
DA:3102,0
DA:3104,0
DA:3105,0
DA:3106,0
DA:3108,0
DA:3109,0
DA:3112,0
DA:3116,0
DA:3117,0
DA:3118,0
DA:3119,0
DA:3120,0
DA:3121,0
DA:3122,0
DA:3123,0
DA:3124,0
DA:3127,0
DA:3131,0
DA:3132,0
DA:3134,0
DA:3137,0
DA:3141,0
DA:3142,0
DA:3143,0
DA:3145,0
DA:3146,0
DA:3147,0
DA:3150,0
DA:3151,0
DA:3153,0
DA:3156,0
DA:3157,0
DA:3169,0
DA:3173,0
DA:3174,0
DA:3178,0
DA:3181,0
DA:3182,0
DA:3183,0
DA:3186,0
DA:3187,0
DA:3199,0
DA:3203,0
DA:3204,0
DA:3208,0
DA:3211,0
DA:3212,0
DA:3213,0
DA:3216,0
DA:3217,0
DA:3229,0
DA:3233,0
DA:3234,0
DA:3240,0
DA:3241,0
DA:3242,0
DA:3245,0
DA:3246,0
DA:3248,0
DA:3253,0
DA:3254,0
DA:3257,0
DA:3258,0
DA:3270,0
DA:3275,0
DA:3276,0
DA:3279,0
DA:3282,0
DA:3287,0
DA:3288,0
DA:3289,0
DA:3290,0
DA:3291,0
DA:3292,0
DA:3298,0
DA:3301,0
DA:3305,0
DA:3306,0
DA:3307,0
DA:3309,0
DA:3310,0
DA:3311,0
DA:3312,0
DA:3313,0
DA:3315,0
DA:3316,0
DA:3317,0
DA:3319,0
DA:3320,0
DA:3321,0
DA:3325,0
DA:3326,0
DA:3327,0
DA:3328,0
DA:3332,0
DA:3333,0
DA:3334,0
DA:3335,0
DA:3336,0
DA:3337,0
DA:3340,0
DA:3342,0
DA:3344,0
DA:3366,0
DA:3370,0
DA:3371,0
DA:3372,0
DA:3373,0
DA:3375,0
DA:3376,0
DA:3377,0
DA:3378,0
DA:3379,0
DA:3380,0
DA:3382,0
DA:3383,0
DA:3384,0
DA:3386,0
DA:3387,0
DA:3388,0
DA:3391,0
DA:3394,0
DA:3398,0
DA:3399,0
DA:3400,0
DA:3401,0
DA:3405,0
DA:3406,0
DA:3407,0
DA:3408,0
DA:3409,0
DA:3410,0
DA:3413,0
DA:3415,0
DA:3417,0
DA:3420,0
DA:3445,0
DA:3449,0
DA:3450,0
DA:3451,0
DA:3454,0
DA:3461,0
DA:3467,0
DA:3473,0
DA:3477,0
DA:3504,0
DA:3509,0
DA:3510,0
DA:3514,0
DA:3517,0
DA:3521,0
DA:3522,0
DA:3523,0
DA:3524,0
DA:3525,0
DA:3527,0
DA:3528,0
DA:3530,0
DA:3531,0
DA:3533,0
DA:3534,0
DA:3535,0
DA:3536,0
DA:3538,0
DA:3541,1
DA:3545,0
DA:3546,0
DA:3547,0
DA:3548,0
DA:3551,1
DA:3555,0
DA:3556,0
DA:3557,0
DA:3558,0
DA:3559,0
DA:3561,0
DA:3565,0
DA:3566,0
DA:3568,0
DA:3571,0
DA:3575,0
DA:3576,0
DA:3577,0
DA:3580,0
DA:3584,0
DA:3585,0
DA:3586,0
DA:3587,0
DA:3588,0
DA:3590,0
DA:3591,0
DA:3593,0
DA:3594,0
DA:3595,0
DA:3596,0
DA:3597,0
DA:3599,0
DA:3600,0
DA:3601,0
DA:3602,0
DA:3603,0
DA:3605,0
DA:3606,0
DA:3607,0
DA:3608,0
DA:3609,0
DA:3611,0
DA:3616,0
DA:3621,0
DA:3632,0
DA:3637,0
DA:3638,0
DA:3642,0
DA:3645,0
DA:3649,0
DA:3650,0
DA:3651,0
DA:3652,0
DA:3653,0
DA:3655,0
DA:3656,0
DA:3658,0
DA:3659,0
DA:3661,0
DA:3662,0
DA:3665,0
DA:3666,0
DA:3667,0
DA:3668,0
DA:3669,0
DA:3670,0
DA:3672,0
DA:3674,0
DA:3676,0
DA:3678,0
DA:3680,0
DA:3683,0
DA:3684,0
DA:3685,0
DA:3686,0
DA:3688,0
DA:3691,0
DA:3695,0
DA:3696,0
DA:3697,0
DA:3698,0
DA:3701,0
DA:3705,0
DA:3706,0
DA:3707,0
DA:3708,0
DA:3709,0
DA:3711,0
DA:3715,0
DA:3716,0
DA:3718,0
DA:3721,0
DA:3725,0
DA:3726,0
DA:3727,0
DA:3730,0
DA:3734,0
DA:3735,0
DA:3736,0
DA:3738,0
DA:3739,0
DA:3740,0
DA:3741,0
DA:3744,0
DA:3745,0
DA:3746,0
DA:3747,0
DA:3748,0
DA:3750,0
DA:3751,0
DA:3752,0
DA:3753,0
DA:3754,0
DA:3756,0
DA:3757,0
DA:3758,0
DA:3759,0
DA:3760,0
DA:3761,0
DA:3763,0
DA:3768,0
DA:3773,0
DA:3784,1
DA:3789,0
DA:3790,0
DA:3791,0
DA:3792,0
DA:3793,0
DA:3795,0
DA:3796,0
DA:3797,0
DA:3799,0
DA:3801,0
DA:3804,0
DA:3808,0
DA:3809,0
DA:3813,0
DA:3816,0
DA:3820,0
DA:3821,0
DA:3822,0
DA:3823,0
DA:3824,0
DA:3826,0
DA:3830,0
DA:3831,0
DA:3833,0
DA:3836,1
DA:3841,0
DA:3842,0
DA:3846,0
DA:3849,0
DA:3853,0
DA:3854,0
DA:3855,0
DA:3856,0
DA:3857,0
DA:3859,0
DA:3860,0
DA:3862,0
DA:3863,0
DA:3865,0
DA:3866,0
DA:3867,0
DA:3868,0
DA:3870,0
DA:3873,0
DA:3877,0
DA:3878,0
DA:3879,0
DA:3880,0
DA:3881,0
DA:3883,0
DA:3887,0
DA:3888,0
DA:3890,0
DA:3893,0
DA:3897,0
DA:3899,0
DA:3900,0
DA:3903,0
DA:3905,0
DA:3906,0
DA:3907,0
DA:3908,0
DA:3910,0
DA:3912,0
DA:3913,0
DA:3914,0
DA:3916,0
DA:3917,0
DA:3918,0
DA:3921,0
DA:3923,0
DA:3924,0
DA:3925,0
DA:3927,0
DA:3928,0
DA:3929,0
DA:3933,0
DA:3934,0
DA:3936,0
DA:3937,0
DA:3938,0
DA:3940,0
DA:3941,0
DA:3944,0
DA:3956,0
DA:3960,0
DA:3962,0
DA:3965,1
DA:3970,1
DA:3971,1
DA:3973,1
DA:3974,1
DA:3976,1
DA:3977,2
DA:3979,2
DA:3980,2
DA:3981,1
DA:3982,2
DA:3984,2
DA:3985,1
DA:3986,1
DA:3988,1
DA:3989,1
DA:3992,1
DA:3993,1
DA:3994,1
DA:3995,1
DA:3997,1
DA:3998,2
DA:3999,2
DA:4000,2
DA:4001,1
DA:4002,1
DA:4004,1
DA:4007,1
DA:4008,1
DA:4009,1
DA:4010,1
DA:4012,1
DA:4013,1
DA:4016,1
DA:4017,1
DA:4020,1
DA:4021,1
DA:4022,1
DA:4023,1
DA:4026,1
DA:4051,0
DA:4055,0
DA:4057,0
DA:4058,0
DA:4059,0
DA:4061,0
DA:4063,0
DA:4064,0
DA:4065,0
DA:4067,0
DA:4068,0
DA:4069,0
DA:4071,0
DA:4072,0
DA:4073,0
DA:4075,0
DA:4076,0
DA:4077,0
DA:4078,0
DA:4079,0
DA:4081,0
DA:4082,0
DA:4083,0
DA:4084,0
DA:4087,0
DA:4088,0
DA:4091,0
DA:4092,0
DA:4095,0
DA:4120,0
DA:4124,0
DA:4126,0
DA:4127,0
DA:4129,0
DA:4130,0
DA:4131,0
DA:4132,0
DA:4133,0
DA:4134,0
DA:4136,0
DA:4137,0
DA:4138,0
DA:4140,0
DA:4141,0
DA:4143,0
DA:4144,0
DA:4145,0
DA:4146,0
DA:4147,0
DA:4148,0
DA:4149,0
DA:4151,0
DA:4152,0
DA:4153,0
DA:4154,0
DA:4156,0
DA:4157,0
DA:4160,0
DA:4161,0
DA:4162,0
DA:4164,0
DA:4165,0
DA:4166,0
DA:4168,0
DA:4169,0
DA:4171,0
DA:4173,0
DA:4174,0
DA:4175,0
DA:4176,0
DA:4177,0
DA:4178,0
DA:4179,0
DA:4182,0
DA:4183,0
DA:4184,0
DA:4185,0
DA:4186,0
DA:4187,0
DA:4188,0
DA:4192,0
DA:4193,0
DA:4194,0
DA:4197,0
DA:4198,0
DA:4199,0
DA:4200,0
DA:4201,0
DA:4202,0
DA:4204,0
DA:4208,0
DA:4210,0
DA:4211,0
DA:4212,0
DA:4213,0
DA:4215,0
DA:4216,0
DA:4218,0
DA:4219,0
DA:4220,0
DA:4221,0
DA:4222,0
DA:4223,0
DA:4225,0
DA:4229,0
DA:4231,0
DA:4233,0
DA:4234,0
DA:4235,0
DA:4236,0
DA:4237,0
DA:4238,0
DA:4240,0
DA:4241,0
DA:4242,0
DA:4244,0
DA:4245,0
DA:4248,0
DA:4251,0
DA:4252,0
DA:4254,0
DA:4255,0
DA:4258,0
DA:4259,0
DA:4264,0
DA:4295,1
DA:4299,1
DA:4300,1
DA:4302,0
DA:4303,0
LF:1686
LH:62
BRDA:5,0,0,1
BRDA:5,0,1,1
BRDA:5,0,2,2
BRDA:6,1,0,0
BRDA:6,1,1,2
BRDA:6,2,0,2
BRDA:6,2,1,2
BRDA:23,3,0,0
BRDA:23,3,1,2
BRDA:24,4,0,0
BRDA:24,4,1,2
BRDA:46,5,0,0
BRDA:46,5,1,0
BRDA:59,6,0,0
BRDA:59,6,1,0
BRDA:59,7,0,0
BRDA:59,7,1,0
BRDA:109,8,0,0
BRDA:109,8,1,0
BRDA:128,9,0,0
BRDA:128,9,1,0
BRDA:147,10,0,0
BRDA:147,10,1,0
BRDA:167,11,0,0
BRDA:167,11,1,0
BRDA:197,12,0,0
BRDA:197,12,1,0
BRDA:211,13,0,0
BRDA:211,13,1,0
BRDA:212,14,0,0
BRDA:212,14,1,0
BRDA:263,15,0,0
BRDA:263,15,1,0
BRDA:286,16,0,0
BRDA:286,16,1,0
BRDA:292,17,0,0
BRDA:292,17,1,0
BRDA:314,18,0,0
BRDA:314,18,1,0
BRDA:317,19,0,0
BRDA:317,19,1,0
BRDA:351,20,0,0
BRDA:351,20,1,0
BRDA:352,21,0,0
BRDA:352,21,1,0
BRDA:411,22,0,0
BRDA:411,22,1,0
BRDA:436,23,0,0
BRDA:436,23,1,0
BRDA:440,24,0,0
BRDA:440,24,1,0
BRDA:467,25,0,0
BRDA:467,25,1,0
BRDA:471,26,0,0
BRDA:471,26,1,0
BRDA:475,27,0,0
BRDA:475,27,1,0
BRDA:475,28,0,0
BRDA:475,28,1,0
BRDA:484,29,0,0
BRDA:484,29,1,0
BRDA:505,30,0,0
BRDA:505,30,1,0
BRDA:539,31,0,0
BRDA:539,31,1,0
BRDA:543,32,0,0
BRDA:543,32,1,0
BRDA:548,33,0,0
BRDA:548,33,1,0
BRDA:548,34,0,0
BRDA:548,34,1,0
BRDA:559,35,0,0
BRDA:559,35,1,0
BRDA:569,36,0,0
BRDA:569,36,1,0
BRDA:586,37,0,0
BRDA:586,37,1,0
BRDA:589,38,0,0
BRDA:589,38,1,0
BRDA:630,39,0,0
BRDA:630,39,1,0
BRDA:635,40,0,0
BRDA:635,40,1,0
BRDA:638,41,0,0
BRDA:638,41,1,0
BRDA:642,42,0,0
BRDA:642,42,1,0
BRDA:644,43,0,0
BRDA:644,43,1,0
BRDA:646,44,0,0
BRDA:646,44,1,0
BRDA:682,45,0,0
BRDA:682,45,1,0
BRDA:704,46,0,0
BRDA:704,46,1,0
BRDA:738,47,0,0
BRDA:738,47,1,0
BRDA:743,48,0,0
BRDA:743,48,1,0
BRDA:746,49,0,0
BRDA:746,49,1,0
BRDA:770,50,0,0
BRDA:770,50,1,0
BRDA:790,51,0,0
BRDA:790,51,1,0
BRDA:815,52,0,0
BRDA:815,52,1,0
BRDA:820,53,0,0
BRDA:820,53,1,0
BRDA:823,54,0,0
BRDA:823,54,1,0
BRDA:847,55,0,0
BRDA:847,55,1,0
BRDA:863,56,0,0
BRDA:863,56,1,0
BRDA:864,57,0,0
BRDA:864,57,1,0
BRDA:912,58,0,0
BRDA:912,58,1,0
BRDA:913,59,0,0
BRDA:913,59,1,0
BRDA:974,60,0,0
BRDA:974,60,1,0
BRDA:977,61,0,0
BRDA:977,61,1,0
BRDA:1001,62,0,0
BRDA:1001,62,1,0
BRDA:1004,63,0,0
BRDA:1004,63,1,0
BRDA:1008,64,0,0
BRDA:1008,64,1,0
BRDA:1008,65,0,0
BRDA:1008,65,1,0
BRDA:1009,66,0,0
BRDA:1009,66,1,0
BRDA:1021,67,0,0
BRDA:1021,67,1,0
BRDA:1029,68,0,0
BRDA:1029,68,1,0
BRDA:1042,69,0,0
BRDA:1042,69,1,0
BRDA:1045,70,0,0
BRDA:1045,70,1,0
BRDA:1070,71,0,0
BRDA:1070,71,1,0
BRDA:1073,72,0,0
BRDA:1073,72,1,0
BRDA:1078,73,0,0
BRDA:1078,73,1,0
BRDA:1078,74,0,0
BRDA:1078,74,1,0
BRDA:1086,75,0,0
BRDA:1086,75,1,0
BRDA:1106,76,0,0
BRDA:1106,76,1,0
BRDA:1130,77,0,0
BRDA:1130,77,1,0
BRDA:1133,78,0,0
BRDA:1133,78,1,0
BRDA:1191,79,0,0
BRDA:1191,79,1,0
BRDA:1216,80,0,0
BRDA:1216,80,1,0
BRDA:1246,81,0,0
BRDA:1246,81,1,0
BRDA:1293,82,0,0
BRDA:1293,82,1,0
BRDA:1293,83,0,0
BRDA:1293,83,1,0
BRDA:1306,84,0,0
BRDA:1306,84,1,0
BRDA:1329,85,0,0
BRDA:1329,85,1,0
BRDA:1330,86,0,0
BRDA:1330,86,1,0
BRDA:1335,87,0,0
BRDA:1335,87,1,0
BRDA:1335,88,0,0
BRDA:1335,88,1,0
BRDA:1339,89,0,0
BRDA:1339,89,1,0
BRDA:1339,90,0,0
BRDA:1339,90,1,0
BRDA:1344,91,0,0
BRDA:1344,91,1,0
BRDA:1349,92,0,0
BRDA:1349,92,1,0
BRDA:1382,93,0,0
BRDA:1382,93,1,0
BRDA:1428,94,0,0
BRDA:1428,94,1,0
BRDA:1441,95,0,0
BRDA:1441,95,1,0
BRDA:1450,96,0,0
BRDA:1450,96,1,0
BRDA:1453,97,0,0
BRDA:1453,97,1,0
BRDA:1468,98,0,0
BRDA:1468,98,1,0
BRDA:1468,99,0,0
BRDA:1468,99,1,0
BRDA:1477,100,0,0
BRDA:1477,100,1,0
BRDA:1480,101,0,0
BRDA:1480,101,1,0
BRDA:1544,102,0,0
BRDA:1544,102,1,0
BRDA:1548,103,0,0
BRDA:1548,103,1,0
BRDA:1569,104,0,0
BRDA:1569,104,1,0
BRDA:1616,105,0,0
BRDA:1616,105,1,0
BRDA:1640,106,0,0
BRDA:1640,106,1,0
BRDA:1664,107,0,0
BRDA:1664,107,1,0
BRDA:1664,108,0,0
BRDA:1664,108,1,0
BRDA:1704,109,0,0
BRDA:1704,109,1,0
BRDA:1715,110,0,0
BRDA:1715,110,1,0
BRDA:1728,111,0,0
BRDA:1728,111,1,0
BRDA:1747,112,0,0
BRDA:1747,112,1,0
BRDA:1854,113,0,0
BRDA:1854,113,1,0
BRDA:1858,114,0,0
BRDA:1858,114,1,0
BRDA:1859,115,0,0
BRDA:1859,115,1,0
BRDA:1879,116,0,0
BRDA:1879,116,1,0
BRDA:1902,117,0,0
BRDA:1902,117,1,0
BRDA:1915,118,0,0
BRDA:1915,118,1,0
BRDA:1943,119,0,0
BRDA:1943,119,1,0
BRDA:1948,120,0,0
BRDA:1948,120,1,0
BRDA:1950,121,0,0
BRDA:1950,121,1,0
BRDA:1952,122,0,0
BRDA:1952,122,1,0
BRDA:1954,123,0,0
BRDA:1954,123,1,0
BRDA:1956,124,0,0
BRDA:1956,124,1,0
BRDA:1969,125,0,0
BRDA:1969,125,1,0
BRDA:1970,126,0,0
BRDA:1970,126,1,0
BRDA:1998,127,0,0
BRDA:1998,127,1,0
BRDA:2031,128,0,0
BRDA:2031,128,1,0
BRDA:2032,129,0,0
BRDA:2032,129,1,0
BRDA:2037,130,0,0
BRDA:2037,130,1,0
BRDA:2037,131,0,0
BRDA:2037,131,1,0
BRDA:2041,132,0,0
BRDA:2041,132,1,0
BRDA:2041,133,0,0
BRDA:2041,133,1,0
BRDA:2046,134,0,0
BRDA:2046,134,1,0
BRDA:2047,135,0,0
BRDA:2047,135,1,0
BRDA:2050,136,0,0
BRDA:2050,136,1,0
BRDA:2053,137,0,0
BRDA:2053,137,1,0
BRDA:2058,138,0,0
BRDA:2058,138,1,0
BRDA:2061,139,0,0
BRDA:2061,139,1,0
BRDA:2064,140,0,0
BRDA:2064,140,1,0
BRDA:2069,141,0,0
BRDA:2069,141,1,0
BRDA:2074,142,0,0
BRDA:2074,142,1,0
BRDA:2084,143,0,0
BRDA:2084,143,1,0
BRDA:2107,144,0,0
BRDA:2107,144,1,0
BRDA:2120,145,0,0
BRDA:2120,145,1,0
BRDA:2130,146,0,0
BRDA:2130,146,1,0
BRDA:2130,147,0,0
BRDA:2130,147,1,0
BRDA:2135,148,0,0
BRDA:2135,148,1,0
BRDA:2159,149,0,0
BRDA:2159,149,1,0
BRDA:2183,150,0,0
BRDA:2183,150,1,0
BRDA:2278,151,0,0
BRDA:2278,151,1,0
BRDA:2278,152,0,0
BRDA:2278,152,1,0
BRDA:2290,153,0,0
BRDA:2290,153,1,0
BRDA:2336,154,0,0
BRDA:2336,154,1,0
BRDA:2377,155,0,0
BRDA:2377,155,1,0
BRDA:2395,156,0,0
BRDA:2395,156,1,0
BRDA:2396,157,0,0
BRDA:2396,157,1,0
BRDA:2398,158,0,0
BRDA:2398,158,1,0
BRDA:2398,159,0,0
BRDA:2398,159,1,0
BRDA:2401,160,0,0
BRDA:2401,160,1,0
BRDA:2401,161,0,0
BRDA:2401,161,1,0
BRDA:2408,162,0,0
BRDA:2408,162,1,0
BRDA:2430,163,0,0
BRDA:2430,163,1,0
BRDA:2430,164,0,0
BRDA:2430,164,1,0
BRDA:2437,165,0,0
BRDA:2437,165,1,0
BRDA:2444,166,0,0
BRDA:2444,166,1,0
BRDA:2482,167,0,0
BRDA:2482,167,1,0
BRDA:2510,168,0,0
BRDA:2510,168,1,0
BRDA:2528,169,0,0
BRDA:2528,169,1,0
BRDA:2572,170,0,0
BRDA:2572,170,1,0
BRDA:2581,171,0,0
BRDA:2581,171,1,0
BRDA:2585,172,0,0
BRDA:2585,172,1,0
BRDA:2596,173,0,0
BRDA:2596,173,1,0
BRDA:2631,174,0,0
BRDA:2631,174,1,0
BRDA:2632,175,0,0
BRDA:2632,175,1,0
BRDA:2640,176,0,0
BRDA:2640,176,1,0
BRDA:2646,177,0,0
BRDA:2646,177,1,0
BRDA:2655,178,0,0
BRDA:2655,178,1,0
BRDA:2665,179,0,0
BRDA:2665,179,1,0
BRDA:2678,180,0,0
BRDA:2678,180,1,0
BRDA:2679,181,0,0
BRDA:2679,181,1,0
BRDA:2679,182,0,0
BRDA:2679,182,1,0
BRDA:2679,182,2,0
BRDA:2686,183,0,0
BRDA:2686,183,1,0
BRDA:2687,184,0,0
BRDA:2687,184,1,0
BRDA:2701,185,0,0
BRDA:2701,185,1,0
BRDA:2713,186,0,0
BRDA:2713,186,1,0
BRDA:2727,187,0,0
BRDA:2727,187,1,0
BRDA:2730,188,0,0
BRDA:2730,188,1,0
BRDA:2741,189,0,0
BRDA:2741,189,1,0
BRDA:2755,190,0,0
BRDA:2755,190,1,0
BRDA:2758,191,0,0
BRDA:2758,191,1,0
BRDA:2780,192,0,0
BRDA:2780,192,1,0
BRDA:2783,193,0,0
BRDA:2783,193,1,0
BRDA:2796,194,0,0
BRDA:2796,194,1,0
BRDA:2797,195,0,0
BRDA:2797,195,1,0
BRDA:2802,196,0,0
BRDA:2802,196,1,0
BRDA:2808,197,0,0
BRDA:2808,197,1,0
BRDA:2810,198,0,0
BRDA:2810,198,1,0
BRDA:2814,199,0,0
BRDA:2814,199,1,0
BRDA:2816,200,0,0
BRDA:2816,200,1,0
BRDA:2821,201,0,0
BRDA:2821,201,1,0
BRDA:2834,202,0,0
BRDA:2834,202,1,0
BRDA:2835,203,0,0
BRDA:2835,203,1,0
BRDA:2835,204,0,0
BRDA:2835,204,1,0
BRDA:2835,204,2,0
BRDA:2842,205,0,0
BRDA:2842,205,1,0
BRDA:2843,206,0,0
BRDA:2843,206,1,0
BRDA:2858,207,0,0
BRDA:2858,207,1,0
BRDA:2869,208,0,0
BRDA:2869,208,1,0
BRDA:2908,209,0,0
BRDA:2908,209,1,0
BRDA:2909,210,0,0
BRDA:2909,210,1,0
BRDA:2910,211,0,0
BRDA:2910,211,1,0
BRDA:2911,212,0,0
BRDA:2911,212,1,0
BRDA:2923,213,0,0
BRDA:2923,213,1,0
BRDA:2926,214,0,0
BRDA:2926,214,1,0
BRDA:2929,215,0,0
BRDA:2929,215,1,0
BRDA:2932,216,0,0
BRDA:2932,216,1,0
BRDA:2935,217,0,0
BRDA:2935,217,1,0
BRDA:2938,218,0,0
BRDA:2938,218,1,0
BRDA:2942,219,0,0
BRDA:2942,219,1,0
BRDA:2946,220,0,0
BRDA:2946,220,1,0
BRDA:2965,221,0,0
BRDA:2965,221,1,0
BRDA:2974,222,0,0
BRDA:2974,222,1,0
BRDA:2976,223,0,0
BRDA:2976,223,1,0
BRDA:2977,224,0,0
BRDA:2977,224,1,0
BRDA:2981,225,0,0
BRDA:2981,225,1,0
BRDA:2996,226,0,0
BRDA:2996,226,1,0
BRDA:2998,227,0,0
BRDA:2998,227,1,0
BRDA:3003,228,0,0
BRDA:3003,228,1,0
BRDA:3005,229,0,0
BRDA:3005,229,1,0
BRDA:3067,230,0,0
BRDA:3067,230,1,0
BRDA:3070,231,0,0
BRDA:3070,231,1,0
BRDA:3071,232,0,0
BRDA:3071,232,1,0
BRDA:3085,233,0,0
BRDA:3085,233,1,0
BRDA:3088,234,0,0
BRDA:3088,234,1,0
BRDA:3091,235,0,0
BRDA:3091,235,1,0
BRDA:3094,236,0,0
BRDA:3094,236,1,0
BRDA:3097,237,0,0
BRDA:3097,237,1,0
BRDA:3101,238,0,0
BRDA:3101,238,1,0
BRDA:3105,239,0,0
BRDA:3105,239,1,0
BRDA:3118,240,0,0
BRDA:3118,240,1,0
BRDA:3120,241,0,0
BRDA:3120,241,1,0
BRDA:3122,242,0,0
BRDA:3122,242,1,0
BRDA:3122,243,0,0
BRDA:3122,243,1,0
BRDA:3131,244,0,0
BRDA:3131,244,1,0
BRDA:3156,245,0,0
BRDA:3156,245,1,0
BRDA:3186,246,0,0
BRDA:3186,246,1,0
BRDA:3216,247,0,0
BRDA:3216,247,1,0
BRDA:3253,248,0,0
BRDA:3253,248,1,0
BRDA:3253,249,0,0
BRDA:3253,249,1,0
BRDA:3257,250,0,0
BRDA:3257,250,1,0
BRDA:3313,251,0,0
BRDA:3313,251,1,0
BRDA:3321,252,0,0
BRDA:3321,252,1,0
BRDA:3326,253,0,0
BRDA:3326,253,1,0
BRDA:3328,254,0,0
BRDA:3328,254,1,0
BRDA:3335,255,0,0
BRDA:3335,255,1,0
BRDA:3387,256,0,0
BRDA:3387,256,1,0
BRDA:3388,257,0,0
BRDA:3388,257,1,0
BRDA:3391,258,0,0
BRDA:3391,258,1,0
BRDA:3394,259,0,0
BRDA:3394,259,1,0
BRDA:3401,260,0,0
BRDA:3401,260,1,0
BRDA:3409,261,0,0
BRDA:3409,261,1,0
BRDA:3417,262,0,0
BRDA:3417,262,1,0
BRDA:3524,263,0,0
BRDA:3524,263,1,0
BRDA:3527,264,0,0
BRDA:3527,264,1,0
BRDA:3530,265,0,0
BRDA:3530,265,1,0
BRDA:3534,266,0,0
BRDA:3534,266,1,0
BRDA:3548,267,0,0
BRDA:3548,267,1,0
BRDA:3558,268,0,0
BRDA:3558,268,1,0
BRDA:3565,269,0,0
BRDA:3565,269,1,0
BRDA:3587,270,0,0
BRDA:3587,270,1,0
BRDA:3590,271,0,0
BRDA:3590,271,1,0
BRDA:3600,272,0,0
BRDA:3600,272,1,0
BRDA:3606,273,0,0
BRDA:3606,273,1,0
BRDA:3652,274,0,0
BRDA:3652,274,1,0
BRDA:3655,275,0,0
BRDA:3655,275,1,0
BRDA:3658,276,0,0
BRDA:3658,276,1,0
BRDA:3661,277,0,0
BRDA:3661,277,1,0
BRDA:3665,278,0,0
BRDA:3665,278,1,0
BRDA:3665,279,0,0
BRDA:3665,279,1,0
BRDA:3669,280,0,0
BRDA:3669,280,1,0
BRDA:3669,281,0,0
BRDA:3669,281,1,0
BRDA:3672,282,0,0
BRDA:3672,282,1,0
BRDA:3676,283,0,0
BRDA:3676,283,1,0
BRDA:3698,284,0,0
BRDA:3698,284,1,0
BRDA:3708,285,0,0
BRDA:3708,285,1,0
BRDA:3715,286,0,0
BRDA:3715,286,1,0
BRDA:3738,287,0,0
BRDA:3738,287,1,0
BRDA:3751,288,0,0
BRDA:3751,288,1,0
BRDA:3758,289,0,0
BRDA:3758,289,1,0
BRDA:3792,290,0,0
BRDA:3792,290,1,0
BRDA:3796,291,0,0
BRDA:3796,291,1,0
BRDA:3823,292,0,0
BRDA:3823,292,1,0
BRDA:3830,293,0,0
BRDA:3830,293,1,0
BRDA:3856,294,0,0
BRDA:3856,294,1,0
BRDA:3859,295,0,0
BRDA:3859,295,1,0
BRDA:3862,296,0,0
BRDA:3862,296,1,0
BRDA:3866,297,0,0
BRDA:3866,297,1,0
BRDA:3880,298,0,0
BRDA:3880,298,1,0
BRDA:3887,299,0,0
BRDA:3887,299,1,0
BRDA:3910,300,0,0
BRDA:3910,300,1,0
BRDA:3910,301,0,0
BRDA:3910,301,1,0
BRDA:3916,302,0,0
BRDA:3916,302,1,0
BRDA:3921,303,0,0
BRDA:3921,303,1,0
BRDA:3921,304,0,0
BRDA:3921,304,1,0
BRDA:3927,305,0,0
BRDA:3927,305,1,0
BRDA:3933,306,0,0
BRDA:3933,306,1,0
BRDA:3937,307,0,0
BRDA:3937,307,1,0
BRDA:3940,308,0,0
BRDA:3940,308,1,0
BRDA:3948,309,0,0
BRDA:3948,309,1,0
BRDA:3949,310,0,0
BRDA:3949,310,1,0
BRDA:3971,311,0,1
BRDA:3971,311,1,1
BRDA:3979,312,0,2
BRDA:3979,312,1,0
BRDA:3999,313,0,2
BRDA:3999,313,1,0
BRDA:4013,314,0,1
BRDA:4013,314,1,1
BRDA:4017,315,0,1
BRDA:4017,315,1,1
BRDA:4023,316,0,1
BRDA:4023,316,1,1
BRDA:4084,317,0,0
BRDA:4084,317,1,0
BRDA:4088,318,0,0
BRDA:4088,318,1,0
BRDA:4092,319,0,0
BRDA:4092,319,1,0
BRDA:4131,320,0,0
BRDA:4131,320,1,0
BRDA:4134,321,0,0
BRDA:4134,321,1,0
BRDA:4138,322,0,0
BRDA:4138,322,1,0
BRDA:4143,323,0,0
BRDA:4143,323,1,0
BRDA:4149,324,0,0
BRDA:4149,324,1,0
BRDA:4149,324,2,0
BRDA:4154,325,0,0
BRDA:4154,325,1,0
BRDA:4154,325,2,0
BRDA:4176,326,0,0
BRDA:4176,326,1,0
BRDA:4179,327,0,0
BRDA:4179,327,1,0
BRDA:4182,328,0,0
BRDA:4182,328,1,0
BRDA:4188,329,0,0
BRDA:4188,329,1,0
BRDA:4188,329,2,0
BRDA:4200,330,0,0
BRDA:4200,330,1,0
BRDA:4201,331,0,0
BRDA:4201,331,1,0
BRDA:4212,332,0,0
BRDA:4212,332,1,0
BRDA:4212,333,0,0
BRDA:4212,333,1,0
BRDA:4215,334,0,0
BRDA:4215,334,1,0
BRDA:4215,335,0,0
BRDA:4215,335,1,0
BRDA:4221,336,0,0
BRDA:4221,336,1,0
BRDA:4222,337,0,0
BRDA:4222,337,1,0
BRDA:4241,338,0,0
BRDA:4241,338,1,0
BRDA:4242,339,0,0
BRDA:4242,339,1,0
BRDA:4242,340,0,0
BRDA:4242,340,1,0
BRDA:4244,341,0,0
BRDA:4244,341,1,0
BRDA:4245,342,0,0
BRDA:4245,342,1,0
BRDA:4245,343,0,0
BRDA:4245,343,1,0
BRDA:4252,344,0,0
BRDA:4252,344,1,0
BRDA:4254,345,0,0
BRDA:4254,345,1,0
BRDA:4254,346,0,0
BRDA:4254,346,1,0
BRDA:4258,347,0,0
BRDA:4258,347,1,0
BRDA:4258,348,0,0
BRDA:4258,348,1,0
BRDA:4259,349,0,0
BRDA:4259,349,1,0
BRDA:4261,350,0,0
BRDA:4261,350,1,0
BRF:708
BRH:18
end_of_record
