TN:
SF:server/email-notification-service.js
FN:2,(anonymous_0)
FN:6,(anonymous_1)
FN:9,(anonymous_2)
FN:13,(anonymous_3)
FN:15,(anonymous_4)
FN:18,(anonymous_5)
FN:19,(anonymous_6)
FN:20,(anonymous_7)
FN:27,(anonymous_8)
FN:43,(anonymous_9)
FN:53,(anonymous_10)
FN:77,(anonymous_11)
FN:94,(anonymous_12)
FN:95,(anonymous_13)
FN:96,(anonymous_14)
FN:118,(anonymous_15)
FN:120,(anonymous_16)
FN:121,(anonymous_17)
FN:123,(anonymous_18)
FN:153,(anonymous_19)
FN:174,(anonymous_20)
FN:195,(anonymous_21)
FN:223,(anonymous_22)
FN:262,(anonymous_23)
FN:277,(anonymous_24)
FN:308,(anonymous_25)
FN:331,(anonymous_26)
FNF:27
FNH:24
FNDA:60,(anonymous_0)
FNDA:60,(anonymous_1)
FNDA:0,(anonymous_2)
FNDA:13,(anonymous_3)
FNDA:0,(anonymous_4)
FNDA:106,(anonymous_5)
FNDA:13,(anonymous_6)
FNDA:0,(anonymous_7)
FNDA:14,(anonymous_8)
FNDA:106,(anonymous_9)
FNDA:117,(anonymous_10)
FNDA:72,(anonymous_11)
FNDA:80,(anonymous_12)
FNDA:67,(anonymous_13)
FNDA:65,(anonymous_14)
FNDA:22,(anonymous_15)
FNDA:27,(anonymous_16)
FNDA:27,(anonymous_17)
FNDA:22,(anonymous_18)
FNDA:7,(anonymous_19)
FNDA:13,(anonymous_20)
FNDA:23,(anonymous_21)
FNDA:12,(anonymous_22)
FNDA:18,(anonymous_23)
FNDA:14,(anonymous_24)
FNDA:13,(anonymous_25)
FNDA:8,(anonymous_26)
DA:2,106
DA:3,60
DA:4,60
DA:5,60
DA:6,60
DA:8,60
DA:10,0
DA:11,0
DA:13,106
DA:14,13
DA:16,0
DA:18,106
DA:19,106
DA:20,13
DA:21,0
DA:22,0
DA:23,0
DA:25,13
DA:27,106
DA:28,14
DA:29,13
DA:30,61
DA:31,13
DA:32,13
DA:35,106
DA:36,106
DA:37,106
DA:38,106
DA:39,106
DA:40,106
DA:41,106
DA:44,106
DA:45,106
DA:46,106
DA:51,106
DA:54,117
DA:55,117
DA:56,114
DA:57,109
DA:60,109
DA:71,5
DA:78,72
DA:79,4
DA:84,68
DA:85,68
DA:86,65
DA:87,19
DA:93,46
DA:94,80
DA:95,67
DA:96,65
DA:97,46
DA:98,46
DA:102,46
DA:105,46
DA:111,5
DA:112,5
DA:119,22
DA:120,27
DA:121,27
DA:124,22
DA:125,22
DA:126,6
DA:127,6
DA:132,16
DA:137,16
DA:138,11
DA:143,11
DA:145,5
DA:150,5
DA:154,7
DA:155,7
DA:157,7
DA:158,7
DA:159,2
DA:162,5
DA:163,5
DA:166,1
DA:167,1
DA:175,13
DA:176,13
DA:178,13
DA:179,13
DA:180,8
DA:183,5
DA:184,5
DA:187,1
DA:188,1
DA:196,23
DA:198,23
DA:199,22
DA:200,9
DA:205,13
DA:206,13
DA:209,23
DA:215,1
DA:216,1
DA:224,12
DA:225,12
DA:229,12
DA:230,12
DA:231,1
DA:235,11
DA:236,6
DA:237,6
DA:240,5
DA:241,5
DA:242,1
DA:244,4
DA:245,4
DA:250,10
DA:251,10
DA:254,1
DA:255,1
DA:263,18
DA:264,18
DA:266,18
DA:267,18
DA:268,1
DA:270,17
DA:271,3
DA:277,14
DA:278,14
DA:279,14
DA:280,14
DA:285,12
DA:286,9
DA:292,3
DA:297,12
DA:300,2
DA:301,2
DA:309,13
DA:310,13
DA:314,13
DA:315,13
DA:316,8
DA:319,5
DA:320,5
DA:323,2
DA:324,2
DA:332,8
DA:333,8
DA:337,106
LF:143
LH:137
BRDA:2,0,0,106
BRDA:2,0,1,106
BRDA:2,0,2,106
BRDA:2,1,0,60
BRDA:2,1,1,0
BRDA:3,2,0,60
BRDA:3,2,1,0
BRDA:5,3,0,60
BRDA:5,3,1,0
BRDA:5,4,0,60
BRDA:5,4,1,60
BRDA:5,5,0,0
BRDA:5,5,1,60
BRDA:5,6,0,60
BRDA:5,6,1,0
BRDA:10,7,0,0
BRDA:10,7,1,0
BRDA:13,8,0,106
BRDA:13,8,1,106
BRDA:13,8,2,106
BRDA:13,9,0,13
BRDA:13,9,1,0
BRDA:18,10,0,106
BRDA:18,10,1,106
BRDA:18,10,2,106
BRDA:20,11,0,13
BRDA:20,11,1,0
BRDA:22,12,0,0
BRDA:22,12,1,0
BRDA:28,13,0,1
BRDA:28,13,1,13
BRDA:28,14,0,14
BRDA:28,14,1,14
BRDA:30,15,0,13
BRDA:30,15,1,0
BRDA:30,16,0,60
BRDA:30,16,1,1
BRDA:47,17,0,106
BRDA:47,17,1,1
BRDA:48,18,0,105
BRDA:48,18,1,1
BRDA:56,19,0,109
BRDA:56,19,1,5
BRDA:56,20,0,114
BRDA:56,20,1,111
BRDA:57,21,0,14
BRDA:57,21,1,95
BRDA:64,22,0,109
BRDA:64,22,1,105
BRDA:65,23,0,109
BRDA:65,23,1,105
BRDA:78,24,0,4
BRDA:78,24,1,68
BRDA:78,25,0,72
BRDA:78,25,1,43
BRDA:78,25,2,5
BRDA:86,26,0,19
BRDA:86,26,1,46
BRDA:89,27,0,11
BRDA:89,27,1,8
BRDA:94,28,0,80
BRDA:94,28,1,73
BRDA:125,29,0,6
BRDA:125,29,1,16
BRDA:137,30,0,11
BRDA:137,30,1,5
BRDA:158,31,0,2
BRDA:158,31,1,5
BRDA:179,32,0,8
BRDA:179,32,1,5
BRDA:199,33,0,9
BRDA:199,33,1,13
BRDA:202,34,0,1
BRDA:202,34,1,8
BRDA:211,35,0,23
BRDA:211,35,1,23
BRDA:230,36,0,1
BRDA:230,36,1,11
BRDA:235,37,0,6
BRDA:235,37,1,5
BRDA:241,38,0,1
BRDA:241,38,1,4
BRDA:267,39,0,1
BRDA:267,39,1,17
BRDA:270,40,0,3
BRDA:270,40,1,14
BRDA:285,41,0,9
BRDA:285,41,1,3
BRDA:315,42,0,8
BRDA:315,42,1,5
BRF:90
BRH:78
end_of_record
