{"/srv/workspace/komuno/server/notification-service.js": {"path":"/srv/workspace/komuno/server/notification-service.js","statementMap":{"0":{"start":{"line":2,"column":22},"end":{"line":4,"column":1}},"1":{"start":{"line":3,"column":4},"end":{"line":3,"column":null}},"2":{"start":{"line":5,"column":0},"end":{"line":5,"column":null}},"3":{"start":{"line":6,"column":0},"end":{"line":6,"column":null}},"4":{"start":{"line":7,"column":19},"end":{"line":7,"column":55}},"5":{"start":{"line":8,"column":13},"end":{"line":8,"column":28}},"6":{"start":{"line":9,"column":22},"end":{"line":9,"column":44}},"7":{"start":{"line":10,"column":17},"end":{"line":10,"column":44}},"8":{"start":{"line":11,"column":17},"end":{"line":11,"column":40}},"9":{"start":{"line":12,"column":25},"end":{"line":12,"column":68}},"10":{"start":{"line":13,"column":26},"end":{"line":13,"column":70}},"11":{"start":{"line":14,"column":22},"end":{"line":14,"column":62}},"12":{"start":{"line":15,"column":23},"end":{"line":15,"column":86}},"13":{"start":{"line":16,"column":43},"end":{"line":16,"column":67}},"14":{"start":{"line":17,"column":20},"end":{"line":17,"column":25}},"15":{"start":{"line":19,"column":0},"end":{"line":31,"column":null}},"16":{"start":{"line":20,"column":4},"end":{"line":27,"column":null}},"17":{"start":{"line":21,"column":8},"end":{"line":21,"column":null}},"18":{"start":{"line":22,"column":8},"end":{"line":22,"column":null}},"19":{"start":{"line":23,"column":8},"end":{"line":23,"column":null}},"20":{"start":{"line":26,"column":8},"end":{"line":26,"column":null}},"21":{"start":{"line":30,"column":4},"end":{"line":30,"column":null}},"22":{"start":{"line":34,"column":8},"end":{"line":34,"column":null}},"23":{"start":{"line":35,"column":8},"end":{"line":35,"column":null}},"24":{"start":{"line":36,"column":8},"end":{"line":36,"column":null}},"25":{"start":{"line":37,"column":8},"end":{"line":37,"column":null}},"26":{"start":{"line":46,"column":8},"end":{"line":48,"column":null}},"27":{"start":{"line":47,"column":12},"end":{"line":47,"column":null}},"28":{"start":{"line":49,"column":8},"end":{"line":79,"column":null}},"29":{"start":{"line":50,"column":12},"end":{"line":78,"column":null}},"30":{"start":{"line":51,"column":16},"end":{"line":51,"column":null}},"31":{"start":{"line":53,"column":29},"end":{"line":53,"column":132}},"32":{"start":{"line":53,"column":68},"end":{"line":53,"column":117}},"33":{"start":{"line":55,"column":16},"end":{"line":62,"column":null}},"34":{"start":{"line":56,"column":20},"end":{"line":61,"column":null}},"35":{"start":{"line":63,"column":16},"end":{"line":63,"column":null}},"36":{"start":{"line":64,"column":16},"end":{"line":64,"column":null}},"37":{"start":{"line":67,"column":37},"end":{"line":67,"column":91}},"38":{"start":{"line":68,"column":16},"end":{"line":71,"column":null}},"39":{"start":{"line":74,"column":16},"end":{"line":74,"column":null}},"40":{"start":{"line":77,"column":16},"end":{"line":77,"column":null}},"41":{"start":{"line":80,"column":8},"end":{"line":80,"column":null}},"42":{"start":{"line":86,"column":8},"end":{"line":88,"column":null}},"43":{"start":{"line":87,"column":12},"end":{"line":87,"column":null}},"44":{"start":{"line":94,"column":8},"end":{"line":96,"column":null}},"45":{"start":{"line":95,"column":12},"end":{"line":95,"column":null}},"46":{"start":{"line":100,"column":8},"end":{"line":148,"column":null}},"47":{"start":{"line":101,"column":12},"end":{"line":101,"column":null}},"48":{"start":{"line":103,"column":12},"end":{"line":105,"column":null}},"49":{"start":{"line":104,"column":16},"end":{"line":104,"column":null}},"50":{"start":{"line":107,"column":29},"end":{"line":110,"column":36}},"51":{"start":{"line":107,"column":68},"end":{"line":110,"column":25}},"52":{"start":{"line":111,"column":24},"end":{"line":111,"column":34}},"53":{"start":{"line":112,"column":12},"end":{"line":133,"column":null}},"54":{"start":{"line":114,"column":16},"end":{"line":121,"column":null}},"55":{"start":{"line":114,"column":55},"end":{"line":121,"column":18}},"56":{"start":{"line":125,"column":16},"end":{"line":132,"column":null}},"57":{"start":{"line":125,"column":55},"end":{"line":132,"column":109}},"58":{"start":{"line":135,"column":12},"end":{"line":138,"column":null}},"59":{"start":{"line":139,"column":12},"end":{"line":142,"column":null}},"60":{"start":{"line":143,"column":12},"end":{"line":143,"column":null}},"61":{"start":{"line":146,"column":12},"end":{"line":146,"column":null}},"62":{"start":{"line":147,"column":12},"end":{"line":147,"column":null}},"63":{"start":{"line":152,"column":8},"end":{"line":167,"column":null}},"64":{"start":{"line":154,"column":12},"end":{"line":155,"column":null}},"65":{"start":{"line":154,"column":51},"end":{"line":155,"column":92}},"66":{"start":{"line":157,"column":28},"end":{"line":157,"column":63}},"67":{"start":{"line":158,"column":12},"end":{"line":161,"column":null}},"68":{"start":{"line":162,"column":12},"end":{"line":162,"column":null}},"69":{"start":{"line":165,"column":12},"end":{"line":165,"column":null}},"70":{"start":{"line":166,"column":12},"end":{"line":166,"column":null}},"71":{"start":{"line":172,"column":8},"end":{"line":172,"column":null}},"72":{"start":{"line":173,"column":24},"end":{"line":173,"column":46}},"73":{"start":{"line":174,"column":30},"end":{"line":174,"column":69}},"74":{"start":{"line":175,"column":8},"end":{"line":178,"column":null}},"75":{"start":{"line":176,"column":12},"end":{"line":176,"column":null}},"76":{"start":{"line":177,"column":12},"end":{"line":177,"column":null}},"77":{"start":{"line":179,"column":8},"end":{"line":185,"column":null}},"78":{"start":{"line":180,"column":12},"end":{"line":180,"column":null}},"79":{"start":{"line":181,"column":12},"end":{"line":184,"column":null}},"80":{"start":{"line":186,"column":8},"end":{"line":186,"column":null}},"81":{"start":{"line":188,"column":8},"end":{"line":200,"column":null}},"82":{"start":{"line":188,"column":21},"end":{"line":188,"column":22}},"83":{"start":{"line":189,"column":26},"end":{"line":189,"column":68}},"84":{"start":{"line":190,"column":29},"end":{"line":190,"column":102}},"85":{"start":{"line":190,"column":55},"end":{"line":190,"column":101}},"86":{"start":{"line":191,"column":33},"end":{"line":191,"column":67}},"87":{"start":{"line":192,"column":12},"end":{"line":199,"column":null}},"88":{"start":{"line":193,"column":16},"end":{"line":198,"column":null}},"89":{"start":{"line":194,"column":20},"end":{"line":194,"column":null}},"90":{"start":{"line":197,"column":20},"end":{"line":197,"column":null}},"91":{"start":{"line":201,"column":8},"end":{"line":201,"column":null}},"92":{"start":{"line":202,"column":8},"end":{"line":202,"column":null}},"93":{"start":{"line":206,"column":8},"end":{"line":255,"column":null}},"94":{"start":{"line":207,"column":31},"end":{"line":213,"column":13}},"95":{"start":{"line":214,"column":29},"end":{"line":216,"column":33}},"96":{"start":{"line":217,"column":30},"end":{"line":219,"column":33}},"97":{"start":{"line":220,"column":28},"end":{"line":222,"column":27}},"98":{"start":{"line":223,"column":29},"end":{"line":225,"column":20}},"99":{"start":{"line":226,"column":32},"end":{"line":226,"column":85}},"100":{"start":{"line":227,"column":40},"end":{"line":235,"column":14}},"101":{"start":{"line":236,"column":12},"end":{"line":239,"column":null}},"102":{"start":{"line":240,"column":12},"end":{"line":240,"column":null}},"103":{"start":{"line":243,"column":31},"end":{"line":243,"column":56}},"104":{"start":{"line":244,"column":33},"end":{"line":244,"column":87}},"105":{"start":{"line":245,"column":12},"end":{"line":249,"column":null}},"106":{"start":{"line":251,"column":12},"end":{"line":253,"column":null}},"107":{"start":{"line":252,"column":16},"end":{"line":252,"column":null}},"108":{"start":{"line":254,"column":12},"end":{"line":254,"column":null}},"109":{"start":{"line":259,"column":8},"end":{"line":274,"column":null}},"110":{"start":{"line":277,"column":26},"end":{"line":281,"column":10}},"111":{"start":{"line":282,"column":8},"end":{"line":297,"column":null}},"112":{"start":{"line":300,"column":8},"end":{"line":311,"column":null}},"113":{"start":{"line":314,"column":31},"end":{"line":320,"column":9}},"114":{"start":{"line":321,"column":22},"end":{"line":321,"column":86}},"115":{"start":{"line":322,"column":8},"end":{"line":327,"column":null}},"116":{"start":{"line":331,"column":8},"end":{"line":334,"column":null}},"117":{"start":{"line":338,"column":8},"end":{"line":338,"column":null}},"118":{"start":{"line":341,"column":23},"end":{"line":341,"column":62}},"119":{"start":{"line":342,"column":8},"end":{"line":344,"column":null}},"120":{"start":{"line":343,"column":12},"end":{"line":343,"column":null}},"121":{"start":{"line":345,"column":8},"end":{"line":345,"column":null}},"122":{"start":{"line":348,"column":8},"end":{"line":348,"column":null}},"123":{"start":{"line":351,"column":8},"end":{"line":353,"column":null}},"124":{"start":{"line":352,"column":12},"end":{"line":352,"column":null}},"125":{"start":{"line":354,"column":32},"end":{"line":354,"column":48}},"126":{"start":{"line":355,"column":8},"end":{"line":357,"column":null}},"127":{"start":{"line":356,"column":12},"end":{"line":356,"column":null}},"128":{"start":{"line":358,"column":8},"end":{"line":361,"column":null}},"129":{"start":{"line":359,"column":37},"end":{"line":359,"column":73}},"130":{"start":{"line":360,"column":12},"end":{"line":360,"column":null}},"131":{"start":{"line":362,"column":8},"end":{"line":362,"column":null}},"132":{"start":{"line":365,"column":0},"end":{"line":365,"column":null}},"133":{"start":{"line":367,"column":0},"end":{"line":367,"column":null}},"134":{"start":{"line":369,"column":0},"end":{"line":369,"column":null}}},"fnMap":{"0":{"name":"(anonymous_0)","decl":{"start":{"line":2,"column":56},"end":{"line":2,"column":64}},"loc":{"start":{"line":2,"column":71},"end":{"line":4,"column":1}},"line":2},"1":{"name":"(anonymous_1)","decl":{"start":{"line":33,"column":4},"end":{"line":33,"column":15}},"loc":{"start":{"line":33,"column":18},"end":{"line":40,"column":null}},"line":33},"2":{"name":"(anonymous_2)","decl":{"start":{"line":44,"column":10},"end":{"line":44,"column":27}},"loc":{"start":{"line":44,"column":30},"end":{"line":81,"column":null}},"line":44},"3":{"name":"(anonymous_3)","decl":{"start":{"line":49,"column":31},"end":{"line":49,"column":36}},"loc":{"start":{"line":49,"column":43},"end":{"line":79,"column":9}},"line":49},"4":{"name":"(anonymous_4)","decl":{"start":{"line":53,"column":56},"end":{"line":53,"column":61}},"loc":{"start":{"line":53,"column":68},"end":{"line":53,"column":117}},"line":53},"5":{"name":"(anonymous_5)","decl":{"start":{"line":55,"column":29},"end":{"line":55,"column":32}},"loc":{"start":{"line":55,"column":36},"end":{"line":62,"column":17}},"line":55},"6":{"name":"(anonymous_6)","decl":{"start":{"line":85,"column":10},"end":{"line":85,"column":22}},"loc":{"start":{"line":85,"column":25},"end":{"line":89,"column":null}},"line":85},"7":{"name":"(anonymous_7)","decl":{"start":{"line":93,"column":4},"end":{"line":93,"column":23}},"loc":{"start":{"line":93,"column":26},"end":{"line":97,"column":null}},"line":93},"8":{"name":"(anonymous_8)","decl":{"start":{"line":94,"column":39},"end":{"line":94,"column":44}},"loc":{"start":{"line":94,"column":48},"end":{"line":96,"column":9}},"line":94},"9":{"name":"(anonymous_9)","decl":{"start":{"line":99,"column":10},"end":{"line":99,"column":25}},"loc":{"start":{"line":99,"column":40},"end":{"line":149,"column":null}},"line":99},"10":{"name":"(anonymous_10)","decl":{"start":{"line":107,"column":56},"end":{"line":107,"column":61}},"loc":{"start":{"line":107,"column":68},"end":{"line":110,"column":25}},"line":107},"11":{"name":"(anonymous_11)","decl":{"start":{"line":114,"column":43},"end":{"line":114,"column":48}},"loc":{"start":{"line":114,"column":55},"end":{"line":121,"column":18}},"line":114},"12":{"name":"(anonymous_12)","decl":{"start":{"line":125,"column":43},"end":{"line":125,"column":48}},"loc":{"start":{"line":125,"column":55},"end":{"line":132,"column":109}},"line":125},"13":{"name":"(anonymous_13)","decl":{"start":{"line":151,"column":10},"end":{"line":151,"column":28}},"loc":{"start":{"line":151,"column":39},"end":{"line":168,"column":null}},"line":151},"14":{"name":"(anonymous_14)","decl":{"start":{"line":154,"column":39},"end":{"line":154,"column":44}},"loc":{"start":{"line":154,"column":51},"end":{"line":155,"column":92}},"line":154},"15":{"name":"(anonymous_15)","decl":{"start":{"line":170,"column":10},"end":{"line":170,"column":19}},"loc":{"start":{"line":170,"column":29},"end":{"line":203,"column":null}},"line":170},"16":{"name":"(anonymous_16)","decl":{"start":{"line":190,"column":39},"end":{"line":190,"column":51}},"loc":{"start":{"line":190,"column":55},"end":{"line":190,"column":101}},"line":190},"17":{"name":"(anonymous_17)","decl":{"start":{"line":192,"column":33},"end":{"line":192,"column":39}},"loc":{"start":{"line":192,"column":43},"end":{"line":199,"column":13}},"line":192},"18":{"name":"(anonymous_18)","decl":{"start":{"line":205,"column":10},"end":{"line":205,"column":28}},"loc":{"start":{"line":205,"column":52},"end":{"line":256,"column":null}},"line":205},"19":{"name":"(anonymous_19)","decl":{"start":{"line":258,"column":10},"end":{"line":258,"column":23}},"loc":{"start":{"line":258,"column":30},"end":{"line":275,"column":null}},"line":258},"20":{"name":"(anonymous_20)","decl":{"start":{"line":276,"column":10},"end":{"line":276,"column":24}},"loc":{"start":{"line":276,"column":32},"end":{"line":298,"column":null}},"line":276},"21":{"name":"(anonymous_21)","decl":{"start":{"line":299,"column":10},"end":{"line":299,"column":27}},"loc":{"start":{"line":299,"column":38},"end":{"line":312,"column":null}},"line":299},"22":{"name":"(anonymous_22)","decl":{"start":{"line":313,"column":10},"end":{"line":313,"column":32}},"loc":{"start":{"line":313,"column":39},"end":{"line":328,"column":null}},"line":313},"23":{"name":"(anonymous_23)","decl":{"start":{"line":330,"column":4},"end":{"line":330,"column":12}},"loc":{"start":{"line":330,"column":15},"end":{"line":335,"column":null}},"line":330},"24":{"name":"(anonymous_24)","decl":{"start":{"line":337,"column":4},"end":{"line":337,"column":21}},"loc":{"start":{"line":337,"column":24},"end":{"line":339,"column":null}},"line":337},"25":{"name":"(anonymous_25)","decl":{"start":{"line":340,"column":4},"end":{"line":340,"column":20}},"loc":{"start":{"line":340,"column":35},"end":{"line":346,"column":null}},"line":340},"26":{"name":"(anonymous_26)","decl":{"start":{"line":347,"column":4},"end":{"line":347,"column":22}},"loc":{"start":{"line":347,"column":33},"end":{"line":349,"column":null}},"line":347},"27":{"name":"(anonymous_27)","decl":{"start":{"line":350,"column":4},"end":{"line":350,"column":17}},"loc":{"start":{"line":350,"column":25},"end":{"line":363,"column":null}},"line":350}},"branchMap":{"0":{"loc":{"start":{"line":2,"column":22},"end":{"line":4,"column":1}},"type":"binary-expr","locations":[{"start":{"line":2,"column":23},"end":{"line":2,"column":27}},{"start":{"line":2,"column":31},"end":{"line":2,"column":51}},{"start":{"line":2,"column":56},"end":{"line":4,"column":1}}],"line":2},"1":{"loc":{"start":{"line":3,"column":11},"end":{"line":3,"column":61}},"type":"cond-expr","locations":[{"start":{"line":3,"column":37},"end":{"line":3,"column":40}},{"start":{"line":3,"column":43},"end":{"line":3,"column":61}}],"line":3},"2":{"loc":{"start":{"line":3,"column":12},"end":{"line":3,"column":33}},"type":"binary-expr","locations":[{"start":{"line":3,"column":12},"end":{"line":3,"column":15}},{"start":{"line":3,"column":19},"end":{"line":3,"column":33}}],"line":3},"3":{"loc":{"start":{"line":12,"column":26},"end":{"line":12,"column":60}},"type":"binary-expr","locations":[{"start":{"line":12,"column":26},"end":{"line":12,"column":54}},{"start":{"line":12,"column":58},"end":{"line":12,"column":60}}],"line":12},"4":{"loc":{"start":{"line":13,"column":27},"end":{"line":13,"column":62}},"type":"binary-expr","locations":[{"start":{"line":13,"column":27},"end":{"line":13,"column":56}},{"start":{"line":13,"column":60},"end":{"line":13,"column":62}}],"line":13},"5":{"loc":{"start":{"line":14,"column":23},"end":{"line":14,"column":54}},"type":"binary-expr","locations":[{"start":{"line":14,"column":23},"end":{"line":14,"column":48}},{"start":{"line":14,"column":52},"end":{"line":14,"column":54}}],"line":14},"6":{"loc":{"start":{"line":15,"column":31},"end":{"line":15,"column":85}},"type":"binary-expr","locations":[{"start":{"line":15,"column":31},"end":{"line":15,"column":47}},{"start":{"line":15,"column":51},"end":{"line":15,"column":68}},{"start":{"line":15,"column":72},"end":{"line":15,"column":85}}],"line":15},"7":{"loc":{"start":{"line":19,"column":0},"end":{"line":31,"column":null}},"type":"if","locations":[{"start":{"line":19,"column":0},"end":{"line":31,"column":null}},{"start":{"line":29,"column":5},"end":{"line":31,"column":null}}],"line":19},"8":{"loc":{"start":{"line":46,"column":8},"end":{"line":48,"column":null}},"type":"if","locations":[{"start":{"line":46,"column":8},"end":{"line":48,"column":null}},{"start":{},"end":{}}],"line":46},"9":{"loc":{"start":{"line":60,"column":32},"end":{"line":60,"column":null}},"type":"binary-expr","locations":[{"start":{"line":60,"column":32},"end":{"line":60,"column":45}},{"start":{"line":60,"column":49},"end":{"line":60,"column":null}}],"line":60},"10":{"loc":{"start":{"line":67,"column":37},"end":{"line":67,"column":91}},"type":"cond-expr","locations":[{"start":{"line":67,"column":62},"end":{"line":67,"column":75}},{"start":{"line":67,"column":78},"end":{"line":67,"column":91}}],"line":67},"11":{"loc":{"start":{"line":86,"column":8},"end":{"line":88,"column":null}},"type":"if","locations":[{"start":{"line":86,"column":8},"end":{"line":88,"column":null}},{"start":{},"end":{}}],"line":86},"12":{"loc":{"start":{"line":103,"column":12},"end":{"line":105,"column":null}},"type":"if","locations":[{"start":{"line":103,"column":12},"end":{"line":105,"column":null}},{"start":{},"end":{}}],"line":103},"13":{"loc":{"start":{"line":103,"column":16},"end":{"line":103,"column":84}},"type":"binary-expr","locations":[{"start":{"line":103,"column":16},"end":{"line":103,"column":38}},{"start":{"line":103,"column":42},"end":{"line":103,"column":62}},{"start":{"line":103,"column":66},"end":{"line":103,"column":84}}],"line":103},"14":{"loc":{"start":{"line":112,"column":12},"end":{"line":133,"column":null}},"type":"if","locations":[{"start":{"line":112,"column":12},"end":{"line":133,"column":null}},{"start":{"line":123,"column":17},"end":{"line":133,"column":null}}],"line":112},"15":{"loc":{"start":{"line":118,"column":31},"end":{"line":118,"column":58}},"type":"binary-expr","locations":[{"start":{"line":118,"column":31},"end":{"line":118,"column":50}},{"start":{"line":118,"column":54},"end":{"line":118,"column":58}}],"line":118},"16":{"loc":{"start":{"line":129,"column":31},"end":{"line":129,"column":58}},"type":"binary-expr","locations":[{"start":{"line":129,"column":31},"end":{"line":129,"column":50}},{"start":{"line":129,"column":54},"end":{"line":129,"column":58}}],"line":129},"17":{"loc":{"start":{"line":175,"column":8},"end":{"line":178,"column":null}},"type":"if","locations":[{"start":{"line":175,"column":8},"end":{"line":178,"column":null}},{"start":{},"end":{}}],"line":175},"18":{"loc":{"start":{"line":179,"column":8},"end":{"line":185,"column":null}},"type":"if","locations":[{"start":{"line":179,"column":8},"end":{"line":185,"column":null}},{"start":{},"end":{}}],"line":179},"19":{"loc":{"start":{"line":193,"column":16},"end":{"line":198,"column":null}},"type":"if","locations":[{"start":{"line":193,"column":16},"end":{"line":198,"column":null}},{"start":{"line":196,"column":21},"end":{"line":198,"column":null}}],"line":193},"20":{"loc":{"start":{"line":193,"column":20},"end":{"line":193,"column":65}},"type":"binary-expr","locations":[{"start":{"line":193,"column":20},"end":{"line":193,"column":49}},{"start":{"line":193,"column":53},"end":{"line":193,"column":65}}],"line":193},"21":{"loc":{"start":{"line":214,"column":29},"end":{"line":216,"column":33}},"type":"cond-expr","locations":[{"start":{"line":215,"column":18},"end":{"line":215,"column":null}},{"start":{"line":216,"column":18},"end":{"line":216,"column":33}}],"line":214},"22":{"loc":{"start":{"line":214,"column":29},"end":{"line":214,"column":null}},"type":"binary-expr","locations":[{"start":{"line":214,"column":29},"end":{"line":214,"column":61}},{"start":{"line":214,"column":65},"end":{"line":214,"column":null}}],"line":214},"23":{"loc":{"start":{"line":217,"column":30},"end":{"line":219,"column":33}},"type":"cond-expr","locations":[{"start":{"line":218,"column":18},"end":{"line":218,"column":null}},{"start":{"line":219,"column":18},"end":{"line":219,"column":33}}],"line":217},"24":{"loc":{"start":{"line":217,"column":30},"end":{"line":217,"column":null}},"type":"binary-expr","locations":[{"start":{"line":217,"column":30},"end":{"line":217,"column":63}},{"start":{"line":217,"column":67},"end":{"line":217,"column":null}}],"line":217},"25":{"loc":{"start":{"line":220,"column":28},"end":{"line":222,"column":27}},"type":"cond-expr","locations":[{"start":{"line":221,"column":18},"end":{"line":221,"column":null}},{"start":{"line":222,"column":18},"end":{"line":222,"column":27}}],"line":220},"26":{"loc":{"start":{"line":220,"column":28},"end":{"line":220,"column":null}},"type":"binary-expr","locations":[{"start":{"line":220,"column":28},"end":{"line":220,"column":59}},{"start":{"line":220,"column":63},"end":{"line":220,"column":null}}],"line":220},"27":{"loc":{"start":{"line":223,"column":29},"end":{"line":225,"column":20}},"type":"cond-expr","locations":[{"start":{"line":224,"column":18},"end":{"line":224,"column":null}},{"start":{"line":225,"column":18},"end":{"line":225,"column":20}}],"line":223},"28":{"loc":{"start":{"line":223,"column":29},"end":{"line":223,"column":null}},"type":"binary-expr","locations":[{"start":{"line":223,"column":29},"end":{"line":223,"column":61}},{"start":{"line":223,"column":65},"end":{"line":223,"column":86}},{"start":{"line":223,"column":90},"end":{"line":223,"column":null}}],"line":223},"29":{"loc":{"start":{"line":226,"column":32},"end":{"line":226,"column":85}},"type":"cond-expr","locations":[{"start":{"line":226,"column":65},"end":{"line":226,"column":80}},{"start":{"line":226,"column":83},"end":{"line":226,"column":85}}],"line":226},"30":{"loc":{"start":{"line":244,"column":33},"end":{"line":244,"column":87}},"type":"cond-expr","locations":[{"start":{"line":244,"column":58},"end":{"line":244,"column":71}},{"start":{"line":244,"column":74},"end":{"line":244,"column":87}}],"line":244},"31":{"loc":{"start":{"line":251,"column":12},"end":{"line":253,"column":null}},"type":"if","locations":[{"start":{"line":251,"column":12},"end":{"line":253,"column":null}},{"start":{},"end":{}}],"line":251},"32":{"loc":{"start":{"line":251,"column":16},"end":{"line":251,"column":89}},"type":"binary-expr","locations":[{"start":{"line":251,"column":16},"end":{"line":251,"column":35}},{"start":{"line":251,"column":39},"end":{"line":251,"column":89}}],"line":251},"33":{"loc":{"start":{"line":321,"column":22},"end":{"line":321,"column":86}},"type":"binary-expr","locations":[{"start":{"line":321,"column":22},"end":{"line":321,"column":49}},{"start":{"line":321,"column":53},"end":{"line":321,"column":86}}],"line":321},"34":{"loc":{"start":{"line":341,"column":39},"end":{"line":341,"column":57}},"type":"binary-expr","locations":[{"start":{"line":341,"column":39},"end":{"line":341,"column":51}},{"start":{"line":341,"column":55},"end":{"line":341,"column":57}}],"line":341},"35":{"loc":{"start":{"line":342,"column":8},"end":{"line":344,"column":null}},"type":"if","locations":[{"start":{"line":342,"column":8},"end":{"line":344,"column":null}},{"start":{},"end":{}}],"line":342},"36":{"loc":{"start":{"line":342,"column":12},"end":{"line":342,"column":51}},"type":"binary-expr","locations":[{"start":{"line":342,"column":12},"end":{"line":342,"column":36}},{"start":{"line":342,"column":40},"end":{"line":342,"column":51}}],"line":342},"37":{"loc":{"start":{"line":348,"column":15},"end":{"line":348,"column":79}},"type":"cond-expr","locations":[{"start":{"line":348,"column":39},"end":{"line":348,"column":47}},{"start":{"line":348,"column":50},"end":{"line":348,"column":79}}],"line":348},"38":{"loc":{"start":{"line":351,"column":8},"end":{"line":353,"column":null}},"type":"if","locations":[{"start":{"line":351,"column":8},"end":{"line":353,"column":null}},{"start":{},"end":{}}],"line":351},"39":{"loc":{"start":{"line":351,"column":12},"end":{"line":351,"column":55}},"type":"binary-expr","locations":[{"start":{"line":351,"column":12},"end":{"line":351,"column":37}},{"start":{"line":351,"column":41},"end":{"line":351,"column":55}}],"line":351},"40":{"loc":{"start":{"line":355,"column":8},"end":{"line":357,"column":null}},"type":"if","locations":[{"start":{"line":355,"column":8},"end":{"line":357,"column":null}},{"start":{},"end":{}}],"line":355},"41":{"loc":{"start":{"line":358,"column":8},"end":{"line":361,"column":null}},"type":"if","locations":[{"start":{"line":358,"column":8},"end":{"line":361,"column":null}},{"start":{},"end":{}}],"line":358},"42":{"loc":{"start":{"line":360,"column":19},"end":{"line":360,"column":78}},"type":"cond-expr","locations":[{"start":{"line":360,"column":55},"end":{"line":360,"column":71}},{"start":{"line":360,"column":74},"end":{"line":360,"column":78}}],"line":360}},"s":{"0":7,"1":7,"2":7,"3":7,"4":7,"5":7,"6":7,"7":7,"8":7,"9":7,"10":7,"11":7,"12":7,"13":7,"14":7,"15":7,"16":6,"17":6,"18":6,"19":6,"20":0,"21":1,"22":14,"23":14,"24":14,"25":14,"26":7,"27":0,"28":7,"29":7,"30":7,"31":7,"32":0,"33":7,"34":0,"35":7,"36":7,"37":0,"38":0,"39":0,"40":7,"41":7,"42":2,"43":0,"44":7,"45":0,"46":0,"47":0,"48":0,"49":0,"50":0,"51":0,"52":0,"53":0,"54":0,"55":0,"56":0,"57":0,"58":0,"59":0,"60":0,"61":0,"62":0,"63":3,"64":3,"65":2,"66":2,"67":2,"68":2,"69":1,"70":1,"71":2,"72":2,"73":2,"74":2,"75":1,"76":1,"77":1,"78":1,"79":1,"80":0,"81":0,"82":0,"83":0,"84":0,"85":0,"86":0,"87":0,"88":0,"89":0,"90":0,"91":0,"92":0,"93":2,"94":2,"95":2,"96":2,"97":2,"98":2,"99":2,"100":2,"101":2,"102":1,"103":1,"104":1,"105":1,"106":1,"107":1,"108":1,"109":1,"110":1,"111":1,"112":1,"113":2,"114":2,"115":2,"116":0,"117":1,"118":17,"119":17,"120":14,"121":3,"122":3,"123":5,"124":1,"125":4,"126":4,"127":1,"128":3,"129":3,"130":3,"131":0,"132":7,"133":7,"134":7},"f":{"0":7,"1":14,"2":7,"3":7,"4":0,"5":0,"6":2,"7":7,"8":0,"9":0,"10":0,"11":0,"12":0,"13":3,"14":2,"15":2,"16":0,"17":0,"18":2,"19":1,"20":1,"21":1,"22":2,"23":0,"24":1,"25":17,"26":3,"27":5},"b":{"0":[7,7,7],"1":[7,0],"2":[7,7],"3":[7,1],"4":[7,1],"5":[7,1],"6":[7,6,6],"7":[6,1],"8":[0,7],"9":[0,0],"10":[0,0],"11":[0,2],"12":[0,0],"13":[0,0,0],"14":[0,0],"15":[0,0],"16":[0,0],"17":[1,1],"18":[1,0],"19":[0,0],"20":[0,0],"21":[0,2],"22":[2,1],"23":[0,2],"24":[2,1],"25":[0,2],"26":[2,1],"27":[0,2],"28":[2,1,1],"29":[0,2],"30":[0,1],"31":[1,0],"32":[1,1],"33":[2,1],"34":[17,17],"35":[14,3],"36":[17,4],"37":[0,0],"38":[1,4],"39":[5,4],"40":[1,3],"41":[3,0],"42":[2,3]},"meta":{"lastBranch":43,"lastFunction":28,"lastStatement":135,"seen":{"s:2:22:4:1":0,"b:2:23:2:27:2:31:2:51:2:56:4:1":0,"f:2:56:2:64":0,"s:3:4:3:Infinity":1,"b:3:37:3:40:3:43:3:61":1,"b:3:12:3:15:3:19:3:33":2,"s:5:0:5:Infinity":2,"s:6:0:6:Infinity":3,"s:7:19:7:55":4,"s:8:13:8:28":5,"s:9:22:9:44":6,"s:10:17:10:44":7,"s:11:17:11:40":8,"s:12:25:12:68":9,"b:12:26:12:54:12:58:12:60":3,"s:13:26:13:70":10,"b:13:27:13:56:13:60:13:62":4,"s:14:22:14:62":11,"b:14:23:14:48:14:52:14:54":5,"s:15:23:15:86":12,"b:15:31:15:47:15:51:15:68:15:72:15:85":6,"s:16:43:16:67":13,"s:17:20:17:25":14,"b:19:0:31:Infinity:29:5:31:Infinity":7,"s:19:0:31:Infinity":15,"s:20:4:27:Infinity":16,"s:21:8:21:Infinity":17,"s:22:8:22:Infinity":18,"s:23:8:23:Infinity":19,"s:26:8:26:Infinity":20,"s:30:4:30:Infinity":21,"f:33:4:33:15":1,"s:34:8:34:Infinity":22,"s:35:8:35:Infinity":23,"s:36:8:36:Infinity":24,"s:37:8:37:Infinity":25,"f:44:10:44:27":2,"b:46:8:48:Infinity:undefined:undefined:undefined:undefined":8,"s:46:8:48:Infinity":26,"s:47:12:47:Infinity":27,"s:49:8:79:Infinity":28,"f:49:31:49:36":3,"s:50:12:78:Infinity":29,"s:51:16:51:Infinity":30,"s:53:29:53:132":31,"f:53:56:53:61":4,"s:53:68:53:117":32,"s:55:16:62:Infinity":33,"f:55:29:55:32":5,"s:56:20:61:Infinity":34,"b:60:32:60:45:60:49:60:Infinity":9,"s:63:16:63:Infinity":35,"s:64:16:64:Infinity":36,"s:67:37:67:91":37,"b:67:62:67:75:67:78:67:91":10,"s:68:16:71:Infinity":38,"s:74:16:74:Infinity":39,"s:77:16:77:Infinity":40,"s:80:8:80:Infinity":41,"f:85:10:85:22":6,"b:86:8:88:Infinity:undefined:undefined:undefined:undefined":11,"s:86:8:88:Infinity":42,"s:87:12:87:Infinity":43,"f:93:4:93:23":7,"s:94:8:96:Infinity":44,"f:94:39:94:44":8,"s:95:12:95:Infinity":45,"f:99:10:99:25":9,"s:100:8:148:Infinity":46,"s:101:12:101:Infinity":47,"b:103:12:105:Infinity:undefined:undefined:undefined:undefined":12,"s:103:12:105:Infinity":48,"b:103:16:103:38:103:42:103:62:103:66:103:84":13,"s:104:16:104:Infinity":49,"s:107:29:110:36":50,"f:107:56:107:61":10,"s:107:68:110:25":51,"s:111:24:111:34":52,"b:112:12:133:Infinity:123:17:133:Infinity":14,"s:112:12:133:Infinity":53,"s:114:16:121:Infinity":54,"f:114:43:114:48":11,"s:114:55:121:18":55,"b:118:31:118:50:118:54:118:58":15,"s:125:16:132:Infinity":56,"f:125:43:125:48":12,"s:125:55:132:109":57,"b:129:31:129:50:129:54:129:58":16,"s:135:12:138:Infinity":58,"s:139:12:142:Infinity":59,"s:143:12:143:Infinity":60,"s:146:12:146:Infinity":61,"s:147:12:147:Infinity":62,"f:151:10:151:28":13,"s:152:8:167:Infinity":63,"s:154:12:155:Infinity":64,"f:154:39:154:44":14,"s:154:51:155:92":65,"s:157:28:157:63":66,"s:158:12:161:Infinity":67,"s:162:12:162:Infinity":68,"s:165:12:165:Infinity":69,"s:166:12:166:Infinity":70,"f:170:10:170:19":15,"s:172:8:172:Infinity":71,"s:173:24:173:46":72,"s:174:30:174:69":73,"b:175:8:178:Infinity:undefined:undefined:undefined:undefined":17,"s:175:8:178:Infinity":74,"s:176:12:176:Infinity":75,"s:177:12:177:Infinity":76,"b:179:8:185:Infinity:undefined:undefined:undefined:undefined":18,"s:179:8:185:Infinity":77,"s:180:12:180:Infinity":78,"s:181:12:184:Infinity":79,"s:186:8:186:Infinity":80,"s:188:8:200:Infinity":81,"s:188:21:188:22":82,"s:189:26:189:68":83,"s:190:29:190:102":84,"f:190:39:190:51":16,"s:190:55:190:101":85,"s:191:33:191:67":86,"s:192:12:199:Infinity":87,"f:192:33:192:39":17,"b:193:16:198:Infinity:196:21:198:Infinity":19,"s:193:16:198:Infinity":88,"b:193:20:193:49:193:53:193:65":20,"s:194:20:194:Infinity":89,"s:197:20:197:Infinity":90,"s:201:8:201:Infinity":91,"s:202:8:202:Infinity":92,"f:205:10:205:28":18,"s:206:8:255:Infinity":93,"s:207:31:213:13":94,"s:214:29:216:33":95,"b:215:18:215:Infinity:216:18:216:33":21,"b:214:29:214:61:214:65:214:Infinity":22,"s:217:30:219:33":96,"b:218:18:218:Infinity:219:18:219:33":23,"b:217:30:217:63:217:67:217:Infinity":24,"s:220:28:222:27":97,"b:221:18:221:Infinity:222:18:222:27":25,"b:220:28:220:59:220:63:220:Infinity":26,"s:223:29:225:20":98,"b:224:18:224:Infinity:225:18:225:20":27,"b:223:29:223:61:223:65:223:86:223:90:223:Infinity":28,"s:226:32:226:85":99,"b:226:65:226:80:226:83:226:85":29,"s:227:40:235:14":100,"s:236:12:239:Infinity":101,"s:240:12:240:Infinity":102,"s:243:31:243:56":103,"s:244:33:244:87":104,"b:244:58:244:71:244:74:244:87":30,"s:245:12:249:Infinity":105,"b:251:12:253:Infinity:undefined:undefined:undefined:undefined":31,"s:251:12:253:Infinity":106,"b:251:16:251:35:251:39:251:89":32,"s:252:16:252:Infinity":107,"s:254:12:254:Infinity":108,"f:258:10:258:23":19,"s:259:8:274:Infinity":109,"f:276:10:276:24":20,"s:277:26:281:10":110,"s:282:8:297:Infinity":111,"f:299:10:299:27":21,"s:300:8:311:Infinity":112,"f:313:10:313:32":22,"s:314:31:320:9":113,"s:321:22:321:86":114,"b:321:22:321:49:321:53:321:86":33,"s:322:8:327:Infinity":115,"f:330:4:330:12":23,"s:331:8:334:Infinity":116,"f:337:4:337:21":24,"s:338:8:338:Infinity":117,"f:340:4:340:20":25,"s:341:23:341:62":118,"b:341:39:341:51:341:55:341:57":34,"b:342:8:344:Infinity:undefined:undefined:undefined:undefined":35,"s:342:8:344:Infinity":119,"b:342:12:342:36:342:40:342:51":36,"s:343:12:343:Infinity":120,"s:345:8:345:Infinity":121,"f:347:4:347:22":26,"s:348:8:348:Infinity":122,"b:348:39:348:47:348:50:348:79":37,"f:350:4:350:17":27,"b:351:8:353:Infinity:undefined:undefined:undefined:undefined":38,"s:351:8:353:Infinity":123,"b:351:12:351:37:351:41:351:55":39,"s:352:12:352:Infinity":124,"s:354:32:354:48":125,"b:355:8:357:Infinity:undefined:undefined:undefined:undefined":40,"s:355:8:357:Infinity":126,"s:356:12:356:Infinity":127,"b:358:8:361:Infinity:undefined:undefined:undefined:undefined":41,"s:358:8:361:Infinity":128,"s:359:37:359:73":129,"s:360:12:360:Infinity":130,"b:360:55:360:71:360:74:360:78":42,"s:362:8:362:Infinity":131,"s:365:0:365:Infinity":132,"s:367:0:367:Infinity":133,"s:369:0:369:Infinity":134}}}
}
