{"/srv/workspace/komuno/server/email-notification-service.js": {"path":"/srv/workspace/komuno/server/email-notification-service.js","statementMap":{"0":{"start":{"line":2,"column":22},"end":{"line":12,"column":3}},"1":{"start":{"line":3,"column":4},"end":{"line":3,"column":null}},"2":{"start":{"line":3,"column":26},"end":{"line":3,"column":null}},"3":{"start":{"line":4,"column":15},"end":{"line":4,"column":52}},"4":{"start":{"line":5,"column":4},"end":{"line":7,"column":null}},"5":{"start":{"line":6,"column":6},"end":{"line":6,"column":null}},"6":{"start":{"line":6,"column":51},"end":{"line":6,"column":63}},"7":{"start":{"line":8,"column":4},"end":{"line":8,"column":null}},"8":{"start":{"line":10,"column":4},"end":{"line":10,"column":null}},"9":{"start":{"line":10,"column":26},"end":{"line":10,"column":null}},"10":{"start":{"line":11,"column":4},"end":{"line":11,"column":null}},"11":{"start":{"line":13,"column":25},"end":{"line":17,"column":2}},"12":{"start":{"line":14,"column":4},"end":{"line":14,"column":null}},"13":{"start":{"line":16,"column":4},"end":{"line":16,"column":null}},"14":{"start":{"line":18,"column":19},"end":{"line":34,"column":4}},"15":{"start":{"line":19,"column":18},"end":{"line":26,"column":5}},"16":{"start":{"line":20,"column":8},"end":{"line":24,"column":null}},"17":{"start":{"line":21,"column":21},"end":{"line":21,"column":23}},"18":{"start":{"line":22,"column":12},"end":{"line":22,"column":null}},"19":{"start":{"line":22,"column":29},"end":{"line":22,"column":null}},"20":{"start":{"line":22,"column":77},"end":{"line":22,"column":null}},"21":{"start":{"line":23,"column":12},"end":{"line":23,"column":null}},"22":{"start":{"line":25,"column":8},"end":{"line":25,"column":null}},"23":{"start":{"line":27,"column":4},"end":{"line":33,"column":null}},"24":{"start":{"line":28,"column":8},"end":{"line":28,"column":null}},"25":{"start":{"line":28,"column":35},"end":{"line":28,"column":null}},"26":{"start":{"line":29,"column":21},"end":{"line":29,"column":23}},"27":{"start":{"line":30,"column":8},"end":{"line":30,"column":null}},"28":{"start":{"line":30,"column":25},"end":{"line":30,"column":null}},"29":{"start":{"line":30,"column":38},"end":{"line":30,"column":50}},"30":{"start":{"line":30,"column":56},"end":{"line":30,"column":57}},"31":{"start":{"line":30,"column":78},"end":{"line":30,"column":null}},"32":{"start":{"line":30,"column":102},"end":{"line":30,"column":null}},"33":{"start":{"line":31,"column":8},"end":{"line":31,"column":null}},"34":{"start":{"line":32,"column":8},"end":{"line":32,"column":null}},"35":{"start":{"line":35,"column":0},"end":{"line":35,"column":null}},"36":{"start":{"line":36,"column":0},"end":{"line":36,"column":null}},"37":{"start":{"line":37,"column":24},"end":{"line":37,"column":50}},"38":{"start":{"line":38,"column":18},"end":{"line":38,"column":38}},"39":{"start":{"line":39,"column":26},"end":{"line":39,"column":54}},"40":{"start":{"line":40,"column":17},"end":{"line":40,"column":44}},"41":{"start":{"line":41,"column":17},"end":{"line":41,"column":40}},"42":{"start":{"line":44,"column":8},"end":{"line":44,"column":null}},"43":{"start":{"line":45,"column":8},"end":{"line":45,"column":null}},"44":{"start":{"line":46,"column":8},"end":{"line":49,"column":null}},"45":{"start":{"line":51,"column":8},"end":{"line":51,"column":null}},"46":{"start":{"line":54,"column":8},"end":{"line":74,"column":null}},"47":{"start":{"line":55,"column":27},"end":{"line":55,"column":70}},"48":{"start":{"line":56,"column":12},"end":{"line":68,"column":null}},"49":{"start":{"line":57,"column":31},"end":{"line":59,"column":33}},"50":{"start":{"line":60,"column":16},"end":{"line":67,"column":null}},"51":{"start":{"line":71,"column":12},"end":{"line":73,"column":null}},"52":{"start":{"line":78,"column":8},"end":{"line":83,"column":null}},"53":{"start":{"line":79,"column":12},"end":{"line":82,"column":null}},"54":{"start":{"line":84,"column":8},"end":{"line":116,"column":null}},"55":{"start":{"line":85,"column":33},"end":{"line":85,"column":71}},"56":{"start":{"line":86,"column":12},"end":{"line":91,"column":null}},"57":{"start":{"line":87,"column":16},"end":{"line":90,"column":null}},"58":{"start":{"line":93,"column":38},"end":{"line":96,"column":52}},"59":{"start":{"line":94,"column":33},"end":{"line":94,"column":76}},"60":{"start":{"line":95,"column":30},"end":{"line":95,"column":62}},"61":{"start":{"line":96,"column":35},"end":{"line":96,"column":51}},"62":{"start":{"line":97,"column":38},"end":{"line":97,"column":76}},"63":{"start":{"line":98,"column":12},"end":{"line":101,"column":null}},"64":{"start":{"line":102,"column":12},"end":{"line":104,"column":null}},"65":{"start":{"line":105,"column":12},"end":{"line":108,"column":null}},"66":{"start":{"line":111,"column":12},"end":{"line":111,"column":null}},"67":{"start":{"line":112,"column":12},"end":{"line":115,"column":null}},"68":{"start":{"line":119,"column":8},"end":{"line":121,"column":null}},"69":{"start":{"line":120,"column":32},"end":{"line":120,"column":62}},"70":{"start":{"line":121,"column":35},"end":{"line":121,"column":55}},"71":{"start":{"line":124,"column":37},"end":{"line":124,"column":73}},"72":{"start":{"line":125,"column":8},"end":{"line":131,"column":null}},"73":{"start":{"line":126,"column":12},"end":{"line":126,"column":null}},"74":{"start":{"line":127,"column":12},"end":{"line":130,"column":null}},"75":{"start":{"line":132,"column":28},"end":{"line":136,"column":10}},"76":{"start":{"line":137,"column":8},"end":{"line":144,"column":null}},"77":{"start":{"line":138,"column":12},"end":{"line":142,"column":null}},"78":{"start":{"line":143,"column":12},"end":{"line":143,"column":null}},"79":{"start":{"line":145,"column":8},"end":{"line":149,"column":null}},"80":{"start":{"line":150,"column":8},"end":{"line":150,"column":null}},"81":{"start":{"line":154,"column":8},"end":{"line":171,"column":null}},"82":{"start":{"line":155,"column":12},"end":{"line":155,"column":null}},"83":{"start":{"line":157,"column":38},"end":{"line":157,"column":65}},"84":{"start":{"line":158,"column":12},"end":{"line":160,"column":null}},"85":{"start":{"line":159,"column":16},"end":{"line":159,"column":null}},"86":{"start":{"line":162,"column":38},"end":{"line":162,"column":124}},"87":{"start":{"line":163,"column":12},"end":{"line":163,"column":null}},"88":{"start":{"line":166,"column":12},"end":{"line":166,"column":null}},"89":{"start":{"line":167,"column":12},"end":{"line":170,"column":null}},"90":{"start":{"line":175,"column":8},"end":{"line":192,"column":null}},"91":{"start":{"line":176,"column":12},"end":{"line":176,"column":null}},"92":{"start":{"line":178,"column":38},"end":{"line":178,"column":65}},"93":{"start":{"line":179,"column":12},"end":{"line":181,"column":null}},"94":{"start":{"line":180,"column":16},"end":{"line":180,"column":null}},"95":{"start":{"line":183,"column":38},"end":{"line":183,"column":124}},"96":{"start":{"line":184,"column":12},"end":{"line":184,"column":null}},"97":{"start":{"line":187,"column":12},"end":{"line":187,"column":null}},"98":{"start":{"line":188,"column":12},"end":{"line":191,"column":null}},"99":{"start":{"line":196,"column":8},"end":{"line":220,"column":null}},"100":{"start":{"line":198,"column":33},"end":{"line":198,"column":119}},"101":{"start":{"line":199,"column":12},"end":{"line":204,"column":null}},"102":{"start":{"line":200,"column":16},"end":{"line":203,"column":null}},"103":{"start":{"line":205,"column":39},"end":{"line":205,"column":56}},"104":{"start":{"line":206,"column":12},"end":{"line":208,"column":null}},"105":{"start":{"line":209,"column":12},"end":{"line":212,"column":null}},"106":{"start":{"line":215,"column":12},"end":{"line":215,"column":null}},"107":{"start":{"line":216,"column":12},"end":{"line":219,"column":null}},"108":{"start":{"line":224,"column":8},"end":{"line":259,"column":null}},"109":{"start":{"line":225,"column":12},"end":{"line":227,"column":null}},"110":{"start":{"line":229,"column":50},"end":{"line":229,"column":89}},"111":{"start":{"line":230,"column":12},"end":{"line":232,"column":null}},"112":{"start":{"line":231,"column":16},"end":{"line":231,"column":null}},"113":{"start":{"line":235,"column":12},"end":{"line":248,"column":null}},"114":{"start":{"line":236,"column":16},"end":{"line":236,"column":null}},"115":{"start":{"line":237,"column":16},"end":{"line":237,"column":null}},"116":{"start":{"line":240,"column":42},"end":{"line":240,"column":69}},"117":{"start":{"line":241,"column":16},"end":{"line":243,"column":null}},"118":{"start":{"line":242,"column":20},"end":{"line":242,"column":null}},"119":{"start":{"line":244,"column":16},"end":{"line":244,"column":null}},"120":{"start":{"line":245,"column":16},"end":{"line":247,"column":null}},"121":{"start":{"line":250,"column":38},"end":{"line":250,"column":123}},"122":{"start":{"line":251,"column":12},"end":{"line":251,"column":null}},"123":{"start":{"line":254,"column":12},"end":{"line":254,"column":null}},"124":{"start":{"line":255,"column":12},"end":{"line":258,"column":null}},"125":{"start":{"line":263,"column":8},"end":{"line":305,"column":null}},"126":{"start":{"line":264,"column":12},"end":{"line":264,"column":null}},"127":{"start":{"line":266,"column":38},"end":{"line":266,"column":87}},"128":{"start":{"line":267,"column":12},"end":{"line":269,"column":null}},"129":{"start":{"line":268,"column":16},"end":{"line":268,"column":null}},"130":{"start":{"line":270,"column":12},"end":{"line":275,"column":null}},"131":{"start":{"line":271,"column":16},"end":{"line":274,"column":null}},"132":{"start":{"line":277,"column":48},"end":{"line":277,"column":126}},"133":{"start":{"line":277,"column":83},"end":{"line":277,"column":125}},"134":{"start":{"line":278,"column":38},"end":{"line":278,"column":75}},"135":{"start":{"line":279,"column":34},"end":{"line":279,"column":59}},"136":{"start":{"line":280,"column":36},"end":{"line":284,"column":14}},"137":{"start":{"line":285,"column":12},"end":{"line":296,"column":null}},"138":{"start":{"line":286,"column":16},"end":{"line":289,"column":null}},"139":{"start":{"line":292,"column":16},"end":{"line":295,"column":null}},"140":{"start":{"line":297,"column":12},"end":{"line":297,"column":null}},"141":{"start":{"line":300,"column":12},"end":{"line":300,"column":null}},"142":{"start":{"line":301,"column":12},"end":{"line":304,"column":null}},"143":{"start":{"line":309,"column":8},"end":{"line":328,"column":null}},"144":{"start":{"line":310,"column":12},"end":{"line":312,"column":null}},"145":{"start":{"line":314,"column":38},"end":{"line":314,"column":65}},"146":{"start":{"line":315,"column":12},"end":{"line":317,"column":null}},"147":{"start":{"line":316,"column":16},"end":{"line":316,"column":null}},"148":{"start":{"line":319,"column":38},"end":{"line":319,"column":115}},"149":{"start":{"line":320,"column":12},"end":{"line":320,"column":null}},"150":{"start":{"line":323,"column":12},"end":{"line":323,"column":null}},"151":{"start":{"line":324,"column":12},"end":{"line":327,"column":null}},"152":{"start":{"line":332,"column":8},"end":{"line":332,"column":null}},"153":{"start":{"line":333,"column":8},"end":{"line":333,"column":null}},"154":{"start":{"line":337,"column":0},"end":{"line":337,"column":null}}},"fnMap":{"0":{"name":"(anonymous_0)","decl":{"start":{"line":2,"column":74},"end":{"line":2,"column":82}},"loc":{"start":{"line":2,"column":96},"end":{"line":9,"column":1}},"line":2},"1":{"name":"(anonymous_1)","decl":{"start":{"line":6,"column":33},"end":{"line":6,"column":36}},"loc":{"start":{"line":6,"column":49},"end":{"line":6,"column":65}},"line":6},"2":{"name":"(anonymous_2)","decl":{"start":{"line":9,"column":6},"end":{"line":9,"column":14}},"loc":{"start":{"line":9,"column":28},"end":{"line":12,"column":1}},"line":9},"3":{"name":"(anonymous_3)","decl":{"start":{"line":13,"column":80},"end":{"line":13,"column":88}},"loc":{"start":{"line":13,"column":95},"end":{"line":15,"column":1}},"line":13},"4":{"name":"(anonymous_4)","decl":{"start":{"line":15,"column":5},"end":{"line":15,"column":13}},"loc":{"start":{"line":15,"column":20},"end":{"line":17,"column":1}},"line":15},"5":{"name":"(anonymous_5)","decl":{"start":{"line":18,"column":51},"end":{"line":18,"column":59}},"loc":{"start":{"line":18,"column":63},"end":{"line":34,"column":1}},"line":18},"6":{"name":"(anonymous_6)","decl":{"start":{"line":19,"column":18},"end":{"line":19,"column":26}},"loc":{"start":{"line":19,"column":30},"end":{"line":26,"column":5}},"line":19},"7":{"name":"(anonymous_7)","decl":{"start":{"line":20,"column":48},"end":{"line":20,"column":56}},"loc":{"start":{"line":20,"column":61},"end":{"line":24,"column":9}},"line":20},"8":{"name":"(anonymous_8)","decl":{"start":{"line":27,"column":11},"end":{"line":27,"column":19}},"loc":{"start":{"line":27,"column":26},"end":{"line":33,"column":5}},"line":27},"9":{"name":"(anonymous_9)","decl":{"start":{"line":43,"column":4},"end":{"line":43,"column":15}},"loc":{"start":{"line":43,"column":18},"end":{"line":52,"column":null}},"line":43},"10":{"name":"(anonymous_10)","decl":{"start":{"line":53,"column":10},"end":{"line":53,"column":22}},"loc":{"start":{"line":53,"column":25},"end":{"line":75,"column":null}},"line":53},"11":{"name":"(anonymous_11)","decl":{"start":{"line":77,"column":10},"end":{"line":77,"column":24}},"loc":{"start":{"line":77,"column":34},"end":{"line":117,"column":null}},"line":77},"12":{"name":"(anonymous_12)","decl":{"start":{"line":94,"column":24},"end":{"line":94,"column":29}},"loc":{"start":{"line":94,"column":33},"end":{"line":94,"column":76}},"line":94},"13":{"name":"(anonymous_13)","decl":{"start":{"line":95,"column":21},"end":{"line":95,"column":26}},"loc":{"start":{"line":95,"column":30},"end":{"line":95,"column":62}},"line":95},"14":{"name":"(anonymous_14)","decl":{"start":{"line":96,"column":24},"end":{"line":96,"column":25}},"loc":{"start":{"line":96,"column":35},"end":{"line":96,"column":51}},"line":96},"15":{"name":"(anonymous_15)","decl":{"start":{"line":118,"column":4},"end":{"line":118,"column":23}},"loc":{"start":{"line":118,"column":36},"end":{"line":122,"column":null}},"line":118},"16":{"name":"(anonymous_16)","decl":{"start":{"line":120,"column":17},"end":{"line":120,"column":18}},"loc":{"start":{"line":120,"column":32},"end":{"line":120,"column":62}},"line":120},"17":{"name":"(anonymous_17)","decl":{"start":{"line":121,"column":20},"end":{"line":121,"column":21}},"loc":{"start":{"line":121,"column":35},"end":{"line":121,"column":55}},"line":121},"18":{"name":"(anonymous_18)","decl":{"start":{"line":123,"column":10},"end":{"line":123,"column":26}},"loc":{"start":{"line":123,"column":63},"end":{"line":151,"column":null}},"line":123},"19":{"name":"(anonymous_19)","decl":{"start":{"line":153,"column":10},"end":{"line":153,"column":23}},"loc":{"start":{"line":153,"column":30},"end":{"line":172,"column":null}},"line":153},"20":{"name":"(anonymous_20)","decl":{"start":{"line":174,"column":10},"end":{"line":174,"column":24}},"loc":{"start":{"line":174,"column":47},"end":{"line":193,"column":null}},"line":174},"21":{"name":"(anonymous_21)","decl":{"start":{"line":195,"column":10},"end":{"line":195,"column":36}},"loc":{"start":{"line":195,"column":39},"end":{"line":221,"column":null}},"line":195},"22":{"name":"(anonymous_22)","decl":{"start":{"line":223,"column":10},"end":{"line":223,"column":33}},"loc":{"start":{"line":223,"column":46},"end":{"line":260,"column":null}},"line":223},"23":{"name":"(anonymous_23)","decl":{"start":{"line":262,"column":10},"end":{"line":262,"column":32}},"loc":{"start":{"line":262,"column":35},"end":{"line":306,"column":null}},"line":262},"24":{"name":"(anonymous_24)","decl":{"start":{"line":277,"column":77},"end":{"line":277,"column":78}},"loc":{"start":{"line":277,"column":83},"end":{"line":277,"column":125}},"line":277},"25":{"name":"(anonymous_25)","decl":{"start":{"line":308,"column":10},"end":{"line":308,"column":27}},"loc":{"start":{"line":308,"column":38},"end":{"line":329,"column":null}},"line":308},"26":{"name":"(anonymous_26)","decl":{"start":{"line":331,"column":4},"end":{"line":331,"column":17}},"loc":{"start":{"line":331,"column":30},"end":{"line":334,"column":null}},"line":331}},"branchMap":{"0":{"loc":{"start":{"line":2,"column":22},"end":{"line":12,"column":3}},"type":"binary-expr","locations":[{"start":{"line":2,"column":23},"end":{"line":2,"column":27}},{"start":{"line":2,"column":31},"end":{"line":2,"column":51}},{"start":{"line":2,"column":57},"end":{"line":12,"column":2}}],"line":2},"1":{"loc":{"start":{"line":2,"column":57},"end":{"line":12,"column":2}},"type":"cond-expr","locations":[{"start":{"line":2,"column":74},"end":{"line":9,"column":1}},{"start":{"line":9,"column":6},"end":{"line":12,"column":1}}],"line":2},"2":{"loc":{"start":{"line":3,"column":4},"end":{"line":3,"column":null}},"type":"if","locations":[{"start":{"line":3,"column":4},"end":{"line":3,"column":null}},{"start":{},"end":{}}],"line":3},"3":{"loc":{"start":{"line":5,"column":4},"end":{"line":7,"column":null}},"type":"if","locations":[{"start":{"line":5,"column":4},"end":{"line":7,"column":null}},{"start":{},"end":{}}],"line":5},"4":{"loc":{"start":{"line":5,"column":8},"end":{"line":5,"column":85}},"type":"binary-expr","locations":[{"start":{"line":5,"column":8},"end":{"line":5,"column":13}},{"start":{"line":5,"column":18},"end":{"line":5,"column":84}}],"line":5},"5":{"loc":{"start":{"line":5,"column":18},"end":{"line":5,"column":84}},"type":"cond-expr","locations":[{"start":{"line":5,"column":34},"end":{"line":5,"column":47}},{"start":{"line":5,"column":50},"end":{"line":5,"column":84}}],"line":5},"6":{"loc":{"start":{"line":5,"column":50},"end":{"line":5,"column":84}},"type":"binary-expr","locations":[{"start":{"line":5,"column":50},"end":{"line":5,"column":63}},{"start":{"line":5,"column":67},"end":{"line":5,"column":84}}],"line":5},"7":{"loc":{"start":{"line":10,"column":4},"end":{"line":10,"column":null}},"type":"if","locations":[{"start":{"line":10,"column":4},"end":{"line":10,"column":null}},{"start":{},"end":{}}],"line":10},"8":{"loc":{"start":{"line":13,"column":25},"end":{"line":17,"column":2}},"type":"binary-expr","locations":[{"start":{"line":13,"column":26},"end":{"line":13,"column":30}},{"start":{"line":13,"column":34},"end":{"line":13,"column":57}},{"start":{"line":13,"column":63},"end":{"line":17,"column":1}}],"line":13},"9":{"loc":{"start":{"line":13,"column":63},"end":{"line":17,"column":1}},"type":"cond-expr","locations":[{"start":{"line":13,"column":80},"end":{"line":15,"column":1}},{"start":{"line":15,"column":5},"end":{"line":17,"column":1}}],"line":13},"10":{"loc":{"start":{"line":18,"column":19},"end":{"line":34,"column":4}},"type":"binary-expr","locations":[{"start":{"line":18,"column":20},"end":{"line":18,"column":24}},{"start":{"line":18,"column":28},"end":{"line":18,"column":45}},{"start":{"line":18,"column":50},"end":{"line":34,"column":4}}],"line":18},"11":{"loc":{"start":{"line":20,"column":18},"end":{"line":24,"column":9}},"type":"binary-expr","locations":[{"start":{"line":20,"column":18},"end":{"line":20,"column":44}},{"start":{"line":20,"column":48},"end":{"line":24,"column":9}}],"line":20},"12":{"loc":{"start":{"line":22,"column":29},"end":{"line":22,"column":null}},"type":"if","locations":[{"start":{"line":22,"column":29},"end":{"line":22,"column":null}},{"start":{},"end":{}}],"line":22},"13":{"loc":{"start":{"line":28,"column":8},"end":{"line":28,"column":null}},"type":"if","locations":[{"start":{"line":28,"column":8},"end":{"line":28,"column":null}},{"start":{},"end":{}}],"line":28},"14":{"loc":{"start":{"line":28,"column":12},"end":{"line":28,"column":33}},"type":"binary-expr","locations":[{"start":{"line":28,"column":12},"end":{"line":28,"column":15}},{"start":{"line":28,"column":19},"end":{"line":28,"column":33}}],"line":28},"15":{"loc":{"start":{"line":30,"column":8},"end":{"line":30,"column":null}},"type":"if","locations":[{"start":{"line":30,"column":8},"end":{"line":30,"column":null}},{"start":{},"end":{}}],"line":30},"16":{"loc":{"start":{"line":30,"column":78},"end":{"line":30,"column":null}},"type":"if","locations":[{"start":{"line":30,"column":78},"end":{"line":30,"column":null}},{"start":{},"end":{}}],"line":30},"17":{"loc":{"start":{"line":47,"column":21},"end":{"line":47,"column":68}},"type":"binary-expr","locations":[{"start":{"line":47,"column":21},"end":{"line":47,"column":41}},{"start":{"line":47,"column":45},"end":{"line":47,"column":68}}],"line":47},"18":{"loc":{"start":{"line":48,"column":31},"end":{"line":48,"column":117}},"type":"cond-expr","locations":[{"start":{"line":48,"column":54},"end":{"line":48,"column":85}},{"start":{"line":48,"column":88},"end":{"line":48,"column":117}}],"line":48},"19":{"loc":{"start":{"line":56,"column":12},"end":{"line":68,"column":null}},"type":"if","locations":[{"start":{"line":56,"column":12},"end":{"line":68,"column":null}},{"start":{},"end":{}}],"line":56},"20":{"loc":{"start":{"line":56,"column":16},"end":{"line":56,"column":45}},"type":"binary-expr","locations":[{"start":{"line":56,"column":16},"end":{"line":56,"column":30}},{"start":{"line":56,"column":34},"end":{"line":56,"column":45}}],"line":56},"21":{"loc":{"start":{"line":57,"column":31},"end":{"line":59,"column":33}},"type":"cond-expr","locations":[{"start":{"line":58,"column":22},"end":{"line":58,"column":null}},{"start":{"line":59,"column":22},"end":{"line":59,"column":33}}],"line":57},"22":{"loc":{"start":{"line":64,"column":33},"end":{"line":64,"column":76}},"type":"binary-expr","locations":[{"start":{"line":64,"column":33},"end":{"line":64,"column":55}},{"start":{"line":64,"column":59},"end":{"line":64,"column":76}}],"line":64},"23":{"loc":{"start":{"line":65,"column":37},"end":{"line":65,"column":97}},"type":"binary-expr","locations":[{"start":{"line":65,"column":37},"end":{"line":65,"column":67}},{"start":{"line":65,"column":71},"end":{"line":65,"column":97}}],"line":65},"24":{"loc":{"start":{"line":78,"column":8},"end":{"line":83,"column":null}},"type":"if","locations":[{"start":{"line":78,"column":8},"end":{"line":83,"column":null}},{"start":{},"end":{}}],"line":78},"25":{"loc":{"start":{"line":78,"column":12},"end":{"line":78,"column":105}},"type":"binary-expr","locations":[{"start":{"line":78,"column":12},"end":{"line":78,"column":34}},{"start":{"line":78,"column":38},"end":{"line":78,"column":58}},{"start":{"line":78,"column":62},"end":{"line":78,"column":105}}],"line":78},"26":{"loc":{"start":{"line":86,"column":12},"end":{"line":91,"column":null}},"type":"if","locations":[{"start":{"line":86,"column":12},"end":{"line":91,"column":null}},{"start":{},"end":{}}],"line":86},"27":{"loc":{"start":{"line":89,"column":27},"end":{"line":89,"column":null}},"type":"cond-expr","locations":[{"start":{"line":89,"column":53},"end":{"line":89,"column":71}},{"start":{"line":89,"column":74},"end":{"line":89,"column":null}}],"line":89},"28":{"loc":{"start":{"line":94,"column":33},"end":{"line":94,"column":76}},"type":"binary-expr","locations":[{"start":{"line":94,"column":33},"end":{"line":94,"column":47}},{"start":{"line":94,"column":51},"end":{"line":94,"column":76}}],"line":94},"29":{"loc":{"start":{"line":125,"column":8},"end":{"line":131,"column":null}},"type":"if","locations":[{"start":{"line":125,"column":8},"end":{"line":131,"column":null}},{"start":{},"end":{}}],"line":125},"30":{"loc":{"start":{"line":137,"column":8},"end":{"line":144,"column":null}},"type":"if","locations":[{"start":{"line":137,"column":8},"end":{"line":144,"column":null}},{"start":{},"end":{}}],"line":137},"31":{"loc":{"start":{"line":158,"column":12},"end":{"line":160,"column":null}},"type":"if","locations":[{"start":{"line":158,"column":12},"end":{"line":160,"column":null}},{"start":{},"end":{}}],"line":158},"32":{"loc":{"start":{"line":179,"column":12},"end":{"line":181,"column":null}},"type":"if","locations":[{"start":{"line":179,"column":12},"end":{"line":181,"column":null}},{"start":{},"end":{}}],"line":179},"33":{"loc":{"start":{"line":199,"column":12},"end":{"line":204,"column":null}},"type":"if","locations":[{"start":{"line":199,"column":12},"end":{"line":204,"column":null}},{"start":{},"end":{}}],"line":199},"34":{"loc":{"start":{"line":202,"column":27},"end":{"line":202,"column":null}},"type":"cond-expr","locations":[{"start":{"line":202,"column":53},"end":{"line":202,"column":71}},{"start":{"line":202,"column":74},"end":{"line":202,"column":null}}],"line":202},"35":{"loc":{"start":{"line":211,"column":22},"end":{"line":211,"column":null}},"type":"binary-expr","locations":[{"start":{"line":211,"column":22},"end":{"line":211,"column":47}},{"start":{"line":211,"column":51},"end":{"line":211,"column":null}}],"line":211},"36":{"loc":{"start":{"line":230,"column":12},"end":{"line":232,"column":null}},"type":"if","locations":[{"start":{"line":230,"column":12},"end":{"line":232,"column":null}},{"start":{},"end":{}}],"line":230},"37":{"loc":{"start":{"line":235,"column":12},"end":{"line":248,"column":null}},"type":"if","locations":[{"start":{"line":235,"column":12},"end":{"line":248,"column":null}},{"start":{"line":239,"column":17},"end":{"line":248,"column":null}}],"line":235},"38":{"loc":{"start":{"line":241,"column":16},"end":{"line":243,"column":null}},"type":"if","locations":[{"start":{"line":241,"column":16},"end":{"line":243,"column":null}},{"start":{},"end":{}}],"line":241},"39":{"loc":{"start":{"line":267,"column":12},"end":{"line":269,"column":null}},"type":"if","locations":[{"start":{"line":267,"column":12},"end":{"line":269,"column":null}},{"start":{},"end":{}}],"line":267},"40":{"loc":{"start":{"line":270,"column":12},"end":{"line":275,"column":null}},"type":"if","locations":[{"start":{"line":270,"column":12},"end":{"line":275,"column":null}},{"start":{},"end":{}}],"line":270},"41":{"loc":{"start":{"line":285,"column":12},"end":{"line":296,"column":null}},"type":"if","locations":[{"start":{"line":285,"column":12},"end":{"line":296,"column":null}},{"start":{"line":291,"column":17},"end":{"line":296,"column":null}}],"line":285},"42":{"loc":{"start":{"line":315,"column":12},"end":{"line":317,"column":null}},"type":"if","locations":[{"start":{"line":315,"column":12},"end":{"line":317,"column":null}},{"start":{},"end":{}}],"line":315}},"s":{"0":116,"1":65,"2":65,"3":65,"4":65,"5":65,"6":13,"7":65,"8":0,"9":0,"10":0,"11":0,"12":14,"13":0,"14":116,"15":0,"16":0,"17":0,"18":0,"19":0,"20":0,"21":0,"22":14,"23":0,"24":15,"25":1,"26":14,"27":14,"28":14,"29":14,"30":14,"31":66,"32":65,"33":14,"34":14,"35":0,"36":0,"37":0,"38":0,"39":0,"40":116,"41":116,"42":116,"43":116,"44":116,"45":2,"46":2,"47":0,"48":125,"49":2,"50":120,"51":5,"52":0,"53":5,"54":76,"55":76,"56":73,"57":20,"58":53,"59":88,"60":75,"61":73,"62":53,"63":53,"64":53,"65":53,"66":5,"67":5,"68":27,"69":32,"70":32,"71":0,"72":0,"73":0,"74":7,"75":20,"76":16,"77":11,"78":11,"79":5,"80":5,"81":8,"82":8,"83":8,"84":8,"85":2,"86":6,"87":6,"88":1,"89":1,"90":0,"91":0,"92":15,"93":15,"94":9,"95":6,"96":6,"97":1,"98":1,"99":0,"100":25,"101":24,"102":9,"103":15,"104":15,"105":25,"106":1,"107":1,"108":0,"109":0,"110":14,"111":14,"112":1,"113":13,"114":7,"115":7,"116":6,"117":6,"118":1,"119":5,"120":5,"121":12,"122":12,"123":1,"124":1,"125":0,"126":0,"127":20,"128":20,"129":1,"130":19,"131":4,"132":15,"133":15,"134":15,"135":15,"136":15,"137":12,"138":9,"139":3,"140":12,"141":3,"142":3,"143":14,"144":14,"145":14,"146":14,"147":8,"148":6,"149":6,"150":2,"151":2,"152":8,"153":8,"154":0},"f":{"0":65,"1":65,"2":0,"3":14,"4":0,"5":116,"6":0,"7":0,"8":15,"9":116,"10":2,"11":0,"12":88,"13":75,"14":73,"15":27,"16":32,"17":32,"18":0,"19":8,"20":0,"21":0,"22":0,"23":0,"24":15,"25":14,"26":8},"b":{"0":[116,116,116],"1":[65,0],"2":[65,0],"3":[65,0],"4":[65,65],"5":[0,65],"6":[65,0],"7":[0,0],"8":[0,0,0],"9":[14,0],"10":[116,116,116],"11":[0,0],"12":[0,0],"13":[1,14],"14":[15,15],"15":[14,0],"16":[65,1],"17":[116,1],"18":[115,1],"19":[2,123],"20":[125,122],"21":[14,106],"22":[0,114],"23":[0,114],"24":[5,-5],"25":[0,49,6],"26":[20,53],"27":[12,8],"28":[88,81],"29":[0,0],"30":[11,5],"31":[2,6],"32":[9,6],"33":[9,15],"34":[1,8],"35":[25,25],"36":[1,13],"37":[7,6],"38":[1,5],"39":[1,19],"40":[4,15],"41":[9,3],"42":[8,6]},"meta":{"lastBranch":43,"lastFunction":27,"lastStatement":155,"seen":{"s:2:22:12:3":0,"b:2:23:2:27:2:31:2:51:2:57:12:2":0,"b:2:74:9:1:9:6:12:1":1,"f:2:74:2:82":0,"b:3:4:3:Infinity:undefined:undefined:undefined:undefined":2,"s:3:4:3:Infinity":1,"s:3:26:3:Infinity":2,"s:4:15:4:52":3,"b:5:4:7:Infinity:undefined:undefined:undefined:undefined":3,"s:5:4:7:Infinity":4,"b:5:8:5:13:5:18:5:84":4,"b:5:34:5:47:5:50:5:84":5,"b:5:50:5:63:5:67:5:84":6,"s:6:6:6:Infinity":5,"f:6:33:6:36":1,"s:6:51:6:63":6,"s:8:4:8:Infinity":7,"f:9:6:9:14":2,"b:10:4:10:Infinity:undefined:undefined:undefined:undefined":7,"s:10:4:10:Infinity":8,"s:10:26:10:Infinity":9,"s:11:4:11:Infinity":10,"s:13:25:17:2":11,"b:13:26:13:30:13:34:13:57:13:63:17:1":8,"b:13:80:15:1:15:5:17:1":9,"f:13:80:13:88":3,"s:14:4:14:Infinity":12,"f:15:5:15:13":4,"s:16:4:16:Infinity":13,"s:18:19:34:4":14,"b:18:20:18:24:18:28:18:45:18:50:34:4":10,"f:18:51:18:59":5,"s:19:18:26:5":15,"f:19:18:19:26":6,"s:20:8:24:Infinity":16,"b:20:18:20:44:20:48:24:9":11,"f:20:48:20:56":7,"s:21:21:21:23":17,"s:22:12:22:Infinity":18,"b:22:29:22:Infinity:undefined:undefined:undefined:undefined":12,"s:22:29:22:Infinity":19,"s:22:77:22:Infinity":20,"s:23:12:23:Infinity":21,"s:25:8:25:Infinity":22,"s:27:4:33:Infinity":23,"f:27:11:27:19":8,"b:28:8:28:Infinity:undefined:undefined:undefined:undefined":13,"s:28:8:28:Infinity":24,"b:28:12:28:15:28:19:28:33":14,"s:28:35:28:Infinity":25,"s:29:21:29:23":26,"b:30:8:30:Infinity:undefined:undefined:undefined:undefined":15,"s:30:8:30:Infinity":27,"s:30:25:30:Infinity":28,"s:30:38:30:50":29,"s:30:56:30:57":30,"b:30:78:30:Infinity:undefined:undefined:undefined:undefined":16,"s:30:78:30:Infinity":31,"s:30:102:30:Infinity":32,"s:31:8:31:Infinity":33,"s:32:8:32:Infinity":34,"s:35:0:35:Infinity":35,"s:36:0:36:Infinity":36,"s:37:24:37:50":37,"s:38:18:38:38":38,"s:39:26:39:54":39,"s:40:17:40:44":40,"s:41:17:41:40":41,"f:43:4:43:15":9,"s:44:8:44:Infinity":42,"s:45:8:45:Infinity":43,"s:46:8:49:Infinity":44,"b:47:21:47:41:47:45:47:68":17,"b:48:54:48:85:48:88:48:117":18,"s:51:8:51:Infinity":45,"f:53:10:53:22":10,"s:54:8:74:Infinity":46,"s:55:27:55:70":47,"b:56:12:68:Infinity:undefined:undefined:undefined:undefined":19,"s:56:12:68:Infinity":48,"b:56:16:56:30:56:34:56:45":20,"s:57:31:59:33":49,"b:58:22:58:Infinity:59:22:59:33":21,"s:60:16:67:Infinity":50,"b:64:33:64:55:64:59:64:76":22,"b:65:37:65:67:65:71:65:97":23,"s:71:12:73:Infinity":51,"f:77:10:77:24":11,"b:78:8:83:Infinity:undefined:undefined:undefined:undefined":24,"s:78:8:83:Infinity":52,"b:78:12:78:34:78:38:78:58:78:62:78:105":25,"s:79:12:82:Infinity":53,"s:84:8:116:Infinity":54,"s:85:33:85:71":55,"b:86:12:91:Infinity:undefined:undefined:undefined:undefined":26,"s:86:12:91:Infinity":56,"s:87:16:90:Infinity":57,"b:89:53:89:71:89:74:89:Infinity":27,"s:93:38:96:52":58,"f:94:24:94:29":12,"s:94:33:94:76":59,"b:94:33:94:47:94:51:94:76":28,"f:95:21:95:26":13,"s:95:30:95:62":60,"f:96:24:96:25":14,"s:96:35:96:51":61,"s:97:38:97:76":62,"s:98:12:101:Infinity":63,"s:102:12:104:Infinity":64,"s:105:12:108:Infinity":65,"s:111:12:111:Infinity":66,"s:112:12:115:Infinity":67,"f:118:4:118:23":15,"s:119:8:121:Infinity":68,"f:120:17:120:18":16,"s:120:32:120:62":69,"f:121:20:121:21":17,"s:121:35:121:55":70,"f:123:10:123:26":18,"s:124:37:124:73":71,"b:125:8:131:Infinity:undefined:undefined:undefined:undefined":29,"s:125:8:131:Infinity":72,"s:126:12:126:Infinity":73,"s:127:12:130:Infinity":74,"s:132:28:136:10":75,"b:137:8:144:Infinity:undefined:undefined:undefined:undefined":30,"s:137:8:144:Infinity":76,"s:138:12:142:Infinity":77,"s:143:12:143:Infinity":78,"s:145:8:149:Infinity":79,"s:150:8:150:Infinity":80,"f:153:10:153:23":19,"s:154:8:171:Infinity":81,"s:155:12:155:Infinity":82,"s:157:38:157:65":83,"b:158:12:160:Infinity:undefined:undefined:undefined:undefined":31,"s:158:12:160:Infinity":84,"s:159:16:159:Infinity":85,"s:162:38:162:124":86,"s:163:12:163:Infinity":87,"s:166:12:166:Infinity":88,"s:167:12:170:Infinity":89,"f:174:10:174:24":20,"s:175:8:192:Infinity":90,"s:176:12:176:Infinity":91,"s:178:38:178:65":92,"b:179:12:181:Infinity:undefined:undefined:undefined:undefined":32,"s:179:12:181:Infinity":93,"s:180:16:180:Infinity":94,"s:183:38:183:124":95,"s:184:12:184:Infinity":96,"s:187:12:187:Infinity":97,"s:188:12:191:Infinity":98,"f:195:10:195:36":21,"s:196:8:220:Infinity":99,"s:198:33:198:119":100,"b:199:12:204:Infinity:undefined:undefined:undefined:undefined":33,"s:199:12:204:Infinity":101,"s:200:16:203:Infinity":102,"b:202:53:202:71:202:74:202:Infinity":34,"s:205:39:205:56":103,"s:206:12:208:Infinity":104,"s:209:12:212:Infinity":105,"b:211:22:211:47:211:51:211:Infinity":35,"s:215:12:215:Infinity":106,"s:216:12:219:Infinity":107,"f:223:10:223:33":22,"s:224:8:259:Infinity":108,"s:225:12:227:Infinity":109,"s:229:50:229:89":110,"b:230:12:232:Infinity:undefined:undefined:undefined:undefined":36,"s:230:12:232:Infinity":111,"s:231:16:231:Infinity":112,"b:235:12:248:Infinity:239:17:248:Infinity":37,"s:235:12:248:Infinity":113,"s:236:16:236:Infinity":114,"s:237:16:237:Infinity":115,"s:240:42:240:69":116,"b:241:16:243:Infinity:undefined:undefined:undefined:undefined":38,"s:241:16:243:Infinity":117,"s:242:20:242:Infinity":118,"s:244:16:244:Infinity":119,"s:245:16:247:Infinity":120,"s:250:38:250:123":121,"s:251:12:251:Infinity":122,"s:254:12:254:Infinity":123,"s:255:12:258:Infinity":124,"f:262:10:262:32":23,"s:263:8:305:Infinity":125,"s:264:12:264:Infinity":126,"s:266:38:266:87":127,"b:267:12:269:Infinity:undefined:undefined:undefined:undefined":39,"s:267:12:269:Infinity":128,"s:268:16:268:Infinity":129,"b:270:12:275:Infinity:undefined:undefined:undefined:undefined":40,"s:270:12:275:Infinity":130,"s:271:16:274:Infinity":131,"s:277:48:277:126":132,"f:277:77:277:78":24,"s:277:83:277:125":133,"s:278:38:278:75":134,"s:279:34:279:59":135,"s:280:36:284:14":136,"b:285:12:296:Infinity:291:17:296:Infinity":41,"s:285:12:296:Infinity":137,"s:286:16:289:Infinity":138,"s:292:16:295:Infinity":139,"s:297:12:297:Infinity":140,"s:300:12:300:Infinity":141,"s:301:12:304:Infinity":142,"f:308:10:308:27":25,"s:309:8:328:Infinity":143,"s:310:12:312:Infinity":144,"s:314:38:314:65":145,"b:315:12:317:Infinity:undefined:undefined:undefined:undefined":42,"s:315:12:317:Infinity":146,"s:316:16:316:Infinity":147,"s:319:38:319:115":148,"s:320:12:320:Infinity":149,"s:323:12:323:Infinity":150,"s:324:12:327:Infinity":151,"f:331:4:331:17":26,"s:332:8:332:Infinity":152,"s:333:8:333:Infinity":153,"s:337:0:337:Infinity":154}}}
}
