{"total": {"lines":{"total":6582,"covered":5756,"skipped":0,"pct":87.45},"statements":{"total":6902,"covered":6030,"skipped":0,"pct":87.36},"functions":{"total":1585,"covered":1337,"skipped":0,"pct":84.35},"branches":{"total":4182,"covered":3341,"skipped":0,"pct":79.89},"branchesTrue":{"total":0,"covered":0,"skipped":0,"pct":100}}
,"/srv/workspace/komuno/app/(protected)/admin/page.tsx": {"lines":{"total":8,"covered":8,"skipped":0,"pct":100},"functions":{"total":2,"covered":2,"skipped":0,"pct":100},"statements":{"total":8,"covered":8,"skipped":0,"pct":100},"branches":{"total":30,"covered":30,"skipped":0,"pct":100}}
,"/srv/workspace/komuno/app/(protected)/admin/members/add-member-dialog.tsx": {"lines":{"total":73,"covered":73,"skipped":0,"pct":100},"functions":{"total":41,"covered":41,"skipped":0,"pct":100},"statements":{"total":81,"covered":81,"skipped":0,"pct":100},"branches":{"total":98,"covered":91,"skipped":0,"pct":92.85}}
,"/srv/workspace/komuno/app/(protected)/admin/members/member-details-sheet.tsx": {"lines":{"total":56,"covered":50,"skipped":0,"pct":89.28},"functions":{"total":33,"covered":30,"skipped":0,"pct":90.9},"statements":{"total":63,"covered":56,"skipped":0,"pct":88.88},"branches":{"total":118,"covered":105,"skipped":0,"pct":88.98}}
,"/srv/workspace/komuno/app/(protected)/admin/members/page.tsx": {"lines":{"total":351,"covered":339,"skipped":0,"pct":96.58},"functions":{"total":121,"covered":114,"skipped":0,"pct":94.21},"statements":{"total":390,"covered":373,"skipped":0,"pct":95.64},"branches":{"total":289,"covered":260,"skipped":0,"pct":89.96}}
,"/srv/workspace/komuno/app/(protected)/admin/prospects/page.tsx": {"lines":{"total":112,"covered":106,"skipped":0,"pct":94.64},"functions":{"total":51,"covered":46,"skipped":0,"pct":90.19},"statements":{"total":122,"covered":116,"skipped":0,"pct":95.08},"branches":{"total":126,"covered":113,"skipped":0,"pct":89.68}}
,"/srv/workspace/komuno/app/(public)/page.tsx": {"lines":{"total":17,"covered":17,"skipped":0,"pct":100},"functions":{"total":10,"covered":9,"skipped":0,"pct":90},"statements":{"total":17,"covered":17,"skipped":0,"pct":100},"branches":{"total":14,"covered":10,"skipped":0,"pct":71.42}}
,"/srv/workspace/komuno/components/network/NetworkSection.tsx": {"lines":{"total":55,"covered":50,"skipped":0,"pct":90.9},"functions":{"total":27,"covered":24,"skipped":0,"pct":88.88},"statements":{"total":63,"covered":57,"skipped":0,"pct":90.47},"branches":{"total":70,"covered":61,"skipped":0,"pct":87.14}}
,"/srv/workspace/komuno/components/ui/alert-dialog.tsx": {"lines":{"total":27,"covered":27,"skipped":0,"pct":100},"functions":{"total":8,"covered":8,"skipped":0,"pct":100},"statements":{"total":27,"covered":27,"skipped":0,"pct":100},"branches":{"total":0,"covered":0,"skipped":0,"pct":100}}
,"/srv/workspace/komuno/components/ui/badge.tsx": {"lines":{"total":2,"covered":2,"skipped":0,"pct":100},"functions":{"total":1,"covered":1,"skipped":0,"pct":100},"statements":{"total":2,"covered":2,"skipped":0,"pct":100},"branches":{"total":0,"covered":0,"skipped":0,"pct":100}}
,"/srv/workspace/komuno/components/ui/button.tsx": {"lines":{"total":5,"covered":5,"skipped":0,"pct":100},"functions":{"total":1,"covered":1,"skipped":0,"pct":100},"statements":{"total":5,"covered":5,"skipped":0,"pct":100},"branches":{"total":3,"covered":2,"skipped":0,"pct":66.66}}
,"/srv/workspace/komuno/components/ui/calendar.tsx": {"lines":{"total":5,"covered":5,"skipped":0,"pct":100},"functions":{"total":2,"covered":2,"skipped":0,"pct":100},"statements":{"total":5,"covered":5,"skipped":0,"pct":100},"branches":{"total":3,"covered":3,"skipped":0,"pct":100}}
,"/srv/workspace/komuno/components/ui/card.tsx": {"lines":{"total":18,"covered":17,"skipped":0,"pct":94.44},"functions":{"total":6,"covered":5,"skipped":0,"pct":83.33},"statements":{"total":18,"covered":17,"skipped":0,"pct":94.44},"branches":{"total":0,"covered":0,"skipped":0,"pct":100}}
,"/srv/workspace/komuno/components/ui/checkbox.tsx": {"lines":{"total":3,"covered":3,"skipped":0,"pct":100},"functions":{"total":1,"covered":1,"skipped":0,"pct":100},"statements":{"total":3,"covered":3,"skipped":0,"pct":100},"branches":{"total":0,"covered":0,"skipped":0,"pct":100}}
,"/srv/workspace/komuno/components/ui/command.tsx": {"lines":{"total":26,"covered":25,"skipped":0,"pct":96.15},"functions":{"total":9,"covered":8,"skipped":0,"pct":88.88},"statements":{"total":26,"covered":25,"skipped":0,"pct":96.15},"branches":{"total":0,"covered":0,"skipped":0,"pct":100}}
,"/srv/workspace/komuno/components/ui/dialog.tsx": {"lines":{"total":23,"covered":22,"skipped":0,"pct":95.65},"functions":{"total":6,"covered":5,"skipped":0,"pct":83.33},"statements":{"total":23,"covered":22,"skipped":0,"pct":95.65},"branches":{"total":0,"covered":0,"skipped":0,"pct":100}}
,"/srv/workspace/komuno/components/ui/input.tsx": {"lines":{"total":3,"covered":3,"skipped":0,"pct":100},"functions":{"total":1,"covered":1,"skipped":0,"pct":100},"statements":{"total":3,"covered":3,"skipped":0,"pct":100},"branches":{"total":0,"covered":0,"skipped":0,"pct":100}}
,"/srv/workspace/komuno/components/ui/label.tsx": {"lines":{"total":4,"covered":4,"skipped":0,"pct":100},"functions":{"total":1,"covered":1,"skipped":0,"pct":100},"statements":{"total":4,"covered":4,"skipped":0,"pct":100},"branches":{"total":0,"covered":0,"skipped":0,"pct":100}}
,"/srv/workspace/komuno/components/ui/popover.tsx": {"lines":{"total":5,"covered":5,"skipped":0,"pct":100},"functions":{"total":1,"covered":1,"skipped":0,"pct":100},"statements":{"total":5,"covered":5,"skipped":0,"pct":100},"branches":{"total":2,"covered":2,"skipped":0,"pct":100}}
,"/srv/workspace/komuno/components/ui/select.tsx": {"lines":{"total":25,"covered":25,"skipped":0,"pct":100},"functions":{"total":7,"covered":7,"skipped":0,"pct":100},"statements":{"total":25,"covered":25,"skipped":0,"pct":100},"branches":{"total":5,"covered":5,"skipped":0,"pct":100}}
,"/srv/workspace/komuno/components/ui/separator.tsx": {"lines":{"total":3,"covered":3,"skipped":0,"pct":100},"functions":{"total":1,"covered":1,"skipped":0,"pct":100},"statements":{"total":3,"covered":3,"skipped":0,"pct":100},"branches":{"total":4,"covered":4,"skipped":0,"pct":100}}
,"/srv/workspace/komuno/components/ui/sheet.tsx": {"lines":{"total":24,"covered":23,"skipped":0,"pct":95.83},"functions":{"total":6,"covered":5,"skipped":0,"pct":83.33},"statements":{"total":24,"covered":23,"skipped":0,"pct":95.83},"branches":{"total":1,"covered":1,"skipped":0,"pct":100}}
,"/srv/workspace/komuno/components/ui/siret-search.tsx": {"lines":{"total":39,"covered":38,"skipped":0,"pct":97.43},"functions":{"total":13,"covered":12,"skipped":0,"pct":92.3},"statements":{"total":43,"covered":41,"skipped":0,"pct":95.34},"branches":{"total":32,"covered":27,"skipped":0,"pct":84.37}}
,"/srv/workspace/komuno/components/ui/table.tsx": {"lines":{"total":24,"covered":22,"skipped":0,"pct":91.66},"functions":{"total":8,"covered":6,"skipped":0,"pct":75},"statements":{"total":24,"covered":22,"skipped":0,"pct":91.66},"branches":{"total":0,"covered":0,"skipped":0,"pct":100}}
,"/srv/workspace/komuno/components/ui/tabs.tsx": {"lines":{"total":10,"covered":10,"skipped":0,"pct":100},"functions":{"total":3,"covered":3,"skipped":0,"pct":100},"statements":{"total":10,"covered":10,"skipped":0,"pct":100},"branches":{"total":0,"covered":0,"skipped":0,"pct":100}}
,"/srv/workspace/komuno/components/ui/textarea.tsx": {"lines":{"total":3,"covered":3,"skipped":0,"pct":100},"functions":{"total":1,"covered":1,"skipped":0,"pct":100},"statements":{"total":3,"covered":3,"skipped":0,"pct":100},"branches":{"total":0,"covered":0,"skipped":0,"pct":100}}
,"/srv/workspace/komuno/hooks/use-auth.tsx": {"lines":{"total":45,"covered":44,"skipped":0,"pct":97.77},"functions":{"total":16,"covered":15,"skipped":0,"pct":93.75},"statements":{"total":45,"covered":44,"skipped":0,"pct":97.77},"branches":{"total":21,"covered":17,"skipped":0,"pct":80.95}}
,"/srv/workspace/komuno/hooks/use-toast.ts": {"lines":{"total":52,"covered":50,"skipped":0,"pct":96.15},"functions":{"total":18,"covered":17,"skipped":0,"pct":94.44},"statements":{"total":54,"covered":52,"skipped":0,"pct":96.29},"branches":{"total":20,"covered":17,"skipped":0,"pct":85}}
,"/srv/workspace/komuno/lib/queryClient.ts": {"lines":{"total":21,"covered":19,"skipped":0,"pct":90.47},"functions":{"total":7,"covered":6,"skipped":0,"pct":85.71},"statements":{"total":21,"covered":19,"skipped":0,"pct":90.47},"branches":{"total":18,"covered":16,"skipped":0,"pct":88.88}}
,"/srv/workspace/komuno/lib/utils.ts": {"lines":{"total":1,"covered":1,"skipped":0,"pct":100},"functions":{"total":1,"covered":1,"skipped":0,"pct":100},"statements":{"total":1,"covered":1,"skipped":0,"pct":100},"branches":{"total":0,"covered":0,"skipped":0,"pct":100}}
,"/srv/workspace/komuno/lib/api/client.ts": {"lines":{"total":68,"covered":68,"skipped":0,"pct":100},"functions":{"total":45,"covered":45,"skipped":0,"pct":100},"statements":{"total":68,"covered":68,"skipped":0,"pct":100},"branches":{"total":22,"covered":22,"skipped":0,"pct":100}}
,"/srv/workspace/komuno/lib/config/branding-core.js": {"lines":{"total":19,"covered":19,"skipped":0,"pct":100},"functions":{"total":8,"covered":3,"skipped":0,"pct":37.5},"statements":{"total":27,"covered":22,"skipped":0,"pct":81.48},"branches":{"total":0,"covered":0,"skipped":0,"pct":100}}
,"/srv/workspace/komuno/server/db.js": {"lines":{"total":108,"covered":81,"skipped":0,"pct":75},"functions":{"total":21,"covered":11,"skipped":0,"pct":52.38},"statements":{"total":116,"covered":87,"skipped":0,"pct":75},"branches":{"total":77,"covered":43,"skipped":0,"pct":55.84}}
,"/srv/workspace/komuno/server/db.ts": {"lines":{"total":77,"covered":77,"skipped":0,"pct":100},"functions":{"total":14,"covered":14,"skipped":0,"pct":100},"statements":{"total":78,"covered":78,"skipped":0,"pct":100},"branches":{"total":35,"covered":33,"skipped":0,"pct":94.28}}
,"/srv/workspace/komuno/server/email-notification-service.js": {"lines":{"total":143,"covered":115,"skipped":0,"pct":80.41},"functions":{"total":27,"covered":17,"skipped":0,"pct":62.96},"statements":{"total":155,"covered":124,"skipped":0,"pct":80},"branches":{"total":90,"covered":68,"skipped":0,"pct":75.55}}
,"/srv/workspace/komuno/server/email-service.js": {"lines":{"total":79,"covered":70,"skipped":0,"pct":88.6},"functions":{"total":15,"covered":12,"skipped":0,"pct":80},"statements":{"total":79,"covered":70,"skipped":0,"pct":88.6},"branches":{"total":67,"covered":60,"skipped":0,"pct":89.55}}
,"/srv/workspace/komuno/server/email-templates.js": {"lines":{"total":25,"covered":23,"skipped":0,"pct":92},"functions":{"total":5,"covered":5,"skipped":0,"pct":100},"statements":{"total":25,"covered":23,"skipped":0,"pct":92},"branches":{"total":22,"covered":22,"skipped":0,"pct":100}}
,"/srv/workspace/komuno/server/notification-service.js": {"lines":{"total":128,"covered":124,"skipped":0,"pct":96.87},"functions":{"total":28,"covered":25,"skipped":0,"pct":89.28},"statements":{"total":135,"covered":128,"skipped":0,"pct":94.81},"branches":{"total":90,"covered":83,"skipped":0,"pct":92.22}}
,"/srv/workspace/komuno/server/storage.js": {"lines":{"total":1686,"covered":1177,"skipped":0,"pct":69.81},"functions":{"total":329,"covered":210,"skipped":0,"pct":63.82},"statements":{"total":1778,"covered":1253,"skipped":0,"pct":70.47},"branches":{"total":708,"covered":430,"skipped":0,"pct":60.73}}
,"/srv/workspace/komuno/server/lib/circuit-breaker.js": {"lines":{"total":68,"covered":67,"skipped":0,"pct":98.52},"functions":{"total":13,"covered":13,"skipped":0,"pct":100},"statements":{"total":68,"covered":67,"skipped":0,"pct":98.52},"branches":{"total":18,"covered":17,"skipped":0,"pct":94.44}}
,"/srv/workspace/komuno/server/lib/db-resilience.js": {"lines":{"total":72,"covered":72,"skipped":0,"pct":100},"functions":{"total":14,"covered":14,"skipped":0,"pct":100},"statements":{"total":76,"covered":76,"skipped":0,"pct":100},"branches":{"total":42,"covered":36,"skipped":0,"pct":85.71}}
,"/srv/workspace/komuno/server/lib/logger.js": {"lines":{"total":51,"covered":41,"skipped":0,"pct":80.39},"functions":{"total":8,"covered":7,"skipped":0,"pct":87.5},"statements":{"total":51,"covered":41,"skipped":0,"pct":80.39},"branches":{"total":35,"covered":23,"skipped":0,"pct":65.71}}
,"/srv/workspace/komuno/server/src/admin/admin.controller.ts": {"lines":{"total":82,"covered":74,"skipped":0,"pct":90.24},"functions":{"total":49,"covered":44,"skipped":0,"pct":89.79},"statements":{"total":82,"covered":74,"skipped":0,"pct":90.24},"branches":{"total":32,"covered":32,"skipped":0,"pct":100}}
,"/srv/workspace/komuno/server/src/admin/admin.dto.ts": {"lines":{"total":18,"covered":18,"skipped":0,"pct":100},"functions":{"total":0,"covered":0,"skipped":0,"pct":100},"statements":{"total":18,"covered":18,"skipped":0,"pct":100},"branches":{"total":0,"covered":0,"skipped":0,"pct":100}}
,"/srv/workspace/komuno/server/src/admin/admin.service.ts": {"lines":{"total":384,"covered":384,"skipped":0,"pct":100},"functions":{"total":61,"covered":61,"skipped":0,"pct":100},"statements":{"total":392,"covered":392,"skipped":0,"pct":100},"branches":{"total":358,"covered":352,"skipped":0,"pct":98.32}}
,"/srv/workspace/komuno/server/src/auth/auth.service.ts": {"lines":{"total":28,"covered":25,"skipped":0,"pct":89.28},"functions":{"total":6,"covered":6,"skipped":0,"pct":100},"statements":{"total":29,"covered":26,"skipped":0,"pct":89.65},"branches":{"total":14,"covered":13,"skipped":0,"pct":92.85}}
,"/srv/workspace/komuno/server/src/auth/password-reset.service.ts": {"lines":{"total":39,"covered":39,"skipped":0,"pct":100},"functions":{"total":6,"covered":6,"skipped":0,"pct":100},"statements":{"total":39,"covered":39,"skipped":0,"pct":100},"branches":{"total":14,"covered":14,"skipped":0,"pct":100}}
,"/srv/workspace/komuno/server/src/auth/password.service.ts": {"lines":{"total":25,"covered":25,"skipped":0,"pct":100},"functions":{"total":4,"covered":4,"skipped":0,"pct":100},"statements":{"total":25,"covered":25,"skipped":0,"pct":100},"branches":{"total":8,"covered":8,"skipped":0,"pct":100}}
,"/srv/workspace/komuno/server/src/auth/decorators/permissions.decorator.ts": {"lines":{"total":2,"covered":2,"skipped":0,"pct":100},"functions":{"total":1,"covered":1,"skipped":0,"pct":100},"statements":{"total":3,"covered":3,"skipped":0,"pct":100},"branches":{"total":0,"covered":0,"skipped":0,"pct":100}}
,"/srv/workspace/komuno/server/src/auth/decorators/user.decorator.ts": {"lines":{"total":8,"covered":8,"skipped":0,"pct":100},"functions":{"total":1,"covered":1,"skipped":0,"pct":100},"statements":{"total":8,"covered":8,"skipped":0,"pct":100},"branches":{"total":6,"covered":6,"skipped":0,"pct":100}}
,"/srv/workspace/komuno/server/src/auth/guards/admin.guard.ts": {"lines":{"total":12,"covered":12,"skipped":0,"pct":100},"functions":{"total":1,"covered":1,"skipped":0,"pct":100},"statements":{"total":12,"covered":12,"skipped":0,"pct":100},"branches":{"total":8,"covered":8,"skipped":0,"pct":100}}
,"/srv/workspace/komuno/server/src/auth/guards/auth.guard.ts": {"lines":{"total":14,"covered":14,"skipped":0,"pct":100},"functions":{"total":1,"covered":1,"skipped":0,"pct":100},"statements":{"total":14,"covered":14,"skipped":0,"pct":100},"branches":{"total":8,"covered":8,"skipped":0,"pct":100}}
,"/srv/workspace/komuno/server/src/auth/guards/permission.guard.ts": {"lines":{"total":14,"covered":14,"skipped":0,"pct":100},"functions":{"total":2,"covered":2,"skipped":0,"pct":100},"statements":{"total":14,"covered":14,"skipped":0,"pct":100},"branches":{"total":8,"covered":8,"skipped":0,"pct":100}}
,"/srv/workspace/komuno/server/src/auth/strategies/local.strategy.ts": {"lines":{"total":26,"covered":26,"skipped":0,"pct":100},"functions":{"total":2,"covered":2,"skipped":0,"pct":100},"statements":{"total":26,"covered":26,"skipped":0,"pct":100},"branches":{"total":16,"covered":16,"skipped":0,"pct":100}}
,"/srv/workspace/komuno/server/src/branding/branding.controller.ts": {"lines":{"total":34,"covered":30,"skipped":0,"pct":88.23},"functions":{"total":7,"covered":7,"skipped":0,"pct":100},"statements":{"total":34,"covered":30,"skipped":0,"pct":88.23},"branches":{"total":15,"covered":10,"skipped":0,"pct":66.66}}
,"/srv/workspace/komuno/server/src/branding/branding.service.ts": {"lines":{"total":101,"covered":95,"skipped":0,"pct":94.05},"functions":{"total":12,"covered":12,"skipped":0,"pct":100},"statements":{"total":101,"covered":95,"skipped":0,"pct":94.05},"branches":{"total":65,"covered":59,"skipped":0,"pct":90.76}}
,"/srv/workspace/komuno/server/src/common/database/database.providers.ts": {"lines":{"total":18,"covered":18,"skipped":0,"pct":100},"functions":{"total":2,"covered":2,"skipped":0,"pct":100},"statements":{"total":19,"covered":19,"skipped":0,"pct":100},"branches":{"total":10,"covered":10,"skipped":0,"pct":100}}
,"/srv/workspace/komuno/server/src/common/database/types.ts": {"lines":{"total":0,"covered":0,"skipped":0,"pct":100},"functions":{"total":0,"covered":0,"skipped":0,"pct":100},"statements":{"total":0,"covered":0,"skipped":0,"pct":100},"branches":{"total":0,"covered":0,"skipped":0,"pct":100}}
,"/srv/workspace/komuno/server/src/common/email/email.service.ts": {"lines":{"total":33,"covered":33,"skipped":0,"pct":100},"functions":{"total":3,"covered":3,"skipped":0,"pct":100},"statements":{"total":34,"covered":34,"skipped":0,"pct":100},"branches":{"total":24,"covered":24,"skipped":0,"pct":100}}
,"/srv/workspace/komuno/server/src/common/filters/http-exception.filter.ts": {"lines":{"total":26,"covered":22,"skipped":0,"pct":84.61},"functions":{"total":4,"covered":3,"skipped":0,"pct":75},"statements":{"total":29,"covered":23,"skipped":0,"pct":79.31},"branches":{"total":34,"covered":22,"skipped":0,"pct":64.7}}
,"/srv/workspace/komuno/server/src/common/interceptors/db-monitoring.interceptor.ts": {"lines":{"total":17,"covered":16,"skipped":0,"pct":94.11},"functions":{"total":3,"covered":3,"skipped":0,"pct":100},"statements":{"total":17,"covered":16,"skipped":0,"pct":94.11},"branches":{"total":10,"covered":8,"skipped":0,"pct":80}}
,"/srv/workspace/komuno/server/src/common/interceptors/logging.interceptor.ts": {"lines":{"total":29,"covered":25,"skipped":0,"pct":86.2},"functions":{"total":6,"covered":5,"skipped":0,"pct":83.33},"statements":{"total":32,"covered":26,"skipped":0,"pct":81.25},"branches":{"total":18,"covered":9,"skipped":0,"pct":50}}
,"/srv/workspace/komuno/server/src/common/interceptors/transform-response.interceptor.ts": {"lines":{"total":15,"covered":15,"skipped":0,"pct":100},"functions":{"total":3,"covered":3,"skipped":0,"pct":100},"statements":{"total":15,"covered":15,"skipped":0,"pct":100},"branches":{"total":12,"covered":12,"skipped":0,"pct":100}}
,"/srv/workspace/komuno/server/src/common/pipes/validation.pipe.ts": {"lines":{"total":11,"covered":10,"skipped":0,"pct":90.9},"functions":{"total":2,"covered":2,"skipped":0,"pct":100},"statements":{"total":11,"covered":10,"skipped":0,"pct":90.9},"branches":{"total":6,"covered":5,"skipped":0,"pct":83.33}}
,"/srv/workspace/komuno/server/src/common/scheduler/scheduler.controller.ts": {"lines":{"total":4,"covered":4,"skipped":0,"pct":100},"functions":{"total":2,"covered":2,"skipped":0,"pct":100},"statements":{"total":4,"covered":4,"skipped":0,"pct":100},"branches":{"total":0,"covered":0,"skipped":0,"pct":100}}
,"/srv/workspace/komuno/server/src/common/scheduler/task-reminder.service.ts": {"lines":{"total":53,"covered":53,"skipped":0,"pct":100},"functions":{"total":8,"covered":8,"skipped":0,"pct":100},"statements":{"total":55,"covered":55,"skipped":0,"pct":100},"branches":{"total":22,"covered":19,"skipped":0,"pct":86.36}}
,"/srv/workspace/komuno/server/src/common/storage/storage.service.ts": {"lines":{"total":6,"covered":6,"skipped":0,"pct":100},"functions":{"total":4,"covered":4,"skipped":0,"pct":100},"statements":{"total":6,"covered":6,"skipped":0,"pct":100},"branches":{"total":0,"covered":0,"skipped":0,"pct":100}}
,"/srv/workspace/komuno/server/src/common/utils/request-body.ts": {"lines":{"total":18,"covered":18,"skipped":0,"pct":100},"functions":{"total":5,"covered":5,"skipped":0,"pct":100},"statements":{"total":18,"covered":18,"skipped":0,"pct":100},"branches":{"total":15,"covered":15,"skipped":0,"pct":100}}
,"/srv/workspace/komuno/server/src/events/events.controller.ts": {"lines":{"total":19,"covered":18,"skipped":0,"pct":94.73},"functions":{"total":11,"covered":11,"skipped":0,"pct":100},"statements":{"total":19,"covered":18,"skipped":0,"pct":94.73},"branches":{"total":8,"covered":5,"skipped":0,"pct":62.5}}
,"/srv/workspace/komuno/server/src/events/events.service.ts": {"lines":{"total":93,"covered":83,"skipped":0,"pct":89.24},"functions":{"total":11,"covered":11,"skipped":0,"pct":100},"statements":{"total":93,"covered":83,"skipped":0,"pct":89.24},"branches":{"total":88,"covered":57,"skipped":0,"pct":64.77}}
,"/srv/workspace/komuno/server/src/features/features.controller.ts": {"lines":{"total":16,"covered":16,"skipped":0,"pct":100},"functions":{"total":4,"covered":4,"skipped":0,"pct":100},"statements":{"total":16,"covered":16,"skipped":0,"pct":100},"branches":{"total":6,"covered":6,"skipped":0,"pct":100}}
,"/srv/workspace/komuno/server/src/features/features.service.ts": {"lines":{"total":38,"covered":38,"skipped":0,"pct":100},"functions":{"total":7,"covered":7,"skipped":0,"pct":100},"statements":{"total":41,"covered":41,"skipped":0,"pct":100},"branches":{"total":12,"covered":12,"skipped":0,"pct":100}}
,"/srv/workspace/komuno/server/src/financial/financial.controller.ts": {"lines":{"total":84,"covered":82,"skipped":0,"pct":97.61},"functions":{"total":45,"covered":43,"skipped":0,"pct":95.55},"statements":{"total":102,"covered":100,"skipped":0,"pct":98.03},"branches":{"total":64,"covered":58,"skipped":0,"pct":90.62}}
,"/srv/workspace/komuno/server/src/financial/financial.service.ts": {"lines":{"total":239,"covered":216,"skipped":0,"pct":90.37},"functions":{"total":45,"covered":45,"skipped":0,"pct":100},"statements":{"total":239,"covered":216,"skipped":0,"pct":90.37},"branches":{"total":203,"covered":131,"skipped":0,"pct":64.53}}
,"/srv/workspace/komuno/server/src/ideas/ideas.service.ts": {"lines":{"total":69,"covered":66,"skipped":0,"pct":95.65},"functions":{"total":10,"covered":10,"skipped":0,"pct":100},"statements":{"total":69,"covered":66,"skipped":0,"pct":95.65},"branches":{"total":52,"covered":35,"skipped":0,"pct":67.3}}
,"/srv/workspace/komuno/server/src/integrations/minio/minio.service.ts": {"lines":{"total":141,"covered":134,"skipped":0,"pct":95.03},"functions":{"total":18,"covered":18,"skipped":0,"pct":100},"statements":{"total":143,"covered":136,"skipped":0,"pct":95.1},"branches":{"total":79,"covered":69,"skipped":0,"pct":87.34}}
,"/srv/workspace/komuno/server/src/loans/loans.controller.ts": {"lines":{"total":27,"covered":27,"skipped":0,"pct":100},"functions":{"total":11,"covered":11,"skipped":0,"pct":100},"statements":{"total":27,"covered":27,"skipped":0,"pct":100},"branches":{"total":16,"covered":14,"skipped":0,"pct":87.5}}
,"/srv/workspace/komuno/server/src/loans/loans.service.ts": {"lines":{"total":91,"covered":83,"skipped":0,"pct":91.2},"functions":{"total":11,"covered":9,"skipped":0,"pct":81.81},"statements":{"total":91,"covered":83,"skipped":0,"pct":91.2},"branches":{"total":62,"covered":47,"skipped":0,"pct":75.8}}
,"/srv/workspace/komuno/server/src/members/members.service.ts": {"lines":{"total":282,"covered":249,"skipped":0,"pct":88.29},"functions":{"total":41,"covered":39,"skipped":0,"pct":95.12},"statements":{"total":282,"covered":249,"skipped":0,"pct":88.29},"branches":{"total":284,"covered":202,"skipped":0,"pct":71.12}}
,"/srv/workspace/komuno/server/src/notifications/notifications-generator.service.ts": {"lines":{"total":112,"covered":112,"skipped":0,"pct":100},"functions":{"total":8,"covered":8,"skipped":0,"pct":100},"statements":{"total":112,"covered":112,"skipped":0,"pct":100},"branches":{"total":48,"covered":43,"skipped":0,"pct":89.58}}
,"/srv/workspace/komuno/server/src/notifications/notifications.service.ts": {"lines":{"total":88,"covered":88,"skipped":0,"pct":100},"functions":{"total":18,"covered":18,"skipped":0,"pct":100},"statements":{"total":89,"covered":89,"skipped":0,"pct":100},"branches":{"total":52,"covered":49,"skipped":0,"pct":94.23}}
,"/srv/workspace/komuno/server/src/tracking/tracking.controller.ts": {"lines":{"total":27,"covered":27,"skipped":0,"pct":100},"functions":{"total":8,"covered":8,"skipped":0,"pct":100},"statements":{"total":40,"covered":40,"skipped":0,"pct":100},"branches":{"total":26,"covered":26,"skipped":0,"pct":100}}
,"/srv/workspace/komuno/server/src/tracking/tracking.service.ts": {"lines":{"total":71,"covered":70,"skipped":0,"pct":98.59},"functions":{"total":8,"covered":8,"skipped":0,"pct":100},"statements":{"total":84,"covered":80,"skipped":0,"pct":95.23},"branches":{"total":72,"covered":62,"skipped":0,"pct":86.11}}
,"/srv/workspace/komuno/server/utils/db-health.js": {"lines":{"total":35,"covered":31,"skipped":0,"pct":88.57},"functions":{"total":4,"covered":4,"skipped":0,"pct":100},"statements":{"total":35,"covered":31,"skipped":0,"pct":88.57},"branches":{"total":23,"covered":17,"skipped":0,"pct":73.91}}
,"/srv/workspace/komuno/server/utils/db-health.ts": {"lines":{"total":29,"covered":29,"skipped":0,"pct":100},"functions":{"total":4,"covered":4,"skipped":0,"pct":100},"statements":{"total":29,"covered":29,"skipped":0,"pct":100},"branches":{"total":23,"covered":23,"skipped":0,"pct":100}}
,"/srv/workspace/komuno/server/utils/development-request-status.ts": {"lines":{"total":25,"covered":25,"skipped":0,"pct":100},"functions":{"total":6,"covered":6,"skipped":0,"pct":100},"statements":{"total":41,"covered":41,"skipped":0,"pct":100},"branches":{"total":43,"covered":43,"skipped":0,"pct":100}}
,"/srv/workspace/komuno/server/utils/github-integration.js": {"lines":{"total":88,"covered":86,"skipped":0,"pct":97.72},"functions":{"total":5,"covered":5,"skipped":0,"pct":100},"statements":{"total":88,"covered":86,"skipped":0,"pct":97.72},"branches":{"total":60,"covered":59,"skipped":0,"pct":98.33}}
,"/srv/workspace/komuno/shared/errors.js": {"lines":{"total":20,"covered":20,"skipped":0,"pct":100},"functions":{"total":6,"covered":6,"skipped":0,"pct":100},"statements":{"total":20,"covered":20,"skipped":0,"pct":100},"branches":{"total":17,"covered":16,"skipped":0,"pct":94.11}}
,"/srv/workspace/komuno/shared/schema.js": {"lines":{"total":323,"covered":254,"skipped":0,"pct":78.63},"functions":{"total":154,"covered":102,"skipped":0,"pct":66.23},"statements":{"total":341,"covered":272,"skipped":0,"pct":79.76},"branches":{"total":167,"covered":95,"skipped":0,"pct":56.88}}
,"/srv/workspace/komuno/test/unit/server/db.iteration-helper.ts": {"lines":{"total":54,"covered":54,"skipped":0,"pct":100},"functions":{"total":14,"covered":12,"skipped":0,"pct":85.71},"statements":{"total":60,"covered":58,"skipped":0,"pct":96.66},"branches":{"total":10,"covered":10,"skipped":0,"pct":100}}
,"/srv/workspace/komuno/test/unit/server/storage.test-helpers.ts": {"lines":{"total":30,"covered":29,"skipped":0,"pct":96.66},"functions":{"total":11,"covered":10,"skipped":0,"pct":90.9},"statements":{"total":30,"covered":29,"skipped":0,"pct":96.66},"branches":{"total":4,"covered":3,"skipped":0,"pct":75}}
}
