{"total": {"lines":{"total":143,"covered":105,"skipped":0,"pct":73.42},"statements":{"total":155,"covered":113,"skipped":0,"pct":72.9},"functions":{"total":27,"covered":23,"skipped":0,"pct":85.18},"branches":{"total":90,"covered":56,"skipped":0,"pct":62.22},"branchesTrue":{"total":0,"covered":0,"skipped":0,"pct":"Unknown"}}
,"/srv/workspace/komuno/server/email-notification-service.js": {"lines":{"total":143,"covered":105,"skipped":0,"pct":73.42},"functions":{"total":27,"covered":23,"skipped":0,"pct":85.18},"statements":{"total":155,"covered":113,"skipped":0,"pct":72.9},"branches":{"total":90,"covered":56,"skipped":0,"pct":62.22}}
}
