{"/srv/workspace/komuno/server/email-service.js": {"path":"/srv/workspace/komuno/server/email-service.js","statementMap":{"0":{"start":{"line":2,"column":22},"end":{"line":4,"column":1}},"1":{"start":{"line":3,"column":4},"end":{"line":3,"column":null}},"2":{"start":{"line":5,"column":0},"end":{"line":5,"column":null}},"3":{"start":{"line":6,"column":0},"end":{"line":6,"column":null}},"4":{"start":{"line":7,"column":21},"end":{"line":7,"column":59}},"5":{"start":{"line":8,"column":24},"end":{"line":8,"column":62}},"6":{"start":{"line":9,"column":17},"end":{"line":9,"column":40}},"7":{"start":{"line":12,"column":8},"end":{"line":12,"column":null}},"8":{"start":{"line":13,"column":8},"end":{"line":13,"column":null}},"9":{"start":{"line":14,"column":8},"end":{"line":14,"column":null}},"10":{"start":{"line":18,"column":8},"end":{"line":18,"column":null}},"11":{"start":{"line":19,"column":8},"end":{"line":21,"column":null}},"12":{"start":{"line":20,"column":12},"end":{"line":20,"column":null}},"13":{"start":{"line":24,"column":8},"end":{"line":92,"column":null}},"14":{"start":{"line":26,"column":27},"end":{"line":26,"column":31}},"15":{"start":{"line":27,"column":12},"end":{"line":37,"column":null}},"16":{"start":{"line":28,"column":31},"end":{"line":28,"column":66}},"17":{"start":{"line":29,"column":16},"end":{"line":36,"column":null}},"18":{"start":{"line":30,"column":20},"end":{"line":30,"column":null}},"19":{"start":{"line":32,"column":21},"end":{"line":36,"column":null}},"20":{"start":{"line":33,"column":20},"end":{"line":35,"column":null}},"21":{"start":{"line":39,"column":25},"end":{"line":39,"column":78}},"22":{"start":{"line":42,"column":12},"end":{"line":50,"column":null}},"23":{"start":{"line":43,"column":16},"end":{"line":43,"column":null}},"24":{"start":{"line":45,"column":17},"end":{"line":50,"column":null}},"25":{"start":{"line":46,"column":16},"end":{"line":46,"column":null}},"26":{"start":{"line":49,"column":16},"end":{"line":49,"column":38}},"27":{"start":{"line":51,"column":12},"end":{"line":61,"column":null}},"28":{"start":{"line":62,"column":12},"end":{"line":66,"column":null}},"29":{"start":{"line":63,"column":16},"end":{"line":63,"column":null}},"30":{"start":{"line":64,"column":16},"end":{"line":64,"column":null}},"31":{"start":{"line":65,"column":16},"end":{"line":65,"column":null}},"32":{"start":{"line":67,"column":12},"end":{"line":78,"column":null}},"33":{"start":{"line":79,"column":27},"end":{"line":79,"column":86}},"34":{"start":{"line":80,"column":12},"end":{"line":85,"column":null}},"35":{"start":{"line":87,"column":12},"end":{"line":87,"column":null}},"36":{"start":{"line":90,"column":12},"end":{"line":90,"column":null}},"37":{"start":{"line":91,"column":12},"end":{"line":91,"column":null}},"38":{"start":{"line":95,"column":8},"end":{"line":96,"column":null}},"39":{"start":{"line":96,"column":12},"end":{"line":96,"column":null}},"40":{"start":{"line":97,"column":8},"end":{"line":105,"column":null}},"41":{"start":{"line":98,"column":12},"end":{"line":98,"column":null}},"42":{"start":{"line":99,"column":12},"end":{"line":99,"column":null}},"43":{"start":{"line":100,"column":12},"end":{"line":100,"column":null}},"44":{"start":{"line":103,"column":12},"end":{"line":103,"column":null}},"45":{"start":{"line":104,"column":12},"end":{"line":104,"column":null}},"46":{"start":{"line":108,"column":8},"end":{"line":113,"column":null}},"47":{"start":{"line":109,"column":12},"end":{"line":112,"column":null}},"48":{"start":{"line":114,"column":27},"end":{"line":114,"column":65}},"49":{"start":{"line":115,"column":8},"end":{"line":120,"column":null}},"50":{"start":{"line":116,"column":12},"end":{"line":119,"column":null}},"51":{"start":{"line":121,"column":8},"end":{"line":152,"column":null}},"52":{"start":{"line":122,"column":29},"end":{"line":122,"column":91}},"53":{"start":{"line":123,"column":30},"end":{"line":123,"column":76}},"54":{"start":{"line":124,"column":32},"end":{"line":130,"column":13}},"55":{"start":{"line":131,"column":25},"end":{"line":131,"column":69}},"56":{"start":{"line":132,"column":12},"end":{"line":135,"column":null}},"57":{"start":{"line":136,"column":12},"end":{"line":144,"column":null}},"58":{"start":{"line":147,"column":12},"end":{"line":147,"column":null}},"59":{"start":{"line":148,"column":12},"end":{"line":151,"column":null}},"60":{"start":{"line":156,"column":8},"end":{"line":165,"column":null}},"61":{"start":{"line":169,"column":8},"end":{"line":174,"column":null}},"62":{"start":{"line":170,"column":12},"end":{"line":173,"column":null}},"63":{"start":{"line":175,"column":8},"end":{"line":184,"column":null}},"64":{"start":{"line":176,"column":12},"end":{"line":176,"column":null}},"65":{"start":{"line":177,"column":12},"end":{"line":177,"column":null}},"66":{"start":{"line":180,"column":12},"end":{"line":183,"column":null}},"67":{"start":{"line":188,"column":8},"end":{"line":188,"column":null}},"68":{"start":{"line":192,"column":8},"end":{"line":192,"column":null}},"69":{"start":{"line":195,"column":8},"end":{"line":197,"column":null}},"70":{"start":{"line":196,"column":12},"end":{"line":196,"column":null}},"71":{"start":{"line":198,"column":30},"end":{"line":198,"column":64}},"72":{"start":{"line":199,"column":8},"end":{"line":201,"column":null}},"73":{"start":{"line":200,"column":12},"end":{"line":200,"column":null}},"74":{"start":{"line":202,"column":8},"end":{"line":202,"column":null}},"75":{"start":{"line":205,"column":8},"end":{"line":207,"column":null}},"76":{"start":{"line":206,"column":32},"end":{"line":206,"column":62}},"77":{"start":{"line":207,"column":35},"end":{"line":207,"column":55}},"78":{"start":{"line":211,"column":0},"end":{"line":211,"column":null}}},"fnMap":{"0":{"name":"(anonymous_0)","decl":{"start":{"line":2,"column":56},"end":{"line":2,"column":64}},"loc":{"start":{"line":2,"column":71},"end":{"line":4,"column":1}},"line":2},"1":{"name":"(anonymous_1)","decl":{"start":{"line":11,"column":4},"end":{"line":11,"column":15}},"loc":{"start":{"line":11,"column":18},"end":{"line":16,"column":null}},"line":11},"2":{"name":"(anonymous_2)","decl":{"start":{"line":17,"column":4},"end":{"line":17,"column":14}},"loc":{"start":{"line":17,"column":24},"end":{"line":22,"column":null}},"line":17},"3":{"name":"(anonymous_3)","decl":{"start":{"line":19,"column":48},"end":{"line":19,"column":49}},"loc":{"start":{"line":19,"column":59},"end":{"line":21,"column":9}},"line":19},"4":{"name":"(anonymous_4)","decl":{"start":{"line":23,"column":10},"end":{"line":23,"column":31}},"loc":{"start":{"line":23,"column":34},"end":{"line":93,"column":null}},"line":23},"5":{"name":"(anonymous_5)","decl":{"start":{"line":94,"column":10},"end":{"line":94,"column":26}},"loc":{"start":{"line":94,"column":29},"end":{"line":106,"column":null}},"line":94},"6":{"name":"(anonymous_6)","decl":{"start":{"line":107,"column":10},"end":{"line":107,"column":19}},"loc":{"start":{"line":107,"column":31},"end":{"line":153,"column":null}},"line":107},"7":{"name":"(anonymous_7)","decl":{"start":{"line":155,"column":4},"end":{"line":155,"column":13}},"loc":{"start":{"line":155,"column":20},"end":{"line":166,"column":null}},"line":155},"8":{"name":"(anonymous_8)","decl":{"start":{"line":168,"column":10},"end":{"line":168,"column":24}},"loc":{"start":{"line":168,"column":27},"end":{"line":185,"column":null}},"line":168},"9":{"name":"(anonymous_9)","decl":{"start":{"line":187,"column":10},"end":{"line":187,"column":22}},"loc":{"start":{"line":187,"column":25},"end":{"line":189,"column":null}},"line":187},"10":{"name":"(anonymous_10)","decl":{"start":{"line":191,"column":10},"end":{"line":191,"column":22}},"loc":{"start":{"line":191,"column":25},"end":{"line":193,"column":null}},"line":191},"11":{"name":"(anonymous_11)","decl":{"start":{"line":194,"column":4},"end":{"line":194,"column":13}},"loc":{"start":{"line":194,"column":31},"end":{"line":203,"column":null}},"line":194},"12":{"name":"(anonymous_12)","decl":{"start":{"line":204,"column":4},"end":{"line":204,"column":23}},"loc":{"start":{"line":204,"column":36},"end":{"line":208,"column":null}},"line":204},"13":{"name":"(anonymous_13)","decl":{"start":{"line":206,"column":17},"end":{"line":206,"column":18}},"loc":{"start":{"line":206,"column":32},"end":{"line":206,"column":62}},"line":206},"14":{"name":"(anonymous_14)","decl":{"start":{"line":207,"column":20},"end":{"line":207,"column":21}},"loc":{"start":{"line":207,"column":35},"end":{"line":207,"column":55}},"line":207}},"branchMap":{"0":{"loc":{"start":{"line":2,"column":22},"end":{"line":4,"column":1}},"type":"binary-expr","locations":[{"start":{"line":2,"column":23},"end":{"line":2,"column":27}},{"start":{"line":2,"column":31},"end":{"line":2,"column":51}},{"start":{"line":2,"column":56},"end":{"line":4,"column":1}}],"line":2},"1":{"loc":{"start":{"line":3,"column":11},"end":{"line":3,"column":61}},"type":"cond-expr","locations":[{"start":{"line":3,"column":37},"end":{"line":3,"column":40}},{"start":{"line":3,"column":43},"end":{"line":3,"column":61}}],"line":3},"2":{"loc":{"start":{"line":3,"column":12},"end":{"line":3,"column":33}},"type":"binary-expr","locations":[{"start":{"line":3,"column":12},"end":{"line":3,"column":15}},{"start":{"line":3,"column":19},"end":{"line":3,"column":33}}],"line":3},"3":{"loc":{"start":{"line":27,"column":12},"end":{"line":37,"column":null}},"type":"if","locations":[{"start":{"line":27,"column":12},"end":{"line":37,"column":null}},{"start":{},"end":{}}],"line":27},"4":{"loc":{"start":{"line":29,"column":16},"end":{"line":36,"column":null}},"type":"if","locations":[{"start":{"line":29,"column":16},"end":{"line":36,"column":null}},{"start":{"line":32,"column":21},"end":{"line":36,"column":null}}],"line":29},"5":{"loc":{"start":{"line":29,"column":20},"end":{"line":29,"column":49}},"type":"binary-expr","locations":[{"start":{"line":29,"column":20},"end":{"line":29,"column":34}},{"start":{"line":29,"column":38},"end":{"line":29,"column":49}}],"line":29},"6":{"loc":{"start":{"line":32,"column":21},"end":{"line":36,"column":null}},"type":"if","locations":[{"start":{"line":32,"column":21},"end":{"line":36,"column":null}},{"start":{},"end":{}}],"line":32},"7":{"loc":{"start":{"line":42,"column":12},"end":{"line":50,"column":null}},"type":"if","locations":[{"start":{"line":42,"column":12},"end":{"line":50,"column":null}},{"start":{"line":45,"column":17},"end":{"line":50,"column":null}}],"line":42},"8":{"loc":{"start":{"line":45,"column":17},"end":{"line":50,"column":null}},"type":"if","locations":[{"start":{"line":45,"column":17},"end":{"line":50,"column":null}},{"start":{"line":48,"column":17},"end":{"line":50,"column":null}}],"line":45},"9":{"loc":{"start":{"line":52,"column":22},"end":{"line":52,"column":79}},"type":"binary-expr","locations":[{"start":{"line":52,"column":22},"end":{"line":52,"column":36}},{"start":{"line":52,"column":40},"end":{"line":52,"column":61}},{"start":{"line":52,"column":65},"end":{"line":52,"column":79}}],"line":52},"10":{"loc":{"start":{"line":56,"column":26},"end":{"line":56,"column":75}},"type":"binary-expr","locations":[{"start":{"line":56,"column":26},"end":{"line":56,"column":44}},{"start":{"line":56,"column":48},"end":{"line":56,"column":69}},{"start":{"line":56,"column":73},"end":{"line":56,"column":75}}],"line":56},"11":{"loc":{"start":{"line":57,"column":26},"end":{"line":57,"column":null}},"type":"binary-expr","locations":[{"start":{"line":57,"column":26},"end":{"line":57,"column":44}},{"start":{"line":57,"column":48},"end":{"line":57,"column":73}},{"start":{"line":57,"column":77},"end":{"line":57,"column":null}}],"line":57},"12":{"loc":{"start":{"line":59,"column":26},"end":{"line":59,"column":116}},"type":"binary-expr","locations":[{"start":{"line":59,"column":26},"end":{"line":59,"column":44}},{"start":{"line":59,"column":48},"end":{"line":59,"column":74}},{"start":{"line":59,"column":78},"end":{"line":59,"column":116}}],"line":59},"13":{"loc":{"start":{"line":60,"column":27},"end":{"line":60,"column":null}},"type":"binary-expr","locations":[{"start":{"line":60,"column":27},"end":{"line":60,"column":46}},{"start":{"line":60,"column":50},"end":{"line":60,"column":77}},{"start":{"line":60,"column":81},"end":{"line":60,"column":null}}],"line":60},"14":{"loc":{"start":{"line":62,"column":12},"end":{"line":66,"column":null}},"type":"if","locations":[{"start":{"line":62,"column":12},"end":{"line":66,"column":null}},{"start":{},"end":{}}],"line":62},"15":{"loc":{"start":{"line":62,"column":16},"end":{"line":62,"column":64}},"type":"binary-expr","locations":[{"start":{"line":62,"column":16},"end":{"line":62,"column":38}},{"start":{"line":62,"column":42},"end":{"line":62,"column":64}}],"line":62},"16":{"loc":{"start":{"line":79,"column":27},"end":{"line":79,"column":86}},"type":"cond-expr","locations":[{"start":{"line":79,"column":38},"end":{"line":79,"column":55}},{"start":{"line":79,"column":58},"end":{"line":79,"column":86}}],"line":79},"17":{"loc":{"start":{"line":95,"column":8},"end":{"line":96,"column":null}},"type":"if","locations":[{"start":{"line":95,"column":8},"end":{"line":96,"column":null}},{"start":{},"end":{}}],"line":95},"18":{"loc":{"start":{"line":108,"column":8},"end":{"line":113,"column":null}},"type":"if","locations":[{"start":{"line":108,"column":8},"end":{"line":113,"column":null}},{"start":{},"end":{}}],"line":108},"19":{"loc":{"start":{"line":108,"column":12},"end":{"line":108,"column":45}},"type":"binary-expr","locations":[{"start":{"line":108,"column":12},"end":{"line":108,"column":29}},{"start":{"line":108,"column":33},"end":{"line":108,"column":45}}],"line":108},"20":{"loc":{"start":{"line":115,"column":8},"end":{"line":120,"column":null}},"type":"if","locations":[{"start":{"line":115,"column":8},"end":{"line":120,"column":null}},{"start":{},"end":{}}],"line":115},"21":{"loc":{"start":{"line":122,"column":29},"end":{"line":122,"column":91}},"type":"binary-expr","locations":[{"start":{"line":122,"column":29},"end":{"line":122,"column":49}},{"start":{"line":122,"column":53},"end":{"line":122,"column":91}}],"line":122},"22":{"loc":{"start":{"line":123,"column":30},"end":{"line":123,"column":76}},"type":"binary-expr","locations":[{"start":{"line":123,"column":30},"end":{"line":123,"column":51}},{"start":{"line":123,"column":55},"end":{"line":123,"column":76}}],"line":123},"23":{"loc":{"start":{"line":129,"column":22},"end":{"line":129,"column":null}},"type":"binary-expr","locations":[{"start":{"line":129,"column":22},"end":{"line":129,"column":36}},{"start":{"line":129,"column":40},"end":{"line":129,"column":null}}],"line":129},"24":{"loc":{"start":{"line":169,"column":8},"end":{"line":174,"column":null}},"type":"if","locations":[{"start":{"line":169,"column":8},"end":{"line":174,"column":null}},{"start":{},"end":{}}],"line":169},"25":{"loc":{"start":{"line":195,"column":8},"end":{"line":197,"column":null}},"type":"if","locations":[{"start":{"line":195,"column":8},"end":{"line":197,"column":null}},{"start":{},"end":{}}],"line":195},"26":{"loc":{"start":{"line":195,"column":12},"end":{"line":195,"column":79}},"type":"binary-expr","locations":[{"start":{"line":195,"column":12},"end":{"line":195,"column":38}},{"start":{"line":195,"column":42},"end":{"line":195,"column":65}},{"start":{"line":195,"column":69},"end":{"line":195,"column":79}}],"line":195},"27":{"loc":{"start":{"line":198,"column":46},"end":{"line":198,"column":59}},"type":"binary-expr","locations":[{"start":{"line":198,"column":46},"end":{"line":198,"column":53}},{"start":{"line":198,"column":57},"end":{"line":198,"column":59}}],"line":198},"28":{"loc":{"start":{"line":199,"column":8},"end":{"line":201,"column":null}},"type":"if","locations":[{"start":{"line":199,"column":8},"end":{"line":201,"column":null}},{"start":{},"end":{}}],"line":199},"29":{"loc":{"start":{"line":199,"column":12},"end":{"line":199,"column":63}},"type":"binary-expr","locations":[{"start":{"line":199,"column":12},"end":{"line":199,"column":42}},{"start":{"line":199,"column":46},"end":{"line":199,"column":63}}],"line":199}},"s":{"0":78,"1":78,"2":78,"3":78,"4":78,"5":78,"6":78,"7":78,"8":78,"9":78,"10":39,"11":39,"12":1,"13":99,"14":99,"15":99,"16":76,"17":76,"18":30,"19":46,"20":10,"21":99,"22":99,"23":26,"24":73,"25":16,"26":57,"27":99,"28":99,"29":2,"30":2,"31":2,"32":97,"33":97,"34":99,"35":99,"36":1,"37":1,"38":112,"39":8,"40":104,"41":104,"42":96,"43":96,"44":8,"45":8,"46":20,"47":1,"48":19,"49":19,"50":4,"51":15,"52":15,"53":20,"54":20,"55":20,"56":11,"57":11,"58":4,"59":4,"60":9,"61":16,"62":7,"63":9,"64":9,"65":8,"66":1,"67":61,"68":1,"69":99,"70":26,"71":73,"72":99,"73":17,"74":56,"75":19,"76":39,"77":39,"78":78},"f":{"0":78,"1":78,"2":39,"3":1,"4":99,"5":112,"6":20,"7":9,"8":16,"9":61,"10":1,"11":99,"12":19,"13":39,"14":39},"b":{"0":[78,78,78],"1":[5,73],"2":[78,78],"3":[76,23],"4":[30,46],"5":[76,66],"6":[10,36],"7":[26,73],"8":[16,57],"9":[99,69,51],"10":[99,71,2],"11":[99,71,2],"12":[99,95,88],"13":[99,97,90],"14":[2,97],"15":[99,97],"16":[28,68],"17":[8,104],"18":[1,19],"19":[20,19],"20":[4,15],"21":[15,5],"22":[20,6],"23":[20,9],"24":[7,9],"25":[26,73],"26":[99,30,30],"27":[73,99],"28":[17,82],"29":[99,17]},"meta":{"lastBranch":30,"lastFunction":15,"lastStatement":79,"seen":{"s:2:22:4:1":0,"b:2:23:2:27:2:31:2:51:2:56:4:1":0,"f:2:56:2:64":0,"s:3:4:3:Infinity":1,"b:3:37:3:40:3:43:3:61":1,"b:3:12:3:15:3:19:3:33":2,"s:5:0:5:Infinity":2,"s:6:0:6:Infinity":3,"s:7:21:7:59":4,"s:8:24:8:62":5,"s:9:17:9:40":6,"f:11:4:11:15":1,"s:12:8:12:Infinity":7,"s:13:8:13:Infinity":8,"s:14:8:14:Infinity":9,"f:17:4:17:14":2,"s:18:8:18:Infinity":10,"s:19:8:21:Infinity":11,"f:19:48:19:49":3,"s:20:12:20:Infinity":12,"f:23:10:23:31":4,"s:24:8:92:Infinity":13,"s:26:27:26:31":14,"b:27:12:37:Infinity:undefined:undefined:undefined:undefined":3,"s:27:12:37:Infinity":15,"s:28:31:28:66":16,"b:29:16:36:Infinity:32:21:36:Infinity":4,"s:29:16:36:Infinity":17,"b:29:20:29:34:29:38:29:49":5,"s:30:20:30:Infinity":18,"b:32:21:36:Infinity:undefined:undefined:undefined:undefined":6,"s:32:21:36:Infinity":19,"s:33:20:35:Infinity":20,"s:39:25:39:78":21,"b:42:12:50:Infinity:45:17:50:Infinity":7,"s:42:12:50:Infinity":22,"s:43:16:43:Infinity":23,"b:45:17:50:Infinity:48:17:50:Infinity":8,"s:45:17:50:Infinity":24,"s:46:16:46:Infinity":25,"s:49:16:49:38":26,"s:51:12:61:Infinity":27,"b:52:22:52:36:52:40:52:61:52:65:52:79":9,"b:56:26:56:44:56:48:56:69:56:73:56:75":10,"b:57:26:57:44:57:48:57:73:57:77:57:Infinity":11,"b:59:26:59:44:59:48:59:74:59:78:59:116":12,"b:60:27:60:46:60:50:60:77:60:81:60:Infinity":13,"b:62:12:66:Infinity:undefined:undefined:undefined:undefined":14,"s:62:12:66:Infinity":28,"b:62:16:62:38:62:42:62:64":15,"s:63:16:63:Infinity":29,"s:64:16:64:Infinity":30,"s:65:16:65:Infinity":31,"s:67:12:78:Infinity":32,"s:79:27:79:86":33,"b:79:38:79:55:79:58:79:86":16,"s:80:12:85:Infinity":34,"s:87:12:87:Infinity":35,"s:90:12:90:Infinity":36,"s:91:12:91:Infinity":37,"f:94:10:94:26":5,"b:95:8:96:Infinity:undefined:undefined:undefined:undefined":17,"s:95:8:96:Infinity":38,"s:96:12:96:Infinity":39,"s:97:8:105:Infinity":40,"s:98:12:98:Infinity":41,"s:99:12:99:Infinity":42,"s:100:12:100:Infinity":43,"s:103:12:103:Infinity":44,"s:104:12:104:Infinity":45,"f:107:10:107:19":6,"b:108:8:113:Infinity:undefined:undefined:undefined:undefined":18,"s:108:8:113:Infinity":46,"b:108:12:108:29:108:33:108:45":19,"s:109:12:112:Infinity":47,"s:114:27:114:65":48,"b:115:8:120:Infinity:undefined:undefined:undefined:undefined":20,"s:115:8:120:Infinity":49,"s:116:12:119:Infinity":50,"s:121:8:152:Infinity":51,"s:122:29:122:91":52,"b:122:29:122:49:122:53:122:91":21,"s:123:30:123:76":53,"b:123:30:123:51:123:55:123:76":22,"s:124:32:130:13":54,"b:129:22:129:36:129:40:129:Infinity":23,"s:131:25:131:69":55,"s:132:12:135:Infinity":56,"s:136:12:144:Infinity":57,"s:147:12:147:Infinity":58,"s:148:12:151:Infinity":59,"f:155:4:155:13":7,"s:156:8:165:Infinity":60,"f:168:10:168:24":8,"b:169:8:174:Infinity:undefined:undefined:undefined:undefined":24,"s:169:8:174:Infinity":61,"s:170:12:173:Infinity":62,"s:175:8:184:Infinity":63,"s:176:12:176:Infinity":64,"s:177:12:177:Infinity":65,"s:180:12:183:Infinity":66,"f:187:10:187:22":9,"s:188:8:188:Infinity":67,"f:191:10:191:22":10,"s:192:8:192:Infinity":68,"f:194:4:194:13":11,"b:195:8:197:Infinity:undefined:undefined:undefined:undefined":25,"s:195:8:197:Infinity":69,"b:195:12:195:38:195:42:195:65:195:69:195:79":26,"s:196:12:196:Infinity":70,"s:198:30:198:64":71,"b:198:46:198:53:198:57:198:59":27,"b:199:8:201:Infinity:undefined:undefined:undefined:undefined":28,"s:199:8:201:Infinity":72,"b:199:12:199:42:199:46:199:63":29,"s:200:12:200:Infinity":73,"s:202:8:202:Infinity":74,"f:204:4:204:23":12,"s:205:8:207:Infinity":75,"f:206:17:206:18":13,"s:206:32:206:62":76,"f:207:20:207:21":14,"s:207:35:207:55":77,"s:211:0:211:Infinity":78}}}
}
