{"total": {"lines":{"total":46,"covered":41,"skipped":0,"pct":89.13},"statements":{"total":49,"covered":44,"skipped":0,"pct":89.79},"functions":{"total":10,"covered":5,"skipped":0,"pct":50},"branches":{"total":51,"covered":35,"skipped":0,"pct":68.62},"branchesTrue":{"total":0,"covered":0,"skipped":0,"pct":100}}
,"/srv/workspace/komuno/server/src/common/filters/http-exception.filter.ts": {"lines":{"total":26,"covered":26,"skipped":0,"pct":100},"functions":{"total":4,"covered":4,"skipped":0,"pct":100},"statements":{"total":29,"covered":29,"skipped":0,"pct":100},"branches":{"total":34,"covered":34,"skipped":0,"pct":100}}
,"/srv/workspace/komuno/shared/errors.js": {"lines":{"total":20,"covered":15,"skipped":0,"pct":75},"functions":{"total":6,"covered":1,"skipped":0,"pct":16.66},"statements":{"total":20,"covered":15,"skipped":0,"pct":75},"branches":{"total":17,"covered":1,"skipped":0,"pct":5.88}}
}
