{"/srv/workspace/komuno/server/storage.js": {"path":"/srv/workspace/komuno/server/storage.js","statementMap":{"0":{"start":{"line":5,"column":22},"end":{"line":7,"column":1}},"1":{"start":{"line":6,"column":4},"end":{"line":6,"column":null}},"2":{"start":{"line":8,"column":0},"end":{"line":8,"column":null}},"3":{"start":{"line":9,"column":0},"end":{"line":9,"column":null}},"4":{"start":{"line":10,"column":17},"end":{"line":10,"column":44}},"5":{"start":{"line":11,"column":13},"end":{"line":11,"column":28}},"6":{"start":{"line":12,"column":22},"end":{"line":12,"column":44}},"7":{"start":{"line":13,"column":26},"end":{"line":13,"column":69}},"8":{"start":{"line":14,"column":28},"end":{"line":14,"column":73}},"9":{"start":{"line":15,"column":13},"end":{"line":15,"column":28}},"10":{"start":{"line":16,"column":17},"end":{"line":16,"column":40}},"11":{"start":{"line":17,"column":29},"end":{"line":17,"column":88}},"12":{"start":{"line":23,"column":27},"end":{"line":23,"column":96}},"13":{"start":{"line":24,"column":8},"end":{"line":26,"column":null}},"14":{"start":{"line":25,"column":12},"end":{"line":25,"column":null}},"15":{"start":{"line":27,"column":8},"end":{"line":40,"column":null}},"16":{"start":{"line":34,"column":16},"end":{"line":34,"column":null}},"17":{"start":{"line":44,"column":8},"end":{"line":50,"column":null}},"18":{"start":{"line":45,"column":27},"end":{"line":45,"column":130}},"19":{"start":{"line":46,"column":12},"end":{"line":46,"column":null}},"20":{"start":{"line":49,"column":12},"end":{"line":49,"column":null}},"21":{"start":{"line":53,"column":8},"end":{"line":53,"column":35}},"22":{"start":{"line":56,"column":8},"end":{"line":70,"column":null}},"23":{"start":{"line":58,"column":33},"end":{"line":58,"column":69}},"24":{"start":{"line":59,"column":12},"end":{"line":61,"column":null}},"25":{"start":{"line":60,"column":16},"end":{"line":60,"column":null}},"26":{"start":{"line":62,"column":27},"end":{"line":65,"column":28}},"27":{"start":{"line":66,"column":12},"end":{"line":66,"column":null}},"28":{"start":{"line":69,"column":12},"end":{"line":69,"column":null}},"29":{"start":{"line":74,"column":8},"end":{"line":83,"column":null}},"30":{"start":{"line":75,"column":31},"end":{"line":78,"column":76}},"31":{"start":{"line":79,"column":12},"end":{"line":79,"column":null}},"32":{"start":{"line":82,"column":12},"end":{"line":82,"column":null}},"33":{"start":{"line":86,"column":8},"end":{"line":96,"column":null}},"34":{"start":{"line":87,"column":38},"end":{"line":91,"column":76}},"35":{"start":{"line":92,"column":12},"end":{"line":92,"column":null}},"36":{"start":{"line":95,"column":12},"end":{"line":95,"column":null}},"37":{"start":{"line":99,"column":8},"end":{"line":116,"column":null}},"38":{"start":{"line":100,"column":35},"end":{"line":108,"column":28}},"39":{"start":{"line":109,"column":12},"end":{"line":111,"column":null}},"40":{"start":{"line":110,"column":16},"end":{"line":110,"column":null}},"41":{"start":{"line":112,"column":12},"end":{"line":112,"column":null}},"42":{"start":{"line":115,"column":12},"end":{"line":115,"column":null}},"43":{"start":{"line":119,"column":8},"end":{"line":135,"column":null}},"44":{"start":{"line":120,"column":35},"end":{"line":127,"column":28}},"45":{"start":{"line":128,"column":12},"end":{"line":130,"column":null}},"46":{"start":{"line":129,"column":16},"end":{"line":129,"column":null}},"47":{"start":{"line":131,"column":12},"end":{"line":131,"column":null}},"48":{"start":{"line":134,"column":12},"end":{"line":134,"column":null}},"49":{"start":{"line":138,"column":8},"end":{"line":154,"column":null}},"50":{"start":{"line":139,"column":35},"end":{"line":146,"column":28}},"51":{"start":{"line":147,"column":12},"end":{"line":149,"column":null}},"52":{"start":{"line":148,"column":16},"end":{"line":148,"column":null}},"53":{"start":{"line":150,"column":12},"end":{"line":150,"column":null}},"54":{"start":{"line":153,"column":12},"end":{"line":153,"column":null}},"55":{"start":{"line":157,"column":8},"end":{"line":174,"column":null}},"56":{"start":{"line":158,"column":35},"end":{"line":166,"column":28}},"57":{"start":{"line":167,"column":12},"end":{"line":169,"column":null}},"58":{"start":{"line":168,"column":16},"end":{"line":168,"column":null}},"59":{"start":{"line":170,"column":12},"end":{"line":170,"column":null}},"60":{"start":{"line":173,"column":12},"end":{"line":173,"column":null}},"61":{"start":{"line":177,"column":8},"end":{"line":189,"column":null}},"62":{"start":{"line":178,"column":27},"end":{"line":184,"column":75}},"63":{"start":{"line":185,"column":12},"end":{"line":185,"column":null}},"64":{"start":{"line":188,"column":12},"end":{"line":188,"column":null}},"65":{"start":{"line":192,"column":8},"end":{"line":206,"column":null}},"66":{"start":{"line":193,"column":27},"end":{"line":196,"column":28}},"67":{"start":{"line":197,"column":12},"end":{"line":199,"column":null}},"68":{"start":{"line":198,"column":16},"end":{"line":198,"column":null}},"69":{"start":{"line":200,"column":12},"end":{"line":200,"column":null}},"70":{"start":{"line":201,"column":12},"end":{"line":201,"column":null}},"71":{"start":{"line":204,"column":12},"end":{"line":204,"column":null}},"72":{"start":{"line":205,"column":12},"end":{"line":205,"column":null}},"73":{"start":{"line":210,"column":8},"end":{"line":258,"column":null}},"74":{"start":{"line":211,"column":25},"end":{"line":211,"column":56}},"75":{"start":{"line":212,"column":26},"end":{"line":212,"column":74}},"76":{"start":{"line":213,"column":27},"end":{"line":213,"column":45}},"77":{"start":{"line":215,"column":34},"end":{"line":218,"column":162}},"78":{"start":{"line":220,"column":27},"end":{"line":241,"column":31}},"79":{"start":{"line":242,"column":36},"end":{"line":245,"column":15}},"80":{"start":{"line":242,"column":55},"end":{"line":245,"column":13}},"81":{"start":{"line":246,"column":12},"end":{"line":254,"column":null}},"82":{"start":{"line":257,"column":12},"end":{"line":257,"column":null}},"83":{"start":{"line":261,"column":8},"end":{"line":267,"column":null}},"84":{"start":{"line":262,"column":27},"end":{"line":262,"column":122}},"85":{"start":{"line":263,"column":12},"end":{"line":263,"column":null}},"86":{"start":{"line":266,"column":12},"end":{"line":266,"column":null}},"87":{"start":{"line":270,"column":8},"end":{"line":281,"column":null}},"88":{"start":{"line":271,"column":31},"end":{"line":275,"column":25}},"89":{"start":{"line":276,"column":12},"end":{"line":276,"column":null}},"90":{"start":{"line":279,"column":12},"end":{"line":279,"column":null}},"91":{"start":{"line":280,"column":12},"end":{"line":280,"column":25}},"92":{"start":{"line":284,"column":8},"end":{"line":308,"column":null}},"93":{"start":{"line":286,"column":12},"end":{"line":288,"column":null}},"94":{"start":{"line":287,"column":16},"end":{"line":287,"column":null}},"95":{"start":{"line":290,"column":29},"end":{"line":293,"column":13}},"96":{"start":{"line":295,"column":27},"end":{"line":303,"column":14}},"97":{"start":{"line":296,"column":34},"end":{"line":299,"column":32}},"98":{"start":{"line":301,"column":16},"end":{"line":301,"column":null}},"99":{"start":{"line":302,"column":16},"end":{"line":302,"column":null}},"100":{"start":{"line":304,"column":12},"end":{"line":304,"column":null}},"101":{"start":{"line":307,"column":12},"end":{"line":307,"column":null}},"102":{"start":{"line":311,"column":8},"end":{"line":329,"column":null}},"103":{"start":{"line":313,"column":31},"end":{"line":313,"column":53}},"104":{"start":{"line":314,"column":12},"end":{"line":316,"column":null}},"105":{"start":{"line":315,"column":16},"end":{"line":315,"column":null}},"106":{"start":{"line":317,"column":12},"end":{"line":319,"column":null}},"107":{"start":{"line":318,"column":16},"end":{"line":318,"column":null}},"108":{"start":{"line":321,"column":12},"end":{"line":324,"column":null}},"109":{"start":{"line":322,"column":16},"end":{"line":322,"column":null}},"110":{"start":{"line":323,"column":16},"end":{"line":323,"column":null}},"111":{"start":{"line":325,"column":12},"end":{"line":325,"column":null}},"112":{"start":{"line":328,"column":12},"end":{"line":328,"column":null}},"113":{"start":{"line":333,"column":8},"end":{"line":339,"column":null}},"114":{"start":{"line":334,"column":30},"end":{"line":334,"column":192}},"115":{"start":{"line":335,"column":12},"end":{"line":335,"column":null}},"116":{"start":{"line":338,"column":12},"end":{"line":338,"column":null}},"117":{"start":{"line":342,"column":31},"end":{"line":345,"column":153}},"118":{"start":{"line":346,"column":8},"end":{"line":346,"column":null}},"119":{"start":{"line":350,"column":8},"end":{"line":406,"column":null}},"120":{"start":{"line":351,"column":25},"end":{"line":351,"column":56}},"121":{"start":{"line":352,"column":26},"end":{"line":352,"column":74}},"122":{"start":{"line":353,"column":27},"end":{"line":353,"column":45}},"123":{"start":{"line":355,"column":34},"end":{"line":358,"column":80}},"124":{"start":{"line":360,"column":27},"end":{"line":389,"column":31}},"125":{"start":{"line":390,"column":36},"end":{"line":393,"column":15}},"126":{"start":{"line":390,"column":55},"end":{"line":393,"column":13}},"127":{"start":{"line":394,"column":12},"end":{"line":402,"column":null}},"128":{"start":{"line":405,"column":12},"end":{"line":405,"column":null}},"129":{"start":{"line":409,"column":8},"end":{"line":415,"column":null}},"130":{"start":{"line":410,"column":28},"end":{"line":410,"column":125}},"131":{"start":{"line":411,"column":12},"end":{"line":411,"column":null}},"132":{"start":{"line":414,"column":12},"end":{"line":414,"column":null}},"133":{"start":{"line":418,"column":8},"end":{"line":429,"column":null}},"134":{"start":{"line":419,"column":31},"end":{"line":423,"column":25}},"135":{"start":{"line":424,"column":12},"end":{"line":424,"column":null}},"136":{"start":{"line":427,"column":12},"end":{"line":427,"column":null}},"137":{"start":{"line":428,"column":12},"end":{"line":428,"column":25}},"138":{"start":{"line":432,"column":8},"end":{"line":460,"column":null}},"139":{"start":{"line":434,"column":30},"end":{"line":434,"column":50}},"140":{"start":{"line":436,"column":12},"end":{"line":438,"column":null}},"141":{"start":{"line":437,"column":16},"end":{"line":437,"column":null}},"142":{"start":{"line":440,"column":12},"end":{"line":442,"column":null}},"143":{"start":{"line":441,"column":16},"end":{"line":441,"column":null}},"144":{"start":{"line":444,"column":30},"end":{"line":447,"column":13}},"145":{"start":{"line":448,"column":27},"end":{"line":455,"column":14}},"146":{"start":{"line":449,"column":35},"end":{"line":452,"column":32}},"147":{"start":{"line":453,"column":16},"end":{"line":453,"column":null}},"148":{"start":{"line":454,"column":16},"end":{"line":454,"column":null}},"149":{"start":{"line":456,"column":12},"end":{"line":456,"column":null}},"150":{"start":{"line":459,"column":12},"end":{"line":459,"column":null}},"151":{"start":{"line":463,"column":8},"end":{"line":532,"column":null}},"152":{"start":{"line":465,"column":30},"end":{"line":465,"column":50}},"153":{"start":{"line":467,"column":12},"end":{"line":469,"column":null}},"154":{"start":{"line":468,"column":16},"end":{"line":468,"column":null}},"155":{"start":{"line":471,"column":12},"end":{"line":473,"column":null}},"156":{"start":{"line":472,"column":16},"end":{"line":472,"column":null}},"157":{"start":{"line":475,"column":12},"end":{"line":480,"column":null}},"158":{"start":{"line":476,"column":16},"end":{"line":479,"column":null}},"159":{"start":{"line":482,"column":27},"end":{"line":482,"column":78}},"160":{"start":{"line":482,"column":56},"end":{"line":482,"column":77}},"161":{"start":{"line":483,"column":33},"end":{"line":483,"column":48}},"162":{"start":{"line":484,"column":12},"end":{"line":489,"column":null}},"163":{"start":{"line":485,"column":16},"end":{"line":488,"column":null}},"164":{"start":{"line":491,"column":30},"end":{"line":494,"column":13}},"165":{"start":{"line":496,"column":27},"end":{"line":522,"column":14}},"166":{"start":{"line":498,"column":35},"end":{"line":501,"column":32}},"167":{"start":{"line":502,"column":16},"end":{"line":502,"column":null}},"168":{"start":{"line":504,"column":44},"end":{"line":504,"column":46}},"169":{"start":{"line":505,"column":16},"end":{"line":520,"column":null}},"170":{"start":{"line":507,"column":52},"end":{"line":510,"column":23}},"171":{"start":{"line":507,"column":92},"end":{"line":510,"column":21}},"172":{"start":{"line":511,"column":44},"end":{"line":514,"column":36}},"173":{"start":{"line":515,"column":20},"end":{"line":515,"column":null}},"174":{"start":{"line":516,"column":20},"end":{"line":519,"column":null}},"175":{"start":{"line":521,"column":16},"end":{"line":521,"column":null}},"176":{"start":{"line":523,"column":12},"end":{"line":526,"column":null}},"177":{"start":{"line":527,"column":12},"end":{"line":527,"column":null}},"178":{"start":{"line":530,"column":12},"end":{"line":530,"column":null}},"179":{"start":{"line":531,"column":12},"end":{"line":531,"column":null}},"180":{"start":{"line":535,"column":8},"end":{"line":580,"column":null}},"181":{"start":{"line":536,"column":12},"end":{"line":536,"column":null}},"182":{"start":{"line":538,"column":32},"end":{"line":538,"column":55}},"183":{"start":{"line":539,"column":12},"end":{"line":542,"column":null}},"184":{"start":{"line":540,"column":16},"end":{"line":540,"column":null}},"185":{"start":{"line":541,"column":16},"end":{"line":541,"column":null}},"186":{"start":{"line":543,"column":12},"end":{"line":546,"column":null}},"187":{"start":{"line":544,"column":16},"end":{"line":544,"column":null}},"188":{"start":{"line":545,"column":16},"end":{"line":545,"column":null}},"189":{"start":{"line":548,"column":12},"end":{"line":551,"column":null}},"190":{"start":{"line":549,"column":16},"end":{"line":549,"column":null}},"191":{"start":{"line":550,"column":16},"end":{"line":550,"column":null}},"192":{"start":{"line":552,"column":27},"end":{"line":573,"column":14}},"193":{"start":{"line":553,"column":38},"end":{"line":557,"column":17}},"194":{"start":{"line":559,"column":16},"end":{"line":561,"column":null}},"195":{"start":{"line":560,"column":20},"end":{"line":560,"column":null}},"196":{"start":{"line":562,"column":16},"end":{"line":562,"column":null}},"197":{"start":{"line":563,"column":39},"end":{"line":567,"column":32}},"198":{"start":{"line":568,"column":16},"end":{"line":568,"column":null}},"199":{"start":{"line":569,"column":16},"end":{"line":571,"column":null}},"200":{"start":{"line":570,"column":20},"end":{"line":570,"column":null}},"201":{"start":{"line":572,"column":16},"end":{"line":572,"column":null}},"202":{"start":{"line":574,"column":12},"end":{"line":574,"column":null}},"203":{"start":{"line":575,"column":12},"end":{"line":575,"column":null}},"204":{"start":{"line":578,"column":12},"end":{"line":578,"column":null}},"205":{"start":{"line":579,"column":12},"end":{"line":579,"column":null}},"206":{"start":{"line":583,"column":8},"end":{"line":601,"column":null}},"207":{"start":{"line":585,"column":32},"end":{"line":585,"column":55}},"208":{"start":{"line":586,"column":12},"end":{"line":588,"column":null}},"209":{"start":{"line":587,"column":16},"end":{"line":587,"column":null}},"210":{"start":{"line":589,"column":12},"end":{"line":591,"column":null}},"211":{"start":{"line":590,"column":16},"end":{"line":590,"column":null}},"212":{"start":{"line":593,"column":12},"end":{"line":596,"column":null}},"213":{"start":{"line":594,"column":16},"end":{"line":594,"column":null}},"214":{"start":{"line":595,"column":16},"end":{"line":595,"column":null}},"215":{"start":{"line":597,"column":12},"end":{"line":597,"column":null}},"216":{"start":{"line":600,"column":12},"end":{"line":600,"column":null}},"217":{"start":{"line":605,"column":8},"end":{"line":613,"column":null}},"218":{"start":{"line":606,"column":37},"end":{"line":608,"column":82}},"219":{"start":{"line":609,"column":12},"end":{"line":609,"column":null}},"220":{"start":{"line":612,"column":12},"end":{"line":612,"column":null}},"221":{"start":{"line":617,"column":8},"end":{"line":625,"column":null}},"222":{"start":{"line":618,"column":30},"end":{"line":620,"column":75}},"223":{"start":{"line":621,"column":12},"end":{"line":621,"column":null}},"224":{"start":{"line":624,"column":12},"end":{"line":624,"column":null}},"225":{"start":{"line":628,"column":8},"end":{"line":666,"column":null}},"226":{"start":{"line":630,"column":12},"end":{"line":632,"column":null}},"227":{"start":{"line":631,"column":16},"end":{"line":631,"column":null}},"228":{"start":{"line":634,"column":32},"end":{"line":634,"column":72}},"229":{"start":{"line":635,"column":12},"end":{"line":637,"column":null}},"230":{"start":{"line":636,"column":16},"end":{"line":636,"column":null}},"231":{"start":{"line":638,"column":12},"end":{"line":640,"column":null}},"232":{"start":{"line":639,"column":16},"end":{"line":639,"column":null}},"233":{"start":{"line":642,"column":12},"end":{"line":653,"column":null}},"234":{"start":{"line":643,"column":50},"end":{"line":643,"column":102}},"235":{"start":{"line":644,"column":16},"end":{"line":652,"column":null}},"236":{"start":{"line":645,"column":41},"end":{"line":645,"column":78}},"237":{"start":{"line":646,"column":20},"end":{"line":651,"column":null}},"238":{"start":{"line":647,"column":24},"end":{"line":650,"column":null}},"239":{"start":{"line":654,"column":27},"end":{"line":661,"column":14}},"240":{"start":{"line":655,"column":41},"end":{"line":658,"column":32}},"241":{"start":{"line":659,"column":16},"end":{"line":659,"column":null}},"242":{"start":{"line":660,"column":16},"end":{"line":660,"column":null}},"243":{"start":{"line":662,"column":12},"end":{"line":662,"column":null}},"244":{"start":{"line":665,"column":12},"end":{"line":665,"column":null}},"245":{"start":{"line":669,"column":38},"end":{"line":672,"column":164}},"246":{"start":{"line":673,"column":8},"end":{"line":673,"column":null}},"247":{"start":{"line":676,"column":8},"end":{"line":695,"column":null}},"248":{"start":{"line":678,"column":34},"end":{"line":681,"column":225}},"249":{"start":{"line":682,"column":12},"end":{"line":684,"column":null}},"250":{"start":{"line":683,"column":16},"end":{"line":683,"column":null}},"251":{"start":{"line":685,"column":12},"end":{"line":690,"column":null}},"252":{"start":{"line":686,"column":16},"end":{"line":688,"column":null}},"253":{"start":{"line":689,"column":16},"end":{"line":689,"column":null}},"254":{"start":{"line":691,"column":12},"end":{"line":691,"column":null}},"255":{"start":{"line":694,"column":12},"end":{"line":694,"column":null}},"256":{"start":{"line":698,"column":8},"end":{"line":715,"column":null}},"257":{"start":{"line":700,"column":34},"end":{"line":703,"column":86}},"258":{"start":{"line":704,"column":12},"end":{"line":706,"column":null}},"259":{"start":{"line":705,"column":16},"end":{"line":705,"column":null}},"260":{"start":{"line":707,"column":12},"end":{"line":710,"column":null}},"261":{"start":{"line":708,"column":16},"end":{"line":708,"column":null}},"262":{"start":{"line":709,"column":16},"end":{"line":709,"column":null}},"263":{"start":{"line":711,"column":12},"end":{"line":711,"column":null}},"264":{"start":{"line":714,"column":12},"end":{"line":714,"column":null}},"265":{"start":{"line":718,"column":8},"end":{"line":729,"column":null}},"266":{"start":{"line":719,"column":27},"end":{"line":723,"column":85}},"267":{"start":{"line":724,"column":12},"end":{"line":724,"column":null}},"268":{"start":{"line":725,"column":12},"end":{"line":725,"column":null}},"269":{"start":{"line":728,"column":12},"end":{"line":728,"column":null}},"270":{"start":{"line":732,"column":8},"end":{"line":761,"column":null}},"271":{"start":{"line":734,"column":45},"end":{"line":737,"column":204}},"272":{"start":{"line":738,"column":12},"end":{"line":740,"column":null}},"273":{"start":{"line":739,"column":16},"end":{"line":739,"column":null}},"274":{"start":{"line":742,"column":32},"end":{"line":742,"column":75}},"275":{"start":{"line":743,"column":12},"end":{"line":745,"column":null}},"276":{"start":{"line":744,"column":16},"end":{"line":744,"column":null}},"277":{"start":{"line":746,"column":12},"end":{"line":748,"column":null}},"278":{"start":{"line":747,"column":16},"end":{"line":747,"column":null}},"279":{"start":{"line":749,"column":27},"end":{"line":756,"column":14}},"280":{"start":{"line":750,"column":44},"end":{"line":753,"column":32}},"281":{"start":{"line":754,"column":16},"end":{"line":754,"column":null}},"282":{"start":{"line":755,"column":16},"end":{"line":755,"column":null}},"283":{"start":{"line":757,"column":12},"end":{"line":757,"column":null}},"284":{"start":{"line":760,"column":12},"end":{"line":760,"column":null}},"285":{"start":{"line":764,"column":8},"end":{"line":781,"column":null}},"286":{"start":{"line":766,"column":37},"end":{"line":769,"column":78}},"287":{"start":{"line":770,"column":12},"end":{"line":772,"column":null}},"288":{"start":{"line":771,"column":16},"end":{"line":771,"column":null}},"289":{"start":{"line":773,"column":12},"end":{"line":776,"column":null}},"290":{"start":{"line":774,"column":16},"end":{"line":774,"column":null}},"291":{"start":{"line":775,"column":16},"end":{"line":775,"column":null}},"292":{"start":{"line":777,"column":12},"end":{"line":777,"column":null}},"293":{"start":{"line":780,"column":12},"end":{"line":780,"column":null}},"294":{"start":{"line":784,"column":8},"end":{"line":806,"column":null}},"295":{"start":{"line":786,"column":45},"end":{"line":789,"column":78}},"296":{"start":{"line":790,"column":12},"end":{"line":792,"column":null}},"297":{"start":{"line":791,"column":16},"end":{"line":791,"column":null}},"298":{"start":{"line":793,"column":27},"end":{"line":801,"column":14}},"299":{"start":{"line":794,"column":48},"end":{"line":798,"column":32}},"300":{"start":{"line":799,"column":16},"end":{"line":799,"column":null}},"301":{"start":{"line":800,"column":16},"end":{"line":800,"column":null}},"302":{"start":{"line":802,"column":12},"end":{"line":802,"column":null}},"303":{"start":{"line":805,"column":12},"end":{"line":805,"column":null}},"304":{"start":{"line":809,"column":8},"end":{"line":838,"column":null}},"305":{"start":{"line":811,"column":35},"end":{"line":814,"column":172}},"306":{"start":{"line":815,"column":12},"end":{"line":817,"column":null}},"307":{"start":{"line":816,"column":16},"end":{"line":816,"column":null}},"308":{"start":{"line":819,"column":31},"end":{"line":819,"column":62}},"309":{"start":{"line":820,"column":12},"end":{"line":822,"column":null}},"310":{"start":{"line":821,"column":16},"end":{"line":821,"column":null}},"311":{"start":{"line":823,"column":12},"end":{"line":825,"column":null}},"312":{"start":{"line":824,"column":16},"end":{"line":824,"column":null}},"313":{"start":{"line":826,"column":27},"end":{"line":833,"column":14}},"314":{"start":{"line":827,"column":34},"end":{"line":830,"column":32}},"315":{"start":{"line":831,"column":16},"end":{"line":831,"column":null}},"316":{"start":{"line":832,"column":16},"end":{"line":832,"column":null}},"317":{"start":{"line":834,"column":12},"end":{"line":834,"column":null}},"318":{"start":{"line":837,"column":12},"end":{"line":837,"column":null}},"319":{"start":{"line":841,"column":8},"end":{"line":858,"column":null}},"320":{"start":{"line":843,"column":27},"end":{"line":846,"column":72}},"321":{"start":{"line":847,"column":12},"end":{"line":849,"column":null}},"322":{"start":{"line":848,"column":16},"end":{"line":848,"column":null}},"323":{"start":{"line":850,"column":12},"end":{"line":853,"column":null}},"324":{"start":{"line":851,"column":16},"end":{"line":851,"column":null}},"325":{"start":{"line":852,"column":16},"end":{"line":852,"column":null}},"326":{"start":{"line":854,"column":12},"end":{"line":854,"column":null}},"327":{"start":{"line":857,"column":12},"end":{"line":857,"column":null}},"328":{"start":{"line":862,"column":8},"end":{"line":908,"column":null}},"329":{"start":{"line":863,"column":25},"end":{"line":863,"column":56}},"330":{"start":{"line":864,"column":26},"end":{"line":864,"column":74}},"331":{"start":{"line":865,"column":27},"end":{"line":865,"column":45}},"332":{"start":{"line":867,"column":34},"end":{"line":869,"column":37}},"333":{"start":{"line":871,"column":27},"end":{"line":891,"column":31}},"334":{"start":{"line":892,"column":36},"end":{"line":895,"column":15}},"335":{"start":{"line":892,"column":55},"end":{"line":895,"column":13}},"336":{"start":{"line":896,"column":12},"end":{"line":904,"column":null}},"337":{"start":{"line":907,"column":12},"end":{"line":907,"column":null}},"338":{"start":{"line":911,"column":8},"end":{"line":968,"column":null}},"339":{"start":{"line":912,"column":25},"end":{"line":912,"column":56}},"340":{"start":{"line":913,"column":26},"end":{"line":913,"column":74}},"341":{"start":{"line":914,"column":27},"end":{"line":914,"column":45}},"342":{"start":{"line":916,"column":34},"end":{"line":918,"column":38}},"343":{"start":{"line":920,"column":27},"end":{"line":950,"column":31}},"344":{"start":{"line":951,"column":36},"end":{"line":955,"column":15}},"345":{"start":{"line":951,"column":55},"end":{"line":955,"column":13}},"346":{"start":{"line":956,"column":12},"end":{"line":964,"column":null}},"347":{"start":{"line":967,"column":12},"end":{"line":967,"column":null}},"348":{"start":{"line":971,"column":8},"end":{"line":995,"column":null}},"349":{"start":{"line":973,"column":31},"end":{"line":973,"column":53}},"350":{"start":{"line":974,"column":12},"end":{"line":976,"column":null}},"351":{"start":{"line":975,"column":16},"end":{"line":975,"column":null}},"352":{"start":{"line":977,"column":12},"end":{"line":979,"column":null}},"353":{"start":{"line":978,"column":16},"end":{"line":978,"column":null}},"354":{"start":{"line":980,"column":12},"end":{"line":990,"column":null}},"355":{"start":{"line":981,"column":16},"end":{"line":988,"column":null}},"356":{"start":{"line":989,"column":16},"end":{"line":989,"column":null}},"357":{"start":{"line":991,"column":12},"end":{"line":991,"column":null}},"358":{"start":{"line":994,"column":12},"end":{"line":994,"column":null}},"359":{"start":{"line":998,"column":8},"end":{"line":1036,"column":null}},"360":{"start":{"line":1000,"column":31},"end":{"line":1000,"column":53}},"361":{"start":{"line":1001,"column":12},"end":{"line":1003,"column":null}},"362":{"start":{"line":1002,"column":16},"end":{"line":1002,"column":null}},"363":{"start":{"line":1004,"column":12},"end":{"line":1006,"column":null}},"364":{"start":{"line":1005,"column":16},"end":{"line":1005,"column":null}},"365":{"start":{"line":1008,"column":12},"end":{"line":1012,"column":null}},"366":{"start":{"line":1009,"column":16},"end":{"line":1011,"column":null}},"367":{"start":{"line":1010,"column":20},"end":{"line":1010,"column":null}},"368":{"start":{"line":1013,"column":27},"end":{"line":1031,"column":14}},"369":{"start":{"line":1015,"column":35},"end":{"line":1019,"column":17}},"370":{"start":{"line":1021,"column":16},"end":{"line":1023,"column":null}},"371":{"start":{"line":1022,"column":20},"end":{"line":1022,"column":null}},"372":{"start":{"line":1024,"column":38},"end":{"line":1028,"column":32}},"373":{"start":{"line":1029,"column":16},"end":{"line":1029,"column":null}},"374":{"start":{"line":1030,"column":16},"end":{"line":1030,"column":null}},"375":{"start":{"line":1032,"column":12},"end":{"line":1032,"column":null}},"376":{"start":{"line":1035,"column":12},"end":{"line":1035,"column":null}},"377":{"start":{"line":1039,"column":8},"end":{"line":1064,"column":null}},"378":{"start":{"line":1041,"column":31},"end":{"line":1041,"column":53}},"379":{"start":{"line":1042,"column":12},"end":{"line":1044,"column":null}},"380":{"start":{"line":1043,"column":16},"end":{"line":1043,"column":null}},"381":{"start":{"line":1045,"column":12},"end":{"line":1047,"column":null}},"382":{"start":{"line":1046,"column":16},"end":{"line":1046,"column":null}},"383":{"start":{"line":1048,"column":38},"end":{"line":1048,"column":63}},"384":{"start":{"line":1049,"column":12},"end":{"line":1059,"column":null}},"385":{"start":{"line":1050,"column":16},"end":{"line":1057,"column":null}},"386":{"start":{"line":1058,"column":16},"end":{"line":1058,"column":null}},"387":{"start":{"line":1060,"column":12},"end":{"line":1060,"column":null}},"388":{"start":{"line":1063,"column":12},"end":{"line":1063,"column":null}},"389":{"start":{"line":1067,"column":8},"end":{"line":1124,"column":null}},"390":{"start":{"line":1069,"column":31},"end":{"line":1069,"column":57}},"391":{"start":{"line":1070,"column":12},"end":{"line":1072,"column":null}},"392":{"start":{"line":1071,"column":16},"end":{"line":1071,"column":null}},"393":{"start":{"line":1073,"column":12},"end":{"line":1075,"column":null}},"394":{"start":{"line":1074,"column":16},"end":{"line":1074,"column":null}},"395":{"start":{"line":1076,"column":25},"end":{"line":1076,"column":40}},"396":{"start":{"line":1078,"column":12},"end":{"line":1080,"column":null}},"397":{"start":{"line":1079,"column":16},"end":{"line":1079,"column":null}},"398":{"start":{"line":1082,"column":27},"end":{"line":1118,"column":14}},"399":{"start":{"line":1084,"column":34},"end":{"line":1100,"column":17}},"400":{"start":{"line":1101,"column":35},"end":{"line":1104,"column":32}},"401":{"start":{"line":1106,"column":16},"end":{"line":1115,"column":null}},"402":{"start":{"line":1107,"column":20},"end":{"line":1114,"column":null}},"403":{"start":{"line":1116,"column":16},"end":{"line":1116,"column":null}},"404":{"start":{"line":1117,"column":16},"end":{"line":1117,"column":null}},"405":{"start":{"line":1119,"column":12},"end":{"line":1119,"column":null}},"406":{"start":{"line":1122,"column":12},"end":{"line":1122,"column":null}},"407":{"start":{"line":1123,"column":12},"end":{"line":1123,"column":null}},"408":{"start":{"line":1127,"column":8},"end":{"line":1151,"column":null}},"409":{"start":{"line":1129,"column":32},"end":{"line":1129,"column":55}},"410":{"start":{"line":1130,"column":12},"end":{"line":1132,"column":null}},"411":{"start":{"line":1131,"column":16},"end":{"line":1131,"column":null}},"412":{"start":{"line":1133,"column":12},"end":{"line":1135,"column":null}},"413":{"start":{"line":1134,"column":16},"end":{"line":1134,"column":null}},"414":{"start":{"line":1136,"column":12},"end":{"line":1146,"column":null}},"415":{"start":{"line":1137,"column":16},"end":{"line":1144,"column":null}},"416":{"start":{"line":1145,"column":16},"end":{"line":1145,"column":null}},"417":{"start":{"line":1147,"column":12},"end":{"line":1147,"column":null}},"418":{"start":{"line":1150,"column":12},"end":{"line":1150,"column":null}},"419":{"start":{"line":1155,"column":8},"end":{"line":1166,"column":null}},"420":{"start":{"line":1157,"column":29},"end":{"line":1160,"column":104}},"421":{"start":{"line":1157,"column":68},"end":{"line":1160,"column":89}},"422":{"start":{"line":1161,"column":12},"end":{"line":1161,"column":null}},"423":{"start":{"line":1162,"column":12},"end":{"line":1162,"column":null}},"424":{"start":{"line":1165,"column":12},"end":{"line":1165,"column":null}},"425":{"start":{"line":1169,"column":8},"end":{"line":1182,"column":null}},"426":{"start":{"line":1170,"column":27},"end":{"line":1177,"column":14}},"427":{"start":{"line":1171,"column":37},"end":{"line":1174,"column":32}},"428":{"start":{"line":1175,"column":16},"end":{"line":1175,"column":null}},"429":{"start":{"line":1176,"column":16},"end":{"line":1176,"column":null}},"430":{"start":{"line":1178,"column":12},"end":{"line":1178,"column":null}},"431":{"start":{"line":1181,"column":12},"end":{"line":1181,"column":null}},"432":{"start":{"line":1185,"column":8},"end":{"line":1207,"column":null}},"433":{"start":{"line":1187,"column":38},"end":{"line":1190,"column":82}},"434":{"start":{"line":1191,"column":12},"end":{"line":1193,"column":null}},"435":{"start":{"line":1192,"column":16},"end":{"line":1192,"column":null}},"436":{"start":{"line":1194,"column":27},"end":{"line":1202,"column":14}},"437":{"start":{"line":1195,"column":41},"end":{"line":1199,"column":32}},"438":{"start":{"line":1200,"column":16},"end":{"line":1200,"column":null}},"439":{"start":{"line":1201,"column":16},"end":{"line":1201,"column":null}},"440":{"start":{"line":1203,"column":12},"end":{"line":1203,"column":null}},"441":{"start":{"line":1206,"column":12},"end":{"line":1206,"column":null}},"442":{"start":{"line":1210,"column":8},"end":{"line":1237,"column":null}},"443":{"start":{"line":1212,"column":38},"end":{"line":1215,"column":82}},"444":{"start":{"line":1216,"column":12},"end":{"line":1218,"column":null}},"445":{"start":{"line":1217,"column":16},"end":{"line":1217,"column":null}},"446":{"start":{"line":1219,"column":27},"end":{"line":1232,"column":14}},"447":{"start":{"line":1220,"column":41},"end":{"line":1229,"column":32}},"448":{"start":{"line":1230,"column":16},"end":{"line":1230,"column":null}},"449":{"start":{"line":1231,"column":16},"end":{"line":1231,"column":null}},"450":{"start":{"line":1233,"column":12},"end":{"line":1233,"column":null}},"451":{"start":{"line":1236,"column":12},"end":{"line":1236,"column":null}},"452":{"start":{"line":1240,"column":8},"end":{"line":1257,"column":null}},"453":{"start":{"line":1242,"column":30},"end":{"line":1245,"column":82}},"454":{"start":{"line":1246,"column":12},"end":{"line":1248,"column":null}},"455":{"start":{"line":1247,"column":16},"end":{"line":1247,"column":null}},"456":{"start":{"line":1249,"column":12},"end":{"line":1252,"column":null}},"457":{"start":{"line":1250,"column":16},"end":{"line":1250,"column":null}},"458":{"start":{"line":1251,"column":16},"end":{"line":1251,"column":null}},"459":{"start":{"line":1253,"column":12},"end":{"line":1253,"column":null}},"460":{"start":{"line":1256,"column":12},"end":{"line":1256,"column":null}},"461":{"start":{"line":1260,"column":8},"end":{"line":1280,"column":null}},"462":{"start":{"line":1261,"column":27},"end":{"line":1275,"column":14}},"463":{"start":{"line":1262,"column":41},"end":{"line":1272,"column":32}},"464":{"start":{"line":1273,"column":16},"end":{"line":1273,"column":null}},"465":{"start":{"line":1274,"column":16},"end":{"line":1274,"column":null}},"466":{"start":{"line":1276,"column":12},"end":{"line":1276,"column":null}},"467":{"start":{"line":1279,"column":12},"end":{"line":1279,"column":null}},"468":{"start":{"line":1284,"column":8},"end":{"line":1297,"column":null}},"469":{"start":{"line":1285,"column":32},"end":{"line":1288,"column":28}},"470":{"start":{"line":1289,"column":12},"end":{"line":1289,"column":null}},"471":{"start":{"line":1290,"column":12},"end":{"line":1290,"column":null}},"472":{"start":{"line":1293,"column":12},"end":{"line":1295,"column":null}},"473":{"start":{"line":1294,"column":16},"end":{"line":1294,"column":null}},"474":{"start":{"line":1296,"column":12},"end":{"line":1296,"column":null}},"475":{"start":{"line":1300,"column":8},"end":{"line":1325,"column":null}},"476":{"start":{"line":1301,"column":29},"end":{"line":1305,"column":25}},"477":{"start":{"line":1306,"column":12},"end":{"line":1312,"column":null}},"478":{"start":{"line":1307,"column":16},"end":{"line":1307,"column":null}},"479":{"start":{"line":1308,"column":16},"end":{"line":1311,"column":null}},"480":{"start":{"line":1313,"column":32},"end":{"line":1319,"column":28}},"481":{"start":{"line":1320,"column":12},"end":{"line":1320,"column":null}},"482":{"start":{"line":1321,"column":12},"end":{"line":1321,"column":null}},"483":{"start":{"line":1324,"column":12},"end":{"line":1324,"column":null}},"484":{"start":{"line":1328,"column":8},"end":{"line":1397,"column":null}},"485":{"start":{"line":1329,"column":25},"end":{"line":1329,"column":56}},"486":{"start":{"line":1330,"column":26},"end":{"line":1330,"column":74}},"487":{"start":{"line":1331,"column":27},"end":{"line":1331,"column":45}},"488":{"start":{"line":1333,"column":31},"end":{"line":1333,"column":33}},"489":{"start":{"line":1335,"column":12},"end":{"line":1337,"column":null}},"490":{"start":{"line":1336,"column":16},"end":{"line":1336,"column":null}},"491":{"start":{"line":1339,"column":12},"end":{"line":1342,"column":null}},"492":{"start":{"line":1340,"column":35},"end":{"line":1340,"column":70}},"493":{"start":{"line":1341,"column":16},"end":{"line":1341,"column":null}},"494":{"start":{"line":1344,"column":32},"end":{"line":1344,"column":105}},"495":{"start":{"line":1346,"column":31},"end":{"line":1348,"column":39}},"496":{"start":{"line":1349,"column":34},"end":{"line":1351,"column":34}},"497":{"start":{"line":1352,"column":12},"end":{"line":1352,"column":null}},"498":{"start":{"line":1354,"column":33},"end":{"line":1381,"column":31}},"499":{"start":{"line":1382,"column":32},"end":{"line":1384,"column":36}},"500":{"start":{"line":1385,"column":12},"end":{"line":1393,"column":null}},"501":{"start":{"line":1396,"column":12},"end":{"line":1396,"column":null}},"502":{"start":{"line":1400,"column":8},"end":{"line":1432,"column":null}},"503":{"start":{"line":1401,"column":12},"end":{"line":1401,"column":null}},"504":{"start":{"line":1402,"column":29},"end":{"line":1427,"column":70}},"505":{"start":{"line":1428,"column":12},"end":{"line":1428,"column":null}},"506":{"start":{"line":1431,"column":12},"end":{"line":1431,"column":null}},"507":{"start":{"line":1435,"column":8},"end":{"line":1445,"column":null}},"508":{"start":{"line":1436,"column":12},"end":{"line":1436,"column":null}},"509":{"start":{"line":1437,"column":29},"end":{"line":1440,"column":99}},"510":{"start":{"line":1441,"column":12},"end":{"line":1441,"column":null}},"511":{"start":{"line":1444,"column":12},"end":{"line":1444,"column":null}},"512":{"start":{"line":1448,"column":8},"end":{"line":1472,"column":null}},"513":{"start":{"line":1449,"column":33},"end":{"line":1449,"column":61}},"514":{"start":{"line":1450,"column":12},"end":{"line":1452,"column":null}},"515":{"start":{"line":1451,"column":16},"end":{"line":1451,"column":null}},"516":{"start":{"line":1453,"column":12},"end":{"line":1455,"column":null}},"517":{"start":{"line":1454,"column":16},"end":{"line":1454,"column":null}},"518":{"start":{"line":1456,"column":36},"end":{"line":1463,"column":28}},"519":{"start":{"line":1464,"column":12},"end":{"line":1464,"column":null}},"520":{"start":{"line":1465,"column":12},"end":{"line":1465,"column":null}},"521":{"start":{"line":1468,"column":12},"end":{"line":1470,"column":null}},"522":{"start":{"line":1469,"column":16},"end":{"line":1469,"column":null}},"523":{"start":{"line":1471,"column":12},"end":{"line":1471,"column":null}},"524":{"start":{"line":1475,"column":8},"end":{"line":1491,"column":null}},"525":{"start":{"line":1476,"column":33},"end":{"line":1476,"column":61}},"526":{"start":{"line":1477,"column":12},"end":{"line":1479,"column":null}},"527":{"start":{"line":1478,"column":16},"end":{"line":1478,"column":null}},"528":{"start":{"line":1480,"column":12},"end":{"line":1482,"column":null}},"529":{"start":{"line":1481,"column":16},"end":{"line":1481,"column":null}},"530":{"start":{"line":1483,"column":12},"end":{"line":1486,"column":null}},"531":{"start":{"line":1484,"column":16},"end":{"line":1484,"column":null}},"532":{"start":{"line":1485,"column":16},"end":{"line":1485,"column":null}},"533":{"start":{"line":1487,"column":12},"end":{"line":1487,"column":null}},"534":{"start":{"line":1490,"column":12},"end":{"line":1490,"column":null}},"535":{"start":{"line":1495,"column":8},"end":{"line":1509,"column":null}},"536":{"start":{"line":1496,"column":33},"end":{"line":1499,"column":13}},"537":{"start":{"line":1500,"column":34},"end":{"line":1503,"column":28}},"538":{"start":{"line":1504,"column":12},"end":{"line":1504,"column":null}},"539":{"start":{"line":1505,"column":12},"end":{"line":1505,"column":null}},"540":{"start":{"line":1508,"column":12},"end":{"line":1508,"column":null}},"541":{"start":{"line":1512,"column":8},"end":{"line":1523,"column":null}},"542":{"start":{"line":1513,"column":12},"end":{"line":1513,"column":null}},"543":{"start":{"line":1514,"column":30},"end":{"line":1518,"column":85}},"544":{"start":{"line":1519,"column":12},"end":{"line":1519,"column":null}},"545":{"start":{"line":1522,"column":12},"end":{"line":1522,"column":null}},"546":{"start":{"line":1526,"column":8},"end":{"line":1536,"column":null}},"547":{"start":{"line":1527,"column":12},"end":{"line":1527,"column":null}},"548":{"start":{"line":1528,"column":30},"end":{"line":1531,"column":85}},"549":{"start":{"line":1532,"column":12},"end":{"line":1532,"column":null}},"550":{"start":{"line":1535,"column":12},"end":{"line":1535,"column":null}},"551":{"start":{"line":1539,"column":8},"end":{"line":1561,"column":null}},"552":{"start":{"line":1540,"column":39},"end":{"line":1543,"column":78}},"553":{"start":{"line":1544,"column":12},"end":{"line":1546,"column":null}},"554":{"start":{"line":1545,"column":16},"end":{"line":1545,"column":null}},"555":{"start":{"line":1547,"column":31},"end":{"line":1547,"column":42}},"556":{"start":{"line":1548,"column":12},"end":{"line":1550,"column":null}},"557":{"start":{"line":1549,"column":16},"end":{"line":1549,"column":null}},"558":{"start":{"line":1551,"column":38},"end":{"line":1555,"column":28}},"559":{"start":{"line":1556,"column":12},"end":{"line":1556,"column":null}},"560":{"start":{"line":1557,"column":12},"end":{"line":1557,"column":null}},"561":{"start":{"line":1560,"column":12},"end":{"line":1560,"column":null}},"562":{"start":{"line":1564,"column":8},"end":{"line":1580,"column":null}},"563":{"start":{"line":1565,"column":31},"end":{"line":1568,"column":78}},"564":{"start":{"line":1569,"column":12},"end":{"line":1571,"column":null}},"565":{"start":{"line":1570,"column":16},"end":{"line":1570,"column":null}},"566":{"start":{"line":1572,"column":12},"end":{"line":1575,"column":null}},"567":{"start":{"line":1573,"column":16},"end":{"line":1573,"column":null}},"568":{"start":{"line":1574,"column":16},"end":{"line":1574,"column":null}},"569":{"start":{"line":1576,"column":12},"end":{"line":1576,"column":null}},"570":{"start":{"line":1579,"column":12},"end":{"line":1579,"column":null}},"571":{"start":{"line":1584,"column":8},"end":{"line":1594,"column":null}},"572":{"start":{"line":1585,"column":32},"end":{"line":1588,"column":28}},"573":{"start":{"line":1589,"column":12},"end":{"line":1589,"column":null}},"574":{"start":{"line":1590,"column":12},"end":{"line":1590,"column":null}},"575":{"start":{"line":1593,"column":12},"end":{"line":1593,"column":null}},"576":{"start":{"line":1597,"column":8},"end":{"line":1608,"column":null}},"577":{"start":{"line":1598,"column":12},"end":{"line":1598,"column":null}},"578":{"start":{"line":1599,"column":28},"end":{"line":1603,"column":137}},"579":{"start":{"line":1604,"column":12},"end":{"line":1604,"column":null}},"580":{"start":{"line":1607,"column":12},"end":{"line":1607,"column":null}},"581":{"start":{"line":1611,"column":8},"end":{"line":1632,"column":null}},"582":{"start":{"line":1612,"column":37},"end":{"line":1615,"column":76}},"583":{"start":{"line":1616,"column":12},"end":{"line":1618,"column":null}},"584":{"start":{"line":1617,"column":16},"end":{"line":1617,"column":null}},"585":{"start":{"line":1619,"column":36},"end":{"line":1626,"column":28}},"586":{"start":{"line":1627,"column":12},"end":{"line":1627,"column":null}},"587":{"start":{"line":1628,"column":12},"end":{"line":1628,"column":null}},"588":{"start":{"line":1631,"column":12},"end":{"line":1631,"column":null}},"589":{"start":{"line":1635,"column":8},"end":{"line":1651,"column":null}},"590":{"start":{"line":1636,"column":29},"end":{"line":1639,"column":76}},"591":{"start":{"line":1640,"column":12},"end":{"line":1642,"column":null}},"592":{"start":{"line":1641,"column":16},"end":{"line":1641,"column":null}},"593":{"start":{"line":1643,"column":12},"end":{"line":1646,"column":null}},"594":{"start":{"line":1644,"column":16},"end":{"line":1644,"column":null}},"595":{"start":{"line":1645,"column":16},"end":{"line":1645,"column":null}},"596":{"start":{"line":1647,"column":12},"end":{"line":1647,"column":null}},"597":{"start":{"line":1650,"column":12},"end":{"line":1650,"column":null}},"598":{"start":{"line":1655,"column":8},"end":{"line":1668,"column":null}},"599":{"start":{"line":1656,"column":34},"end":{"line":1659,"column":28}},"600":{"start":{"line":1660,"column":12},"end":{"line":1660,"column":null}},"601":{"start":{"line":1661,"column":12},"end":{"line":1661,"column":null}},"602":{"start":{"line":1664,"column":12},"end":{"line":1666,"column":null}},"603":{"start":{"line":1665,"column":16},"end":{"line":1665,"column":null}},"604":{"start":{"line":1667,"column":12},"end":{"line":1667,"column":null}},"605":{"start":{"line":1671,"column":8},"end":{"line":1682,"column":null}},"606":{"start":{"line":1672,"column":12},"end":{"line":1672,"column":null}},"607":{"start":{"line":1673,"column":30},"end":{"line":1677,"column":90}},"608":{"start":{"line":1678,"column":12},"end":{"line":1678,"column":null}},"609":{"start":{"line":1681,"column":12},"end":{"line":1681,"column":null}},"610":{"start":{"line":1685,"column":8},"end":{"line":1696,"column":null}},"611":{"start":{"line":1686,"column":12},"end":{"line":1686,"column":null}},"612":{"start":{"line":1687,"column":30},"end":{"line":1691,"column":90}},"613":{"start":{"line":1692,"column":12},"end":{"line":1692,"column":null}},"614":{"start":{"line":1695,"column":12},"end":{"line":1695,"column":null}},"615":{"start":{"line":1699,"column":8},"end":{"line":1720,"column":null}},"616":{"start":{"line":1700,"column":39},"end":{"line":1703,"column":82}},"617":{"start":{"line":1704,"column":12},"end":{"line":1706,"column":null}},"618":{"start":{"line":1705,"column":16},"end":{"line":1705,"column":null}},"619":{"start":{"line":1707,"column":38},"end":{"line":1714,"column":28}},"620":{"start":{"line":1715,"column":12},"end":{"line":1715,"column":null}},"621":{"start":{"line":1716,"column":12},"end":{"line":1716,"column":null}},"622":{"start":{"line":1719,"column":12},"end":{"line":1719,"column":null}},"623":{"start":{"line":1723,"column":8},"end":{"line":1739,"column":null}},"624":{"start":{"line":1724,"column":31},"end":{"line":1727,"column":82}},"625":{"start":{"line":1728,"column":12},"end":{"line":1730,"column":null}},"626":{"start":{"line":1729,"column":16},"end":{"line":1729,"column":null}},"627":{"start":{"line":1731,"column":12},"end":{"line":1734,"column":null}},"628":{"start":{"line":1732,"column":16},"end":{"line":1732,"column":null}},"629":{"start":{"line":1733,"column":16},"end":{"line":1733,"column":null}},"630":{"start":{"line":1735,"column":12},"end":{"line":1735,"column":null}},"631":{"start":{"line":1738,"column":12},"end":{"line":1738,"column":null}},"632":{"start":{"line":1743,"column":8},"end":{"line":1765,"column":null}},"633":{"start":{"line":1744,"column":36},"end":{"line":1746,"column":13}},"634":{"start":{"line":1747,"column":12},"end":{"line":1749,"column":null}},"635":{"start":{"line":1748,"column":16},"end":{"line":1748,"column":null}},"636":{"start":{"line":1750,"column":37},"end":{"line":1753,"column":28}},"637":{"start":{"line":1754,"column":12},"end":{"line":1760,"column":null}},"638":{"start":{"line":1761,"column":12},"end":{"line":1761,"column":null}},"639":{"start":{"line":1764,"column":12},"end":{"line":1764,"column":null}},"640":{"start":{"line":1768,"column":8},"end":{"line":1779,"column":null}},"641":{"start":{"line":1769,"column":33},"end":{"line":1773,"column":87}},"642":{"start":{"line":1774,"column":12},"end":{"line":1774,"column":null}},"643":{"start":{"line":1775,"column":12},"end":{"line":1775,"column":null}},"644":{"start":{"line":1778,"column":12},"end":{"line":1778,"column":null}},"645":{"start":{"line":1782,"column":8},"end":{"line":1819,"column":null}},"646":{"start":{"line":1783,"column":33},"end":{"line":1813,"column":15}},"647":{"start":{"line":1814,"column":12},"end":{"line":1814,"column":null}},"648":{"start":{"line":1815,"column":12},"end":{"line":1815,"column":null}},"649":{"start":{"line":1818,"column":12},"end":{"line":1818,"column":null}},"650":{"start":{"line":1822,"column":8},"end":{"line":1833,"column":null}},"651":{"start":{"line":1823,"column":33},"end":{"line":1827,"column":87}},"652":{"start":{"line":1828,"column":12},"end":{"line":1828,"column":null}},"653":{"start":{"line":1829,"column":12},"end":{"line":1829,"column":null}},"654":{"start":{"line":1832,"column":12},"end":{"line":1832,"column":null}},"655":{"start":{"line":1836,"column":8},"end":{"line":1846,"column":null}},"656":{"start":{"line":1837,"column":33},"end":{"line":1840,"column":87}},"657":{"start":{"line":1841,"column":12},"end":{"line":1841,"column":null}},"658":{"start":{"line":1842,"column":12},"end":{"line":1842,"column":null}},"659":{"start":{"line":1845,"column":12},"end":{"line":1845,"column":null}},"660":{"start":{"line":1849,"column":8},"end":{"line":1871,"column":null}},"661":{"start":{"line":1850,"column":42},"end":{"line":1853,"column":80}},"662":{"start":{"line":1854,"column":12},"end":{"line":1856,"column":null}},"663":{"start":{"line":1855,"column":16},"end":{"line":1855,"column":null}},"664":{"start":{"line":1857,"column":31},"end":{"line":1857,"column":42}},"665":{"start":{"line":1858,"column":12},"end":{"line":1860,"column":null}},"666":{"start":{"line":1859,"column":16},"end":{"line":1859,"column":null}},"667":{"start":{"line":1861,"column":41},"end":{"line":1865,"column":28}},"668":{"start":{"line":1866,"column":12},"end":{"line":1866,"column":null}},"669":{"start":{"line":1867,"column":12},"end":{"line":1867,"column":null}},"670":{"start":{"line":1870,"column":12},"end":{"line":1870,"column":null}},"671":{"start":{"line":1874,"column":8},"end":{"line":1890,"column":null}},"672":{"start":{"line":1875,"column":34},"end":{"line":1878,"column":80}},"673":{"start":{"line":1879,"column":12},"end":{"line":1881,"column":null}},"674":{"start":{"line":1880,"column":16},"end":{"line":1880,"column":null}},"675":{"start":{"line":1882,"column":12},"end":{"line":1885,"column":null}},"676":{"start":{"line":1883,"column":16},"end":{"line":1883,"column":null}},"677":{"start":{"line":1884,"column":16},"end":{"line":1884,"column":null}},"678":{"start":{"line":1886,"column":12},"end":{"line":1886,"column":null}},"679":{"start":{"line":1889,"column":12},"end":{"line":1889,"column":null}},"680":{"start":{"line":1893,"column":8},"end":{"line":1934,"column":null}},"681":{"start":{"line":1894,"column":36},"end":{"line":1896,"column":49}},"682":{"start":{"line":1897,"column":38},"end":{"line":1897,"column":60}},"683":{"start":{"line":1898,"column":32},"end":{"line":1898,"column":85}},"684":{"start":{"line":1898,"column":67},"end":{"line":1898,"column":81}},"685":{"start":{"line":1900,"column":29},"end":{"line":1900,"column":38}},"686":{"start":{"line":1901,"column":12},"end":{"line":1907,"column":null}},"687":{"start":{"line":1902,"column":32},"end":{"line":1902,"column":85}},"688":{"start":{"line":1903,"column":16},"end":{"line":1906,"column":null}},"689":{"start":{"line":1908,"column":40},"end":{"line":1911,"column":15}},"690":{"start":{"line":1908,"column":96},"end":{"line":1911,"column":13}},"691":{"start":{"line":1913,"column":30},"end":{"line":1913,"column":39}},"692":{"start":{"line":1914,"column":12},"end":{"line":1916,"column":null}},"693":{"start":{"line":1915,"column":16},"end":{"line":1915,"column":null}},"694":{"start":{"line":1917,"column":41},"end":{"line":1920,"column":15}},"695":{"start":{"line":1917,"column":99},"end":{"line":1920,"column":13}},"696":{"start":{"line":1921,"column":12},"end":{"line":1921,"column":null}},"697":{"start":{"line":1922,"column":12},"end":{"line":1930,"column":null}},"698":{"start":{"line":1933,"column":12},"end":{"line":1933,"column":null}},"699":{"start":{"line":1937,"column":8},"end":{"line":1990,"column":null}},"700":{"start":{"line":1938,"column":37},"end":{"line":1941,"column":87}},"701":{"start":{"line":1942,"column":24},"end":{"line":1942,"column":34}},"702":{"start":{"line":1943,"column":12},"end":{"line":1986,"column":null}},"703":{"start":{"line":1944,"column":35},"end":{"line":1947,"column":17}},"704":{"start":{"line":1948,"column":16},"end":{"line":1949,"column":null}},"705":{"start":{"line":1949,"column":20},"end":{"line":1949,"column":null}},"706":{"start":{"line":1950,"column":16},"end":{"line":1951,"column":null}},"707":{"start":{"line":1951,"column":20},"end":{"line":1951,"column":null}},"708":{"start":{"line":1952,"column":16},"end":{"line":1953,"column":null}},"709":{"start":{"line":1953,"column":20},"end":{"line":1953,"column":null}},"710":{"start":{"line":1954,"column":16},"end":{"line":1955,"column":null}},"711":{"start":{"line":1955,"column":20},"end":{"line":1955,"column":null}},"712":{"start":{"line":1956,"column":16},"end":{"line":1957,"column":null}},"713":{"start":{"line":1957,"column":20},"end":{"line":1957,"column":null}},"714":{"start":{"line":1958,"column":40},"end":{"line":1962,"column":32}},"715":{"start":{"line":1963,"column":16},"end":{"line":1963,"column":null}},"716":{"start":{"line":1964,"column":16},"end":{"line":1964,"column":null}},"717":{"start":{"line":1967,"column":38},"end":{"line":1979,"column":17}},"718":{"start":{"line":1980,"column":36},"end":{"line":1983,"column":32}},"719":{"start":{"line":1984,"column":16},"end":{"line":1984,"column":null}},"720":{"start":{"line":1985,"column":16},"end":{"line":1985,"column":null}},"721":{"start":{"line":1989,"column":12},"end":{"line":1989,"column":null}},"722":{"start":{"line":1993,"column":8},"end":{"line":2027,"column":null}},"723":{"start":{"line":1994,"column":37},"end":{"line":1997,"column":87}},"724":{"start":{"line":1998,"column":12},"end":{"line":2000,"column":null}},"725":{"start":{"line":1999,"column":16},"end":{"line":1999,"column":null}},"726":{"start":{"line":2001,"column":24},"end":{"line":2001,"column":34}},"727":{"start":{"line":2002,"column":34},"end":{"line":2016,"column":13}},"728":{"start":{"line":2017,"column":32},"end":{"line":2020,"column":28}},"729":{"start":{"line":2021,"column":12},"end":{"line":2021,"column":null}},"730":{"start":{"line":2022,"column":12},"end":{"line":2022,"column":null}},"731":{"start":{"line":2025,"column":12},"end":{"line":2025,"column":null}},"732":{"start":{"line":2026,"column":12},"end":{"line":2026,"column":null}},"733":{"start":{"line":2030,"column":8},"end":{"line":2099,"column":null}},"734":{"start":{"line":2031,"column":25},"end":{"line":2031,"column":56}},"735":{"start":{"line":2032,"column":26},"end":{"line":2032,"column":74}},"736":{"start":{"line":2033,"column":27},"end":{"line":2033,"column":45}},"737":{"start":{"line":2035,"column":31},"end":{"line":2035,"column":33}},"738":{"start":{"line":2037,"column":12},"end":{"line":2039,"column":null}},"739":{"start":{"line":2038,"column":16},"end":{"line":2038,"column":null}},"740":{"start":{"line":2041,"column":12},"end":{"line":2044,"column":null}},"741":{"start":{"line":2042,"column":35},"end":{"line":2042,"column":70}},"742":{"start":{"line":2043,"column":16},"end":{"line":2043,"column":null}},"743":{"start":{"line":2046,"column":12},"end":{"line":2056,"column":null}},"744":{"start":{"line":2047,"column":16},"end":{"line":2055,"column":null}},"745":{"start":{"line":2048,"column":20},"end":{"line":2048,"column":null}},"746":{"start":{"line":2050,"column":21},"end":{"line":2055,"column":null}},"747":{"start":{"line":2051,"column":20},"end":{"line":2051,"column":null}},"748":{"start":{"line":2053,"column":21},"end":{"line":2055,"column":null}},"749":{"start":{"line":2054,"column":20},"end":{"line":2054,"column":null}},"750":{"start":{"line":2058,"column":12},"end":{"line":2067,"column":null}},"751":{"start":{"line":2059,"column":28},"end":{"line":2059,"column":38}},"752":{"start":{"line":2060,"column":38},"end":{"line":2060,"column":88}},"753":{"start":{"line":2061,"column":16},"end":{"line":2066,"column":null}},"754":{"start":{"line":2062,"column":20},"end":{"line":2062,"column":null}},"755":{"start":{"line":2064,"column":21},"end":{"line":2066,"column":null}},"756":{"start":{"line":2065,"column":20},"end":{"line":2065,"column":null}},"757":{"start":{"line":2069,"column":32},"end":{"line":2069,"column":105}},"758":{"start":{"line":2071,"column":31},"end":{"line":2073,"column":39}},"759":{"start":{"line":2074,"column":34},"end":{"line":2076,"column":34}},"760":{"start":{"line":2078,"column":33},"end":{"line":2083,"column":31}},"761":{"start":{"line":2084,"column":32},"end":{"line":2086,"column":36}},"762":{"start":{"line":2087,"column":12},"end":{"line":2095,"column":null}},"763":{"start":{"line":2098,"column":12},"end":{"line":2098,"column":null}},"764":{"start":{"line":2102,"column":8},"end":{"line":2111,"column":null}},"765":{"start":{"line":2103,"column":29},"end":{"line":2106,"column":76}},"766":{"start":{"line":2107,"column":12},"end":{"line":2107,"column":null}},"767":{"start":{"line":2110,"column":12},"end":{"line":2110,"column":null}},"768":{"start":{"line":2114,"column":8},"end":{"line":2124,"column":null}},"769":{"start":{"line":2115,"column":29},"end":{"line":2119,"column":25}},"770":{"start":{"line":2120,"column":12},"end":{"line":2120,"column":null}},"771":{"start":{"line":2123,"column":12},"end":{"line":2123,"column":null}},"772":{"start":{"line":2127,"column":8},"end":{"line":2151,"column":null}},"773":{"start":{"line":2129,"column":33},"end":{"line":2129,"column":67}},"774":{"start":{"line":2130,"column":12},"end":{"line":2132,"column":null}},"775":{"start":{"line":2131,"column":16},"end":{"line":2131,"column":null}},"776":{"start":{"line":2134,"column":37},"end":{"line":2134,"column":74}},"777":{"start":{"line":2135,"column":12},"end":{"line":2137,"column":null}},"778":{"start":{"line":2136,"column":16},"end":{"line":2136,"column":null}},"779":{"start":{"line":2139,"column":34},"end":{"line":2139,"column":76}},"780":{"start":{"line":2140,"column":12},"end":{"line":2147,"column":null}},"781":{"start":{"line":2150,"column":12},"end":{"line":2150,"column":null}},"782":{"start":{"line":2154,"column":8},"end":{"line":2175,"column":null}},"783":{"start":{"line":2155,"column":37},"end":{"line":2158,"column":76}},"784":{"start":{"line":2159,"column":12},"end":{"line":2161,"column":null}},"785":{"start":{"line":2160,"column":16},"end":{"line":2160,"column":null}},"786":{"start":{"line":2162,"column":36},"end":{"line":2169,"column":28}},"787":{"start":{"line":2170,"column":12},"end":{"line":2170,"column":null}},"788":{"start":{"line":2171,"column":12},"end":{"line":2171,"column":null}},"789":{"start":{"line":2174,"column":12},"end":{"line":2174,"column":null}},"790":{"start":{"line":2178,"column":8},"end":{"line":2194,"column":null}},"791":{"start":{"line":2179,"column":29},"end":{"line":2182,"column":76}},"792":{"start":{"line":2183,"column":12},"end":{"line":2185,"column":null}},"793":{"start":{"line":2184,"column":16},"end":{"line":2184,"column":null}},"794":{"start":{"line":2186,"column":12},"end":{"line":2188,"column":null}},"795":{"start":{"line":2189,"column":12},"end":{"line":2189,"column":null}},"796":{"start":{"line":2190,"column":12},"end":{"line":2190,"column":null}},"797":{"start":{"line":2193,"column":12},"end":{"line":2193,"column":null}},"798":{"start":{"line":2197,"column":8},"end":{"line":2219,"column":null}},"799":{"start":{"line":2198,"column":27},"end":{"line":2214,"column":14}},"800":{"start":{"line":2199,"column":38},"end":{"line":2202,"column":32}},"801":{"start":{"line":2203,"column":16},"end":{"line":2211,"column":null}},"802":{"start":{"line":2212,"column":16},"end":{"line":2212,"column":null}},"803":{"start":{"line":2213,"column":16},"end":{"line":2213,"column":null}},"804":{"start":{"line":2215,"column":12},"end":{"line":2215,"column":null}},"805":{"start":{"line":2218,"column":12},"end":{"line":2218,"column":null}},"806":{"start":{"line":2222,"column":8},"end":{"line":2232,"column":null}},"807":{"start":{"line":2223,"column":31},"end":{"line":2227,"column":87}},"808":{"start":{"line":2228,"column":12},"end":{"line":2228,"column":null}},"809":{"start":{"line":2231,"column":12},"end":{"line":2231,"column":null}},"810":{"start":{"line":2235,"column":8},"end":{"line":2245,"column":null}},"811":{"start":{"line":2236,"column":31},"end":{"line":2240,"column":27}},"812":{"start":{"line":2241,"column":12},"end":{"line":2241,"column":null}},"813":{"start":{"line":2244,"column":12},"end":{"line":2244,"column":null}},"814":{"start":{"line":2248,"column":8},"end":{"line":2251,"column":null}},"815":{"start":{"line":2254,"column":26},"end":{"line":2256,"column":24}},"816":{"start":{"line":2257,"column":8},"end":{"line":2257,"column":null}},"817":{"start":{"line":2261,"column":8},"end":{"line":2267,"column":null}},"818":{"start":{"line":2262,"column":25},"end":{"line":2262,"column":131}},"819":{"start":{"line":2263,"column":12},"end":{"line":2263,"column":null}},"820":{"start":{"line":2266,"column":12},"end":{"line":2266,"column":null}},"821":{"start":{"line":2270,"column":8},"end":{"line":2282,"column":null}},"822":{"start":{"line":2271,"column":30},"end":{"line":2273,"column":28}},"823":{"start":{"line":2274,"column":12},"end":{"line":2274,"column":null}},"824":{"start":{"line":2275,"column":12},"end":{"line":2275,"column":null}},"825":{"start":{"line":2278,"column":12},"end":{"line":2280,"column":null}},"826":{"start":{"line":2279,"column":16},"end":{"line":2279,"column":null}},"827":{"start":{"line":2281,"column":12},"end":{"line":2281,"column":null}},"828":{"start":{"line":2285,"column":8},"end":{"line":2298,"column":null}},"829":{"start":{"line":2286,"column":30},"end":{"line":2289,"column":28}},"830":{"start":{"line":2290,"column":12},"end":{"line":2292,"column":null}},"831":{"start":{"line":2291,"column":16},"end":{"line":2291,"column":null}},"832":{"start":{"line":2293,"column":12},"end":{"line":2293,"column":null}},"833":{"start":{"line":2294,"column":12},"end":{"line":2294,"column":null}},"834":{"start":{"line":2297,"column":12},"end":{"line":2297,"column":null}},"835":{"start":{"line":2301,"column":8},"end":{"line":2308,"column":null}},"836":{"start":{"line":2302,"column":12},"end":{"line":2302,"column":null}},"837":{"start":{"line":2303,"column":12},"end":{"line":2303,"column":null}},"838":{"start":{"line":2304,"column":12},"end":{"line":2304,"column":null}},"839":{"start":{"line":2307,"column":12},"end":{"line":2307,"column":null}},"840":{"start":{"line":2311,"column":8},"end":{"line":2327,"column":null}},"841":{"start":{"line":2312,"column":25},"end":{"line":2322,"column":74}},"842":{"start":{"line":2323,"column":12},"end":{"line":2323,"column":null}},"843":{"start":{"line":2326,"column":12},"end":{"line":2326,"column":null}},"844":{"start":{"line":2330,"column":8},"end":{"line":2347,"column":null}},"845":{"start":{"line":2332,"column":29},"end":{"line":2335,"column":25}},"846":{"start":{"line":2336,"column":12},"end":{"line":2338,"column":null}},"847":{"start":{"line":2337,"column":16},"end":{"line":2337,"column":null}},"848":{"start":{"line":2339,"column":30},"end":{"line":2341,"column":28}},"849":{"start":{"line":2342,"column":12},"end":{"line":2342,"column":null}},"850":{"start":{"line":2343,"column":12},"end":{"line":2343,"column":null}},"851":{"start":{"line":2346,"column":12},"end":{"line":2346,"column":null}},"852":{"start":{"line":2350,"column":8},"end":{"line":2358,"column":null}},"853":{"start":{"line":2351,"column":12},"end":{"line":2352,"column":null}},"854":{"start":{"line":2353,"column":12},"end":{"line":2353,"column":null}},"855":{"start":{"line":2354,"column":12},"end":{"line":2354,"column":null}},"856":{"start":{"line":2357,"column":12},"end":{"line":2357,"column":null}},"857":{"start":{"line":2362,"column":8},"end":{"line":2371,"column":null}},"858":{"start":{"line":2363,"column":26},"end":{"line":2366,"column":81}},"859":{"start":{"line":2367,"column":12},"end":{"line":2367,"column":null}},"860":{"start":{"line":2370,"column":12},"end":{"line":2370,"column":null}},"861":{"start":{"line":2374,"column":8},"end":{"line":2387,"column":null}},"862":{"start":{"line":2375,"column":29},"end":{"line":2378,"column":13}},"863":{"start":{"line":2379,"column":30},"end":{"line":2381,"column":28}},"864":{"start":{"line":2382,"column":12},"end":{"line":2382,"column":null}},"865":{"start":{"line":2383,"column":12},"end":{"line":2383,"column":null}},"866":{"start":{"line":2386,"column":12},"end":{"line":2386,"column":null}},"867":{"start":{"line":2390,"column":8},"end":{"line":2416,"column":null}},"868":{"start":{"line":2391,"column":31},"end":{"line":2394,"column":13}},"869":{"start":{"line":2395,"column":12},"end":{"line":2397,"column":null}},"870":{"start":{"line":2396,"column":16},"end":{"line":2396,"column":null}},"871":{"start":{"line":2398,"column":12},"end":{"line":2403,"column":null}},"872":{"start":{"line":2399,"column":16},"end":{"line":2399,"column":null}},"873":{"start":{"line":2401,"column":17},"end":{"line":2403,"column":null}},"874":{"start":{"line":2402,"column":16},"end":{"line":2402,"column":null}},"875":{"start":{"line":2404,"column":30},"end":{"line":2407,"column":28}},"876":{"start":{"line":2408,"column":12},"end":{"line":2410,"column":null}},"877":{"start":{"line":2409,"column":16},"end":{"line":2409,"column":null}},"878":{"start":{"line":2411,"column":12},"end":{"line":2411,"column":null}},"879":{"start":{"line":2412,"column":12},"end":{"line":2412,"column":null}},"880":{"start":{"line":2415,"column":12},"end":{"line":2415,"column":null}},"881":{"start":{"line":2419,"column":8},"end":{"line":2426,"column":null}},"882":{"start":{"line":2420,"column":12},"end":{"line":2420,"column":null}},"883":{"start":{"line":2421,"column":12},"end":{"line":2421,"column":null}},"884":{"start":{"line":2422,"column":12},"end":{"line":2422,"column":null}},"885":{"start":{"line":2425,"column":12},"end":{"line":2425,"column":null}},"886":{"start":{"line":2429,"column":8},"end":{"line":2460,"column":null}},"887":{"start":{"line":2430,"column":12},"end":{"line":2456,"column":null}},"888":{"start":{"line":2431,"column":30},"end":{"line":2434,"column":140}},"889":{"start":{"line":2435,"column":16},"end":{"line":2435,"column":null}},"890":{"start":{"line":2437,"column":17},"end":{"line":2456,"column":null}},"891":{"start":{"line":2438,"column":30},"end":{"line":2441,"column":140}},"892":{"start":{"line":2442,"column":16},"end":{"line":2442,"column":null}},"893":{"start":{"line":2444,"column":17},"end":{"line":2456,"column":null}},"894":{"start":{"line":2445,"column":30},"end":{"line":2448,"column":140}},"895":{"start":{"line":2449,"column":16},"end":{"line":2449,"column":null}},"896":{"start":{"line":2452,"column":30},"end":{"line":2454,"column":140}},"897":{"start":{"line":2455,"column":16},"end":{"line":2455,"column":null}},"898":{"start":{"line":2459,"column":12},"end":{"line":2459,"column":null}},"899":{"start":{"line":2464,"column":8},"end":{"line":2473,"column":null}},"900":{"start":{"line":2465,"column":30},"end":{"line":2468,"column":85}},"901":{"start":{"line":2469,"column":12},"end":{"line":2469,"column":null}},"902":{"start":{"line":2472,"column":12},"end":{"line":2472,"column":null}},"903":{"start":{"line":2476,"column":8},"end":{"line":2493,"column":null}},"904":{"start":{"line":2478,"column":29},"end":{"line":2481,"column":25}},"905":{"start":{"line":2482,"column":12},"end":{"line":2484,"column":null}},"906":{"start":{"line":2483,"column":16},"end":{"line":2483,"column":null}},"907":{"start":{"line":2485,"column":30},"end":{"line":2487,"column":28}},"908":{"start":{"line":2488,"column":12},"end":{"line":2488,"column":null}},"909":{"start":{"line":2489,"column":12},"end":{"line":2489,"column":null}},"910":{"start":{"line":2492,"column":12},"end":{"line":2492,"column":null}},"911":{"start":{"line":2496,"column":8},"end":{"line":2503,"column":null}},"912":{"start":{"line":2497,"column":12},"end":{"line":2497,"column":null}},"913":{"start":{"line":2498,"column":12},"end":{"line":2498,"column":null}},"914":{"start":{"line":2499,"column":12},"end":{"line":2499,"column":null}},"915":{"start":{"line":2502,"column":12},"end":{"line":2502,"column":null}},"916":{"start":{"line":2507,"column":8},"end":{"line":2514,"column":null}},"917":{"start":{"line":2509,"column":29},"end":{"line":2509,"column":133}},"918":{"start":{"line":2509,"column":68},"end":{"line":2509,"column":123}},"919":{"start":{"line":2510,"column":12},"end":{"line":2510,"column":null}},"920":{"start":{"line":2513,"column":12},"end":{"line":2513,"column":null}},"921":{"start":{"line":2517,"column":8},"end":{"line":2557,"column":null}},"922":{"start":{"line":2519,"column":12},"end":{"line":2524,"column":null}},"923":{"start":{"line":2520,"column":16},"end":{"line":2520,"column":null}},"924":{"start":{"line":2523,"column":16},"end":{"line":2523,"column":null}},"925":{"start":{"line":2525,"column":27},"end":{"line":2552,"column":14}},"926":{"start":{"line":2527,"column":35},"end":{"line":2527,"column":91}},"927":{"start":{"line":2528,"column":16},"end":{"line":2551,"column":null}},"928":{"start":{"line":2530,"column":38},"end":{"line":2538,"column":36}},"929":{"start":{"line":2539,"column":20},"end":{"line":2539,"column":null}},"930":{"start":{"line":2543,"column":39},"end":{"line":2549,"column":36}},"931":{"start":{"line":2550,"column":20},"end":{"line":2550,"column":null}},"932":{"start":{"line":2553,"column":12},"end":{"line":2553,"column":null}},"933":{"start":{"line":2556,"column":12},"end":{"line":2556,"column":null}},"934":{"start":{"line":2561,"column":8},"end":{"line":2567,"column":null}},"935":{"start":{"line":2562,"column":28},"end":{"line":2562,"column":165}},"936":{"start":{"line":2562,"column":67},"end":{"line":2562,"column":155}},"937":{"start":{"line":2563,"column":12},"end":{"line":2563,"column":null}},"938":{"start":{"line":2566,"column":12},"end":{"line":2566,"column":null}},"939":{"start":{"line":2570,"column":8},"end":{"line":2576,"column":null}},"940":{"start":{"line":2571,"column":29},"end":{"line":2571,"column":208}},"941":{"start":{"line":2571,"column":68},"end":{"line":2571,"column":198}},"942":{"start":{"line":2572,"column":12},"end":{"line":2572,"column":null}},"943":{"start":{"line":2575,"column":12},"end":{"line":2575,"column":null}},"944":{"start":{"line":2579,"column":8},"end":{"line":2589,"column":null}},"945":{"start":{"line":2580,"column":27},"end":{"line":2580,"column":71}},"946":{"start":{"line":2581,"column":12},"end":{"line":2583,"column":null}},"947":{"start":{"line":2582,"column":16},"end":{"line":2582,"column":null}},"948":{"start":{"line":2585,"column":12},"end":{"line":2585,"column":null}},"949":{"start":{"line":2588,"column":12},"end":{"line":2588,"column":null}},"950":{"start":{"line":2592,"column":8},"end":{"line":2626,"column":null}},"951":{"start":{"line":2593,"column":27},"end":{"line":2621,"column":14}},"952":{"start":{"line":2595,"column":35},"end":{"line":2595,"column":166}},"953":{"start":{"line":2596,"column":16},"end":{"line":2620,"column":null}},"954":{"start":{"line":2598,"column":38},"end":{"line":2606,"column":36}},"955":{"start":{"line":2607,"column":20},"end":{"line":2607,"column":null}},"956":{"start":{"line":2611,"column":39},"end":{"line":2618,"column":36}},"957":{"start":{"line":2619,"column":20},"end":{"line":2619,"column":null}},"958":{"start":{"line":2622,"column":12},"end":{"line":2622,"column":null}},"959":{"start":{"line":2625,"column":12},"end":{"line":2625,"column":null}},"960":{"start":{"line":2630,"column":8},"end":{"line":2696,"column":null}},"961":{"start":{"line":2631,"column":25},"end":{"line":2631,"column":43}},"962":{"start":{"line":2632,"column":26},"end":{"line":2632,"column":46}},"963":{"start":{"line":2633,"column":27},"end":{"line":2633,"column":45}},"964":{"start":{"line":2634,"column":27},"end":{"line":2634,"column":50}},"965":{"start":{"line":2635,"column":27},"end":{"line":2635,"column":42}},"966":{"start":{"line":2637,"column":31},"end":{"line":2637,"column":33}},"967":{"start":{"line":2640,"column":12},"end":{"line":2645,"column":null}},"968":{"start":{"line":2641,"column":16},"end":{"line":2641,"column":null}},"969":{"start":{"line":2644,"column":16},"end":{"line":2644,"column":null}},"970":{"start":{"line":2646,"column":12},"end":{"line":2651,"column":null}},"971":{"start":{"line":2649,"column":35},"end":{"line":2649,"column":83}},"972":{"start":{"line":2650,"column":16},"end":{"line":2650,"column":null}},"973":{"start":{"line":2652,"column":32},"end":{"line":2652,"column":69}},"974":{"start":{"line":2654,"column":34},"end":{"line":2654,"column":180}},"975":{"start":{"line":2654,"column":73},"end":{"line":2654,"column":170}},"976":{"start":{"line":2655,"column":26},"end":{"line":2655,"column":49}},"977":{"start":{"line":2657,"column":26},"end":{"line":2663,"column":42}},"978":{"start":{"line":2657,"column":65},"end":{"line":2663,"column":31}},"979":{"start":{"line":2665,"column":31},"end":{"line":2665,"column":64}},"980":{"start":{"line":2666,"column":12},"end":{"line":2674,"column":null}},"981":{"start":{"line":2678,"column":33},"end":{"line":2678,"column":64}},"982":{"start":{"line":2679,"column":12},"end":{"line":2690,"column":null}},"983":{"start":{"line":2680,"column":16},"end":{"line":2680,"column":null}},"984":{"start":{"line":2681,"column":16},"end":{"line":2689,"column":null}},"985":{"start":{"line":2691,"column":12},"end":{"line":2691,"column":null}},"986":{"start":{"line":2692,"column":12},"end":{"line":2695,"column":null}},"987":{"start":{"line":2699,"column":8},"end":{"line":2705,"column":null}},"988":{"start":{"line":2700,"column":27},"end":{"line":2700,"column":182}},"989":{"start":{"line":2700,"column":66},"end":{"line":2700,"column":172}},"990":{"start":{"line":2701,"column":12},"end":{"line":2701,"column":null}},"991":{"start":{"line":2704,"column":12},"end":{"line":2704,"column":null}},"992":{"start":{"line":2708,"column":8},"end":{"line":2721,"column":null}},"993":{"start":{"line":2709,"column":30},"end":{"line":2712,"column":37}},"994":{"start":{"line":2709,"column":69},"end":{"line":2712,"column":26}},"995":{"start":{"line":2713,"column":12},"end":{"line":2715,"column":null}},"996":{"start":{"line":2714,"column":16},"end":{"line":2714,"column":null}},"997":{"start":{"line":2716,"column":12},"end":{"line":2716,"column":null}},"998":{"start":{"line":2719,"column":12},"end":{"line":2719,"column":null}},"999":{"start":{"line":2720,"column":12},"end":{"line":2720,"column":null}},"1000":{"start":{"line":2724,"column":8},"end":{"line":2749,"column":null}},"1001":{"start":{"line":2726,"column":31},"end":{"line":2726,"column":57}},"1002":{"start":{"line":2727,"column":12},"end":{"line":2729,"column":null}},"1003":{"start":{"line":2728,"column":16},"end":{"line":2728,"column":null}},"1004":{"start":{"line":2730,"column":12},"end":{"line":2732,"column":null}},"1005":{"start":{"line":2731,"column":16},"end":{"line":2731,"column":null}},"1006":{"start":{"line":2733,"column":30},"end":{"line":2740,"column":39}},"1007":{"start":{"line":2733,"column":69},"end":{"line":2740,"column":28}},"1008":{"start":{"line":2741,"column":12},"end":{"line":2743,"column":null}},"1009":{"start":{"line":2742,"column":16},"end":{"line":2742,"column":null}},"1010":{"start":{"line":2744,"column":12},"end":{"line":2744,"column":null}},"1011":{"start":{"line":2747,"column":12},"end":{"line":2747,"column":null}},"1012":{"start":{"line":2748,"column":12},"end":{"line":2748,"column":null}},"1013":{"start":{"line":2752,"column":8},"end":{"line":2774,"column":null}},"1014":{"start":{"line":2754,"column":31},"end":{"line":2754,"column":57}},"1015":{"start":{"line":2755,"column":12},"end":{"line":2757,"column":null}},"1016":{"start":{"line":2756,"column":16},"end":{"line":2756,"column":null}},"1017":{"start":{"line":2758,"column":12},"end":{"line":2760,"column":null}},"1018":{"start":{"line":2759,"column":16},"end":{"line":2759,"column":null}},"1019":{"start":{"line":2761,"column":12},"end":{"line":2768,"column":null}},"1020":{"start":{"line":2761,"column":51},"end":{"line":2768,"column":72}},"1021":{"start":{"line":2769,"column":12},"end":{"line":2769,"column":null}},"1022":{"start":{"line":2772,"column":12},"end":{"line":2772,"column":null}},"1023":{"start":{"line":2773,"column":12},"end":{"line":2773,"column":null}},"1024":{"start":{"line":2777,"column":8},"end":{"line":2792,"column":null}},"1025":{"start":{"line":2779,"column":31},"end":{"line":2779,"column":57}},"1026":{"start":{"line":2780,"column":12},"end":{"line":2782,"column":null}},"1027":{"start":{"line":2781,"column":16},"end":{"line":2781,"column":null}},"1028":{"start":{"line":2783,"column":12},"end":{"line":2785,"column":null}},"1029":{"start":{"line":2784,"column":16},"end":{"line":2784,"column":null}},"1030":{"start":{"line":2786,"column":12},"end":{"line":2786,"column":null}},"1031":{"start":{"line":2786,"column":51},"end":{"line":2786,"column":141}},"1032":{"start":{"line":2787,"column":12},"end":{"line":2787,"column":null}},"1033":{"start":{"line":2790,"column":12},"end":{"line":2790,"column":null}},"1034":{"start":{"line":2791,"column":12},"end":{"line":2791,"column":null}},"1035":{"start":{"line":2795,"column":8},"end":{"line":2852,"column":null}},"1036":{"start":{"line":2796,"column":25},"end":{"line":2796,"column":43}},"1037":{"start":{"line":2797,"column":26},"end":{"line":2797,"column":46}},"1038":{"start":{"line":2798,"column":27},"end":{"line":2798,"column":45}},"1039":{"start":{"line":2799,"column":27},"end":{"line":2799,"column":50}},"1040":{"start":{"line":2801,"column":31},"end":{"line":2801,"column":33}},"1041":{"start":{"line":2802,"column":12},"end":{"line":2807,"column":null}},"1042":{"start":{"line":2805,"column":35},"end":{"line":2805,"column":83}},"1043":{"start":{"line":2806,"column":16},"end":{"line":2806,"column":null}},"1044":{"start":{"line":2808,"column":32},"end":{"line":2808,"column":105}},"1045":{"start":{"line":2810,"column":31},"end":{"line":2812,"column":96}},"1046":{"start":{"line":2813,"column":34},"end":{"line":2813,"column":93}},"1047":{"start":{"line":2813,"column":73},"end":{"line":2813,"column":83}},"1048":{"start":{"line":2814,"column":26},"end":{"line":2814,"column":49}},"1049":{"start":{"line":2816,"column":31},"end":{"line":2818,"column":150}},"1050":{"start":{"line":2819,"column":26},"end":{"line":2819,"column":86}},"1051":{"start":{"line":2819,"column":65},"end":{"line":2819,"column":75}},"1052":{"start":{"line":2821,"column":31},"end":{"line":2821,"column":64}},"1053":{"start":{"line":2822,"column":12},"end":{"line":2830,"column":null}},"1054":{"start":{"line":2834,"column":33},"end":{"line":2834,"column":64}},"1055":{"start":{"line":2835,"column":12},"end":{"line":2846,"column":null}},"1056":{"start":{"line":2836,"column":16},"end":{"line":2836,"column":null}},"1057":{"start":{"line":2837,"column":16},"end":{"line":2845,"column":null}},"1058":{"start":{"line":2847,"column":12},"end":{"line":2847,"column":null}},"1059":{"start":{"line":2848,"column":12},"end":{"line":2851,"column":null}},"1060":{"start":{"line":2855,"column":8},"end":{"line":2862,"column":null}},"1061":{"start":{"line":2857,"column":29},"end":{"line":2857,"column":130}},"1062":{"start":{"line":2857,"column":68},"end":{"line":2857,"column":120}},"1063":{"start":{"line":2858,"column":12},"end":{"line":2858,"column":null}},"1064":{"start":{"line":2861,"column":12},"end":{"line":2861,"column":null}},"1065":{"start":{"line":2865,"column":8},"end":{"line":2898,"column":null}},"1066":{"start":{"line":2866,"column":27},"end":{"line":2893,"column":14}},"1067":{"start":{"line":2868,"column":35},"end":{"line":2868,"column":88}},"1068":{"start":{"line":2869,"column":16},"end":{"line":2892,"column":null}},"1069":{"start":{"line":2871,"column":38},"end":{"line":2879,"column":36}},"1070":{"start":{"line":2880,"column":20},"end":{"line":2880,"column":null}},"1071":{"start":{"line":2884,"column"
[...]
34:3451:84":1323,"s:3454:35:3459:37":1324,"s:3461:35:3465:37":1325,"s:3467:33:3471:35":1326,"s:3473:34:3476:36":1327,"s:3477:12:3501:Infinity":1328,"s:3504:12:3504:Infinity":1329,"f:3508:10:3508:22":223,"s:3509:8:3518:Infinity":1330,"s:3510:32:3513:26":1331,"s:3514:12:3514:Infinity":1332,"s:3517:12:3517:Infinity":1333,"f:3520:10:3520:20":224,"s:3521:8:3542:Infinity":1334,"s:3522:31:3522:85":1335,"s:3523:27:3523:37":1336,"b:3524:12:3526:Infinity:undefined:undefined:undefined:undefined":263,"s:3524:12:3526:Infinity":1337,"s:3525:16:3525:Infinity":1338,"f:3525:43:3525:44":225,"s:3525:48:3525:75":1339,"b:3527:12:3529:Infinity:undefined:undefined:undefined:undefined":264,"s:3527:12:3529:Infinity":1340,"s:3528:16:3528:Infinity":1341,"f:3528:43:3528:44":226,"s:3528:48:3528:71":1342,"b:3530:12:3532:Infinity:undefined:undefined:undefined:undefined":265,"s:3530:12:3532:Infinity":1343,"s:3531:16:3531:Infinity":1344,"f:3531:43:3531:44":227,"s:3531:48:3531:79":1345,"s:3533:12:3537:Infinity":1346,"f:3533:26:3533:27":228,"b:3534:16:3535:Infinity:undefined:undefined:undefined:undefined":266,"s:3534:16:3535:Infinity":1347,"s:3535:20:3535:Infinity":1348,"s:3536:16:3536:Infinity":1349,"s:3538:12:3538:Infinity":1350,"s:3541:12:3541:Infinity":1351,"f:3544:10:3544:23":229,"s:3545:8:3552:Infinity":1352,"s:3546:28:3546:82":1353,"s:3547:27:3547:57":1354,"f:3547:40:3547:41":230,"s:3547:45:3547:56":1355,"s:3548:12:3548:Infinity":1356,"b:3548:42:3548:48:3548:52:3548:56":267,"s:3551:12:3551:Infinity":1357,"f:3554:10:3554:22":231,"s:3555:8:3572:Infinity":1358,"s:3556:28:3556:82":1359,"s:3557:27:3557:57":1360,"f:3557:40:3557:41":232,"s:3557:45:3557:56":1361,"b:3558:12:3560:Infinity:undefined:undefined:undefined:undefined":268,"s:3558:12:3560:Infinity":1362,"s:3559:16:3559:Infinity":1363,"s:3561:30:3564:28":1364,"b:3565:12:3567:Infinity:undefined:undefined:undefined:undefined":269,"s:3565:12:3567:Infinity":1365,"s:3566:16:3566:Infinity":1366,"s:3568:12:3568:Infinity":1367,"s:3571:12:3571:Infinity":1368,"f:3574:10:3574:22":233,"s:3575:8:3581:Infinity":1369,"s:3576:12:3576:Infinity":1370,"s:3577:12:3577:Infinity":1371,"s:3580:12:3580:Infinity":1372,"f:3583:10:3583:24":234,"s:3584:8:3633:Infinity":1373,"s:3585:31:3585:85":1374,"s:3586:26:3586:36":1375,"b:3587:12:3589:Infinity:undefined:undefined:undefined:undefined":270,"s:3587:12:3589:Infinity":1376,"s:3588:16:3588:Infinity":1377,"f:3588:41:3588:42":235,"s:3588:46:3588:65":1378,"b:3590:12:3592:Infinity:undefined:undefined:undefined:undefined":271,"s:3590:12:3592:Infinity":1379,"s:3591:16:3591:Infinity":1380,"f:3591:41:3591:42":236,"s:3591:46:3591:61":1381,"s:3593:33:3593:47":1382,"s:3594:32:3594:84":1383,"f:3594:47:3594:48":237,"s:3594:59:3594:80":1384,"s:3595:34:3595:43":1385,"s:3596:32:3596:41":1386,"s:3597:12:3610:Infinity":1387,"s:3599:31:3599:46":1388,"s:3600:32:3600:89":1389,"b:3600:32:3600:57:3600:61:3600:89":272,"s:3601:16:3601:Infinity":1390,"s:3602:16:3602:Infinity":1391,"s:3603:16:3603:Infinity":1392,"s:3605:34:3605:67":1393,"s:3606:35:3606:93":1394,"b:3606:35:3606:61:3606:65:3606:93":273,"s:3607:16:3607:Infinity":1395,"s:3608:16:3608:Infinity":1396,"s:3609:16:3609:Infinity":1397,"s:3611:31:3615:15":1398,"f:3611:71:3611:72":238,"s:3611:94:3615:13":1399,"s:3616:29:3620:15":1400,"f:3616:67:3616:68":239,"s:3616:88:3620:13":1401,"s:3621:12:3629:Infinity":1402,"s:3632:12:3632:Infinity":1403,"f:3636:10:3636:23":240,"s:3637:8:3646:Infinity":1404,"s:3638:33:3641:26":1405,"s:3642:12:3642:Infinity":1406,"s:3645:12:3645:Infinity":1407,"f:3648:10:3648:21":241,"s:3649:8:3692:Infinity":1408,"s:3650:32:3650:87":1409,"s:3651:27:3651:38":1410,"b:3652:12:3654:Infinity:undefined:undefined:undefined:undefined":274,"s:3652:12:3654:Infinity":1411,"s:3653:16:3653:Infinity":1412,"f:3653:43:3653:44":242,"s:3653:48:3653:82":1413,"b:3655:12:3657:Infinity:undefined:undefined:undefined:undefined":275,"s:3655:12:3657:Infinity":1414,"s:3656:16:3656:Infinity":1415,"f:3656:43:3656:44":243,"s:3656:48:3656:80":1416,"b:3658:12:3660:Infinity:undefined:undefined:undefined:undefined":276,"s:3658:12:3660:Infinity":1417,"s:3659:16:3659:Infinity":1418,"f:3659:43:3659:44":244,"s:3659:48:3659:79":1419,"b:3661:12:3663:Infinity:undefined:undefined:undefined:undefined":277,"s:3661:12:3663:Infinity":1420,"s:3662:16:3662:Infinity":1421,"f:3662:43:3662:44":245,"s:3662:48:3662:79":1422,"b:3665:12:3682:Infinity:undefined:undefined:undefined:undefined":278,"s:3665:12:3682:Infinity":1423,"b:3665:16:3665:31:3665:35:3665:48":279,"s:3666:16:3681:Infinity":1424,"f:3666:43:3666:44":246,"s:3667:40:3667:63":1425,"s:3668:40:3668:65":1426,"b:3669:20:3671:Infinity:undefined:undefined:undefined:undefined":280,"s:3669:20:3671:Infinity":1427,"b:3669:24:3669:36:3669:40:3669:68":281,"s:3670:24:3670:Infinity":1428,"b:3672:20:3679:Infinity:3676:25:3679:Infinity":282,"s:3672:20:3679:Infinity":1429,"s:3674:24:3674:Infinity":1430,"b:3676:25:3679:Infinity:undefined:undefined:undefined:undefined":283,"s:3676:25:3679:Infinity":1431,"s:3678:24:3678:Infinity":1432,"s:3680:20:3680:Infinity":1433,"s:3683:12:3687:Infinity":1434,"f:3683:26:3683:27":247,"s:3684:30:3684:63":1435,"s:3685:30:3685:63":1436,"s:3686:16:3686:37":1437,"s:3688:12:3688:Infinity":1438,"s:3691:12:3691:Infinity":1439,"f:3694:10:3694:24":248,"s:3695:8:3702:Infinity":1440,"s:3696:29:3696:84":1441,"s:3697:28:3697:59":1442,"f:3697:42:3697:43":249,"s:3697:47:3697:58":1443,"s:3698:12:3698:Infinity":1444,"b:3698:42:3698:49:3698:53:3698:57":284,"s:3701:12:3701:Infinity":1445,"f:3704:10:3704:23":250,"s:3705:8:3722:Infinity":1446,"s:3706:29:3706:84":1447,"s:3707:28:3707:59":1448,"f:3707:42:3707:43":251,"s:3707:47:3707:58":1449,"b:3708:12:3710:Infinity:undefined:undefined:undefined:undefined":285,"s:3708:12:3710:Infinity":1450,"s:3709:16:3709:Infinity":1451,"s:3711:30:3714:28":1452,"b:3715:12:3717:Infinity:undefined:undefined:undefined:undefined":286,"s:3715:12:3717:Infinity":1453,"s:3716:16:3716:Infinity":1454,"s:3718:12:3718:Infinity":1455,"s:3721:12:3721:Infinity":1456,"f:3724:10:3724:23":252,"s:3725:8:3731:Infinity":1457,"s:3726:12:3726:Infinity":1458,"s:3727:12:3727:Infinity":1459,"s:3730:12:3730:Infinity":1460,"f:3733:10:3733:25":253,"s:3734:8:3785:Infinity":1461,"s:3735:32:3735:87":1462,"s:3736:27:3736:38":1463,"b:3738:12:3743:Infinity:undefined:undefined:undefined:undefined":287,"s:3738:12:3743:Infinity":1464,"s:3739:16:3742:Infinity":1465,"f:3739:43:3739:44":254,"s:3740:40:3740:63":1466,"s:3741:20:3741:Infinity":1467,"s:3744:34:3744:49":1468,"s:3745:32:3745:85":1469,"f:3745:48:3745:49":255,"s:3745:60:3745:81":1470,"s:3746:34:3746:43":1471,"s:3747:32:3747:41":1472,"s:3748:12:3762:Infinity":1473,"s:3750:31:3750:47":1474,"s:3751:32:3751:89":1475,"b:3751:32:3751:57:3751:61:3751:89":288,"s:3752:16:3752:Infinity":1476,"s:3753:16:3753:Infinity":1477,"s:3754:16:3754:Infinity":1478,"s:3756:36:3756:65":1479,"s:3757:34:3757:119":1480,"s:3758:35:3758:93":1481,"b:3758:35:3758:61:3758:65:3758:93":289,"s:3759:16:3759:Infinity":1482,"s:3760:16:3760:Infinity":1483,"s:3761:16:3761:Infinity":1484,"s:3763:31:3767:15":1485,"f:3763:71:3763:72":256,"s:3763:94:3767:13":1486,"s:3768:29:3772:15":1487,"f:3768:67:3768:68":257,"s:3768:88:3772:13":1488,"s:3773:12:3781:Infinity":1489,"s:3784:12:3784:Infinity":1490,"f:3788:10:3788:32":258,"s:3789:8:3805:Infinity":1491,"s:3790:34:3790:91":1492,"s:3791:27:3791:40":1493,"b:3792:12:3794:Infinity:undefined:undefined:undefined:undefined":290,"s:3792:12:3794:Infinity":1494,"s:3793:16:3793:Infinity":1495,"f:3793:43:3793:44":259,"s:3793:48:3793:63":1496,"s:3795:12:3800:Infinity":1497,"f:3795:26:3795:27":260,"b:3796:16:3798:Infinity:undefined:undefined:undefined:undefined":291,"s:3796:16:3798:Infinity":1498,"s:3797:20:3797:Infinity":1499,"s:3799:16:3799:Infinity":1500,"s:3801:12:3801:Infinity":1501,"s:3804:12:3804:Infinity":1502,"f:3807:10:3807:24":261,"s:3808:8:3817:Infinity":1503,"s:3809:34:3812:26":1504,"s:3813:12:3813:Infinity":1505,"s:3816:12:3816:Infinity":1506,"f:3819:10:3819:24":262,"s:3820:8:3837:Infinity":1507,"s:3821:31:3821:88":1508,"s:3822:29:3822:62":1509,"f:3822:45:3822:46":263,"s:3822:50:3822:61":1510,"b:3823:12:3825:Infinity:undefined:undefined:undefined:undefined":292,"s:3823:12:3825:Infinity":1511,"s:3824:16:3824:Infinity":1512,"s:3826:30:3829:28":1513,"b:3830:12:3832:Infinity:undefined:undefined:undefined:undefined":293,"s:3830:12:3832:Infinity":1514,"s:3831:16:3831:Infinity":1515,"s:3833:12:3833:Infinity":1516,"s:3836:12:3836:Infinity":1517,"f:3840:10:3840:24":264,"s:3841:8:3850:Infinity":1518,"s:3842:34:3845:26":1519,"s:3846:12:3846:Infinity":1520,"s:3849:12:3849:Infinity":1521,"f:3852:10:3852:22":265,"s:3853:8:3874:Infinity":1522,"s:3854:33:3854:89":1523,"s:3855:27:3855:39":1524,"b:3856:12:3858:Infinity:undefined:undefined:undefined:undefined":294,"s:3856:12:3858:Infinity":1525,"s:3857:16:3857:Infinity":1526,"f:3857:43:3857:44":266,"s:3857:48:3857:75":1527,"b:3859:12:3861:Infinity:undefined:undefined:undefined:undefined":295,"s:3859:12:3861:Infinity":1528,"s:3860:16:3860:Infinity":1529,"f:3860:43:3860:44":267,"s:3860:48:3860:71":1530,"b:3862:12:3864:Infinity:undefined:undefined:undefined:undefined":296,"s:3862:12:3864:Infinity":1531,"s:3863:16:3863:Infinity":1532,"f:3863:43:3863:44":268,"s:3863:48:3863:79":1533,"s:3865:12:3869:Infinity":1534,"f:3865:26:3865:27":269,"b:3866:16:3867:Infinity:undefined:undefined:undefined:undefined":297,"s:3866:16:3867:Infinity":1535,"s:3867:20:3867:Infinity":1536,"s:3868:16:3868:Infinity":1537,"s:3870:12:3870:Infinity":1538,"s:3873:12:3873:Infinity":1539,"f:3876:10:3876:24":270,"s:3877:8:3894:Infinity":1540,"s:3878:30:3878:86":1541,"s:3879:29:3879:61":1542,"f:3879:44:3879:45":271,"s:3879:49:3879:60":1543,"b:3880:12:3882:Infinity:undefined:undefined:undefined:undefined":298,"s:3880:12:3882:Infinity":1544,"s:3881:16:3881:Infinity":1545,"s:3883:30:3886:28":1546,"b:3887:12:3889:Infinity:undefined:undefined:undefined:undefined":299,"s:3887:12:3889:Infinity":1547,"s:3888:16:3888:Infinity":1548,"s:3890:12:3890:Infinity":1549,"s:3893:12:3893:Infinity":1550,"f:3896:10:3896:27":272,"s:3897:8:3966:Infinity":1551,"s:3899:34:3899:91":1552,"s:3900:33:3901:115":1553,"s:3903:37:3904:96":1554,"s:3905:39:3905:41":1555,"s:3906:12:3961:Infinity":1556,"s:3907:39:3907:40":1557,"s:3908:38:3908:39":1558,"b:3910:16:3931:Infinity:3921:21:3931:Infinity":300,"s:3910:16:3931:Infinity":1559,"b:3910:20:3910:59:3910:63:3910:102":301,"s:3912:41:3915:22":1560,"f:3912:62:3912:63":273,"s:3913:40:3913:61":1561,"s:3914:24:3914:60":1562,"b:3916:20:3919:Infinity:undefined:undefined:undefined:undefined":302,"s:3916:20:3919:Infinity":1563,"s:3917:24:3917:Infinity":1564,"f:3917:63:3917:64":274,"s:3917:75:3917:96":1565,"s:3918:24:3918:Infinity":1566,"b:3921:21:3931:Infinity:undefined:undefined:undefined:undefined":303,"s:3921:21:3931:Infinity":1567,"b:3921:25:3921:61:3921:65:3921:101":304,"s:3923:49:3926:22":1568,"f:3923:69:3923:70":275,"s:3924:39:3924:60":1569,"s:3925:24:3925:59":1570,"b:3927:20:3930:Infinity:undefined:undefined:undefined:undefined":305,"s:3927:20:3930:Infinity":1571,"s:3928:24:3928:Infinity":1572,"f:3928:71:3928:72":276,"s:3928:83:3928:97":1573,"s:3929:24:3929:Infinity":1574,"s:3933:38:3933:110":1575,"b:3933:60:3933:106:3933:109:3933:110":306,"s:3934:41:3934:54":1576,"s:3936:33:3936:41":1577,"b:3937:16:3942:Infinity:3940:21:3942:Infinity":307,"s:3937:16:3942:Infinity":1578,"s:3938:20:3938:Infinity":1579,"b:3940:21:3942:Infinity:undefined:undefined:undefined:undefined":308,"s:3940:21:3942:Infinity":1580,"s:3941:20:3941:Infinity":1581,"s:3944:33:3955:17":1582,"b:3948:48:3948:49:3948:52:3948:61":309,"b:3949:52:3949:53:3949:56:3949:65":310,"s:3956:38:3959:30":1583,"s:3960:16:3960:Infinity":1584,"s:3962:12:3962:Infinity":1585,"s:3965:12:3965:Infinity":1586,"f:3969:10:3969:34":277,"s:3970:8:4052:Infinity":1587,"s:3971:32:3971:64":1588,"b:3971:32:3971:36:3971:40:3971:64":311,"s:3973:34:3973:91":1589,"s:3974:33:3975:115":1590,"s:3976:33:3977:66":1591,"f:3976:54:3976:55":278,"s:3976:66:3976:87":1592,"f:3977:36:3977:37":279,"s:3977:48:3977:62":1593,"b:3979:12:3990:Infinity:undefined:undefined:undefined:undefined":312,"s:3979:12:3990:Infinity":1594,"s:3980:37:3983:18":1595,"f:3980:58:3980:59":280,"s:3981:36:3981:57":1596,"s:3982:20:3982:Infinity":1597,"s:3984:45:3987:18":1598,"f:3984:65:3984:66":281,"s:3985:35:3985:56":1599,"s:3986:20:3986:Infinity":1600,"s:3988:16:3989:Infinity":1601,"f:3988:53:3988:54":282,"s:3988:65:3988:86":1602,"f:3989:48:3989:49":283,"s:3989:60:3989:74":1603,"s:3992:30:3992:86":1604,"s:3993:37:3995:71":1605,"f:3994:24:3994:25":284,"s:3994:29:3994:51":1606,"f:3995:24:3995:25":285,"s:3995:36:3995:67":1607,"s:3997:29:3997:84":1608,"s:3998:33:3998:86":1609,"f:3998:49:3998:50":286,"s:3998:61:3998:82":1610,"b:3999:12:4005:Infinity:undefined:undefined:undefined:undefined":313,"s:3999:12:4005:Infinity":1611,"s:4000:41:4003:18":1612,"f:4000:57:4000:58":287,"s:4001:36:4001:59":1613,"s:4002:20:4002:Infinity":1614,"s:4004:16:4004:Infinity":1615,"f:4004:57:4004:58":288,"s:4004:69:4004:90":1616,"s:4007:28:4007:82":1617,"s:4008:35:4010:61":1618,"f:4009:24:4009:25":289,"s:4009:29:4009:51":1619,"f:4010:24:4010:25":290,"s:4010:36:4010:57":1620,"s:4012:36:4012:71":1621,"s:4013:43:4015:19":1622,"b:4014:18:4014:Infinity:4015:18:4015:19":314,"s:4016:36:4016:69":1623,"s:4017:43:4019:19":1624,"b:4018:18:4018:Infinity:4019:18:4019:19":315,"s:4020:34:4020:65":1625,"s:4021:38:4021:75":1626,"s:4022:36:4022:69":1627,"s:4023:36:4025:19":1628,"b:4024:18:4024:Infinity:4025:18:4025:19":316,"s:4026:12:4048:Infinity":1629,"s:4051:12:4051:Infinity":1630,"f:4054:10:4054:32":291,"s:4055:8:4121:Infinity":1631,"s:4057:40:4080:13":1632,"f:4057:40:4057:45":292,"s:4058:38:4058:95":1633,"s:4059:37:4060:119":1634,"s:4061:33:4061:88":1635,"s:4063:37:4066:18":1636,"f:4063:58:4063:59":293,"s:4064:36:4064:57":1637,"s:4065:20:4065:Infinity":1638,"s:4067:45:4070:18":1639,"f:4067:65:4067:66":294,"s:4068:35:4068:56":1640,"s:4069:20:4069:Infinity":1641,"s:4071:41:4074:18":1642,"f:4071:57:4071:58":295,"s:4072:36:4072:59":1643,"s:4073:20:4073:Infinity":1644,"s:4075:33:4076:78":1645,"f:4075:53:4075:54":296,"s:4075:65:4075:86":1646,"f:4076:48:4076:49":297,"s:4076:60:4076:74":1647,"s:4077:39:4077:100":1648,"f:4077:63:4077:64":298,"s:4077:75:4077:96":1649,"s:4078:32:4078:57":1650,"s:4079:16:4079:Infinity":1651,"s:4081:26:4081:81":1652,"s:4082:26:4082:81":1653,"s:4083:34:4083:65":1654,"s:4084:41:4086:19":1655,"b:4085:18:4085:Infinity:4086:18:4086:19":317,"s:4087:34:4087:65":1656,"s:4088:41:4090:19":1657,"b:4089:18:4089:Infinity:4090:18:4090:19":318,"s:4091:34:4091:63":1658,"s:4092:41:4094:19":1659,"b:4093:18:4093:Infinity:4094:18:4094:19":319,"s:4095:12:4117:Infinity":1660,"s:4120:12:4120:Infinity":1661,"f:4123:10:4123:28":299,"s:4124:8:4296:Infinity":1662,"s:4126:34:4126:91":1663,"s:4127:33:4128:115":1664,"s:4129:38:4129:39":1665,"s:4130:37:4130:38":1666,"b:4131:12:4170:Infinity:4143:17:4170:Infinity":320,"s:4131:12:4170:Infinity":1667,"s:4132:37:4135:18":1668,"f:4132:58:4132:59":300,"s:4133:36:4133:57":1669,"s:4134:20:4134:Infinity":1670,"b:4134:27:4134:57:4134:61:4134:94":321,"s:4136:45:4139:18":1671,"f:4136:65:4136:66":301,"s:4137:35:4137:56":1672,"s:4138:20:4138:Infinity":1673,"b:4138:27:4138:56:4138:60:4138:92":322,"s:4140:16:4140:Infinity":1674,"f:4140:58:4140:59":302,"s:4140:70:4140:91":1675,"s:4141:16:4141:Infinity":1676,"f:4141:65:4141:66":303,"s:4141:77:4141:91":1677,"b:4143:17:4170:Infinity:4159:17:4170:Infinity":323,"s:4143:17:4170:Infinity":1678,"s:4144:35:4144:55":1679,"s:4145:33:4145:43":1680,"s:4146:37:4150:18":1681,"f:4146:58:4146:59":304,"s:4147:36:4147:57":1682,"s:4148:34:4148:56":1683,"s:4149:20:4149:Infinity":1684,"b:4149:27:4149:57:4149:61:4149:80:4149:84:4149:101":324,"s:4151:45:4155:18":1685,"f:4151:65:4151:66":305,"s:4152:35:4152:56":1686,"s:4153:34:4153:55":1687,"s:4154:20:4154:Infinity":1688,"b:4154:27:4154:56:4154:60:4154:79:4154:83:4154:100":325,"s:4156:16:4156:Infinity":1689,"f:4156:58:4156:59":306,"s:4156:70:4156:91":1690,"s:4157:16:4157:Infinity":1691,"f:4157:65:4157:66":307,"s:4157:77:4157:91":1692,"s:4160:37:4163:18":1693,"f:4160:58:4160:59":308,"s:4161:36:4161:57":1694,"s:4162:20:4162:Infinity":1695,"s:4164:45:4167:18":1696,"f:4164:65:4164:66":309,"s:4165:35:4165:56":1697,"s:4166:20:4166:Infinity":1698,"s:4168:16:4168:Infinity":1699,"f:4168:58:4168:59":310,"s:4168:70:4168:91":1700,"s:4169:16:4169:Infinity":1701,"f:4169:65:4169:66":311,"s:4169:77:4169:91":1702,"s:4171:34:4171:74":1703,"s:4173:29:4173:84":1704,"s:4174:31:4174:88":1705,"s:4175:33:4175:41":1706,"b:4176:12:4196:Infinity:4182:17:4196:Infinity":326,"s:4176:12:4196:Infinity":1707,"s:4177:16:4180:Infinity":1708,"f:4177:49:4177:50":312,"s:4178:36:4178:59":1709,"s:4179:20:4179:Infinity":1710,"b:4179:27:4179:57:4179:61:4179:94":327,"b:4182:17:4196:Infinity:4191:17:4196:Infinity":328,"s:4182:17:4196:Infinity":1711,"s:4183:35:4183:55":1712,"s:4184:33:4184:43":1713,"s:4185:16:4189:Infinity":1714,"f:4185:49:4185:50":313,"s:4186:36:4186:59":1715,"s:4187:34:4187:56":1716,"s:4188:20:4188:Infinity":1717,"b:4188:27:4188:57:4188:61:4188:80:4188:84:4188:101":329,"s:4192:16:4195:Infinity":1718,"f:4192:49:4192:50":314,"s:4193:36:4193:59":1719,"s:4194:20:4194:Infinity":1720,"s:4197:42:4197:51":1721,"s:4198:12:4203:Infinity":1722,"s:4199:33:4199:80":1723,"f:4199:49:4199:50":315,"s:4199:54:4199:79":1724,"s:4200:37:4200:62":1725,"b:4200:37:4200:51:4200:55:4200:62":330,"s:4201:32:4201:76":1726,"b:4201:32:4201:71:4201:75:4201:76":331,"s:4202:16:4202:Infinity":1727,"s:4204:39:4207:15":1728,"f:4204:87:4204:88":316,"s:4204:112:4207:13":1729,"s:4208:34:4208:93":1730,"f:4208:56:4208:57":317,"s:4208:68:4208:89":1731,"s:4210:28:4210:82":1732,"s:4211:32:4211:68":1733,"f:4211:47:4211:48":318,"s:4211:52:4211:67":1734,"b:4212:12:4217:Infinity:4215:17:4217:Infinity":332,"s:4212:12:4217:Infinity":1735,"b:4212:16:4212:34:4212:38:4212:61":333,"s:4213:16:4213:Infinity":1736,"f:4213:53:4213:54":319,"s:4213:58:4213:76":1737,"b:4215:17:4217:Infinity:undefined:undefined:undefined:undefined":334,"s:4215:17:4217:Infinity":1738,"b:4215:21:4215:41:4215:45:4215:70":335,"s:4216:16:4216:Infinity":1739,"f:4216:53:4216:54":320,"s:4216:58:4216:78":1740,"s:4218:41:4218:50":1741,"s:4219:12:4224:Infinity":1742,"s:4220:33:4220:79":1743,"f:4220:49:4220:50":321,"s:4220:54:4220:78":1744,"s:4221:37:4221:62":1745,"b:4221:37:4221:51:4221:55:4221:62":336,"s:4222:32:4222:75":1746,"b:4222:32:4222:70:4222:74:4222:75":337,"s:4223:16:4223:Infinity":1747,"s:4225:38:4228:15":1748,"f:4225:85:4225:86":322,"s:4225:110:4228:13":1749,"s:4229:33:4229:91":1750,"f:4229:54:4229:55":323,"s:4229:66:4229:87":1751,"s:4231:30:4231:86":1752,"s:4233:36:4235:71":1753,"f:4234:24:4234:25":324,"s:4234:29:4234:44":1754,"f:4235:24:4235:25":325,"s:4235:36:4235:67":1755,"s:4236:36:4236:67":1756,"s:4237:36:4237:64":1757,"s:4238:36:4238:102":1758,"s:4240:40:4250:14":1759,"f:4240:57:4240:58":326,"b:4241:16:4249:Infinity:4244:21:4249:Infinity":338,"s:4241:16:4249:Infinity":1760,"s:4242:20:4242:Infinity":1761,"b:4242:27:4242:42:4242:46:4242:90":339,"b:4242:75:4242:76:4242:79:4242:89":340,"b:4244:21:4249:Infinity:4247:21:4249:Infinity":341,"s:4244:21:4249:Infinity":1762,"s:4245:20:4245:Infinity":1763,"b:4245:27:4245:42:4245:46:4245:91":342,"b:4245:76:4245:77:4245:80:4245:90":343,"s:4248:20:4248:Infinity":1764,"s:4251:37:4251:111":1765,"f:4251:64:4251:65":327,"s:4251:76:4251:107":1766,"s:4252:34:4257:19":1767,"b:4253:18:4256:Infinity:4257:18:4257:19":344,"f:4253:45:4253:46":328,"s:4254:38:4254:101":1768,"b:4254:64:4254:65:4254:68:4254:101":345,"b:4254:96:4254:97:4254:100:4254:101":346,"s:4255:20:4255:Infinity":1769,"s:4258:31:4258:102":1770,"b:4258:54:4258:60:4258:63:4258:102":347,"b:4258:86:4258:94:4258:97:4258:102":348,"s:4259:32:4263:31":1771,"b:4260:18:4260:Infinity:4261:18:4263:31":349,"b:4262:22:4262:Infinity:4263:22:4263:31":350,"s:4264:12:4292:Infinity":1772,"s:4295:12:4295:Infinity":1773,"s:4299:0:4299:Infinity":1774,"s:4300:0:4300:Infinity":1775,"s:4302:24:4302:50":1776,"s:4303:0:4303:Infinity":1777}}}
}
